#
# There is insufficient memory for the Java Runtime Environment to continue.
# Native memory allocation (mmap) failed to map 207618048 bytes for Failed to commit area from 0x0000000092900000 to 0x000000009ef00000 of length 207618048.
# Possible reasons:
#   The system is out of physical RAM or swap space
#   The process is running with CompressedOops enabled, and the Java Heap may be blocking the growth of the native heap
# Possible solutions:
#   Reduce memory load on the system
#   Increase physical memory or swap space
#   Check if swap backing store is full
#   Decrease Java heap size (-Xmx/-Xms)
#   Decrease number of Java threads
#   Decrease Java thread stack sizes (-Xss)
#   Set larger code cache with -XX:ReservedCodeCacheSize=
#   JVM is running with Unscaled Compressed Oops mode in which the Java heap is
#     placed in the first 4GB address space. The Java Heap base address is the
#     maximum limit for the native heap growth. Please use -XX:HeapBaseMinAddress
#     to set the Java Heap base and to place the Java Heap above 4GB virtual address.
# This output file may be truncated or incomplete.
#
#  Out of Memory Error (./src/hotspot/os/windows/os_windows.cpp:3301), pid=9012, tid=4560
#
# JRE version: OpenJDK Runtime Environment (11.0.10) (build 11.0.10+0-b96-7249189)
# Java VM: OpenJDK 64-Bit Server VM (11.0.10+0-b96-7249189, mixed mode, tiered, compressed oops, g1 gc, windows-amd64)
# No core dump will be written. Minidumps are not enabled by default on client versions of Windows
#

---------------  S U M M A R Y ------------

Command Line: --add-opens=java.base/java.util=ALL-UNNAMED --add-opens=java.base/java.lang=ALL-UNNAMED --add-opens=java.base/java.lang.invoke=ALL-UNNAMED --add-opens=java.base/java.util=ALL-UNNAMED --add-opens=java.prefs/java.util.prefs=ALL-UNNAMED --add-opens=java.prefs/java.util.prefs=ALL-UNNAMED --add-opens=java.base/java.nio.charset=ALL-UNNAMED --add-opens=java.base/java.net=ALL-UNNAMED --add-opens=java.base/java.util.concurrent.atomic=ALL-UNNAMED -Xmx2048m -Dfile.encoding=UTF-8 -Duser.country=RU -Duser.language=ru -Duser.variant org.gradle.launcher.daemon.bootstrap.GradleDaemon 7.0.2

Host: Intel(R) Core(TM) i7-1065G7 CPU @ 1.30GHz, 8 cores, 7G,  Windows 10 , 64 bit Build 18362 (10.0.18362.329)
Time: Sat Oct 30 11:05:34 2021 Caiaaiay Acey (ceia) elapsed time: 12.078576 seconds (0d 0h 0m 12s)

---------------  T H R E A D  ---------------

Current thread (0x0000013b87880000):  VMThread "VM Thread" [stack: 0x00000026ef600000,0x00000026ef700000] [id=4560]

Stack: [0x00000026ef600000,0x00000026ef700000]
[error occurred during error reporting (printing stack bounds), id 0xc0000005, EXCEPTION_ACCESS_VIOLATION (0xc0000005) at pc=0x0000013bf07110e7]

Native frames: (J=compiled Java code, j=interpreted, Vv=VM code, C=native code)
V  [jvm.dll+0x5ecfaa]
V  [jvm.dll+0x722bd5]
V  [jvm.dll+0x72412d]
V  [jvm.dll+0x724745]
V  [jvm.dll+0x7246fb]
V  [jvm.dll+0x5ec348]
V  [jvm.dll+0x5ecad8]
C  [ntdll.dll+0xa11ff]
C  [ntdll.dll+0x6a289]
C  [ntdll.dll+0x9fe6e]
C  0x0000013bf07110e7

VM_Operation (0x00000026f2bf7340): G1CollectForAllocation, mode: safepoint, requested by thread 0x0000013b8d8f0000


---------------  P R O C E S S  ---------------

Threads class SMR info:
_java_thread_list=0x0000013b93132ad0, length=67, elements={
0x0000013beb41a800, 0x0000013b87882000, 0x0000013b8788d000, 0x0000013b881fa000,
0x0000013b88200000, 0x0000013b8789e000, 0x0000013b88201800, 0x0000013b88205000,
0x0000013b8789f000, 0x0000013b878a0000, 0x0000013b884a7000, 0x0000013b8789a000,
0x0000013b878a0800, 0x0000013b8789c800, 0x0000013b8789b000, 0x0000013b8789d800,
0x0000013b8789c000, 0x0000013b8b289000, 0x0000013b8b288000, 0x0000013b8b286800,
0x0000013b8b28a800, 0x0000013b8b28b800, 0x0000013b8b28a000, 0x0000013b8b28c800,
0x0000013b8b28d000, 0x0000013b8b287800, 0x0000013b8b28f000, 0x0000013b8b293800,
0x0000013b8b28e000, 0x0000013b8b295800, 0x0000013b8b293000, 0x0000013b8b7ec000,
0x0000013b8b28f800, 0x0000013b8b290800, 0x0000013b8b291000, 0x0000013b8d8e5800,
0x0000013b8d8ea800, 0x0000013b8d8e8800, 0x0000013b8d8e7000, 0x0000013b8d8e8000,
0x0000013b8d8e9800, 0x0000013b8d8eb000, 0x0000013b8d8e6800, 0x0000013b8d8ee800,
0x0000013b8d8f0000, 0x0000013b8d8f1000, 0x0000013b8d8ef000, 0x0000013b8d8f1800,
0x0000013b8d8ec000, 0x0000013b8d8f2800, 0x0000013b8d8ed000, 0x0000013b8d8ed800,
0x0000013b8d8f4000, 0x0000013b8f127800, 0x0000013b8f12a000, 0x0000013b8f12b000,
0x0000013b8f128800, 0x0000013b8f129800, 0x0000013b8f125000, 0x0000013b8f126000,
0x0000013b8f12c000, 0x0000013b8f12c800, 0x0000013b8f127000, 0x0000013b8f130000,
0x0000013b8f133000, 0x0000013b8f130800, 0x0000013b8f12e000
}

Java Threads: ( => current thread )
  0x0000013beb41a800 JavaThread "main" [_thread_blocked, id=8864, stack(0x00000026ef000000,0x00000026ef100000)]
  0x0000013b87882000 JavaThread "Reference Handler" daemon [_thread_blocked, id=5016, stack(0x00000026ef700000,0x00000026ef800000)]
  0x0000013b8788d000 JavaThread "Finalizer" daemon [_thread_blocked, id=9620, stack(0x00000026ef800000,0x00000026ef900000)]
  0x0000013b881fa000 JavaThread "Signal Dispatcher" daemon [_thread_blocked, id=9208, stack(0x00000026ef900000,0x00000026efa00000)]
  0x0000013b88200000 JavaThread "Attach Listener" daemon [_thread_blocked, id=8872, stack(0x00000026efa00000,0x00000026efb00000)]
  0x0000013b8789e000 JavaThread "Service Thread" daemon [_thread_blocked, id=2296, stack(0x00000026efb00000,0x00000026efc00000)]
  0x0000013b88201800 JavaThread "C2 CompilerThread0" daemon [_thread_in_native, id=2024, stack(0x00000026efc00000,0x00000026efd00000)]
  0x0000013b88205000 JavaThread "C1 CompilerThread0" daemon [_thread_blocked, id=4304, stack(0x00000026efd00000,0x00000026efe00000)]
  0x0000013b8789f000 JavaThread "Sweeper thread" daemon [_thread_blocked, id=456, stack(0x00000026efe00000,0x00000026eff00000)]
  0x0000013b878a0000 JavaThread "Common-Cleaner" daemon [_thread_blocked, id=8504, stack(0x00000026eff00000,0x00000026f0000000)]
  0x0000013b884a7000 JavaThread "C2 CompilerThread1" daemon [_thread_in_native, id=6588, stack(0x00000026f0100000,0x00000026f0200000)]
  0x0000013b8789a000 JavaThread "Daemon health stats" [_thread_blocked, id=6348, stack(0x00000026f0500000,0x00000026f0600000)]
  0x0000013b878a0800 JavaThread "Incoming local TCP Connector on port 52667" [_thread_in_native, id=7124, stack(0x00000026f0600000,0x00000026f0700000)]
  0x0000013b8789c800 JavaThread "Daemon periodic checks" [_thread_blocked, id=9784, stack(0x00000026f0700000,0x00000026f0800000)]
  0x0000013b8789b000 JavaThread "Daemon" [_thread_blocked, id=960, stack(0x00000026f0800000,0x00000026f0900000)]
  0x0000013b8789d800 JavaThread "Handler for socket connection from /127.0.0.1:52667 to /127.0.0.1:52668" [_thread_in_native, id=10232, stack(0x00000026f0900000,0x00000026f0a00000)]
  0x0000013b8789c000 JavaThread "Cancel handler" [_thread_blocked, id=8268, stack(0x00000026f0a00000,0x00000026f0b00000)]
  0x0000013b8b289000 JavaThread "Daemon worker" [_thread_blocked, id=1332, stack(0x00000026f0b00000,0x00000026f0c00000)]
  0x0000013b8b288000 JavaThread "Asynchronous log dispatcher for DefaultDaemonConnection: socket connection from /127.0.0.1:52667 to /127.0.0.1:52668" [_thread_blocked, id=560, stack(0x00000026f0c00000,0x00000026f0d00000)]
  0x0000013b8b286800 JavaThread "Stdin handler" [_thread_blocked, id=8604, stack(0x00000026f0d00000,0x00000026f0e00000)]
  0x0000013b8b28a800 JavaThread "Daemon client event forwarder" [_thread_blocked, id=8624, stack(0x00000026f0e00000,0x00000026f0f00000)]
  0x0000013b8b28b800 JavaThread "Cache worker for file hash cache (D:\ProgramsfilesD\Android\Sdk\caches\7.0.2\fileHashes)" [_thread_blocked, id=8944, stack(0x00000026f1400000,0x00000026f1500000)]
  0x0000013b8b28a000 JavaThread "File lock request listener" [_thread_in_native, id=10124, stack(0x00000026f1500000,0x00000026f1600000)]
  0x0000013b8b28c800 JavaThread "Cache worker for journal cache (D:\ProgramsfilesD\Android\Sdk\caches\journal-1)" [_thread_blocked, id=2172, stack(0x00000026f1700000,0x00000026f1800000)]
  0x0000013b8b28d000 JavaThread "Cache worker for file hash cache (D:\Gitaacademy\.gradle\7.0.2\fileHashes)" [_thread_blocked, id=6400, stack(0x00000026f0400000,0x00000026f0500000)]
  0x0000013b8b287800 JavaThread "File watcher server" daemon [_thread_blocked, id=6824, stack(0x00000026f1800000,0x00000026f1900000)]
  0x0000013b8b28f000 JavaThread "File watcher consumer" daemon [_thread_blocked, id=7560, stack(0x00000026f1900000,0x00000026f1a00000)]
  0x0000013b8b293800 JavaThread "Cache worker for checksums cache (D:\Gitaacademy\.gradle\checksums)" [_thread_blocked, id=6128, stack(0x00000026f1a00000,0x00000026f1b00000)]
  0x0000013b8b28e000 JavaThread "Cache worker for cache directory md-supplier (D:\ProgramsfilesD\Android\Sdk\caches\7.0.2\md-supplier)" [_thread_blocked, id=6704, stack(0x00000026f1b00000,0x00000026f1c00000)]
  0x0000013b8b295800 JavaThread "Cache worker for cache directory md-rule (D:\ProgramsfilesD\Android\Sdk\caches\7.0.2\md-rule)" [_thread_blocked, id=9896, stack(0x00000026f1c00000,0x00000026f1d00000)]
  0x0000013b8b293000 JavaThread "Cache worker for execution history cache (D:\ProgramsfilesD\Android\Sdk\caches\7.0.2\executionHistory)" [_thread_blocked, id=8176, stack(0x00000026f1d00000,0x00000026f1e00000)]
  0x0000013b8b7ec000 JavaThread "C2 CompilerThread2" daemon [_thread_blocked, id=5744, stack(0x00000026f1e00000,0x00000026f1f00000)]
  0x0000013b8b28f800 JavaThread "jar transforms" [_thread_blocked, id=4428, stack(0x00000026f1f00000,0x00000026f2000000)]
  0x0000013b8b290800 JavaThread "jar transforms Thread 2" [_thread_blocked, id=240, stack(0x00000026f2000000,0x00000026f2100000)]
  0x0000013b8b291000 JavaThread "Cache worker for file content cache (D:\ProgramsfilesD\Android\Sdk\caches\7.0.2\fileContent)" [_thread_blocked, id=10044, stack(0x00000026f2100000,0x00000026f2200000)]
  0x0000013b8d8e5800 JavaThread "Cache worker for dependencies-accessors (D:\Gitaacademy\.gradle\7.0.2\dependencies-accessors)" [_thread_blocked, id=9708, stack(0x00000026f2200000,0x00000026f2300000)]
  0x0000013b8d8ea800 JavaThread "jar transforms Thread 3" [_thread_blocked, id=4276, stack(0x00000026f2300000,0x00000026f2400000)]
  0x0000013b8d8e8800 JavaThread "Cache worker for Build Output Cleanup Cache (D:\Gitaacademy\.gradle\buildOutputCleanup)" [_thread_blocked, id=6392, stack(0x00000026f2400000,0x00000026f2500000)]
  0x0000013b8d8e7000 JavaThread "Build operations" [_thread_blocked, id=6552, stack(0x00000026f2500000,0x00000026f2600000)]
  0x0000013b8d8e8000 JavaThread "Build operations Thread 2" [_thread_blocked, id=4032, stack(0x00000026f2600000,0x00000026f2700000)]
  0x0000013b8d8e9800 JavaThread "Build operations Thread 3" [_thread_blocked, id=9500, stack(0x00000026f2700000,0x00000026f2800000)]
  0x0000013b8d8eb000 JavaThread "Build operations Thread 4" [_thread_blocked, id=2532, stack(0x00000026f2800000,0x00000026f2900000)]
  0x0000013b8d8e6800 JavaThread "Build operations Thread 5" [_thread_blocked, id=5128, stack(0x00000026f2900000,0x00000026f2a00000)]
  0x0000013b8d8ee800 JavaThread "Build operations Thread 6" [_thread_blocked, id=7660, stack(0x00000026f2a00000,0x00000026f2b00000)]
  0x0000013b8d8f0000 JavaThread "Build operations Thread 7" [_thread_blocked, id=8688, stack(0x00000026f2b00000,0x00000026f2c00000)]
  0x0000013b8d8f1000 JavaThread "Build operations Thread 8" [_thread_blocked, id=6228, stack(0x00000026f2c00000,0x00000026f2d00000)]
  0x0000013b8d8ef000 JavaThread "jar transforms Thread 4" [_thread_blocked, id=6252, stack(0x00000026f2d00000,0x00000026f2e00000)]
  0x0000013b8d8f1800 JavaThread "jar transforms Thread 5" [_thread_blocked, id=6928, stack(0x00000026f2e00000,0x00000026f2f00000)]
  0x0000013b8d8ec000 JavaThread "jar transforms Thread 6" [_thread_blocked, id=2760, stack(0x00000026f2f00000,0x00000026f3000000)]
  0x0000013b8d8f2800 JavaThread "jar transforms Thread 7" [_thread_blocked, id=6256, stack(0x00000026f3000000,0x00000026f3100000)]
  0x0000013b8d8ed000 JavaThread "jar transforms Thread 8" [_thread_blocked, id=9024, stack(0x00000026f3100000,0x00000026f3200000)]
  0x0000013b8d8ed800 JavaThread "Memory manager" [_thread_blocked, id=2964, stack(0x00000026f3200000,0x00000026f3300000)]
  0x0000013b8d8f4000 JavaThread "build event listener" [_thread_blocked, id=7904, stack(0x00000026f3300000,0x00000026f3400000)]
  0x0000013b8f127800 JavaThread "Execution worker for ':'" [_thread_blocked, id=8600, stack(0x00000026f3400000,0x00000026f3500000)]
  0x0000013b8f12a000 JavaThread "Execution worker for ':' Thread 2" [_thread_blocked, id=5236, stack(0x00000026f3500000,0x00000026f3600000)]
  0x0000013b8f12b000 JavaThread "Execution worker for ':' Thread 3" [_thread_blocked, id=8888, stack(0x00000026f3600000,0x00000026f3700000)]
  0x0000013b8f128800 JavaThread "Execution worker for ':' Thread 4" [_thread_blocked, id=3348, stack(0x00000026f3700000,0x00000026f3800000)]
  0x0000013b8f129800 JavaThread "Execution worker for ':' Thread 5" [_thread_blocked, id=6772, stack(0x00000026f3800000,0x00000026f3900000)]
  0x0000013b8f125000 JavaThread "Execution worker for ':' Thread 6" [_thread_blocked, id=8676, stack(0x00000026f3900000,0x00000026f3a00000)]
  0x0000013b8f126000 JavaThread "Execution worker for ':' Thread 7" [_thread_blocked, id=2980, stack(0x00000026f3a00000,0x00000026f3b00000)]
  0x0000013b8f12c000 JavaThread "Cache worker for execution history cache (D:\Gitaacademy\.gradle\7.0.2\executionHistory)" [_thread_blocked, id=3520, stack(0x00000026f3b00000,0x00000026f3c00000)]
  0x0000013b8f12c800 JavaThread "WorkerExecutor Queue" [_thread_blocked, id=4332, stack(0x00000026f3c00000,0x00000026f3d00000)]
  0x0000013b8f127000 JavaThread "WorkerExecutor Queue Thread 2" [_thread_blocked, id=232, stack(0x00000026f3d00000,0x00000026f3e00000)]
  0x0000013b8f130000 JavaThread "WorkerExecutor Queue Thread 3" [_thread_blocked, id=7028, stack(0x00000026f3e00000,0x00000026f3f00000)]
  0x0000013b8f133000 JavaThread "WorkerExecutor Queue Thread 4" [_thread_blocked, id=6292, stack(0x00000026f3f00000,0x00000026f4000000)]
  0x0000013b8f130800 JavaThread "WorkerExecutor Queue Thread 5" [_thread_blocked, id=8068, stack(0x00000026f4000000,0x00000026f4100000)]
  0x0000013b8f12e000 JavaThread "WorkerExecutor Queue Thread 6" [_thread_blocked, id=1324, stack(0x00000026f4100000,0x00000026f4200000)]

Other Threads:
=>0x0000013b87880000 VMThread "VM Thread" [stack: 0x00000026ef600000,0x00000026ef700000] [id=4560]
  0x0000013b8838c000 WatcherThread [stack: 0x00000026f0000000,0x00000026f0100000] [id=9600]
  0x0000013beb435000 GCTaskThread "GC Thread#0" [stack: 0x00000026ef100000,0x00000026ef200000] [id=2600]
  0x0000013b88cda800 GCTaskThread "GC Thread#1" [stack: 0x00000026f0200000,0x00000026f0300000] [id=3168]
  0x0000013b8932f000 GCTaskThread "GC Thread#2" [stack: 0x00000026f0300000,0x00000026f0400000] [id=4028]
  0x0000013b8996e800 GCTaskThread "GC Thread#3" [stack: 0x00000026f0f00000,0x00000026f1000000] [id=3892]
  0x0000013b8a96a000 GCTaskThread "GC Thread#4" [stack: 0x00000026f1000000,0x00000026f1100000] [id=8620]
  0x0000013b8975d800 GCTaskThread "GC Thread#5" [stack: 0x00000026f1100000,0x00000026f1200000] [id=6084]
  0x0000013b89a98000 GCTaskThread "GC Thread#6" [stack: 0x00000026f1200000,0x00000026f1300000] [id=3884]
  0x0000013b8b97a000 GCTaskThread "GC Thread#7" [stack: 0x00000026f1300000,0x00000026f1400000] [id=1696]
  0x0000013beb467800 ConcurrentGCThread "G1 Main Marker" [stack: 0x00000026ef200000,0x00000026ef300000] [id=5784]
  0x0000013beb469000 ConcurrentGCThread "G1 Conc#0" [stack: 0x00000026ef300000,0x00000026ef400000] [id=7100]
  0x0000013b8a2c0800 ConcurrentGCThread "G1 Conc#1" [stack: 0x00000026f1600000,0x00000026f1700000] [id=8772]
  0x0000013b876d0800 ConcurrentGCThread "G1 Refine#0" [stack: 0x00000026ef400000,0x00000026ef500000] [id=7312]
  0x0000013b932a7800 ConcurrentGCThread "G1 Refine#1" [stack: 0x00000026f4200000,0x00000026f4300000] [id=2736]
  0x0000013b8a8b1800 ConcurrentGCThread "G1 Refine#2" [stack: 0x00000026f4300000,0x00000026f4400000] [id=8588]
  0x0000013b876d1000 ConcurrentGCThread "G1 Young RemSet Sampling" [stack: 0x00000026ef500000,0x00000026ef600000] [id=1648]

Threads with active compile tasks:
C2 CompilerThread0  12091 12123 %     4       com.android.tools.r8.internal.U6::a @ 1511 (6044 bytes)
C1 CompilerThread0  12091 13283 %     3       com.android.tools.r8.internal.Ne::G @ 176 (324 bytes)
C2 CompilerThread1  12091 12352       4       com.android.tools.r8.internal.U6::a (4191 bytes)
C2 CompilerThread2  12091 13284       4       com.android.tools.r8.internal.Ah$f::j (143 bytes)

VM state:at safepoint (normal execution)

VM Mutex/Monitor currently owned by a thread:  ([mutex/lock_event])
[0x0000013beb41a040] Threads_lock - owner thread: 0x0000013b87880000
[0x0000013beb419f20] Heap_lock - owner thread: 0x0000013b8d8f0000

Heap address: 0x0000000080000000, size: 2048 MB, Compressed Oops mode: 32-bit
Narrow klass base: 0x0000000000000000, Narrow klass shift: 3
Compressed class space size: 1073741824 Address: 0x0000000100000000

Heap:
 garbage-first heap   total 506880K, used 173690K [0x0000000080000000, 0x0000000100000000)
  region size 1024K, 4 young (4096K), 4 survivors (4096K)
 Metaspace       used 104090K, capacity 106780K, committed 107212K, reserved 1142784K
  class space    used 13630K, capacity 14676K, committed 14796K, reserved 1048576K
Heap Regions: E=young(eden), S=young(survivor), O=old, HS=humongous(starts), HC=humongous(continues), CS=collection set, F=free, A=archive, TAMS=top-at-mark-start (previous, next)
|   0|0x0000000080000000, 0x0000000080100000, 0x0000000080100000|100%| O|  |TAMS 0x0000000080100000, 0x0000000080000000| Untracked 
|   1|0x0000000080100000, 0x0000000080200000, 0x0000000080200000|100%| O|  |TAMS 0x0000000080200000, 0x0000000080100000| Untracked 
|   2|0x0000000080200000, 0x0000000080300000, 0x0000000080300000|100%| O|  |TAMS 0x0000000080300000, 0x0000000080200000| Untracked 
|   3|0x0000000080300000, 0x0000000080400000, 0x0000000080400000|100%|HS|  |TAMS 0x0000000080400000, 0x0000000080300000| Complete 
|   4|0x0000000080400000, 0x0000000080500000, 0x0000000080500000|100%|HC|  |TAMS 0x0000000080500000, 0x0000000080400000| Complete 
|   5|0x0000000080500000, 0x0000000080600000, 0x0000000080600000|100%|HC|  |TAMS 0x0000000080600000, 0x0000000080500000| Complete 
|   6|0x0000000080600000, 0x0000000080700000, 0x0000000080700000|100%| O|  |TAMS 0x0000000080700000, 0x0000000080600000| Untracked 
|   7|0x0000000080700000, 0x0000000080800000, 0x0000000080800000|100%| O|  |TAMS 0x0000000080800000, 0x0000000080700000| Complete 
|   8|0x0000000080800000, 0x0000000080900000, 0x0000000080900000|100%| O|  |TAMS 0x0000000080900000, 0x0000000080800000| Untracked 
|   9|0x0000000080900000, 0x0000000080a00000, 0x0000000080a00000|100%| O|  |TAMS 0x0000000080a00000, 0x0000000080900000| Untracked 
|  10|0x0000000080a00000, 0x0000000080b00000, 0x0000000080b00000|100%| O|  |TAMS 0x0000000080b00000, 0x0000000080a00000| Untracked 
|  11|0x0000000080b00000, 0x0000000080c00000, 0x0000000080c00000|100%| O|  |TAMS 0x0000000080c00000, 0x0000000080b00000| Untracked 
|  12|0x0000000080c00000, 0x0000000080d00000, 0x0000000080d00000|100%| O|  |TAMS 0x0000000080d00000, 0x0000000080c00000| Untracked 
|  13|0x0000000080d00000, 0x0000000080e00000, 0x0000000080e00000|100%| O|  |TAMS 0x0000000080e00000, 0x0000000080d00000| Untracked 
|  14|0x0000000080e00000, 0x0000000080f00000, 0x0000000080f00000|100%| O|  |TAMS 0x0000000080f00000, 0x0000000080e00000| Untracked 
|  15|0x0000000080f00000, 0x0000000081000000, 0x0000000081000000|100%| O|  |TAMS 0x0000000081000000, 0x0000000080f00000| Untracked 
|  16|0x0000000081000000, 0x0000000081100000, 0x0000000081100000|100%|HS|  |TAMS 0x0000000081100000, 0x0000000081000000| Complete 
|  17|0x0000000081100000, 0x0000000081200000, 0x0000000081200000|100%| O|  |TAMS 0x0000000081200000, 0x0000000081100000| Untracked 
|  18|0x0000000081200000, 0x0000000081300000, 0x0000000081300000|100%| O|  |TAMS 0x0000000081300000, 0x0000000081200000| Untracked 
|  19|0x0000000081300000, 0x0000000081400000, 0x0000000081400000|100%| O|  |TAMS 0x0000000081400000, 0x0000000081300000| Untracked 
|  20|0x0000000081400000, 0x0000000081500000, 0x0000000081500000|100%| O|  |TAMS 0x0000000081500000, 0x0000000081400000| Untracked 
|  21|0x0000000081500000, 0x0000000081600000, 0x0000000081600000|100%| O|  |TAMS 0x0000000081600000, 0x0000000081500000| Untracked 
|  22|0x0000000081600000, 0x0000000081700000, 0x0000000081700000|100%| O|  |TAMS 0x0000000081700000, 0x0000000081600000| Untracked 
|  23|0x0000000081700000, 0x0000000081800000, 0x0000000081800000|100%|HS|  |TAMS 0x0000000081800000, 0x0000000081700000| Complete 
|  24|0x0000000081800000, 0x0000000081900000, 0x0000000081900000|100%|HS|  |TAMS 0x0000000081900000, 0x0000000081800000| Complete 
|  25|0x0000000081900000, 0x0000000081a00000, 0x0000000081a00000|100%|HS|  |TAMS 0x0000000081a00000, 0x0000000081900000| Complete 
|  26|0x0000000081a00000, 0x0000000081b00000, 0x0000000081b00000|100%|HC|  |TAMS 0x0000000081b00000, 0x0000000081a00000| Complete 
|  27|0x0000000081b00000, 0x0000000081c00000, 0x0000000081c00000|100%|HC|  |TAMS 0x0000000081c00000, 0x0000000081b00000| Complete 
|  28|0x0000000081c00000, 0x0000000081d00000, 0x0000000081d00000|100%|HS|  |TAMS 0x0000000081d00000, 0x0000000081c00000| Complete 
|  29|0x0000000081d00000, 0x0000000081e00000, 0x0000000081e00000|100%|HC|  |TAMS 0x0000000081e00000, 0x0000000081d00000| Complete 
|  30|0x0000000081e00000, 0x0000000081f00000, 0x0000000081f00000|100%| O|  |TAMS 0x0000000081f00000, 0x0000000081e00000| Untracked 
|  31|0x0000000081f00000, 0x0000000082000000, 0x0000000082000000|100%| O|  |TAMS 0x0000000082000000, 0x0000000081f00000| Untracked 
|  32|0x0000000082000000, 0x0000000082100000, 0x0000000082100000|100%| O|  |TAMS 0x0000000082100000, 0x0000000082000000| Complete 
|  33|0x0000000082100000, 0x0000000082200000, 0x0000000082200000|100%| O|  |TAMS 0x0000000082200000, 0x0000000082100000| Complete 
|  34|0x0000000082200000, 0x0000000082300000, 0x0000000082300000|100%| O|  |TAMS 0x0000000082300000, 0x0000000082200000| Complete 
|  35|0x0000000082300000, 0x0000000082400000, 0x0000000082400000|100%| O|  |TAMS 0x0000000082400000, 0x0000000082300000| Complete 
|  36|0x0000000082400000, 0x0000000082500000, 0x0000000082500000|100%| O|  |TAMS 0x0000000082500000, 0x0000000082400000| Untracked 
|  37|0x0000000082500000, 0x0000000082600000, 0x0000000082600000|100%| O|  |TAMS 0x0000000082600000, 0x0000000082500000| Complete 
|  38|0x0000000082600000, 0x0000000082700000, 0x0000000082700000|100%| O|  |TAMS 0x0000000082700000, 0x0000000082600000| Complete 
|  39|0x0000000082700000, 0x0000000082800000, 0x0000000082800000|100%| O|  |TAMS 0x0000000082800000, 0x0000000082700000| Complete 
|  40|0x0000000082800000, 0x0000000082900000, 0x0000000082900000|100%| O|  |TAMS 0x0000000082900000, 0x0000000082800000| Untracked 
|  41|0x0000000082900000, 0x0000000082a00000, 0x0000000082a00000|100%| O|  |TAMS 0x0000000082a00000, 0x0000000082900000| Untracked 
|  42|0x0000000082a00000, 0x0000000082b00000, 0x0000000082b00000|100%| O|  |TAMS 0x0000000082b00000, 0x0000000082a00000| Complete 
|  43|0x0000000082b00000, 0x0000000082c00000, 0x0000000082c00000|100%| O|  |TAMS 0x0000000082c00000, 0x0000000082b00000| Untracked 
|  44|0x0000000082c00000, 0x0000000082d00000, 0x0000000082d00000|100%| O|  |TAMS 0x0000000082d00000, 0x0000000082c00000| Complete 
|  45|0x0000000082d00000, 0x0000000082e00000, 0x0000000082e00000|100%| O|  |TAMS 0x0000000082e00000, 0x0000000082d00000| Untracked 
|  46|0x0000000082e00000, 0x0000000082f00000, 0x0000000082f00000|100%| O|  |TAMS 0x0000000082f00000, 0x0000000082e00000| Untracked 
|  47|0x0000000082f00000, 0x0000000083000000, 0x0000000083000000|100%| O|  |TAMS 0x0000000083000000, 0x0000000082f00000| Untracked 
|  48|0x0000000083000000, 0x0000000083100000, 0x0000000083100000|100%| O|  |TAMS 0x0000000083100000, 0x0000000083000000| Complete 
|  49|0x0000000083100000, 0x0000000083200000, 0x0000000083200000|100%| O|  |TAMS 0x0000000083200000, 0x0000000083100000| Complete 
|  50|0x0000000083200000, 0x0000000083300000, 0x0000000083300000|100%| O|  |TAMS 0x0000000083300000, 0x0000000083200000| Untracked 
|  51|0x0000000083300000, 0x0000000083400000, 0x0000000083400000|100%| O|  |TAMS 0x0000000083400000, 0x0000000083300000| Untracked 
|  52|0x0000000083400000, 0x0000000083500000, 0x0000000083500000|100%| O|  |TAMS 0x0000000083500000, 0x0000000083400000| Untracked 
|  53|0x0000000083500000, 0x0000000083600000, 0x0000000083600000|100%| O|  |TAMS 0x0000000083600000, 0x0000000083500000| Untracked 
|  54|0x0000000083600000, 0x0000000083700000, 0x0000000083700000|100%| O|  |TAMS 0x0000000083700000, 0x0000000083600000| Untracked 
|  55|0x0000000083700000, 0x0000000083800000, 0x0000000083800000|100%| O|  |TAMS 0x0000000083800000, 0x0000000083700000| Untracked 
|  56|0x0000000083800000, 0x0000000083900000, 0x0000000083900000|100%| O|  |TAMS 0x0000000083900000, 0x0000000083800000| Untracked 
|  57|0x0000000083900000, 0x0000000083a00000, 0x0000000083a00000|100%| O|  |TAMS 0x0000000083a00000, 0x0000000083900000| Untracked 
|  58|0x0000000083a00000, 0x0000000083b00000, 0x0000000083b00000|100%| O|  |TAMS 0x0000000083b00000, 0x0000000083a00000| Untracked 
|  59|0x0000000083b00000, 0x0000000083c00000, 0x0000000083c00000|100%| O|  |TAMS 0x0000000083c00000, 0x0000000083b00000| Untracked 
|  60|0x0000000083c00000, 0x0000000083d00000, 0x0000000083d00000|100%| O|  |TAMS 0x0000000083d00000, 0x0000000083c00000| Untracked 
|  61|0x0000000083d00000, 0x0000000083e00000, 0x0000000083e00000|100%| O|  |TAMS 0x0000000083e00000, 0x0000000083d00000| Complete 
|  62|0x0000000083e00000, 0x0000000083f00000, 0x0000000083f00000|100%| O|  |TAMS 0x0000000083f00000, 0x0000000083e00000| Untracked 
|  63|0x0000000083f00000, 0x0000000084000000, 0x0000000084000000|100%| O|  |TAMS 0x0000000084000000, 0x0000000083f00000| Untracked 
|  64|0x0000000084000000, 0x0000000084100000, 0x0000000084100000|100%| O|  |TAMS 0x0000000084100000, 0x0000000084000000| Untracked 
|  65|0x0000000084100000, 0x0000000084200000, 0x0000000084200000|100%| O|  |TAMS 0x0000000084200000, 0x0000000084100000| Untracked 
|  66|0x0000000084200000, 0x0000000084300000, 0x0000000084300000|100%| O|  |TAMS 0x0000000084300000, 0x0000000084200000| Complete 
|  67|0x0000000084300000, 0x0000000084400000, 0x0000000084400000|100%| O|  |TAMS 0x0000000084400000, 0x0000000084300000| Untracked 
|  68|0x0000000084400000, 0x0000000084500000, 0x0000000084500000|100%| O|  |TAMS 0x0000000084500000, 0x0000000084400000| Untracked 
|  69|0x0000000084500000, 0x0000000084600000, 0x0000000084600000|100%| O|  |TAMS 0x0000000084600000, 0x0000000084500000| Untracked 
|  70|0x0000000084600000, 0x0000000084700000, 0x0000000084700000|100%| O|  |TAMS 0x0000000084700000, 0x0000000084600000| Untracked 
|  71|0x0000000084700000, 0x0000000084800000, 0x0000000084800000|100%| O|  |TAMS 0x0000000084800000, 0x0000000084700000| Complete 
|  72|0x0000000084800000, 0x0000000084900000, 0x0000000084900000|100%| O|  |TAMS 0x0000000084900000, 0x0000000084800000| Complete 
|  73|0x0000000084900000, 0x0000000084a00000, 0x0000000084a00000|100%| O|  |TAMS 0x0000000084a00000, 0x0000000084900000| Complete 
|  74|0x0000000084a00000, 0x0000000084b00000, 0x0000000084b00000|100%| O|  |TAMS 0x0000000084b00000, 0x0000000084a00000| Untracked 
|  75|0x0000000084b00000, 0x0000000084c00000, 0x0000000084c00000|100%| O|  |TAMS 0x0000000084c00000, 0x0000000084b00000| Complete 
|  76|0x0000000084c00000, 0x0000000084d00000, 0x0000000084d00000|100%| O|  |TAMS 0x0000000084d00000, 0x0000000084c00000| Untracked 
|  77|0x0000000084d00000, 0x0000000084e00000, 0x0000000084e00000|100%| O|  |TAMS 0x0000000084e00000, 0x0000000084d00000| Untracked 
|  78|0x0000000084e00000, 0x0000000084f00000, 0x0000000084f00000|100%| O|  |TAMS 0x0000000084f00000, 0x0000000084e00000| Untracked 
|  79|0x0000000084f00000, 0x0000000085000000, 0x0000000085000000|100%| O|  |TAMS 0x0000000085000000, 0x0000000084f00000| Untracked 
|  80|0x0000000085000000, 0x0000000085100000, 0x0000000085100000|100%| O|  |TAMS 0x0000000085100000, 0x0000000085000000| Untracked 
|  81|0x0000000085100000, 0x0000000085200000, 0x0000000085200000|100%| O|  |TAMS 0x0000000085200000, 0x0000000085100000| Complete 
|  82|0x0000000085200000, 0x0000000085300000, 0x0000000085300000|100%| O|  |TAMS 0x0000000085300000, 0x0000000085200000| Complete 
|  83|0x0000000085300000, 0x0000000085400000, 0x0000000085400000|100%| O|  |TAMS 0x0000000085400000, 0x0000000085300000| Complete 
|  84|0x0000000085400000, 0x0000000085500000, 0x0000000085500000|100%| O|  |TAMS 0x0000000085500000, 0x0000000085400000| Complete 
|  85|0x0000000085500000, 0x0000000085600000, 0x0000000085600000|100%| O|  |TAMS 0x0000000085600000, 0x0000000085500000| Untracked 
|  86|0x0000000085600000, 0x0000000085700000, 0x0000000085700000|100%| O|  |TAMS 0x0000000085700000, 0x0000000085600000| Complete 
|  87|0x0000000085700000, 0x0000000085800000, 0x0000000085800000|100%| O|  |TAMS 0x0000000085800000, 0x0000000085700000| Untracked 
|  88|0x0000000085800000, 0x0000000085900000, 0x0000000085900000|100%| O|  |TAMS 0x0000000085900000, 0x0000000085800000| Complete 
|  89|0x0000000085900000, 0x0000000085a00000, 0x0000000085a00000|100%| O|  |TAMS 0x0000000085a00000, 0x0000000085900000| Complete 
|  90|0x0000000085a00000, 0x0000000085b00000, 0x0000000085b00000|100%| O|  |TAMS 0x0000000085b00000, 0x0000000085a00000| Complete 
|  91|0x0000000085b00000, 0x0000000085c00000, 0x0000000085c00000|100%| O|  |TAMS 0x0000000085c00000, 0x0000000085b00000| Untracked 
|  92|0x0000000085c00000, 0x0000000085d00000, 0x0000000085d00000|100%| O|  |TAMS 0x0000000085d00000, 0x0000000085c00000| Complete 
|  93|0x0000000085d00000, 0x0000000085e00000, 0x0000000085e00000|100%| O|  |TAMS 0x0000000085e00000, 0x0000000085d00000| Complete 
|  94|0x0000000085e00000, 0x0000000085f00000, 0x0000000085f00000|100%| O|  |TAMS 0x0000000085f00000, 0x0000000085e00000| Complete 
|  95|0x0000000085f00000, 0x0000000086000000, 0x0000000086000000|100%| O|  |TAMS 0x0000000086000000, 0x0000000085f00000| Complete 
|  96|0x0000000086000000, 0x0000000086100000, 0x0000000086100000|100%| O|  |TAMS 0x0000000086100000, 0x0000000086000000| Complete 
|  97|0x0000000086100000, 0x0000000086200000, 0x0000000086200000|100%| O|  |TAMS 0x0000000086200000, 0x0000000086100000| Untracked 
|  98|0x0000000086200000, 0x0000000086300000, 0x0000000086300000|100%| O|  |TAMS 0x0000000086300000, 0x0000000086200000| Untracked 
|  99|0x0000000086300000, 0x0000000086400000, 0x0000000086400000|100%| O|  |TAMS 0x0000000086400000, 0x0000000086300000| Untracked 
| 100|0x0000000086400000, 0x0000000086500000, 0x0000000086500000|100%| O|  |TAMS 0x0000000086500000, 0x0000000086400000| Untracked 
| 101|0x0000000086500000, 0x0000000086600000, 0x0000000086600000|100%| O|  |TAMS 0x0000000086600000, 0x0000000086500000| Untracked 
| 102|0x0000000086600000, 0x0000000086700000, 0x0000000086700000|100%| O|  |TAMS 0x0000000086700000, 0x0000000086600000| Untracked 
| 103|0x0000000086700000, 0x0000000086800000, 0x0000000086800000|100%| O|  |TAMS 0x0000000086800000, 0x0000000086700000| Untracked 
| 104|0x0000000086800000, 0x0000000086900000, 0x0000000086900000|100%| O|  |TAMS 0x0000000086900000, 0x0000000086800000| Untracked 
| 105|0x0000000086900000, 0x0000000086a00000, 0x0000000086a00000|100%| O|  |TAMS 0x0000000086a00000, 0x0000000086900000| Untracked 
| 106|0x0000000086a00000, 0x0000000086b00000, 0x0000000086b00000|100%| O|  |TAMS 0x0000000086b00000, 0x0000000086a00000| Untracked 
| 107|0x0000000086b00000, 0x0000000086c00000, 0x0000000086c00000|100%| O|  |TAMS 0x0000000086c00000, 0x0000000086b00000| Complete 
| 108|0x0000000086c00000, 0x0000000086d00000, 0x0000000086d00000|100%| O|  |TAMS 0x0000000086d00000, 0x0000000086c00000| Untracked 
| 109|0x0000000086d00000, 0x0000000086e00000, 0x0000000086e00000|100%| O|  |TAMS 0x0000000086e00000, 0x0000000086d00000| Untracked 
| 110|0x0000000086e00000, 0x0000000086f00000, 0x0000000086f00000|100%| O|  |TAMS 0x0000000086f00000, 0x0000000086e00000| Untracked 
| 111|0x0000000086f00000, 0x0000000087000000, 0x0000000087000000|100%| O|  |TAMS 0x0000000087000000, 0x0000000086f00000| Untracked 
| 112|0x0000000087000000, 0x0000000087100000, 0x0000000087100000|100%| O|  |TAMS 0x0000000087100000, 0x0000000087000000| Untracked 
| 113|0x0000000087100000, 0x0000000087200000, 0x0000000087200000|100%| O|  |TAMS 0x0000000087200000, 0x0000000087100000| Untracked 
| 114|0x0000000087200000, 0x0000000087300000, 0x0000000087300000|100%| O|  |TAMS 0x0000000087300000, 0x0000000087200000| Complete 
| 115|0x0000000087300000, 0x0000000087400000, 0x0000000087400000|100%| O|  |TAMS 0x0000000087400000, 0x0000000087300000| Untracked 
| 116|0x0000000087400000, 0x0000000087500000, 0x0000000087500000|100%| O|  |TAMS 0x0000000087500000, 0x0000000087400000| Untracked 
| 117|0x0000000087500000, 0x0000000087600000, 0x0000000087600000|100%| O|  |TAMS 0x0000000087600000, 0x0000000087500000| Untracked 
| 118|0x0000000087600000, 0x0000000087700000, 0x0000000087700000|100%| O|  |TAMS 0x0000000087700000, 0x0000000087600000| Untracked 
| 119|0x0000000087700000, 0x0000000087800000, 0x0000000087800000|100%| O|  |TAMS 0x0000000087800000, 0x0000000087700000| Untracked 
| 120|0x0000000087800000, 0x0000000087900000, 0x0000000087900000|100%| O|  |TAMS 0x0000000087900000, 0x0000000087800000| Untracked 
| 121|0x0000000087900000, 0x0000000087a00000, 0x0000000087a00000|100%| O|  |TAMS 0x0000000087a00000, 0x0000000087900000| Untracked 
| 122|0x0000000087a00000, 0x0000000087b00000, 0x0000000087b00000|100%| O|  |TAMS 0x0000000087b00000, 0x0000000087a00000| Untracked 
| 123|0x0000000087b00000, 0x0000000087c00000, 0x0000000087c00000|100%| O|  |TAMS 0x0000000087c00000, 0x0000000087b00000| Untracked 
| 124|0x0000000087c00000, 0x0000000087d00000, 0x0000000087d00000|100%| O|  |TAMS 0x0000000087d00000, 0x0000000087c00000| Complete 
| 125|0x0000000087d00000, 0x0000000087e00000, 0x0000000087e00000|100%| O|  |TAMS 0x0000000087e00000, 0x0000000087d00000| Complete 
| 126|0x0000000087e00000, 0x0000000087f00000, 0x0000000087f00000|100%| O|  |TAMS 0x0000000087f00000, 0x0000000087e00000| Untracked 
| 127|0x0000000087f00000, 0x0000000088000000, 0x0000000088000000|100%| O|  |TAMS 0x0000000088000000, 0x0000000087f00000| Untracked 
| 128|0x0000000088000000, 0x0000000088100000, 0x0000000088100000|100%| O|  |TAMS 0x0000000088100000, 0x0000000088000000| Untracked 
| 129|0x0000000088100000, 0x0000000088200000, 0x0000000088200000|100%| O|  |TAMS 0x0000000088200000, 0x0000000088100000| Untracked 
| 130|0x0000000088200000, 0x0000000088300000, 0x0000000088300000|100%| O|  |TAMS 0x0000000088300000, 0x0000000088200000| Untracked 
| 131|0x0000000088300000, 0x0000000088400000, 0x0000000088400000|100%| O|  |TAMS 0x0000000088400000, 0x0000000088300000| Untracked 
| 132|0x0000000088400000, 0x0000000088500000, 0x0000000088500000|100%| O|  |TAMS 0x0000000088500000, 0x0000000088400000| Untracked 
| 133|0x0000000088500000, 0x0000000088600000, 0x0000000088600000|100%| O|  |TAMS 0x0000000088600000, 0x0000000088500000| Complete 
| 134|0x0000000088600000, 0x0000000088700000, 0x0000000088700000|100%| O|  |TAMS 0x0000000088700000, 0x0000000088600000| Complete 
| 135|0x0000000088700000, 0x0000000088800000, 0x0000000088800000|100%| O|  |TAMS 0x0000000088800000, 0x0000000088700000| Untracked 
| 136|0x0000000088800000, 0x0000000088900000, 0x0000000088900000|100%| O|  |TAMS 0x0000000088900000, 0x0000000088800000| Untracked 
| 137|0x0000000088900000, 0x0000000088a00000, 0x0000000088a00000|100%| O|  |TAMS 0x0000000088a00000, 0x0000000088900000| Untracked 
| 138|0x0000000088a00000, 0x0000000088b00000, 0x0000000088b00000|100%| O|  |TAMS 0x0000000088b00000, 0x0000000088a00000| Untracked 
| 139|0x0000000088b00000, 0x0000000088c00000, 0x0000000088c00000|100%| O|  |TAMS 0x0000000088c00000, 0x0000000088b00000| Untracked 
| 140|0x0000000088c00000, 0x0000000088d00000, 0x0000000088d00000|100%| O|  |TAMS 0x0000000088d00000, 0x0000000088c00000| Complete 
| 141|0x0000000088d00000, 0x0000000088e00000, 0x0000000088e00000|100%| O|  |TAMS 0x0000000088e00000, 0x0000000088d00000| Complete 
| 142|0x0000000088e00000, 0x0000000088f00000, 0x0000000088f00000|100%| O|  |TAMS 0x0000000088f00000, 0x0000000088e00000| Complete 
| 143|0x0000000088f00000, 0x0000000089000000, 0x0000000089000000|100%| O|  |TAMS 0x0000000089000000, 0x0000000088f00000| Untracked 
| 144|0x0000000089000000, 0x0000000089100000, 0x0000000089100000|100%| O|  |TAMS 0x0000000089100000, 0x0000000089000000| Untracked 
| 145|0x0000000089100000, 0x0000000089200000, 0x0000000089200000|100%| O|  |TAMS 0x0000000089200000, 0x0000000089100000| Complete 
| 146|0x0000000089200000, 0x0000000089300000, 0x0000000089300000|100%| O|  |TAMS 0x0000000089200000, 0x0000000089200000| Untracked 
| 147|0x0000000089300000, 0x0000000089400000, 0x0000000089400000|100%| O|  |TAMS 0x0000000089300000, 0x0000000089300000| Untracked 
| 148|0x0000000089400000, 0x0000000089500000, 0x0000000089500000|100%| O|  |TAMS 0x0000000089400000, 0x0000000089400000| Untracked 
| 149|0x0000000089500000, 0x0000000089600000, 0x0000000089600000|100%| O|  |TAMS 0x0000000089500000, 0x0000000089500000| Untracked 
| 150|0x0000000089600000, 0x0000000089700000, 0x0000000089700000|100%| O|  |TAMS 0x0000000089600000, 0x0000000089600000| Untracked 
| 151|0x0000000089700000, 0x0000000089800000, 0x0000000089800000|100%| O|  |TAMS 0x0000000089700000, 0x0000000089700000| Untracked 
| 152|0x0000000089800000, 0x0000000089900000, 0x0000000089900000|100%| O|  |TAMS 0x0000000089800000, 0x0000000089800000| Untracked 
| 153|0x0000000089900000, 0x0000000089a00000, 0x0000000089a00000|100%| O|  |TAMS 0x0000000089900000, 0x0000000089900000| Untracked 
| 154|0x0000000089a00000, 0x0000000089b00000, 0x0000000089b00000|100%| O|  |TAMS 0x0000000089a00000, 0x0000000089a00000| Untracked 
| 155|0x0000000089b00000, 0x0000000089c00000, 0x0000000089c00000|100%| O|  |TAMS 0x0000000089b00000, 0x0000000089b00000| Untracked 
| 156|0x0000000089c00000, 0x0000000089d00000, 0x0000000089d00000|100%| O|  |TAMS 0x0000000089c00000, 0x0000000089c00000| Untracked 
| 157|0x0000000089d00000, 0x0000000089e00000, 0x0000000089e00000|100%| O|  |TAMS 0x0000000089d00000, 0x0000000089d00000| Untracked 
| 158|0x0000000089e00000, 0x0000000089f00000, 0x0000000089f00000|100%| O|  |TAMS 0x0000000089e00000, 0x0000000089e00000| Untracked 
| 159|0x0000000089f00000, 0x000000008a000000, 0x000000008a000000|100%| O|  |TAMS 0x0000000089f00000, 0x0000000089f00000| Untracked 
| 160|0x000000008a000000, 0x000000008a100000, 0x000000008a100000|100%| O|  |TAMS 0x000000008a000000, 0x000000008a000000| Untracked 
| 161|0x000000008a100000, 0x000000008a200000, 0x000000008a200000|100%| O|  |TAMS 0x000000008a100000, 0x000000008a100000| Untracked 
| 162|0x000000008a200000, 0x000000008a300000, 0x000000008a300000|100%| O|  |TAMS 0x000000008a200000, 0x000000008a200000| Untracked 
| 163|0x000000008a300000, 0x000000008a400000, 0x000000008a400000|100%| O|  |TAMS 0x000000008a300000, 0x000000008a300000| Untracked 
| 164|0x000000008a400000, 0x000000008a500000, 0x000000008a500000|100%| O|  |TAMS 0x000000008a400000, 0x000000008a400000| Untracked 
| 165|0x000000008a500000, 0x000000008a59ea00, 0x000000008a600000| 61%| O|  |TAMS 0x000000008a500000, 0x000000008a500000| Untracked 
| 166|0x000000008a600000, 0x000000008a600000, 0x000000008a700000|  0%| F|  |TAMS 0x000000008a600000, 0x000000008a600000| Untracked 
| 167|0x000000008a700000, 0x000000008a700000, 0x000000008a800000|  0%| F|  |TAMS 0x000000008a700000, 0x000000008a700000| Untracked 
| 168|0x000000008a800000, 0x000000008a800000, 0x000000008a900000|  0%| F|  |TAMS 0x000000008a800000, 0x000000008a800000| Untracked 
| 169|0x000000008a900000, 0x000000008a900000, 0x000000008aa00000|  0%| F|  |TAMS 0x000000008a900000, 0x000000008a900000| Untracked 
| 170|0x000000008aa00000, 0x000000008aa00000, 0x000000008ab00000|  0%| F|  |TAMS 0x000000008aa00000, 0x000000008aa00000| Untracked 
| 171|0x000000008ab00000, 0x000000008ab00000, 0x000000008ac00000|  0%| F|  |TAMS 0x000000008ab00000, 0x000000008ab00000| Untracked 
| 172|0x000000008ac00000, 0x000000008ac00000, 0x000000008ad00000|  0%| F|  |TAMS 0x000000008ac00000, 0x000000008ac00000| Untracked 
| 173|0x000000008ad00000, 0x000000008ad00000, 0x000000008ae00000|  0%| F|  |TAMS 0x000000008ad00000, 0x000000008ad00000| Untracked 
| 174|0x000000008ae00000, 0x000000008ae00000, 0x000000008af00000|  0%| F|  |TAMS 0x000000008ae00000, 0x000000008ae00000| Untracked 
| 175|0x000000008af00000, 0x000000008af00000, 0x000000008b000000|  0%| F|  |TAMS 0x000000008af00000, 0x000000008af00000| Untracked 
| 176|0x000000008b000000, 0x000000008b000000, 0x000000008b100000|  0%| F|  |TAMS 0x000000008b000000, 0x000000008b000000| Untracked 
| 177|0x000000008b100000, 0x000000008b100000, 0x000000008b200000|  0%| F|  |TAMS 0x000000008b100000, 0x000000008b100000| Untracked 
| 178|0x000000008b200000, 0x000000008b200000, 0x000000008b300000|  0%| F|  |TAMS 0x000000008b200000, 0x000000008b200000| Untracked 
| 179|0x000000008b300000, 0x000000008b300000, 0x000000008b400000|  0%| F|  |TAMS 0x000000008b300000, 0x000000008b300000| Untracked 
| 180|0x000000008b400000, 0x000000008b400000, 0x000000008b500000|  0%| F|  |TAMS 0x000000008b400000, 0x000000008b400000| Untracked 
| 181|0x000000008b500000, 0x000000008b500000, 0x000000008b600000|  0%| F|  |TAMS 0x000000008b500000, 0x000000008b500000| Untracked 
| 182|0x000000008b600000, 0x000000008b600000, 0x000000008b700000|  0%| F|  |TAMS 0x000000008b600000, 0x000000008b600000| Untracked 
| 183|0x000000008b700000, 0x000000008b700000, 0x000000008b800000|  0%| F|  |TAMS 0x000000008b700000, 0x000000008b700000| Untracked 
| 184|0x000000008b800000, 0x000000008b800000, 0x000000008b900000|  0%| F|  |TAMS 0x000000008b800000, 0x000000008b800000| Untracked 
| 185|0x000000008b900000, 0x000000008b900000, 0x000000008ba00000|  0%| F|  |TAMS 0x000000008b900000, 0x000000008b900000| Untracked 
| 186|0x000000008ba00000, 0x000000008ba00000, 0x000000008bb00000|  0%| F|  |TAMS 0x000000008ba00000, 0x000000008ba00000| Untracked 
| 187|0x000000008bb00000, 0x000000008bb00000, 0x000000008bc00000|  0%| F|  |TAMS 0x000000008bb00000, 0x000000008bb00000| Untracked 
| 188|0x000000008bc00000, 0x000000008bc00000, 0x000000008bd00000|  0%| F|  |TAMS 0x000000008bc00000, 0x000000008bc00000| Untracked 
| 189|0x000000008bd00000, 0x000000008bd00000, 0x000000008be00000|  0%| F|  |TAMS 0x000000008bd00000, 0x000000008bd00000| Untracked 
| 190|0x000000008be00000, 0x000000008be00000, 0x000000008bf00000|  0%| F|  |TAMS 0x000000008be00000, 0x000000008be00000| Untracked 
| 191|0x000000008bf00000, 0x000000008bf00000, 0x000000008c000000|  0%| F|  |TAMS 0x000000008bf00000, 0x000000008bf00000| Untracked 
| 192|0x000000008c000000, 0x000000008c000000, 0x000000008c100000|  0%| F|  |TAMS 0x000000008c000000, 0x000000008c000000| Untracked 
| 193|0x000000008c100000, 0x000000008c100000, 0x000000008c200000|  0%| F|  |TAMS 0x000000008c100000, 0x000000008c100000| Untracked 
| 194|0x000000008c200000, 0x000000008c200000, 0x000000008c300000|  0%| F|  |TAMS 0x000000008c200000, 0x000000008c200000| Untracked 
| 195|0x000000008c300000, 0x000000008c300000, 0x000000008c400000|  0%| F|  |TAMS 0x000000008c300000, 0x000000008c300000| Untracked 
| 196|0x000000008c400000, 0x000000008c400000, 0x000000008c500000|  0%| F|  |TAMS 0x000000008c400000, 0x000000008c400000| Untracked 
| 197|0x000000008c500000, 0x000000008c500000, 0x000000008c600000|  0%| F|  |TAMS 0x000000008c500000, 0x000000008c500000| Untracked 
| 198|0x000000008c600000, 0x000000008c600000, 0x000000008c700000|  0%| F|  |TAMS 0x000000008c600000, 0x000000008c600000| Untracked 
| 199|0x000000008c700000, 0x000000008c700000, 0x000000008c800000|  0%| F|  |TAMS 0x000000008c700000, 0x000000008c700000| Untracked 
| 200|0x000000008c800000, 0x000000008c800000, 0x000000008c900000|  0%| F|  |TAMS 0x000000008c800000, 0x000000008c800000| Untracked 
| 201|0x000000008c900000, 0x000000008c900000, 0x000000008ca00000|  0%| F|  |TAMS 0x000000008c900000, 0x000000008c900000| Untracked 
| 202|0x000000008ca00000, 0x000000008ca00000, 0x000000008cb00000|  0%| F|  |TAMS 0x000000008ca00000, 0x000000008ca00000| Untracked 
| 203|0x000000008cb00000, 0x000000008cb00000, 0x000000008cc00000|  0%| F|  |TAMS 0x000000008cb00000, 0x000000008cb00000| Untracked 
| 204|0x000000008cc00000, 0x000000008cc00000, 0x000000008cd00000|  0%| F|  |TAMS 0x000000008cc00000, 0x000000008cc00000| Untracked 
| 205|0x000000008cd00000, 0x000000008cd00000, 0x000000008ce00000|  0%| F|  |TAMS 0x000000008cd00000, 0x000000008cd00000| Untracked 
| 206|0x000000008ce00000, 0x000000008ce00000, 0x000000008cf00000|  0%| F|  |TAMS 0x000000008ce00000, 0x000000008ce00000| Untracked 
| 207|0x000000008cf00000, 0x000000008cf00000, 0x000000008d000000|  0%| F|  |TAMS 0x000000008cf00000, 0x000000008cf00000| Untracked 
| 208|0x000000008d000000, 0x000000008d000000, 0x000000008d100000|  0%| F|  |TAMS 0x000000008d000000, 0x000000008d000000| Untracked 
| 209|0x000000008d100000, 0x000000008d100000, 0x000000008d200000|  0%| F|  |TAMS 0x000000008d100000, 0x000000008d100000| Untracked 
| 210|0x000000008d200000, 0x000000008d200000, 0x000000008d300000|  0%| F|  |TAMS 0x000000008d200000, 0x000000008d200000| Untracked 
| 211|0x000000008d300000, 0x000000008d300000, 0x000000008d400000|  0%| F|  |TAMS 0x000000008d300000, 0x000000008d300000| Untracked 
| 212|0x000000008d400000, 0x000000008d400000, 0x000000008d500000|  0%| F|  |TAMS 0x000000008d400000, 0x000000008d400000| Untracked 
| 213|0x000000008d500000, 0x000000008d500000, 0x000000008d600000|  0%| F|  |TAMS 0x000000008d500000, 0x000000008d500000| Untracked 
| 214|0x000000008d600000, 0x000000008d600000, 0x000000008d700000|  0%| F|  |TAMS 0x000000008d600000, 0x000000008d600000| Untracked 
| 215|0x000000008d700000, 0x000000008d700000, 0x000000008d800000|  0%| F|  |TAMS 0x000000008d700000, 0x000000008d700000| Untracked 
| 216|0x000000008d800000, 0x000000008d800000, 0x000000008d900000|  0%| F|  |TAMS 0x000000008d800000, 0x000000008d800000| Untracked 
| 217|0x000000008d900000, 0x000000008d900000, 0x000000008da00000|  0%| F|  |TAMS 0x000000008d900000, 0x000000008d900000| Untracked 
| 218|0x000000008da00000, 0x000000008da00000, 0x000000008db00000|  0%| F|  |TAMS 0x000000008da00000, 0x000000008da00000| Untracked 
| 219|0x000000008db00000, 0x000000008db00000, 0x000000008dc00000|  0%| F|  |TAMS 0x000000008db00000, 0x000000008db00000| Untracked 
| 220|0x000000008dc00000, 0x000000008dc00000, 0x000000008dd00000|  0%| F|  |TAMS 0x000000008dc00000, 0x000000008dc00000| Untracked 
| 221|0x000000008dd00000, 0x000000008dd00000, 0x000000008de00000|  0%| F|  |TAMS 0x000000008dd00000, 0x000000008dd00000| Untracked 
| 222|0x000000008de00000, 0x000000008de00000, 0x000000008df00000|  0%| F|  |TAMS 0x000000008de00000, 0x000000008de00000| Untracked 
| 223|0x000000008df00000, 0x000000008df00000, 0x000000008e000000|  0%| F|  |TAMS 0x000000008df00000, 0x000000008df00000| Untracked 
| 224|0x000000008e000000, 0x000000008e000000, 0x000000008e100000|  0%| F|  |TAMS 0x000000008e000000, 0x000000008e000000| Untracked 
| 225|0x000000008e100000, 0x000000008e100000, 0x000000008e200000|  0%| F|  |TAMS 0x000000008e100000, 0x000000008e100000| Untracked 
| 226|0x000000008e200000, 0x000000008e200000, 0x000000008e300000|  0%| F|  |TAMS 0x000000008e200000, 0x000000008e200000| Untracked 
| 227|0x000000008e300000, 0x000000008e300000, 0x000000008e400000|  0%| F|  |TAMS 0x000000008e300000, 0x000000008e300000| Untracked 
| 228|0x000000008e400000, 0x000000008e400000, 0x000000008e500000|  0%| F|  |TAMS 0x000000008e400000, 0x000000008e400000| Untracked 
| 229|0x000000008e500000, 0x000000008e600000, 0x000000008e600000|100%| S|CS|TAMS 0x000000008e500000, 0x000000008e500000| Complete 
| 230|0x000000008e600000, 0x000000008e700000, 0x000000008e700000|100%| S|CS|TAMS 0x000000008e600000, 0x000000008e600000| Complete 
| 231|0x000000008e700000, 0x000000008e700000, 0x000000008e800000|  0%| F|  |TAMS 0x000000008e700000, 0x000000008e700000| Untracked 
| 232|0x000000008e800000, 0x000000008e800000, 0x000000008e900000|  0%| F|  |TAMS 0x000000008e800000, 0x000000008e800000| Untracked 
| 233|0x000000008e900000, 0x000000008e900000, 0x000000008ea00000|  0%| F|  |TAMS 0x000000008e900000, 0x000000008e900000| Untracked 
| 234|0x000000008ea00000, 0x000000008eb00000, 0x000000008eb00000|100%| S|CS|TAMS 0x000000008ea00000, 0x000000008ea00000| Complete 
| 235|0x000000008eb00000, 0x000000008ec00000, 0x000000008ec00000|100%| S|CS|TAMS 0x000000008eb00000, 0x000000008eb00000| Complete 
| 236|0x000000008ec00000, 0x000000008ec00000, 0x000000008ed00000|  0%| F|  |TAMS 0x000000008ec00000, 0x000000008ec00000| Untracked 
| 237|0x000000008ed00000, 0x000000008ed00000, 0x000000008ee00000|  0%| F|  |TAMS 0x000000008ed00000, 0x000000008ed00000| Untracked 
| 238|0x000000008ee00000, 0x000000008ee00000, 0x000000008ef00000|  0%| F|  |TAMS 0x000000008ee00000, 0x000000008ee00000| Untracked 
| 239|0x000000008ef00000, 0x000000008ef00000, 0x000000008f000000|  0%| F|  |TAMS 0x000000008ef00000, 0x000000008ef00000| Untracked 
| 240|0x000000008f000000, 0x000000008f000000, 0x000000008f100000|  0%| F|  |TAMS 0x000000008f000000, 0x000000008f000000| Untracked 
| 241|0x000000008f100000, 0x000000008f100000, 0x000000008f200000|  0%| F|  |TAMS 0x000000008f100000, 0x000000008f100000| Untracked 
| 242|0x000000008f200000, 0x000000008f200000, 0x000000008f300000|  0%| F|  |TAMS 0x000000008f200000, 0x000000008f200000| Untracked 
| 243|0x000000008f300000, 0x000000008f300000, 0x000000008f400000|  0%| F|  |TAMS 0x000000008f300000, 0x000000008f300000| Untracked 
| 244|0x000000008f400000, 0x000000008f400000, 0x000000008f500000|  0%| F|  |TAMS 0x000000008f400000, 0x000000008f400000| Untracked 
| 245|0x000000008f500000, 0x000000008f500000, 0x000000008f600000|  0%| F|  |TAMS 0x000000008f500000, 0x000000008f500000| Untracked 
| 246|0x000000008f600000, 0x000000008f600000, 0x000000008f700000|  0%| F|  |TAMS 0x000000008f600000, 0x000000008f600000| Untracked 
| 247|0x000000008f700000, 0x000000008f700000, 0x000000008f800000|  0%| F|  |TAMS 0x000000008f700000, 0x000000008f700000| Untracked 
| 248|0x000000008f800000, 0x000000008f800000, 0x000000008f900000|  0%| F|  |TAMS 0x000000008f800000, 0x000000008f800000| Untracked 
| 249|0x000000008f900000, 0x000000008f900000, 0x000000008fa00000|  0%| F|  |TAMS 0x000000008f900000, 0x000000008f900000| Untracked 
| 250|0x000000008fa00000, 0x000000008fa00000, 0x000000008fb00000|  0%| F|  |TAMS 0x000000008fa00000, 0x000000008fa00000| Untracked 
| 251|0x000000008fb00000, 0x000000008fb00000, 0x000000008fc00000|  0%| F|  |TAMS 0x000000008fb00000, 0x000000008fb00000| Untracked 
| 252|0x000000008fc00000, 0x000000008fc00000, 0x000000008fd00000|  0%| F|  |TAMS 0x000000008fc00000, 0x000000008fc00000| Untracked 
| 253|0x000000008fd00000, 0x000000008fd00000, 0x000000008fe00000|  0%| F|  |TAMS 0x000000008fd00000, 0x000000008fd00000| Untracked 
| 254|0x000000008fe00000, 0x000000008fe00000, 0x000000008ff00000|  0%| F|  |TAMS 0x000000008fe00000, 0x000000008fe00000| Untracked 
| 255|0x000000008ff00000, 0x000000008ff00000, 0x0000000090000000|  0%| F|  |TAMS 0x000000008ff00000, 0x000000008ff00000| Untracked 
| 256|0x0000000090000000, 0x0000000090000000, 0x0000000090100000|  0%| F|  |TAMS 0x0000000090000000, 0x0000000090000000| Untracked 
| 257|0x0000000090100000, 0x0000000090100000, 0x0000000090200000|  0%| F|  |TAMS 0x0000000090100000, 0x0000000090100000| Untracked 
| 258|0x0000000090200000, 0x0000000090200000, 0x0000000090300000|  0%| F|  |TAMS 0x0000000090200000, 0x0000000090200000| Untracked 
| 259|0x0000000090300000, 0x0000000090300000, 0x0000000090400000|  0%| F|  |TAMS 0x0000000090300000, 0x0000000090300000| Untracked 
| 260|0x0000000090400000, 0x0000000090400000, 0x0000000090500000|  0%| F|  |TAMS 0x0000000090400000, 0x0000000090400000| Untracked 
| 261|0x0000000090500000, 0x0000000090500000, 0x0000000090600000|  0%| F|  |TAMS 0x0000000090500000, 0x0000000090500000| Untracked 
| 262|0x0000000090600000, 0x0000000090600000, 0x0000000090700000|  0%| F|  |TAMS 0x0000000090600000, 0x0000000090600000| Untracked 
| 263|0x0000000090700000, 0x0000000090700000, 0x0000000090800000|  0%| F|  |TAMS 0x0000000090700000, 0x0000000090700000| Untracked 
| 264|0x0000000090800000, 0x0000000090800000, 0x0000000090900000|  0%| F|  |TAMS 0x0000000090800000, 0x0000000090800000| Untracked 
| 265|0x0000000090900000, 0x0000000090900000, 0x0000000090a00000|  0%| F|  |TAMS 0x0000000090900000, 0x0000000090900000| Untracked 
| 266|0x0000000090a00000, 0x0000000090a00000, 0x0000000090b00000|  0%| F|  |TAMS 0x0000000090a00000, 0x0000000090a00000| Untracked 
| 267|0x0000000090b00000, 0x0000000090b00000, 0x0000000090c00000|  0%| F|  |TAMS 0x0000000090b00000, 0x0000000090b00000| Untracked 
| 268|0x0000000090c00000, 0x0000000090c00000, 0x0000000090d00000|  0%| F|  |TAMS 0x0000000090c00000, 0x0000000090c00000| Untracked 
| 269|0x0000000090d00000, 0x0000000090d00000, 0x0000000090e00000|  0%| F|  |TAMS 0x0000000090d00000, 0x0000000090d00000| Untracked 
| 270|0x0000000090e00000, 0x0000000090e00000, 0x0000000090f00000|  0%| F|  |TAMS 0x0000000090e00000, 0x0000000090e00000| Untracked 
| 271|0x0000000090f00000, 0x0000000090f00000, 0x0000000091000000|  0%| F|  |TAMS 0x0000000090f00000, 0x0000000090f00000| Untracked 
| 272|0x0000000091000000, 0x0000000091000000, 0x0000000091100000|  0%| F|  |TAMS 0x0000000091000000, 0x0000000091000000| Untracked 
| 273|0x0000000091100000, 0x0000000091100000, 0x0000000091200000|  0%| F|  |TAMS 0x0000000091100000, 0x0000000091100000| Untracked 
| 274|0x0000000091200000, 0x0000000091200000, 0x0000000091300000|  0%| F|  |TAMS 0x0000000091200000, 0x0000000091200000| Untracked 
| 275|0x0000000091300000, 0x0000000091300000, 0x0000000091400000|  0%| F|  |TAMS 0x0000000091300000, 0x0000000091300000| Untracked 
| 276|0x0000000091400000, 0x0000000091400000, 0x0000000091500000|  0%| F|  |TAMS 0x0000000091400000, 0x0000000091400000| Untracked 
| 277|0x0000000091500000, 0x0000000091500000, 0x0000000091600000|  0%| F|  |TAMS 0x0000000091500000, 0x0000000091500000| Untracked 
| 278|0x0000000091600000, 0x0000000091600000, 0x0000000091700000|  0%| F|  |TAMS 0x0000000091600000, 0x0000000091600000| Untracked 
| 279|0x0000000091700000, 0x0000000091700000, 0x0000000091800000|  0%| F|  |TAMS 0x0000000091700000, 0x0000000091700000| Untracked 
| 280|0x0000000091800000, 0x0000000091800000, 0x0000000091900000|  0%| F|  |TAMS 0x0000000091800000, 0x0000000091800000| Untracked 
| 281|0x0000000091900000, 0x0000000091900000, 0x0000000091a00000|  0%| F|  |TAMS 0x0000000091900000, 0x0000000091900000| Untracked 
| 282|0x0000000091a00000, 0x0000000091a00000, 0x0000000091b00000|  0%| F|  |TAMS 0x0000000091a00000, 0x0000000091a00000| Untracked 
| 283|0x0000000091b00000, 0x0000000091b00000, 0x0000000091c00000|  0%| F|  |TAMS 0x0000000091b00000, 0x0000000091b00000| Untracked 
| 284|0x0000000091c00000, 0x0000000091c00000, 0x0000000091d00000|  0%| F|  |TAMS 0x0000000091c00000, 0x0000000091c00000| Untracked 
| 285|0x0000000091d00000, 0x0000000091d00000, 0x0000000091e00000|  0%| F|  |TAMS 0x0000000091d00000, 0x0000000091d00000| Untracked 
| 286|0x0000000091e00000, 0x0000000091e00000, 0x0000000091f00000|  0%| F|  |TAMS 0x0000000091e00000, 0x0000000091e00000| Untracked 
| 287|0x0000000091f00000, 0x0000000091f00000, 0x0000000092000000|  0%| F|  |TAMS 0x0000000091f00000, 0x0000000091f00000| Untracked 
| 288|0x0000000092000000, 0x0000000092000000, 0x0000000092100000|  0%| F|  |TAMS 0x0000000092000000, 0x0000000092000000| Untracked 
| 289|0x0000000092100000, 0x0000000092100000, 0x0000000092200000|  0%| F|  |TAMS 0x0000000092100000, 0x0000000092100000| Untracked 
| 290|0x0000000092200000, 0x0000000092200000, 0x0000000092300000|  0%| F|  |TAMS 0x0000000092200000, 0x0000000092200000| Untracked 
| 291|0x0000000092300000, 0x0000000092300000, 0x0000000092400000|  0%| F|  |TAMS 0x0000000092300000, 0x0000000092300000| Untracked 
| 292|0x0000000092400000, 0x0000000092400000, 0x0000000092500000|  0%| F|  |TAMS 0x0000000092400000, 0x0000000092400000| Untracked 
| 293|0x0000000092500000, 0x0000000092500000, 0x0000000092600000|  0%| F|  |TAMS 0x0000000092500000, 0x0000000092500000| Untracked 
| 294|0x0000000092600000, 0x0000000092600000, 0x0000000092700000|  0%| F|  |TAMS 0x0000000092600000, 0x0000000092600000| Untracked 
| 295|0x0000000092700000, 0x0000000092700000, 0x0000000092800000|  0%| F|  |TAMS 0x0000000092700000, 0x0000000092700000| Untracked 
| 296|0x0000000092800000, 0x0000000092800000, 0x0000000092900000|  0%| F|  |TAMS 0x0000000092800000, 0x0000000092800000| Untracked 

Card table byte_map: [0x0000013b80630000,0x0000013b80a30000] _byte_map_base: 0x0000013b80230000

Marking Bits (Prev, Next): (CMBitMap*) 0x0000013beb45ec40, (CMBitMap*) 0x0000013beb45ec08
 Prev Bits: [0x0000013b82e30000, 0x0000013b84e30000)
 Next Bits: [0x0000013b80e30000, 0x0000013b82e30000)

Polling page: 0x0000013beb2b0000

Metaspace:

Usage:
  Non-class:     89.95 MB capacity,    88.34 MB ( 98%) used,     1.30 MB (  1%) free+waste,   308.31 KB ( <1%) overhead. 
      Class:     14.33 MB capacity,    13.31 MB ( 93%) used,   902.91 KB (  6%) free+waste,   142.13 KB ( <1%) overhead. 
       Both:    104.28 MB capacity,   101.65 MB ( 97%) used,     2.19 MB (  2%) free+waste,   450.44 KB ( <1%) overhead. 

Virtual space:
  Non-class space:       92.00 MB reserved,      90.25 MB ( 98%) committed 
      Class space:        1.00 GB reserved,      14.45 MB (  1%) committed 
             Both:        1.09 GB reserved,     104.70 MB (  9%) committed 

Chunk freelists:
   Non-Class:  184.00 KB
       Class:  108.00 KB
        Both:  292.00 KB

MaxMetaspaceSize: 17179869184.00 GB
CompressedClassSpaceSize: 1.00 GB

CodeHeap 'non-profiled nmethods': size=120000Kb used=8175Kb max_used=8175Kb free=111824Kb
 bounds [0x0000013bf81e0000, 0x0000013bf89e0000, 0x0000013bff710000]
CodeHeap 'profiled nmethods': size=120000Kb used=28329Kb max_used=28329Kb free=91670Kb
 bounds [0x0000013bf0cb0000, 0x0000013bf2860000, 0x0000013bf81e0000]
CodeHeap 'non-nmethods': size=5760Kb used=2327Kb max_used=2388Kb free=3432Kb
 bounds [0x0000013bf0710000, 0x0000013bf0980000, 0x0000013bf0cb0000]
 total_blobs=14011 nmethods=13083 adapters=839
 compilation: enabled
              stopped_count=0, restarted_count=0
 full_count=0

Compilation events (20 events):
Event: 12.053 Thread 0x0000013b8b7ec000 nmethod 13030 0x0000013bf89d9e10 code [0x0000013bf89d9fa0, 0x0000013bf89da018]
Event: 12.053 Thread 0x0000013b8b7ec000 13127       4       com.android.tools.r8.internal.l4$c::<init> (32 bytes)
Event: 12.055 Thread 0x0000013b8b7ec000 nmethod 13127 0x0000013bf89da090 code [0x0000013bf89da220, 0x0000013bf89da368]
Event: 12.055 Thread 0x0000013b8b7ec000 13274       4       com.android.tools.r8.internal.Oe::hasNext (33 bytes)
Event: 12.057 Thread 0x0000013b8b7ec000 nmethod 13274 0x0000013bf89da410 code [0x0000013bf89da5c0, 0x0000013bf89da718]
Event: 12.057 Thread 0x0000013b8b7ec000 13071       4       java.util.Collections$SetFromMap::iterator (10 bytes)
Event: 12.057 Thread 0x0000013b8b7ec000 nmethod 13071 0x0000013bf89da910 code [0x0000013bf89daaa0, 0x0000013bf89dab38]
Event: 12.057 Thread 0x0000013b8b7ec000 13144       4       com.android.tools.r8.internal.k2::hasPrevious (10 bytes)
Event: 12.058 Thread 0x0000013b8b7ec000 nmethod 13144 0x0000013bf89dac10 code [0x0000013bf89dada0, 0x0000013bf89dae38]
Event: 12.058 Thread 0x0000013b8b7ec000 13277       4       com.android.tools.r8.internal.l2::previous (19 bytes)
Event: 12.063 Thread 0x0000013b8b7ec000 nmethod 13277 0x0000013bf89daf10 code [0x0000013bf89db0c0, 0x0000013bf89db498]
Event: 12.063 Thread 0x0000013b8b7ec000 13279       4       java.lang.StrictMath::floorOrCeil (128 bytes)
Event: 12.063 Thread 0x0000013b88205000 nmethod 13225 0x0000013bf2859890 code [0x0000013bf2859aa0, 0x0000013bf2859f58]
Event: 12.063 Thread 0x0000013b88205000 13275       2       java.util.HashMap$HashMapSpliterator::getFence (53 bytes)
Event: 12.063 Thread 0x0000013b88205000 nmethod 13275 0x0000013bf285a190 code [0x0000013bf285a340, 0x0000013bf285a478]
Event: 12.064 Thread 0x0000013b88205000 13283 %     3       com.android.tools.r8.internal.Ne::G @ 176 (324 bytes)
Event: 12.064 Thread 0x0000013b8b7ec000 nmethod 13279 0x0000013bf89db690 code [0x0000013bf89db840, 0x0000013bf89db978]
Event: 12.064 Thread 0x0000013b8b7ec000 13278       4       com.android.tools.r8.internal.E9::a (57 bytes)
Event: 12.065 Thread 0x0000013b8b7ec000 nmethod 13278 0x0000013bf89dba90 code [0x0000013bf89dbc20, 0x0000013bf89dbcb8]
Event: 12.065 Thread 0x0000013b8b7ec000 13284       4       com.android.tools.r8.internal.Ah$f::j (143 bytes)

GC Heap History (20 events):
Event: 10.543 GC heap after
{Heap after GC invocations=27 (full 0):
 garbage-first heap   total 187392K, used 94951K [0x0000000080000000, 0x0000000100000000)
  region size 1024K, 2 young (2048K), 2 survivors (2048K)
 Metaspace       used 93328K, capacity 95645K, committed 95948K, reserved 1132544K
  class space    used 12017K, capacity 12913K, committed 13004K, reserved 1048576K
}
Event: 10.779 GC heap before
{Heap before GC invocations=27 (full 0):
 garbage-first heap   total 187392K, used 138983K [0x0000000080000000, 0x0000000100000000)
  region size 1024K, 46 young (47104K), 2 survivors (2048K)
 Metaspace       used 93857K, capacity 96155K, committed 96332K, reserved 1132544K
  class space    used 12070K, capacity 12982K, committed 13132K, reserved 1048576K
}
Event: 10.784 GC heap after
{Heap after GC invocations=28 (full 0):
 garbage-first heap   total 187392K, used 98834K [0x0000000080000000, 0x0000000100000000)
  region size 1024K, 6 young (6144K), 6 survivors (6144K)
 Metaspace       used 93857K, capacity 96155K, committed 96332K, reserved 1132544K
  class space    used 12070K, capacity 12982K, committed 13132K, reserved 1048576K
}
Event: 10.866 GC heap before
{Heap before GC invocations=28 (full 0):
 garbage-first heap   total 187392K, used 141842K [0x0000000080000000, 0x0000000100000000)
  region size 1024K, 49 young (50176K), 6 survivors (6144K)
 Metaspace       used 94476K, capacity 96813K, committed 97100K, reserved 1132544K
  class space    used 12162K, capacity 13072K, committed 13132K, reserved 1048576K
}
Event: 10.872 GC heap after
{Heap after GC invocations=29 (full 0):
 garbage-first heap   total 225280K, used 111181K [0x0000000080000000, 0x0000000100000000)
  region size 1024K, 7 young (7168K), 7 survivors (7168K)
 Metaspace       used 94476K, capacity 96813K, committed 97100K, reserved 1132544K
  class space    used 12162K, capacity 13072K, committed 13132K, reserved 1048576K
}
Event: 11.128 GC heap before
{Heap before GC invocations=30 (full 0):
 garbage-first heap   total 225280K, used 166477K [0x0000000080000000, 0x0000000100000000)
  region size 1024K, 62 young (63488K), 7 survivors (7168K)
 Metaspace       used 97765K, capacity 100292K, committed 100556K, reserved 1136640K
  class space    used 12672K, capacity 13682K, committed 13772K, reserved 1048576K
}
Event: 11.134 GC heap after
{Heap after GC invocations=31 (full 0):
 garbage-first heap   total 225280K, used 118587K [0x0000000080000000, 0x0000000100000000)
  region size 1024K, 8 young (8192K), 8 survivors (8192K)
 Metaspace       used 97765K, capacity 100292K, committed 100556K, reserved 1136640K
  class space    used 12672K, capacity 13682K, committed 13772K, reserved 1048576K
}
Event: 11.262 GC heap before
{Heap before GC invocations=31 (full 0):
 garbage-first heap   total 225280K, used 169787K [0x0000000080000000, 0x0000000100000000)
  region size 1024K, 59 young (60416K), 8 survivors (8192K)
 Metaspace       used 99557K, capacity 102168K, committed 102348K, reserved 1138688K
  class space    used 12927K, capacity 13945K, committed 14028K, reserved 1048576K
}
Event: 11.279 GC heap after
{Heap after GC invocations=32 (full 0):
 garbage-first heap   total 225280K, used 125845K [0x0000000080000000, 0x0000000100000000)
  region size 1024K, 8 young (8192K), 8 survivors (8192K)
 Metaspace       used 99557K, capacity 102168K, committed 102348K, reserved 1138688K
  class space    used 12927K, capacity 13945K, committed 14028K, reserved 1048576K
}
Event: 11.426 GC heap before
{Heap before GC invocations=32 (full 0):
 garbage-first heap   total 225280K, used 174997K [0x0000000080000000, 0x0000000100000000)
  region size 1024K, 56 young (57344K), 8 survivors (8192K)
 Metaspace       used 100009K, capacity 102713K, committed 102988K, reserved 1138688K
  class space    used 12964K, capacity 14012K, committed 14156K, reserved 1048576K
}
Event: 11.440 GC heap after
{Heap after GC invocations=33 (full 0):
 garbage-first heap   total 225280K, used 135634K [0x0000000080000000, 0x0000000100000000)
  region size 1024K, 7 young (7168K), 7 survivors (7168K)
 Metaspace       used 100009K, capacity 102713K, committed 102988K, reserved 1138688K
  class space    used 12964K, capacity 14012K, committed 14156K, reserved 1048576K
}
Event: 11.502 GC heap before
{Heap before GC invocations=34 (full 0):
 garbage-first heap   total 225280K, used 178642K [0x0000000080000000, 0x0000000100000000)
  region size 1024K, 49 young (50176K), 7 survivors (7168K)
 Metaspace       used 100140K, capacity 102831K, committed 102988K, reserved 1138688K
  class space    used 12975K, capacity 14022K, committed 14156K, reserved 1048576K
}
Event: 11.518 GC heap after
{Heap after GC invocations=35 (full 0):
 garbage-first heap   total 304128K, used 145075K [0x0000000080000000, 0x0000000100000000)
  region size 1024K, 7 young (7168K), 7 survivors (7168K)
 Metaspace       used 100140K, capacity 102831K, committed 102988K, reserved 1138688K
  class space    used 12975K, capacity 14022K, committed 14156K, reserved 1048576K
}
Event: 11.525 GC heap before
{Heap before GC invocations=35 (full 0):
 garbage-first heap   total 304128K, used 152243K [0x0000000080000000, 0x0000000100000000)
  region size 1024K, 14 young (14336K), 7 survivors (7168K)
 Metaspace       used 100194K, capacity 102841K, committed 102988K, reserved 1138688K
  class space    used 12986K, capacity 14025K, committed 14156K, reserved 1048576K
}
Event: 11.531 GC heap after
{Heap after GC invocations=36 (full 0):
 garbage-first heap   total 304128K, used 147340K [0x0000000080000000, 0x0000000100000000)
  region size 1024K, 2 young (2048K), 2 survivors (2048K)
 Metaspace       used 100194K, capacity 102841K, committed 102988K, reserved 1138688K
  class space    used 12986K, capacity 14025K, committed 14156K, reserved 1048576K
}
Event: 11.604 GC heap before
{Heap before GC invocations=36 (full 0):
 garbage-first heap   total 304128K, used 212876K [0x0000000080000000, 0x0000000100000000)
  region size 1024K, 66 young (67584K), 2 survivors (2048K)
 Metaspace       used 100925K, capacity 103624K, committed 103884K, reserved 1138688K
  class space    used 13128K, capacity 14180K, committed 14284K, reserved 1048576K
}
Event: 11.614 GC heap after
{Heap after GC invocations=37 (full 0):
 garbage-first heap   total 304128K, used 158720K [0x0000000080000000, 0x0000000100000000)
  region size 1024K, 9 young (9216K), 9 survivors (9216K)
 Metaspace       used 100925K, capacity 103624K, committed 103884K, reserved 1138688K
  class space    used 13128K, capacity 14180K, committed 14284K, reserved 1048576K
}
Event: 11.732 GC heap before
{Heap before GC invocations=37 (full 0):
 garbage-first heap   total 304128K, used 223232K [0x0000000080000000, 0x0000000100000000)
  region size 1024K, 72 young (73728K), 9 survivors (9216K)
 Metaspace       used 102191K, capacity 104972K, committed 105164K, reserved 1140736K
  class space    used 13344K, capacity 14442K, committed 14540K, reserved 1048576K
}
Event: 11.746 GC heap after
{Heap after GC invocations=38 (full 0):
 garbage-first heap   total 304128K, used 168786K [0x0000000080000000, 0x0000000100000000)
  region size 1024K, 9 young (9216K), 9 survivors (9216K)
 Metaspace       used 102191K, capacity 104972K, committed 105164K, reserved 1140736K
  class space    used 13344K, capacity 14442K, committed 14540K, reserved 1048576K
}
Event: 12.067 GC heap before
{Heap before GC invocations=39 (full 0):
 garbage-first heap   total 304128K, used 230226K [0x0000000080000000, 0x0000000100000000)
  region size 1024K, 70 young (71680K), 9 survivors (9216K)
 Metaspace       used 104090K, capacity 106780K, committed 107212K, reserved 1142784K
  class space    used 13630K, capacity 14676K, committed 14796K, reserved 1048576K
}

Deoptimization events (20 events):
Event: 11.999 Thread 0x0000013b8d8e9800 DEOPT PACKING pc=0x0000013bf836961c sp=0x00000026f27f9bd0
Event: 11.999 Thread 0x0000013b8d8e9800 DEOPT UNPACKING pc=0x0000013bf07183af sp=0x00000026f27f9b48 mode 2
Event: 12.029 Thread 0x0000013b8d8e8000 DEOPT PACKING pc=0x0000013bf282f0e3 sp=0x00000026f26f99f0
Event: 12.029 Thread 0x0000013b8d8e8000 DEOPT UNPACKING pc=0x0000013bf0738ede sp=0x00000026f26f8e88 mode 0
Event: 12.031 Thread 0x0000013b8d8f1000 Uncommon trap: trap_request=0xffffffde fr.pc=0x0000013bf89d1520 relative=0x00000000000000e0
Event: 12.031 Thread 0x0000013b8d8f1000 Uncommon trap: reason=class_check action=maybe_recompile pc=0x0000013bf89d1520 method=com.android.tools.r8.internal.EE.a(Lcom/android/tools/r8/internal/EE;Lcom/android/tools/r8/internal/f8;)I @ 2 c2
Event: 12.031 Thread 0x0000013b8d8f1000 DEOPT PACKING pc=0x0000013bf89d1520 sp=0x00000026f2cf9680
Event: 12.031 Thread 0x0000013b8d8f1000 DEOPT UNPACKING pc=0x0000013bf07183af sp=0x00000026f2cf9620 mode 2
Event: 12.031 Thread 0x0000013b8d8f1000 Uncommon trap: trap_request=0xffffffde fr.pc=0x0000013bf89d1520 relative=0x00000000000000e0
Event: 12.031 Thread 0x0000013b8d8f1000 Uncommon trap: reason=class_check action=maybe_recompile pc=0x0000013bf89d1520 method=com.android.tools.r8.internal.EE.a(Lcom/android/tools/r8/internal/EE;Lcom/android/tools/r8/internal/f8;)I @ 2 c2
Event: 12.031 Thread 0x0000013b8d8f1000 DEOPT PACKING pc=0x0000013bf89d1520 sp=0x00000026f2cf9480
Event: 12.031 Thread 0x0000013b8d8f1000 DEOPT UNPACKING pc=0x0000013bf07183af sp=0x00000026f2cf9420 mode 2
Event: 12.031 Thread 0x0000013b8d8f1000 Uncommon trap: trap_request=0xffffffde fr.pc=0x0000013bf89d1520 relative=0x00000000000000e0
Event: 12.031 Thread 0x0000013b8d8f1000 Uncommon trap: reason=class_check action=maybe_recompile pc=0x0000013bf89d1520 method=com.android.tools.r8.internal.EE.a(Lcom/android/tools/r8/internal/EE;Lcom/android/tools/r8/internal/f8;)I @ 2 c2
Event: 12.031 Thread 0x0000013b8d8f1000 DEOPT PACKING pc=0x0000013bf89d1520 sp=0x00000026f2cf9680
Event: 12.031 Thread 0x0000013b8d8e6800 Uncommon trap: trap_request=0xffffffde fr.pc=0x0000013bf89d1520 relative=0x00000000000000e0
Event: 12.031 Thread 0x0000013b8d8e6800 Uncommon trap: reason=class_check action=maybe_recompile pc=0x0000013bf89d1520 method=com.android.tools.r8.internal.EE.a(Lcom/android/tools/r8/internal/EE;Lcom/android/tools/r8/internal/f8;)I @ 2 c2
Event: 12.031 Thread 0x0000013b8d8e6800 DEOPT PACKING pc=0x0000013bf89d1520 sp=0x00000026f29f9490
Event: 12.031 Thread 0x0000013b8d8e6800 DEOPT UNPACKING pc=0x0000013bf07183af sp=0x00000026f29f9430 mode 2
Event: 12.031 Thread 0x0000013b8d8f1000 DEOPT UNPACKING pc=0x0000013bf07183af sp=0x00000026f2cf9620 mode 2

Classes redefined (0 events):
No events

Internal exceptions (20 events):
Event: 11.532 Thread 0x0000013b8d8f0000 Exception <a 'java/lang/NoSuchMethodError'{0x0000000092722f28}: 'java.lang.Object java.lang.invoke.Invokers$Holder.linkToTargetMethod(java.lang.Object, java.lang.Object, java.lang.Object, java.lang.Object, java.lang.Object, java.lang.Object, java.lang.Object)'> (0x0000000092722f28) thrown at [./src/hotspot/share/interpreter/linkResolver.cpp, line 773]
Event: 11.548 Thread 0x0000013b8d8ee800 Exception <a 'java/lang/NoSuchMethodError'{0x00000000927e4238}: 'int java.lang.invoke.DirectMethodHandle$Holder.invokeSpecial(java.lang.Object, java.lang.Object, java.lang.Object, java.lang.Object, java.lang.Object)'> (0x00000000927e4238) thrown at [./src/hotspot/share/interpreter/linkResolver.cpp, line 773]
Event: 11.548 Thread 0x0000013b8d8e9800 Exception <a 'java/lang/NoSuchMethodError'{0x0000000091600c50}: 'int java.lang.invoke.DirectMethodHandle$Holder.invokeSpecial(java.lang.Object, java.lang.Object, java.lang.Object, java.lang.Object, java.lang.Object)'> (0x0000000091600c50) thrown at [./src/hotspot/share/interpreter/linkResolver.cpp, line 773]
Event: 11.548 Thread 0x0000013b8d8f0000 Exception <a 'java/lang/NoSuchMethodError'{0x0000000092677110}: 'int java.lang.invoke.DirectMethodHandle$Holder.invokeSpecial(java.lang.Object, java.lang.Object, java.lang.Object, java.lang.Object, java.lang.Object)'> (0x0000000092677110) thrown at [./src/hotspot/share/interpreter/linkResolver.cpp, line 773]
Event: 11.630 Thread 0x0000013b8d8f0000 Exception <a 'java/lang/NoSuchMethodError'{0x0000000091c82bd0}: 'java.lang.Object java.lang.invoke.DirectMethodHandle$Holder.invokeVirtual(java.lang.Object, java.lang.Object, int, java.lang.Object)'> (0x0000000091c82bd0) thrown at [./src/hotspot/share/interpreter/linkResolver.cpp, line 773]
Event: 11.630 Thread 0x0000013b8d8e9800 Exception <a 'java/lang/NoSuchMethodError'{0x0000000091c8d240}: 'java.lang.Object java.lang.invoke.DirectMethodHandle$Holder.invokeVirtual(java.lang.Object, java.lang.Object, int, java.lang.Object)'> (0x0000000091c8d240) thrown at [./src/hotspot/share/interpreter/linkResolver.cpp, line 773]
Event: 11.630 Thread 0x0000013b8d8e8000 Exception <a 'java/lang/NoSuchMethodError'{0x0000000091ec3f40}: 'java.lang.Object java.lang.invoke.DirectMethodHandle$Holder.invokeVirtual(java.lang.Object, java.lang.Object, int, java.lang.Object)'> (0x0000000091ec3f40) thrown at [./src/hotspot/share/interpreter/linkResolver.cpp, line 773]
Event: 11.654 Thread 0x0000013b8d8e6800 Exception <a 'java/lang/IncompatibleClassChangeError'{0x0000000090f0a990}: Found class java.lang.Object, but interface was expected> (0x0000000090f0a990) thrown at [./src/hotspot/share/interpreter/linkResolver.cpp, line 839]
Event: 11.654 Thread 0x0000013b8d8e6800 Exception <a 'java/lang/IncompatibleClassChangeError'{0x0000000090f7f410}: Found class java.lang.Object, but interface was expected> (0x0000000090f7f410) thrown at [./src/hotspot/share/interpreter/linkResolver.cpp, line 839]
Event: 11.666 Thread 0x0000013b8d8f0000 Exception <a 'java/lang/NoSuchMethodError'{0x00000000908a66e8}: 'void java.lang.invoke.DirectMethodHandle$Holder.invokeVirtual(java.lang.Object, java.lang.Object, int, java.lang.Object)'> (0x00000000908a66e8) thrown at [./src/hotspot/share/interpreter/linkResolver.cpp, line 773]
Event: 11.760 Thread 0x0000013b8d8e6800 Exception <a 'java/lang/NoSuchMethodError'{0x00000000927a7e00}: 'java.lang.Object java.lang.invoke.DirectMethodHandle$Holder.newInvokeSpecial(java.lang.Object, int)'> (0x00000000927a7e00) thrown at [./src/hotspot/share/interpreter/linkResolver.cpp, line 773]
Event: 11.915 Thread 0x0000013b8d8e8000 Exception <a 'java/lang/NoSuchMethodError'{0x0000000090ee9f48}: 'java.lang.Object java.lang.invoke.DirectMethodHandle$Holder.invokeInterface(java.lang.Object, java.lang.Object, int)'> (0x0000000090ee9f48) thrown at [./src/hotspot/share/interpreter/linkResolver.cpp, line 773]
Event: 11.999 Thread 0x0000013b8d8e9800 Implicit null exception at 0x0000013bf83695eb to 0x0000013bf836960c
Event: 12.044 Thread 0x0000013b8d8f0000 Exception <a 'java/lang/NoSuchMethodError'{0x000000008f1d0238}: 'void java.lang.invoke.DirectMethodHandle$Holder.invokeSpecial(java.lang.Object, java.lang.Object, int, java.lang.Object, java.lang.Object, java.lang.Object, java.lang.Object)'> (0x000000008f1d0238) thrown at [./src/hotspot/share/interpreter/linkResolver.cpp, line 773]
Event: 12.045 Thread 0x0000013b8d8f0000 Exception <a 'java/lang/NoSuchMethodError'{0x000000008f01f838}: 'java.lang.Object java.lang.invoke.Invokers$Holder.linkToTargetMethod(java.lang.Object, int, java.lang.Object, java.lang.Object, java.lang.Object, java.lang.Object)'> (0x000000008f01f838) thrown at [./src/hotspot/share/interpreter/linkResolver.cpp, line 773]
Event: 12.046 Thread 0x0000013b8d8f0000 Exception <a 'java/lang/NoSuchMethodError'{0x000000008f023ce8}: 'void java.lang.invoke.DirectMethodHandle$Holder.invokeSpecial(java.lang.Object, java.lang.Object, java.lang.Object, java.lang.Object, java.lang.Object, java.lang.Object, java.lang.Object, java.lang.Object, java.lang.Object)'> (0x000000008f023ce8) thrown at [./src/hotspot/share/interpreter/linkResolver.cpp, line 773]
Event: 12.047 Thread 0x0000013b8d8e9800 Exception <a 'java/lang/NoSuchMethodError'{0x000000008f03f698}: 'java.lang.Object java.lang.invoke.DirectMethodHandle$Holder.invokeSpecial(java.lang.Object, java.lang.Object, java.lang.Object, java.lang.Object, java.lang.Object, java.lang.Object, java.lang.Object, java.lang.Object, java.lang.Object, java.lang.Object, java.lang.Object)'> (0x000000008f03f698) thrown at [./src/hotspot/share/interpreter/linkResolver.cpp, line 773]
Event: 12.047 Thread 0x0000013b8d8e9800 Exception <a 'java/lang/NoSuchMethodError'{0x000000008f074768}: 'java.lang.Object java.lang.invoke.Invokers$Holder.linkToTargetMethod(java.lang.Object, java.lang.Object, java.lang.Object, java.lang.Object, java.lang.Object, java.lang.Object, java.lang.Object, java.lang.Object, java.lang.Object, java.lang.Object)'> (0x000000008f074768) thrown at [./src/hotspot/share/interpreter/linkResolver.cpp, line 773]
Event: 12.048 Thread 0x0000013b8d8f0000 Exception <a 'java/lang/NoSuchMethodError'{0x000000008ef0e758}: 'void java.lang.invoke.DirectMethodHandle$Holder.invokeStatic(java.lang.Object, java.lang.Object, java.lang.Object, java.lang.Object, java.lang.Object, java.lang.Object, java.lang.Object, java.lang.Object)'> (0x000000008ef0e758) thrown at [./src/hotspot/share/interpreter/linkResolver.cpp, line 773]
Event: 12.055 Thread 0x0000013b8d8e9800 Exception <a 'java/lang/IncompatibleClassChangeError'{0x000000008ee40248}: Found class java.lang.Object, but interface was expected> (0x000000008ee40248) thrown at [./src/hotspot/share/interpreter/linkResolver.cpp, line 839]

Events (20 events):
Event: 12.063 loading class com/android/tools/r8/internal/Co done
Event: 12.065 loading class com/android/tools/r8/graph/Z
Event: 12.065 loading class com/android/tools/r8/graph/Z done
Event: 12.065 loading class com/android/tools/r8/graph/Z
Event: 12.065 loading class com/android/tools/r8/graph/Z done
Event: 12.065 loading class com/android/tools/r8/graph/Z$b
Event: 12.065 loading class com/android/tools/r8/graph/Z$b done
Event: 12.065 loading class com/android/tools/r8/internal/VF
Event: 12.065 loading class com/android/tools/r8/internal/VF done
Event: 12.065 loading class com/android/tools/r8/internal/TF
Event: 12.065 loading class com/android/tools/r8/internal/TF done
Event: 12.066 loading class com/android/tools/r8/internal/od
Event: 12.066 loading class com/android/tools/r8/internal/od done
Event: 12.066 loading class com/android/tools/r8/internal/UF
Event: 12.066 loading class com/android/tools/r8/internal/UF done
Event: 12.066 loading class com/android/tools/r8/graph/d0
Event: 12.066 loading class com/android/tools/r8/graph/d0 done
Event: 12.066 loading class com/android/tools/r8/internal/od
Event: 12.066 loading class com/android/tools/r8/internal/od done
Event: 12.066 Executing VM operation: G1CollectForAllocation


Dynamic libraries:
0x00007ff6ad450000 - 0x00007ff6ad45a000 	D:\Program Files\Android\jre\bin\java.exe
0x00007ffbf5040000 - 0x00007ffbf5230000 	C:\Windows\SYSTEM32\ntdll.dll
0x00007ffbf46b0000 - 0x00007ffbf4762000 	C:\Windows\System32\KERNEL32.DLL
0x00007ffbf2c60000 - 0x00007ffbf2f03000 	C:\Windows\System32\KERNELBASE.dll
0x00007ffbf2840000 - 0x00007ffbf293a000 	C:\Windows\System32\ucrtbase.dll
0x00007ffbd65e0000 - 0x00007ffbd65f7000 	D:\Program Files\Android\jre\bin\VCRUNTIME140.dll
0x00007ffbd56a0000 - 0x00007ffbd56b9000 	D:\Program Files\Android\jre\bin\jli.dll
0x00007ffbf41d0000 - 0x00007ffbf4364000 	C:\Windows\System32\USER32.dll
0x00007ffbf2af0000 - 0x00007ffbf2b11000 	C:\Windows\System32\win32u.dll
0x00007ffbdff90000 - 0x00007ffbe0215000 	C:\Windows\WinSxS\amd64_microsoft.windows.common-controls_6595b64144ccf1df_6.0.18362.535_none_e6c3b34713100821\COMCTL32.dll
0x00007ffbf3130000 - 0x00007ffbf3156000 	C:\Windows\System32\GDI32.dll
0x00007ffbf31c0000 - 0x00007ffbf325e000 	C:\Windows\System32\msvcrt.dll
0x00007ffbf2f90000 - 0x00007ffbf3124000 	C:\Windows\System32\gdi32full.dll
0x00007ffbf4d00000 - 0x00007ffbf5036000 	C:\Windows\System32\combase.dll
0x00007ffbf2b20000 - 0x00007ffbf2bbe000 	C:\Windows\System32\msvcp_win.dll
0x00007ffbf4590000 - 0x00007ffbf46b0000 	C:\Windows\System32\RPCRT4.dll
0x00007ffbf2f10000 - 0x00007ffbf2f90000 	C:\Windows\System32\bcryptPrimitives.dll
0x00007ffbf4980000 - 0x00007ffbf49ae000 	C:\Windows\System32\IMM32.DLL
0x00007ffbcd820000 - 0x00007ffbcd8bd000 	D:\Program Files\Android\jre\bin\msvcp140.dll
0x00007ffbba9e0000 - 0x00007ffbbb4af000 	D:\Program Files\Android\jre\bin\server\jvm.dll
0x00007ffbf3950000 - 0x00007ffbf39f3000 	C:\Windows\System32\ADVAPI32.dll
0x00007ffbf4010000 - 0x00007ffbf40a7000 	C:\Windows\System32\sechost.dll
0x00007ffbf40b0000 - 0x00007ffbf40b8000 	C:\Windows\System32\PSAPI.DLL
0x00007ffbefdb0000 - 0x00007ffbefdb9000 	C:\Windows\SYSTEM32\WSOCK32.dll
0x00007ffbf4a80000 - 0x00007ffbf4aef000 	C:\Windows\System32\WS2_32.dll
0x00007ffbec570000 - 0x00007ffbec57a000 	C:\Windows\SYSTEM32\VERSION.dll
0x00007ffbefb40000 - 0x00007ffbefb64000 	C:\Windows\SYSTEM32\WINMM.dll
0x00007ffbefb10000 - 0x00007ffbefb3d000 	C:\Windows\SYSTEM32\winmmbase.dll
0x00007ffbf2be0000 - 0x00007ffbf2c2a000 	C:\Windows\System32\cfgmgr32.dll
0x00007ffbf1ff0000 - 0x00007ffbf2001000 	C:\Windows\System32\kernel.appcore.dll
0x00007ffbefd90000 - 0x00007ffbefda1000 	D:\Program Files\Android\jre\bin\verify.dll
0x00007ffbf0870000 - 0x00007ffbf0a64000 	C:\Windows\SYSTEM32\DBGHELP.DLL
0x00007ffbcbe40000 - 0x00007ffbcbe6a000 	C:\Windows\SYSTEM32\dbgcore.DLL
0x00007ffbedff0000 - 0x00007ffbee019000 	D:\Program Files\Android\jre\bin\java.dll
0x00007ffbefd80000 - 0x00007ffbefd8b000 	D:\Program Files\Android\jre\bin\jimage.dll
0x00007ffbed720000 - 0x00007ffbed738000 	D:\Program Files\Android\jre\bin\zip.dll
0x00007ffbf3260000 - 0x00007ffbf3945000 	C:\Windows\System32\SHELL32.dll
0x00007ffbf48d0000 - 0x00007ffbf4979000 	C:\Windows\System32\shcore.dll
0x00007ffbf2010000 - 0x00007ffbf278f000 	C:\Windows\System32\windows.storage.dll
0x00007ffbf1fd0000 - 0x00007ffbf1fef000 	C:\Windows\System32\profapi.dll
0x00007ffbf1f60000 - 0x00007ffbf1faa000 	C:\Windows\System32\powrprof.dll
0x00007ffbf1f50000 - 0x00007ffbf1f60000 	C:\Windows\System32\UMPDC.dll
0x00007ffbf4170000 - 0x00007ffbf41c2000 	C:\Windows\System32\shlwapi.dll
0x00007ffbf2bc0000 - 0x00007ffbf2bd7000 	C:\Windows\System32\cryptsp.dll
0x00007ffbed700000 - 0x00007ffbed71a000 	D:\Program Files\Android\jre\bin\net.dll
0x00007ffbe3290000 - 0x00007ffbe3380000 	C:\Windows\SYSTEM32\WINHTTP.dll
0x00007ffbf17c0000 - 0x00007ffbf1827000 	C:\Windows\system32\mswsock.dll
0x00007ffbea580000 - 0x00007ffbea594000 	D:\Program Files\Android\jre\bin\nio.dll
0x00007ffbcf560000 - 0x00007ffbcf587000 	D:\ProgramsfilesD\Android\Sdk\native\8bec1ad78214c89d9ad589b4d07fe93259594b29d510b10fafb7a158f7737e5d\windows-amd64\native-platform.dll
0x00007ffbca530000 - 0x00007ffbca66d000 	D:\ProgramsfilesD\Android\Sdk\native\53dbd7edfb1c66fb8903c78663c9afc45aea4f116125fa6feffd364cf09443e8\windows-amd64\native-platform-file-events.dll
0x00007ffbee680000 - 0x00007ffbee68a000 	D:\Program Files\Android\jre\bin\management.dll
0x00007ffbe8370000 - 0x00007ffbe837c000 	D:\Program Files\Android\jre\bin\management_ext.dll
0x00007ffbf1330000 - 0x00007ffbf1363000 	C:\Windows\system32\rsaenh.dll
0x00007ffbf2c30000 - 0x00007ffbf2c56000 	C:\Windows\System32\bcrypt.dll
0x00007ffbf1e40000 - 0x00007ffbf1e65000 	C:\Windows\SYSTEM32\USERENV.dll
0x00007ffbf1990000 - 0x00007ffbf199c000 	C:\Windows\SYSTEM32\CRYPTBASE.dll
0x00007ffbf14d0000 - 0x00007ffbf150a000 	C:\Windows\SYSTEM32\IPHLPAPI.DLL
0x00007ffbf4000000 - 0x00007ffbf4008000 	C:\Windows\System32\NSI.dll
0x00007ffbe9ef0000 - 0x00007ffbe9f06000 	C:\Windows\SYSTEM32\dhcpcsvc6.DLL
0x00007ffbea5a0000 - 0x00007ffbea5bc000 	C:\Windows\SYSTEM32\dhcpcsvc.DLL
0x00007ffbf1510000 - 0x00007ffbf15da000 	C:\Windows\SYSTEM32\DNSAPI.dll

dbghelp: loaded successfully - version: 4.0.5 - missing functions: none
symbol engine: initialized successfully - sym options: 0x614 - pdb path: .;D:\Program Files\Android\jre\bin;C:\Windows\SYSTEM32;C:\Windows\WinSxS\amd64_microsoft.windows.common-controls_6595b64144ccf1df_6.0.18362.535_none_e6c3b34713100821;D:\Program Files\Android\jre\bin\server;D:\ProgramsfilesD\Android\Sdk\native\8bec1ad78214c89d9ad589b4d07fe93259594b29d510b10fafb7a158f7737e5d\windows-amd64;D:\ProgramsfilesD\Android\Sdk\native\53dbd7edfb1c66fb8903c78663c9afc45aea4f116125fa6feffd364cf09443e8\windows-amd64

VM Arguments:
jvm_args: --add-opens=java.base/java.util=ALL-UNNAMED --add-opens=java.base/java.lang=ALL-UNNAMED --add-opens=java.base/java.lang.invoke=ALL-UNNAMED --add-opens=java.base/java.util=ALL-UNNAMED --add-opens=java.prefs/java.util.prefs=ALL-UNNAMED --add-opens=java.prefs/java.util.prefs=ALL-UNNAMED --add-opens=java.base/java.nio.charset=ALL-UNNAMED --add-opens=java.base/java.net=ALL-UNNAMED --add-opens=java.base/java.util.concurrent.atomic=ALL-UNNAMED -Xmx2048m -Dfile.encoding=UTF-8 -Duser.country=RU -Duser.language=ru -Duser.variant 
java_command: org.gradle.launcher.daemon.bootstrap.GradleDaemon 7.0.2
java_class_path (initial): D:\ProgramsfilesD\Android\Sdk\wrapper\dists\gradle-7.0.2-bin\857tjihv64xamwrf0h14cai3r\gradle-7.0.2\lib\gradle-launcher-7.0.2.jar
Launcher Type: SUN_STANDARD

[Global flags]
     intx CICompilerCount                          = 4                                         {product} {ergonomic}
     uint ConcGCThreads                            = 2                                         {product} {ergonomic}
     uint G1ConcRefinementThreads                  = 8                                         {product} {ergonomic}
   size_t G1HeapRegionSize                         = 1048576                                   {product} {ergonomic}
    uintx GCDrainStackTargetSize                   = 64                                        {product} {ergonomic}
   size_t InitialHeapSize                          = 132120576                                 {product} {ergonomic}
   size_t MarkStackSize                            = 4194304                                   {product} {ergonomic}
   size_t MaxHeapSize                              = 2147483648                                {product} {command line}
   size_t MaxNewSize                               = 1287651328                                {product} {ergonomic}
   size_t MinHeapDeltaBytes                        = 1048576                                   {product} {ergonomic}
    uintx NonNMethodCodeHeapSize                   = 5836300                                {pd product} {ergonomic}
    uintx NonProfiledCodeHeapSize                  = 122910970                              {pd product} {ergonomic}
    uintx ProfiledCodeHeapSize                     = 122910970                              {pd product} {ergonomic}
    uintx ReservedCodeCacheSize                    = 251658240                              {pd product} {ergonomic}
     bool SegmentedCodeCache                       = true                                      {product} {ergonomic}
     bool UseCompressedClassPointers               = true                                 {lp64_product} {ergonomic}
     bool UseCompressedOops                        = true                                 {lp64_product} {ergonomic}
     bool UseG1GC                                  = true                                      {product} {ergonomic}
     bool UseLargePagesIndividualAllocation        = false                                  {pd product} {ergonomic}

Logging:
Log output configuration:
 #0: stdout all=warning uptime,level,tags
 #1: stderr all=off uptime,level,tags

Environment Variables:
JAVA_HOME=D:\Program Files\Java
PATH=C:\PROGRA~2\Borland\CBUILD~1\Bin;C:\PROGRA~2\Borland\CBUILD~1\Projects\Bpl;C:\Program Files\Common Files\Oracle\Java\javapath;C:\Windows\system32;C:\Windows;C:\Windows\System32\Wbem;C:\Windows\System32\WindowsPowerShell\v1.0\;C:\Program Files (x86)\NVIDIA Corporation\PhysX\Common;C:\Program Files\NVIDIA Corporation\NVIDIA NvDLISR;C:\Program Files\Microsoft\Web Platform Installer\;C:\Program Files (x86)\Microsoft ASP.NET\ASP.NET Web Pages\v1.0\;C:\Program Files\Microsoft SQL Server\110\Tools\Binn\;C:\Program Files (x86)\IncrediBuild;C:\Program Files\Git\cmd;C:\Users\asus\AppData\Local\Microsoft\WindowsApps;;D:\Program Files\JetBrains\IntelliJ IDEA Community Edition 2020.3\bin;
USERNAME=asus
OS=Windows_NT
PROCESSOR_IDENTIFIER=Intel64 Family 6 Model 126 Stepping 5, GenuineIntel



---------------  S Y S T E M  ---------------

OS: Windows 10 , 64 bit Build 18362 (10.0.18362.329)
OS uptime: 0 days 2:31 hours

CPU:total 8 (initial active 8) (4 cores per cpu, 2 threads per core) family 6 model 126 stepping 5 microcode 0x96, cmov, cx8, fxsr, mmx, sse, sse2, sse3, ssse3, sse4.1, sse4.2, popcnt, avx, avx2, aes, clmul, erms, 3dnowpref, lzcnt, ht, tsc, tscinvbit, bmi1, bmi2, adx, evex, sha, fma

Memory: 4k page, system-wide physical 7997M (809M free)
TotalPageFile size 7997M (AvailPageFile size 141M)
current process WorkingSet (physical memory assigned to process): 649M, peak: 649M
current process commit charge ("private bytes"): 715M, peak: 913M

vm_info: OpenJDK 64-Bit Server VM (11.0.10+0-b96-7249189) for windows-amd64 JRE (11.0.10+0-b96-7249189), built on Mar 31 2021 21:44:00 by "builder" with MS VC++ 14.0 (VS2015)

END.
