#
# There is insufficient memory for the Java Runtime Environment to continue.
# Native memory allocation (mmap) failed to map 32505856 bytes for Failed to commit area from 0x000000008c800000 to 0x000000008e700000 of length 32505856.
# Possible reasons:
#   The system is out of physical RAM or swap space
#   The process is running with CompressedOops enabled, and the Java Heap may be blocking the growth of the native heap
# Possible solutions:
#   Reduce memory load on the system
#   Increase physical memory or swap space
#   Check if swap backing store is full
#   Decrease Java heap size (-Xmx/-Xms)
#   Decrease number of Java threads
#   Decrease Java thread stack sizes (-Xss)
#   Set larger code cache with -XX:ReservedCodeCacheSize=
#   JVM is running with Unscaled Compressed Oops mode in which the Java heap is
#     placed in the first 4GB address space. The Java Heap base address is the
#     maximum limit for the native heap growth. Please use -XX:HeapBaseMinAddress
#     to set the Java Heap base and to place the Java Heap above 4GB virtual address.
# This output file may be truncated or incomplete.
#
#  Out of Memory Error (./src/hotspot/os/windows/os_windows.cpp:3301), pid=2492, tid=10584
#
# JRE version: OpenJDK Runtime Environment (11.0.10) (build 11.0.10+0-b96-7249189)
# Java VM: OpenJDK 64-Bit Server VM (11.0.10+0-b96-7249189, mixed mode, tiered, compressed oops, g1 gc, windows-amd64)
# No core dump will be written. Minidumps are not enabled by default on client versions of Windows
#

---------------  S U M M A R Y ------------

Command Line: org.jetbrains.kotlin.cli.jvm.K2JVMCompiler @D:\Gitaacademy\app\build\20210913_18186495774775273962.compiler.options

Host: Intel(R) Core(TM) i7-1065G7 CPU @ 1.30GHz, 8 cores, 7G,  Windows 10 , 64 bit Build 18362 (10.0.18362.329)
Time: Mon Sep 13 10:12:12 2021 Caiaaiay Acey (ceia) elapsed time: 9.888101 seconds (0d 0h 0m 9s)

---------------  T H R E A D  ---------------

Current thread (0x00000161fa181800):  VMThread "VM Thread" [stack: 0x0000003444100000,0x0000003444200000] [id=10584]

Stack: [0x0000003444100000,0x0000003444200000]
[error occurred during error reporting (printing stack bounds), id 0xc0000005, EXCEPTION_ACCESS_VIOLATION (0xc0000005) at pc=0x00000161800010e7]

Native frames: (J=compiled Java code, j=interpreted, Vv=VM code, C=native code)
V  [jvm.dll+0x5ecfaa]
V  [jvm.dll+0x722bd5]
V  [jvm.dll+0x72412d]
V  [jvm.dll+0x724745]
V  [jvm.dll+0x7246fb]
V  [jvm.dll+0x5ec348]
V  [jvm.dll+0x5ecad8]
C  [ntdll.dll+0xa11ff]
C  [ntdll.dll+0x6a289]
C  [ntdll.dll+0x9fe6e]
C  0x00000161800010e7

VM_Operation (0x0000003443bfd500): G1CollectForAllocation, mode: safepoint, requested by thread 0x00000161ee690800


---------------  P R O C E S S  ---------------

Threads class SMR info:
_java_thread_list=0x00000161fa8b8f80, length=12, elements={
0x00000161ee690800, 0x00000161f9958800, 0x00000161f995a800, 0x00000161fa1c5800,
0x00000161fa1c9800, 0x00000161fa1cc800, 0x00000161fa1cd800, 0x00000161fa1d2800,
0x00000161fa1d7000, 0x00000161fa336000, 0x00000161fa32f000, 0x00000161fbc9f800
}

Java Threads: ( => current thread )
  0x00000161ee690800 JavaThread "main" [_thread_blocked, id=11160, stack(0x0000003443b00000,0x0000003443c00000)]
  0x00000161f9958800 JavaThread "Reference Handler" daemon [_thread_blocked, id=10028, stack(0x0000003444200000,0x0000003444300000)]
  0x00000161f995a800 JavaThread "Finalizer" daemon [_thread_blocked, id=10960, stack(0x0000003444300000,0x0000003444400000)]
  0x00000161fa1c5800 JavaThread "Signal Dispatcher" daemon [_thread_blocked, id=2116, stack(0x0000003444400000,0x0000003444500000)]
  0x00000161fa1c9800 JavaThread "Attach Listener" daemon [_thread_blocked, id=8940, stack(0x0000003444500000,0x0000003444600000)]
  0x00000161fa1cc800 JavaThread "Service Thread" daemon [_thread_blocked, id=10804, stack(0x0000003444600000,0x0000003444700000)]
  0x00000161fa1cd800 JavaThread "C2 CompilerThread0" daemon [_thread_blocked, id=6872, stack(0x0000003444700000,0x0000003444800000)]
  0x00000161fa1d2800 JavaThread "C1 CompilerThread0" daemon [_thread_blocked, id=5368, stack(0x0000003444800000,0x0000003444900000)]
  0x00000161fa1d7000 JavaThread "Sweeper thread" daemon [_thread_blocked, id=3996, stack(0x0000003444900000,0x0000003444a00000)]
  0x00000161fa336000 JavaThread "Common-Cleaner" daemon [_thread_blocked, id=8112, stack(0x0000003444b00000,0x0000003444c00000)]
  0x00000161fa32f000 JavaThread "C2 CompilerThread1" daemon [_thread_blocked, id=568, stack(0x0000003444c00000,0x0000003444d00000)]
  0x00000161fbc9f800 JavaThread "C2 CompilerThread2" daemon [_thread_blocked, id=5852, stack(0x0000003445000000,0x0000003445100000)]

Other Threads:
=>0x00000161fa181800 VMThread "VM Thread" [stack: 0x0000003444100000,0x0000003444200000] [id=10584]
  0x00000161fa32a800 WatcherThread [stack: 0x0000003444a00000,0x0000003444b00000] [id=2668]
  0x00000161ee6a3000 GCTaskThread "GC Thread#0" [stack: 0x0000003443c00000,0x0000003443d00000] [id=5180]
  0x00000161faa4d800 GCTaskThread "GC Thread#1" [stack: 0x0000003444d00000,0x0000003444e00000] [id=8188]
  0x00000161fa9cb800 GCTaskThread "GC Thread#2" [stack: 0x0000003444e00000,0x0000003444f00000] [id=7516]
  0x00000161ee6d2000 ConcurrentGCThread "G1 Main Marker" [stack: 0x0000003443d00000,0x0000003443e00000] [id=3160]
  0x00000161ee6d3800 ConcurrentGCThread "G1 Conc#0" [stack: 0x0000003443e00000,0x0000003443f00000] [id=6576]
  0x00000161fb773800 ConcurrentGCThread "G1 Conc#1" [stack: 0x0000003444f00000,0x0000003445000000] [id=2068]
  0x00000161ee75e000 ConcurrentGCThread "G1 Refine#0" [stack: 0x0000003443f00000,0x0000003444000000] [id=3332]
  0x00000161f979c800 ConcurrentGCThread "G1 Young RemSet Sampling" [stack: 0x0000003444000000,0x0000003444100000] [id=2692]

Threads with active compile tasks:
C2 CompilerThread0   9892 8629       4       org.jetbrains.kotlin.renderer.DescriptorRendererImpl::renderAnnotations (182 bytes)
C2 CompilerThread1   9893 8623       4       org.jetbrains.kotlin.name.FqNameUnsafe::pathSegments (39 bytes)
C2 CompilerThread2   9893 8635       4       java.util.regex.Pattern::split (290 bytes)

VM state:at safepoint (normal execution)

VM Mutex/Monitor currently owned by a thread:  ([mutex/lock_event])
[0x00000161ee68d460] Threads_lock - owner thread: 0x00000161fa181800
[0x00000161ee68ec00] Heap_lock - owner thread: 0x00000161ee690800

Heap address: 0x0000000083000000, size: 2000 MB, Compressed Oops mode: 32-bit
Narrow klass base: 0x0000000000000000, Narrow klass shift: 3
Compressed class space size: 1073741824 Address: 0x0000000100000000

Heap:
 garbage-first heap   total 187392K, used 55540K [0x0000000083000000, 0x0000000100000000)
  region size 1024K, 6 young (6144K), 6 survivors (6144K)
 Metaspace       used 63630K, capacity 64259K, committed 64548K, reserved 1105920K
  class space    used 7007K, capacity 7245K, committed 7296K, reserved 1048576K
Heap Regions: E=young(eden), S=young(survivor), O=old, HS=humongous(starts), HC=humongous(continues), CS=collection set, F=free, A=archive, TAMS=top-at-mark-start (previous, next)
|   0|0x0000000083000000, 0x0000000083100000, 0x0000000083100000|100%|HS|  |TAMS 0x0000000083100000, 0x0000000083100000| Complete 
|   1|0x0000000083100000, 0x0000000083200000, 0x0000000083200000|100%|HC|  |TAMS 0x0000000083200000, 0x0000000083200000| Complete 
|   2|0x0000000083200000, 0x0000000083300000, 0x0000000083300000|100%|HC|  |TAMS 0x0000000083300000, 0x0000000083300000| Complete 
|   3|0x0000000083300000, 0x0000000083400000, 0x0000000083400000|100%|HS|  |TAMS 0x0000000083400000, 0x0000000083400000| Complete 
|   4|0x0000000083400000, 0x0000000083500000, 0x0000000083500000|100%|HC|  |TAMS 0x0000000083500000, 0x0000000083500000| Complete 
|   5|0x0000000083500000, 0x0000000083600000, 0x0000000083600000|100%|HC|  |TAMS 0x0000000083600000, 0x0000000083600000| Complete 
|   6|0x0000000083600000, 0x0000000083700000, 0x0000000083700000|100%|HS|  |TAMS 0x0000000083700000, 0x0000000083700000| Complete 
|   7|0x0000000083700000, 0x0000000083800000, 0x0000000083800000|100%|HC|  |TAMS 0x0000000083800000, 0x0000000083800000| Complete 
|   8|0x0000000083800000, 0x0000000083900000, 0x0000000083900000|100%|HC|  |TAMS 0x0000000083900000, 0x0000000083900000| Complete 
|   9|0x0000000083900000, 0x0000000083a00000, 0x0000000083a00000|100%| O|  |TAMS 0x0000000083a00000, 0x0000000083a00000| Untracked 
|  10|0x0000000083a00000, 0x0000000083b00000, 0x0000000083b00000|100%| O|  |TAMS 0x0000000083b00000, 0x0000000083b00000| Untracked 
|  11|0x0000000083b00000, 0x0000000083c00000, 0x0000000083c00000|100%| O|  |TAMS 0x0000000083c00000, 0x0000000083c00000| Untracked 
|  12|0x0000000083c00000, 0x0000000083d00000, 0x0000000083d00000|100%| O|  |TAMS 0x0000000083d00000, 0x0000000083d00000| Untracked 
|  13|0x0000000083d00000, 0x0000000083e00000, 0x0000000083e00000|100%|HS|  |TAMS 0x0000000083e00000, 0x0000000083e00000| Complete 
|  14|0x0000000083e00000, 0x0000000083f00000, 0x0000000083f00000|100%|HC|  |TAMS 0x0000000083f00000, 0x0000000083f00000| Complete 
|  15|0x0000000083f00000, 0x0000000084000000, 0x0000000084000000|100%| O|  |TAMS 0x0000000084000000, 0x0000000084000000| Untracked 
|  16|0x0000000084000000, 0x0000000084100000, 0x0000000084100000|100%| O|  |TAMS 0x0000000084100000, 0x0000000084100000| Untracked 
|  17|0x0000000084100000, 0x0000000084200000, 0x0000000084200000|100%| O|  |TAMS 0x0000000084200000, 0x0000000084200000| Untracked 
|  18|0x0000000084200000, 0x0000000084300000, 0x0000000084300000|100%| O|  |TAMS 0x0000000084300000, 0x0000000084300000| Untracked 
|  19|0x0000000084300000, 0x0000000084400000, 0x0000000084400000|100%| O|  |TAMS 0x0000000084400000, 0x0000000084400000| Untracked 
|  20|0x0000000084400000, 0x0000000084500000, 0x0000000084500000|100%| O|  |TAMS 0x0000000084500000, 0x0000000084500000| Untracked 
|  21|0x0000000084500000, 0x0000000084600000, 0x0000000084600000|100%| O|  |TAMS 0x0000000084600000, 0x0000000084600000| Untracked 
|  22|0x0000000084600000, 0x0000000084700000, 0x0000000084700000|100%| O|  |TAMS 0x0000000084700000, 0x0000000084700000| Untracked 
|  23|0x0000000084700000, 0x0000000084800000, 0x0000000084800000|100%| O|  |TAMS 0x0000000084800000, 0x0000000084800000| Untracked 
|  24|0x0000000084800000, 0x0000000084900000, 0x0000000084900000|100%| O|  |TAMS 0x0000000084900000, 0x0000000084900000| Untracked 
|  25|0x0000000084900000, 0x0000000084a00000, 0x0000000084a00000|100%| O|  |TAMS 0x0000000084a00000, 0x0000000084a00000| Untracked 
|  26|0x0000000084a00000, 0x0000000084b00000, 0x0000000084b00000|100%| O|  |TAMS 0x0000000084b00000, 0x0000000084b00000| Untracked 
|  27|0x0000000084b00000, 0x0000000084c00000, 0x0000000084c00000|100%| O|  |TAMS 0x0000000084c00000, 0x0000000084c00000| Untracked 
|  28|0x0000000084c00000, 0x0000000084d00000, 0x0000000084d00000|100%| O|  |TAMS 0x0000000084d00000, 0x0000000084d00000| Untracked 
|  29|0x0000000084d00000, 0x0000000084e00000, 0x0000000084e00000|100%| O|  |TAMS 0x0000000084e00000, 0x0000000084e00000| Untracked 
|  30|0x0000000084e00000, 0x0000000084f00000, 0x0000000084f00000|100%| O|  |TAMS 0x0000000084f00000, 0x0000000084f00000| Untracked 
|  31|0x0000000084f00000, 0x0000000085000000, 0x0000000085000000|100%| O|  |TAMS 0x0000000085000000, 0x0000000085000000| Untracked 
|  32|0x0000000085000000, 0x0000000085100000, 0x0000000085100000|100%| O|  |TAMS 0x0000000085100000, 0x0000000085100000| Untracked 
|  33|0x0000000085100000, 0x0000000085200000, 0x0000000085200000|100%| O|  |TAMS 0x0000000085200000, 0x0000000085200000| Untracked 
|  34|0x0000000085200000, 0x0000000085300000, 0x0000000085300000|100%| O|  |TAMS 0x0000000085300000, 0x0000000085300000| Untracked 
|  35|0x0000000085300000, 0x0000000085400000, 0x0000000085400000|100%| O|  |TAMS 0x0000000085400000, 0x0000000085400000| Untracked 
|  36|0x0000000085400000, 0x0000000085500000, 0x0000000085500000|100%| O|  |TAMS 0x0000000085500000, 0x0000000085500000| Untracked 
|  37|0x0000000085500000, 0x0000000085600000, 0x0000000085600000|100%| O|  |TAMS 0x0000000085600000, 0x0000000085600000| Untracked 
|  38|0x0000000085600000, 0x0000000085700000, 0x0000000085700000|100%| O|  |TAMS 0x0000000085700000, 0x0000000085700000| Untracked 
|  39|0x0000000085700000, 0x0000000085800000, 0x0000000085800000|100%| O|  |TAMS 0x0000000085800000, 0x0000000085800000| Untracked 
|  40|0x0000000085800000, 0x0000000085900000, 0x0000000085900000|100%| O|  |TAMS 0x0000000085900000, 0x0000000085900000| Untracked 
|  41|0x0000000085900000, 0x0000000085a00000, 0x0000000085a00000|100%| O|  |TAMS 0x0000000085a00000, 0x0000000085a00000| Untracked 
|  42|0x0000000085a00000, 0x0000000085b00000, 0x0000000085b00000|100%| O|  |TAMS 0x0000000085b00000, 0x0000000085b00000| Untracked 
|  43|0x0000000085b00000, 0x0000000085c00000, 0x0000000085c00000|100%| O|  |TAMS 0x0000000085c00000, 0x0000000085c00000| Untracked 
|  44|0x0000000085c00000, 0x0000000085d00000, 0x0000000085d00000|100%| O|  |TAMS 0x0000000085d00000, 0x0000000085d00000| Untracked 
|  45|0x0000000085d00000, 0x0000000085e00000, 0x0000000085e00000|100%| O|  |TAMS 0x0000000085e00000, 0x0000000085e00000| Untracked 
|  46|0x0000000085e00000, 0x0000000085f00000, 0x0000000085f00000|100%| O|  |TAMS 0x0000000085f00000, 0x0000000085f00000| Untracked 
|  47|0x0000000085f00000, 0x0000000086000000, 0x0000000086000000|100%| O|  |TAMS 0x0000000086000000, 0x0000000086000000| Untracked 
|  48|0x0000000086000000, 0x00000000860fe200, 0x0000000086100000| 99%| O|  |TAMS 0x00000000860fe200, 0x00000000860fe200| Untracked 
|  49|0x0000000086100000, 0x0000000086100000, 0x0000000086200000|  0%| F|  |TAMS 0x0000000086100000, 0x0000000086100000| Untracked 
|  50|0x0000000086200000, 0x0000000086200000, 0x0000000086300000|  0%| F|  |TAMS 0x0000000086200000, 0x0000000086200000| Untracked 
|  51|0x0000000086300000, 0x0000000086300000, 0x0000000086400000|  0%| F|  |TAMS 0x0000000086300000, 0x0000000086300000| Untracked 
|  52|0x0000000086400000, 0x0000000086400000, 0x0000000086500000|  0%| F|  |TAMS 0x0000000086400000, 0x0000000086400000| Untracked 
|  53|0x0000000086500000, 0x0000000086500000, 0x0000000086600000|  0%| F|  |TAMS 0x0000000086500000, 0x0000000086500000| Untracked 
|  54|0x0000000086600000, 0x0000000086600000, 0x0000000086700000|  0%| F|  |TAMS 0x0000000086600000, 0x0000000086600000| Untracked 
|  55|0x0000000086700000, 0x0000000086700000, 0x0000000086800000|  0%| F|  |TAMS 0x0000000086700000, 0x0000000086700000| Untracked 
|  56|0x0000000086800000, 0x0000000086800000, 0x0000000086900000|  0%| F|  |TAMS 0x0000000086800000, 0x0000000086800000| Untracked 
|  57|0x0000000086900000, 0x0000000086900000, 0x0000000086a00000|  0%| F|  |TAMS 0x0000000086900000, 0x0000000086900000| Untracked 
|  58|0x0000000086a00000, 0x0000000086a00000, 0x0000000086b00000|  0%| F|  |TAMS 0x0000000086a00000, 0x0000000086a00000| Untracked 
|  59|0x0000000086b00000, 0x0000000086b00000, 0x0000000086c00000|  0%| F|  |TAMS 0x0000000086b00000, 0x0000000086b00000| Untracked 
|  60|0x0000000086c00000, 0x0000000086c00000, 0x0000000086d00000|  0%| F|  |TAMS 0x0000000086c00000, 0x0000000086c00000| Untracked 
|  61|0x0000000086d00000, 0x0000000086d00000, 0x0000000086e00000|  0%| F|  |TAMS 0x0000000086d00000, 0x0000000086d00000| Untracked 
|  62|0x0000000086e00000, 0x0000000086e00000, 0x0000000086f00000|  0%| F|  |TAMS 0x0000000086e00000, 0x0000000086e00000| Untracked 
|  63|0x0000000086f00000, 0x0000000086f00000, 0x0000000087000000|  0%| F|  |TAMS 0x0000000086f00000, 0x0000000086f00000| Untracked 
|  64|0x0000000087000000, 0x0000000087000000, 0x0000000087100000|  0%| F|  |TAMS 0x0000000087000000, 0x0000000087000000| Untracked 
|  65|0x0000000087100000, 0x0000000087100000, 0x0000000087200000|  0%| F|  |TAMS 0x0000000087100000, 0x0000000087100000| Untracked 
|  66|0x0000000087200000, 0x0000000087200000, 0x0000000087300000|  0%| F|  |TAMS 0x0000000087200000, 0x0000000087200000| Untracked 
|  67|0x0000000087300000, 0x0000000087300000, 0x0000000087400000|  0%| F|  |TAMS 0x0000000087300000, 0x0000000087300000| Untracked 
|  68|0x0000000087400000, 0x0000000087400000, 0x0000000087500000|  0%| F|  |TAMS 0x0000000087400000, 0x0000000087400000| Untracked 
|  69|0x0000000087500000, 0x0000000087500000, 0x0000000087600000|  0%| F|  |TAMS 0x0000000087500000, 0x0000000087500000| Untracked 
|  70|0x0000000087600000, 0x0000000087600000, 0x0000000087700000|  0%| F|  |TAMS 0x0000000087600000, 0x0000000087600000| Untracked 
|  71|0x0000000087700000, 0x0000000087700000, 0x0000000087800000|  0%| F|  |TAMS 0x0000000087700000, 0x0000000087700000| Untracked 
|  72|0x0000000087800000, 0x0000000087800000, 0x0000000087900000|  0%| F|  |TAMS 0x0000000087800000, 0x0000000087800000| Untracked 
|  73|0x0000000087900000, 0x0000000087900000, 0x0000000087a00000|  0%| F|  |TAMS 0x0000000087900000, 0x0000000087900000| Untracked 
|  74|0x0000000087a00000, 0x0000000087a00000, 0x0000000087b00000|  0%| F|  |TAMS 0x0000000087a00000, 0x0000000087a00000| Untracked 
|  75|0x0000000087b00000, 0x0000000087b00000, 0x0000000087c00000|  0%| F|  |TAMS 0x0000000087b00000, 0x0000000087b00000| Untracked 
|  76|0x0000000087c00000, 0x0000000087c00000, 0x0000000087d00000|  0%| F|  |TAMS 0x0000000087c00000, 0x0000000087c00000| Untracked 
|  77|0x0000000087d00000, 0x0000000087d00000, 0x0000000087e00000|  0%| F|  |TAMS 0x0000000087d00000, 0x0000000087d00000| Untracked 
|  78|0x0000000087e00000, 0x0000000087e00000, 0x0000000087f00000|  0%| F|  |TAMS 0x0000000087e00000, 0x0000000087e00000| Untracked 
|  79|0x0000000087f00000, 0x0000000087f00000, 0x0000000088000000|  0%| F|  |TAMS 0x0000000087f00000, 0x0000000087f00000| Untracked 
|  80|0x0000000088000000, 0x0000000088000000, 0x0000000088100000|  0%| F|  |TAMS 0x0000000088000000, 0x0000000088000000| Untracked 
|  81|0x0000000088100000, 0x0000000088100000, 0x0000000088200000|  0%| F|  |TAMS 0x0000000088100000, 0x0000000088100000| Untracked 
|  82|0x0000000088200000, 0x0000000088200000, 0x0000000088300000|  0%| F|  |TAMS 0x0000000088200000, 0x0000000088200000| Untracked 
|  83|0x0000000088300000, 0x0000000088300000, 0x0000000088400000|  0%| F|  |TAMS 0x0000000088300000, 0x0000000088300000| Untracked 
|  84|0x0000000088400000, 0x0000000088400000, 0x0000000088500000|  0%| F|  |TAMS 0x0000000088400000, 0x0000000088400000| Untracked 
|  85|0x0000000088500000, 0x0000000088500000, 0x0000000088600000|  0%| F|  |TAMS 0x0000000088500000, 0x0000000088500000| Untracked 
|  86|0x0000000088600000, 0x0000000088600000, 0x0000000088700000|  0%| F|  |TAMS 0x0000000088600000, 0x0000000088600000| Untracked 
|  87|0x0000000088700000, 0x0000000088700000, 0x0000000088800000|  0%| F|  |TAMS 0x0000000088700000, 0x0000000088700000| Untracked 
|  88|0x0000000088800000, 0x0000000088800000, 0x0000000088900000|  0%| F|  |TAMS 0x0000000088800000, 0x0000000088800000| Untracked 
|  89|0x0000000088900000, 0x0000000088900000, 0x0000000088a00000|  0%| F|  |TAMS 0x0000000088900000, 0x0000000088900000| Untracked 
|  90|0x0000000088a00000, 0x0000000088a00000, 0x0000000088b00000|  0%| F|  |TAMS 0x0000000088a00000, 0x0000000088a00000| Untracked 
|  91|0x0000000088b00000, 0x0000000088b00000, 0x0000000088c00000|  0%| F|  |TAMS 0x0000000088b00000, 0x0000000088b00000| Untracked 
|  92|0x0000000088c00000, 0x0000000088c00000, 0x0000000088d00000|  0%| F|  |TAMS 0x0000000088c00000, 0x0000000088c00000| Untracked 
|  93|0x0000000088d00000, 0x0000000088d00000, 0x0000000088e00000|  0%| F|  |TAMS 0x0000000088d00000, 0x0000000088d00000| Untracked 
|  94|0x0000000088e00000, 0x0000000088e00000, 0x0000000088f00000|  0%| F|  |TAMS 0x0000000088e00000, 0x0000000088e00000| Untracked 
|  95|0x0000000088f00000, 0x0000000088f00000, 0x0000000089000000|  0%| F|  |TAMS 0x0000000088f00000, 0x0000000088f00000| Untracked 
|  96|0x0000000089000000, 0x000000008903f140, 0x0000000089100000| 24%| S|CS|TAMS 0x0000000089000000, 0x0000000089000000| Complete 
|  97|0x0000000089100000, 0x0000000089200000, 0x0000000089200000|100%| S|CS|TAMS 0x0000000089100000, 0x0000000089100000| Complete 
|  98|0x0000000089200000, 0x0000000089300000, 0x0000000089300000|100%| S|CS|TAMS 0x0000000089200000, 0x0000000089200000| Complete 
|  99|0x0000000089300000, 0x0000000089400000, 0x0000000089400000|100%| S|CS|TAMS 0x0000000089300000, 0x0000000089300000| Complete 
| 100|0x0000000089400000, 0x0000000089500000, 0x0000000089500000|100%| S|CS|TAMS 0x0000000089400000, 0x0000000089400000| Complete 
| 101|0x0000000089500000, 0x0000000089600000, 0x0000000089600000|100%| S|CS|TAMS 0x0000000089500000, 0x0000000089500000| Complete 
| 102|0x0000000089600000, 0x0000000089600000, 0x0000000089700000|  0%| F|  |TAMS 0x0000000089600000, 0x0000000089600000| Untracked 
| 103|0x0000000089700000, 0x0000000089700000, 0x0000000089800000|  0%| F|  |TAMS 0x0000000089700000, 0x0000000089700000| Untracked 
| 104|0x0000000089800000, 0x0000000089800000, 0x0000000089900000|  0%| F|  |TAMS 0x0000000089800000, 0x0000000089800000| Untracked 
| 105|0x0000000089900000, 0x0000000089900000, 0x0000000089a00000|  0%| F|  |TAMS 0x0000000089900000, 0x0000000089900000| Untracked 
| 106|0x0000000089a00000, 0x0000000089a00000, 0x0000000089b00000|  0%| F|  |TAMS 0x0000000089a00000, 0x0000000089a00000| Untracked 
| 107|0x0000000089b00000, 0x0000000089b00000, 0x0000000089c00000|  0%| F|  |TAMS 0x0000000089b00000, 0x0000000089b00000| Untracked 
| 108|0x0000000089c00000, 0x0000000089c00000, 0x0000000089d00000|  0%| F|  |TAMS 0x0000000089c00000, 0x0000000089c00000| Untracked 
| 109|0x0000000089d00000, 0x0000000089d00000, 0x0000000089e00000|  0%| F|  |TAMS 0x0000000089d00000, 0x0000000089d00000| Untracked 
| 110|0x0000000089e00000, 0x0000000089e00000, 0x0000000089f00000|  0%| F|  |TAMS 0x0000000089e00000, 0x0000000089e00000| Untracked 
| 111|0x0000000089f00000, 0x0000000089f00000, 0x000000008a000000|  0%| F|  |TAMS 0x0000000089f00000, 0x0000000089f00000| Untracked 
| 112|0x000000008a000000, 0x000000008a000000, 0x000000008a100000|  0%| F|  |TAMS 0x000000008a000000, 0x000000008a000000| Untracked 
| 113|0x000000008a100000, 0x000000008a100000, 0x000000008a200000|  0%| F|  |TAMS 0x000000008a100000, 0x000000008a100000| Untracked 
| 114|0x000000008a200000, 0x000000008a200000, 0x000000008a300000|  0%| F|  |TAMS 0x000000008a200000, 0x000000008a200000| Untracked 
| 115|0x000000008a300000, 0x000000008a300000, 0x000000008a400000|  0%| F|  |TAMS 0x000000008a300000, 0x000000008a300000| Untracked 
| 116|0x000000008a400000, 0x000000008a400000, 0x000000008a500000|  0%| F|  |TAMS 0x000000008a400000, 0x000000008a400000| Untracked 
| 117|0x000000008a500000, 0x000000008a500000, 0x000000008a600000|  0%| F|  |TAMS 0x000000008a500000, 0x000000008a500000| Untracked 
| 118|0x000000008a600000, 0x000000008a600000, 0x000000008a700000|  0%| F|  |TAMS 0x000000008a600000, 0x000000008a600000| Untracked 
| 119|0x000000008a700000, 0x000000008a700000, 0x000000008a800000|  0%| F|  |TAMS 0x000000008a700000, 0x000000008a700000| Untracked 
| 120|0x000000008a800000, 0x000000008a800000, 0x000000008a900000|  0%| F|  |TAMS 0x000000008a800000, 0x000000008a800000| Untracked 
| 121|0x000000008a900000, 0x000000008a900000, 0x000000008aa00000|  0%| F|  |TAMS 0x000000008a900000, 0x000000008a900000| Untracked 
| 122|0x000000008aa00000, 0x000000008aa00000, 0x000000008ab00000|  0%| F|  |TAMS 0x000000008aa00000, 0x000000008aa00000| Untracked 
| 123|0x000000008ab00000, 0x000000008ab00000, 0x000000008ac00000|  0%| F|  |TAMS 0x000000008ab00000, 0x000000008ab00000| Untracked 
| 124|0x000000008ac00000, 0x000000008ac00000, 0x000000008ad00000|  0%| F|  |TAMS 0x000000008ac00000, 0x000000008ac00000| Untracked 
| 125|0x000000008ad00000, 0x000000008ad00000, 0x000000008ae00000|  0%| F|  |TAMS 0x000000008ad00000, 0x000000008ad00000| Untracked 
| 126|0x000000008ae00000, 0x000000008ae00000, 0x000000008af00000|  0%| F|  |TAMS 0x000000008ae00000, 0x000000008ae00000| Untracked 
| 127|0x000000008af00000, 0x000000008af00000, 0x000000008b000000|  0%| F|  |TAMS 0x000000008af00000, 0x000000008af00000| Untracked 
| 128|0x000000008b000000, 0x000000008b000000, 0x000000008b100000|  0%| F|  |TAMS 0x000000008b000000, 0x000000008b000000| Untracked 
| 129|0x000000008b100000, 0x000000008b100000, 0x000000008b200000|  0%| F|  |TAMS 0x000000008b100000, 0x000000008b100000| Untracked 
| 130|0x000000008b200000, 0x000000008b200000, 0x000000008b300000|  0%| F|  |TAMS 0x000000008b200000, 0x000000008b200000| Untracked 
| 131|0x000000008b300000, 0x000000008b300000, 0x000000008b400000|  0%| F|  |TAMS 0x000000008b300000, 0x000000008b300000| Untracked 
| 132|0x000000008b400000, 0x000000008b400000, 0x000000008b500000|  0%| F|  |TAMS 0x000000008b400000, 0x000000008b400000| Untracked 
| 133|0x000000008b500000, 0x000000008b500000, 0x000000008b600000|  0%| F|  |TAMS 0x000000008b500000, 0x000000008b500000| Untracked 
| 134|0x000000008b600000, 0x000000008b600000, 0x000000008b700000|  0%| F|  |TAMS 0x000000008b600000, 0x000000008b600000| Untracked 
| 135|0x000000008b700000, 0x000000008b700000, 0x000000008b800000|  0%| F|  |TAMS 0x000000008b700000, 0x000000008b700000| Untracked 
| 136|0x000000008b800000, 0x000000008b800000, 0x000000008b900000|  0%| F|  |TAMS 0x000000008b800000, 0x000000008b800000| Untracked 
| 137|0x000000008b900000, 0x000000008b900000, 0x000000008ba00000|  0%| F|  |TAMS 0x000000008b900000, 0x000000008b900000| Untracked 
| 138|0x000000008ba00000, 0x000000008ba00000, 0x000000008bb00000|  0%| F|  |TAMS 0x000000008ba00000, 0x000000008ba00000| Untracked 
| 139|0x000000008bb00000, 0x000000008bb00000, 0x000000008bc00000|  0%| F|  |TAMS 0x000000008bb00000, 0x000000008bb00000| Untracked 
| 140|0x000000008bc00000, 0x000000008bc00000, 0x000000008bd00000|  0%| F|  |TAMS 0x000000008bc00000, 0x000000008bc00000| Untracked 
| 141|0x000000008bd00000, 0x000000008bd00000, 0x000000008be00000|  0%| F|  |TAMS 0x000000008bd00000, 0x000000008bd00000| Untracked 
| 142|0x000000008be00000, 0x000000008be00000, 0x000000008bf00000|  0%| F|  |TAMS 0x000000008be00000, 0x000000008be00000| Untracked 
| 143|0x000000008bf00000, 0x000000008bf00000, 0x000000008c000000|  0%| F|  |TAMS 0x000000008bf00000, 0x000000008bf00000| Untracked 
| 144|0x000000008c000000, 0x000000008c000000, 0x000000008c100000|  0%| F|  |TAMS 0x000000008c000000, 0x000000008c000000| Untracked 
| 145|0x000000008c100000, 0x000000008c100000, 0x000000008c200000|  0%| F|  |TAMS 0x000000008c100000, 0x000000008c100000| Untracked 
| 146|0x000000008c200000, 0x000000008c200000, 0x000000008c300000|  0%| F|  |TAMS 0x000000008c200000, 0x000000008c200000| Untracked 
| 147|0x000000008c300000, 0x000000008c300000, 0x000000008c400000|  0%| F|  |TAMS 0x000000008c300000, 0x000000008c300000| Untracked 
| 148|0x000000008c400000, 0x000000008c400000, 0x000000008c500000|  0%| F|  |TAMS 0x000000008c400000, 0x000000008c400000| Untracked 
| 149|0x000000008c500000, 0x000000008c500000, 0x000000008c600000|  0%| F|  |TAMS 0x000000008c500000, 0x000000008c500000| Untracked 
| 150|0x000000008c600000, 0x000000008c600000, 0x000000008c700000|  0%| F|  |TAMS 0x000000008c600000, 0x000000008c600000| Untracked 
| 151|0x000000008c700000, 0x000000008c700000, 0x000000008c800000|  0%| F|  |TAMS 0x000000008c700000, 0x000000008c700000| Untracked 

Card table byte_map: [0x00000161f2890000,0x00000161f2c80000] _byte_map_base: 0x00000161f2478000

Marking Bits (Prev, Next): (CMBitMap*) 0x00000161ee6c99b0, (CMBitMap*) 0x00000161ee6c9978
 Prev Bits: [0x00000161f4fb0000, 0x00000161f6ef0000)
 Next Bits: [0x00000161f3070000, 0x00000161f4fb0000)

Polling page: 0x00000161ec810000

Metaspace:

Usage:
  Non-class:     55.68 MB capacity,    55.30 MB (>99%) used,   299.61 KB ( <1%) free+waste,    92.19 KB ( <1%) overhead. 
      Class:      7.08 MB capacity,     6.84 MB ( 97%) used,   200.41 KB (  3%) free+waste,    36.75 KB ( <1%) overhead. 
       Both:     62.75 MB capacity,    62.14 MB (>99%) used,   500.02 KB ( <1%) free+waste,   128.94 KB ( <1%) overhead. 

Virtual space:
  Non-class space:       56.00 MB reserved,      55.91 MB (>99%) committed 
      Class space:        1.00 GB reserved,       7.13 MB ( <1%) committed 
             Both:        1.05 GB reserved,      63.04 MB (  6%) committed 

Chunk freelists:
   Non-Class:  46.00 KB
       Class:  19.00 KB
        Both:  65.00 KB

MaxMetaspaceSize: 17179869184.00 GB
CompressedClassSpaceSize: 1.00 GB

CodeHeap 'non-profiled nmethods': size=120000Kb used=4246Kb max_used=4246Kb free=115753Kb
 bounds [0x0000016187ad0000, 0x0000016187f00000, 0x000001618f000000]
CodeHeap 'profiled nmethods': size=120000Kb used=23615Kb max_used=23615Kb free=96384Kb
 bounds [0x00000161805a0000, 0x0000016181cb0000, 0x0000016187ad0000]
CodeHeap 'non-nmethods': size=5760Kb used=1259Kb max_used=1299Kb free=4500Kb
 bounds [0x0000016180000000, 0x0000016180270000, 0x00000161805a0000]
 total_blobs=9205 nmethods=8585 adapters=530
 compilation: enabled
              stopped_count=0, restarted_count=0
 full_count=0

Compilation events (20 events):
Event: 9.836 Thread 0x00000161fbc9f800 nmethod 8632 0x0000016187ef4b10 code [0x0000016187ef4ca0, 0x0000016187ef4cf8]
Event: 9.837 Thread 0x00000161fbc9f800 8633       4       kotlin.sequences.SequencesKt___SequencesKt$flatMap$2::invoke (9 bytes)
Event: 9.838 Thread 0x00000161fa1d2800 8636       3       java.util.AbstractList$SubList::iterator (5 bytes)
Event: 9.839 Thread 0x00000161fa1d2800 nmethod 8636 0x0000016181cab690 code [0x0000016181cab8c0, 0x0000016181cabf58]
Event: 9.839 Thread 0x00000161fa1d2800 8637       3       kotlin.ranges.IntProgressionIterator::nextInt (54 bytes)
Event: 9.839 Thread 0x00000161fa1d2800 nmethod 8637 0x0000016181cac210 code [0x0000016181cac3e0, 0x0000016181cac648]
Event: 9.843 Thread 0x00000161fa1d2800 8641       3       org.jetbrains.kotlin.resolve.calls.components.ClassicTypeSystemContextForCS::isStarProjection (9 bytes)
Event: 9.843 Thread 0x00000161fa1d2800 nmethod 8641 0x0000016181cac790 code [0x0000016181cac940, 0x0000016181caca68]
Event: 9.846 Thread 0x00000161fa1d2800 8642       3       org.jetbrains.kotlin.resolve.calls.components.ClassicTypeSystemContextForCS::getParameter (10 bytes)
Event: 9.846 Thread 0x00000161fa1d2800 nmethod 8642 0x0000016181cacb10 code [0x0000016181caccc0, 0x0000016181cacde8]
Event: 9.847 Thread 0x00000161fbc9f800 nmethod 8633 0x0000016187ef4d90 code [0x0000016187ef4f80, 0x0000016187ef54d8]
Event: 9.847 Thread 0x00000161fbc9f800 8635       4       java.util.regex.Pattern::split (290 bytes)
Event: 9.851 Thread 0x00000161fa1d2800 8643       3       org.jetbrains.kotlin.backend.common.serialization.mangle.descriptor.DescriptorMangleComputer::mangleTypeParameterReference (55 bytes)
Event: 9.852 Thread 0x00000161fa1d2800 nmethod 8643 0x0000016181cace90 code [0x0000016181cad100, 0x0000016181cad9a8]
Event: 9.852 Thread 0x00000161fa1d2800 8644       3       org.jetbrains.kotlin.backend.common.serialization.mangle.descriptor.DescriptorMangleComputer::appendSignature (17 bytes)
Event: 9.852 Thread 0x00000161fa1d2800 nmethod 8644 0x0000016181cadd90 code [0x0000016181cadf60, 0x0000016181cae168]
Event: 9.852 Thread 0x00000161fa1d2800 8645       3       org.jetbrains.kotlin.types.AlternativeTypeSubstitutionKt$substituteAlternativesInPublicType$substitutor$1::substituteNotNullTypeWithConstructor (54 bytes)
Event: 9.853 Thread 0x00000161fa1d2800 nmethod 8645 0x0000016181cae290 code [0x0000016181cae5a0, 0x0000016181caf568]
Event: 9.853 Thread 0x00000161fa1d2800 8646       3       org.jetbrains.kotlin.resolve.calls.components.ClassicTypeSystemContextForCS::getVariance (9 bytes)
Event: 9.854 Thread 0x00000161fa1d2800 nmethod 8646 0x0000016181cafa90 code [0x0000016181cafc40, 0x0000016181cafd68]

GC Heap History (17 events):
Event: 0.697 GC heap before
{Heap before GC invocations=0 (full 0):
 garbage-first heap   total 129024K, used 27648K [0x0000000083000000, 0x0000000100000000)
  region size 1024K, 24 young (24576K), 0 survivors (0K)
 Metaspace       used 12303K, capacity 12341K, committed 12544K, reserved 1060864K
  class space    used 1156K, capacity 1174K, committed 1280K, reserved 1048576K
}
Event: 0.702 GC heap after
{Heap after GC invocations=1 (full 0):
 garbage-first heap   total 129024K, used 5875K [0x0000000083000000, 0x0000000100000000)
  region size 1024K, 3 young (3072K), 3 survivors (3072K)
 Metaspace       used 12303K, capacity 12341K, committed 12544K, reserved 1060864K
  class space    used 1156K, capacity 1174K, committed 1280K, reserved 1048576K
}
Event: 1.553 GC heap before
{Heap before GC invocations=1 (full 0):
 garbage-first heap   total 129024K, used 42739K [0x0000000083000000, 0x0000000100000000)
  region size 1024K, 40 young (40960K), 3 survivors (3072K)
 Metaspace       used 20975K, capacity 21147K, committed 21248K, reserved 1069056K
  class space    used 2215K, capacity 2278K, committed 2304K, reserved 1048576K
}
Event: 1.570 GC heap after
{Heap after GC invocations=2 (full 0):
 garbage-first heap   total 129024K, used 9523K [0x0000000083000000, 0x0000000100000000)
  region size 1024K, 7 young (7168K), 7 survivors (7168K)
 Metaspace       used 20975K, capacity 21147K, committed 21248K, reserved 1069056K
  class space    used 2215K, capacity 2278K, committed 2304K, reserved 1048576K
}
Event: 2.671 GC heap before
{Heap before GC invocations=3 (full 0):
 garbage-first heap   total 129024K, used 71987K [0x0000000083000000, 0x0000000100000000)
  region size 1024K, 56 young (57344K), 7 survivors (7168K)
 Metaspace       used 31720K, capacity 32110K, committed 32384K, reserved 1077248K
  class space    used 3954K, capacity 4114K, committed 4224K, reserved 1048576K
}
Event: 2.690 GC heap after
{Heap after GC invocations=4 (full 0):
 garbage-first heap   total 129024K, used 24218K [0x0000000083000000, 0x0000000100000000)
  region size 1024K, 7 young (7168K), 7 survivors (7168K)
 Metaspace       used 31720K, capacity 32110K, committed 32384K, reserved 1077248K
  class space    used 3954K, capacity 4114K, committed 4224K, reserved 1048576K
}
Event: 2.988 GC heap before
{Heap before GC invocations=4 (full 0):
 garbage-first heap   total 129024K, used 38554K [0x0000000083000000, 0x0000000100000000)
  region size 1024K, 22 young (22528K), 7 survivors (7168K)
 Metaspace       used 35009K, capacity 35449K, committed 35584K, reserved 1081344K
  class space    used 4321K, capacity 4502K, committed 4608K, reserved 1048576K
}
Event: 3.003 GC heap after
{Heap after GC invocations=5 (full 0):
 garbage-first heap   total 129024K, used 25727K [0x0000000083000000, 0x0000000100000000)
  region size 1024K, 2 young (2048K), 2 survivors (2048K)
 Metaspace       used 35009K, capacity 35449K, committed 35584K, reserved 1081344K
  class space    used 4321K, capacity 4502K, committed 4608K, reserved 1048576K
}
Event: 4.501 GC heap before
{Heap before GC invocations=6 (full 0):
 garbage-first heap   total 129024K, used 92287K [0x0000000083000000, 0x0000000100000000)
  region size 1024K, 66 young (67584K), 2 survivors (2048K)
 Metaspace       used 46291K, capacity 46757K, committed 46976K, reserved 1091584K
  class space    used 5459K, capacity 5643K, committed 5760K, reserved 1048576K
}
Event: 4.523 GC heap after
{Heap after GC invocations=7 (full 0):
 garbage-first heap   total 155648K, used 34129K [0x0000000083000000, 0x0000000100000000)
  region size 1024K, 9 young (9216K), 9 survivors (9216K)
 Metaspace       used 46291K, capacity 46757K, committed 46976K, reserved 1091584K
  class space    used 5459K, capacity 5643K, committed 5760K, reserved 1048576K
}
Event: 6.049 GC heap before
{Heap before GC invocations=7 (full 0):
 garbage-first heap   total 155648K, used 102737K [0x0000000083000000, 0x0000000100000000)
  region size 1024K, 76 young (77824K), 9 survivors (9216K)
 Metaspace       used 51411K, capacity 51921K, committed 52224K, reserved 1095680K
  class space    used 5879K, capacity 6079K, committed 6144K, reserved 1048576K
}
Event: 6.072 GC heap after
{Heap after GC invocations=8 (full 0):
 garbage-first heap   total 155648K, used 41915K [0x0000000083000000, 0x0000000100000000)
  region size 1024K, 9 young (9216K), 9 survivors (9216K)
 Metaspace       used 51411K, capacity 51921K, committed 52224K, reserved 1095680K
  class space    used 5879K, capacity 6079K, committed 6144K, reserved 1048576K
}
Event: 7.880 GC heap before
{Heap before GC invocations=8 (full 0):
 garbage-first heap   total 155648K, used 111547K [0x0000000083000000, 0x0000000100000000)
  region size 1024K, 77 young (78848K), 9 survivors (9216K)
 Metaspace       used 55515K, capacity 56053K, committed 56192K, reserved 1099776K
  class space    used 6269K, capacity 6473K, committed 6528K, reserved 1048576K
}
Event: 7.906 GC heap after
{Heap after GC invocations=9 (full 0):
 garbage-first heap   total 155648K, used 49987K [0x0000000083000000, 0x0000000100000000)
  region size 1024K, 8 young (8192K), 8 survivors (8192K)
 Metaspace       used 55515K, capacity 56053K, committed 56192K, reserved 1099776K
  class space    used 6269K, capacity 6473K, committed 6528K, reserved 1048576K
}
Event: 8.817 GC heap before
{Heap before GC invocations=9 (full 0):
 garbage-first heap   total 155648K, used 73539K [0x0000000083000000, 0x0000000100000000)
  region size 1024K, 32 young (32768K), 8 survivors (8192K)
 Metaspace       used 58924K, capacity 59513K, committed 59648K, reserved 1101824K
  class space    used 6558K, capacity 6794K, committed 6912K, reserved 1048576K
}
Event: 8.836 GC heap after
{Heap after GC invocations=10 (full 0):
 garbage-first heap   total 155648K, used 53240K [0x0000000083000000, 0x0000000100000000)
  region size 1024K, 3 young (3072K), 3 survivors (3072K)
 Metaspace       used 58924K, capacity 59513K, committed 59648K, reserved 1101824K
  class space    used 6558K, capacity 6794K, committed 6912K, reserved 1048576K
}
Event: 9.856 GC heap before
{Heap before GC invocations=11 (full 0):
 garbage-first heap   total 155648K, used 101368K [0x0000000083000000, 0x0000000100000000)
  region size 1024K, 50 young (51200K), 3 survivors (3072K)
 Metaspace       used 63630K, capacity 64259K, committed 64548K, reserved 1105920K
  class space    used 7007K, capacity 7245K, committed 7296K, reserved 1048576K
}

Deoptimization events (20 events):
Event: 9.491 Thread 0x00000161ee690800 Uncommon trap: trap_request=0xffffffde fr.pc=0x0000016187ec0a04 relative=0x0000000000000244
Event: 9.491 Thread 0x00000161ee690800 Uncommon trap: reason=class_check action=maybe_recompile pc=0x0000016187ec0a04 method=kotlin.collections.CollectionsKt___CollectionsKt$asSequence$$inlined$Sequence$1.iterator()Ljava/util/Iterator; @ 6 c2
Event: 9.491 Thread 0x00000161ee690800 DEOPT PACKING pc=0x0000016187ec0a04 sp=0x0000003443bfa770
Event: 9.491 Thread 0x00000161ee690800 DEOPT UNPACKING pc=0x00000161800083af sp=0x0000003443bfa648 mode 2
Event: 9.491 Thread 0x00000161ee690800 Uncommon trap: trap_request=0xffffffde fr.pc=0x0000016187ec0a04 relative=0x0000000000000244
Event: 9.491 Thread 0x00000161ee690800 Uncommon trap: reason=class_check action=maybe_recompile pc=0x0000016187ec0a04 method=kotlin.collections.CollectionsKt___CollectionsKt$asSequence$$inlined$Sequence$1.iterator()Ljava/util/Iterator; @ 6 c2
Event: 9.491 Thread 0x00000161ee690800 DEOPT PACKING pc=0x0000016187ec0a04 sp=0x0000003443bf9ef0
Event: 9.491 Thread 0x00000161ee690800 DEOPT UNPACKING pc=0x00000161800083af sp=0x0000003443bf9dc8 mode 2
Event: 9.491 Thread 0x00000161ee690800 Uncommon trap: trap_request=0xffffffde fr.pc=0x0000016187ec0a04 relative=0x0000000000000244
Event: 9.491 Thread 0x00000161ee690800 Uncommon trap: reason=class_check action=maybe_recompile pc=0x0000016187ec0a04 method=kotlin.collections.CollectionsKt___CollectionsKt$asSequence$$inlined$Sequence$1.iterator()Ljava/util/Iterator; @ 6 c2
Event: 9.491 Thread 0x00000161ee690800 DEOPT PACKING pc=0x0000016187ec0a04 sp=0x0000003443bf9e70
Event: 9.492 Thread 0x00000161ee690800 DEOPT UNPACKING pc=0x00000161800083af sp=0x0000003443bf9d48 mode 2
Event: 9.588 Thread 0x00000161ee690800 Uncommon trap: trap_request=0xffffff4d fr.pc=0x0000016187db9da4 relative=0x0000000000000344
Event: 9.588 Thread 0x00000161ee690800 Uncommon trap: reason=unstable_if action=reinterpret pc=0x0000016187db9da4 method=org.jetbrains.kotlin.resolve.DelegatingBindingTrace.selfGet(Lorg/jetbrains/kotlin/util/slicedMap/ReadOnlySlice;Ljava/lang/Object;)Ljava/lang/Object; @ 20 c2
Event: 9.588 Thread 0x00000161ee690800 DEOPT PACKING pc=0x0000016187db9da4 sp=0x0000003443bfd310
Event: 9.588 Thread 0x00000161ee690800 DEOPT UNPACKING pc=0x00000161800083af sp=0x0000003443bfd2b8 mode 2
Event: 9.755 Thread 0x00000161ee690800 Uncommon trap: trap_request=0xffffffcc fr.pc=0x0000016187ed57b4 relative=0x0000000000001774
Event: 9.755 Thread 0x00000161ee690800 Uncommon trap: reason=intrinsic_or_type_checked_inlining action=make_not_entrant pc=0x0000016187ed57b4 method=java.util.ArrayList$SubList.toArray([Ljava/lang/Object;)[Ljava/lang/Object; @ 58 c2
Event: 9.755 Thread 0x00000161ee690800 DEOPT PACKING pc=0x0000016187ed57b4 sp=0x0000003443bfd1d0
Event: 9.755 Thread 0x00000161ee690800 DEOPT UNPACKING pc=0x00000161800083af sp=0x0000003443bfd120 mode 2

Classes redefined (0 events):
No events

Internal exceptions (20 events):
Event: 3.772 Thread 0x00000161ee690800 Exception <a 'java/lang/NoSuchMethodError'{0x00000000888a3c78}: 'java.lang.Object java.lang.invoke.DirectMethodHandle$Holder.invokeStatic(java.lang.Object, java.lang.Object, java.lang.Object, int)'> (0x00000000888a3c78) thrown at [./src/hotspot/share/interpreter/linkResolver.cpp, line 773]
Event: 3.772 Thread 0x00000161ee690800 Exception <a 'java/lang/NoSuchMethodError'{0x00000000888a78e8}: 'java.lang.Object java.lang.invoke.DirectMethodHandle$Holder.invokeSpecial(java.lang.Object, java.lang.Object, java.lang.Object, java.lang.Object, int)'> (0x00000000888a78e8) thrown at [./src/hotspot/share/interpreter/linkResolver.cpp, line 773]
Event: 3.773 Thread 0x00000161ee690800 Exception <a 'java/lang/NoSuchMethodError'{0x00000000888aabf8}: 'java.lang.Object java.lang.invoke.Invokers$Holder.linkToTargetMethod(java.lang.Object, java.lang.Object, int, java.lang.Object)'> (0x00000000888aabf8) thrown at [./src/hotspot/share/interpreter/linkResolver.cpp, line 773]
Event: 5.276 Thread 0x00000161ee690800 Exception <a 'java/lang/NoSuchMethodError'{0x0000000089dbbfe8}: 'java.lang.Object java.lang.invoke.DirectMethodHandle$Holder.invokeSpecial(java.lang.Object, java.lang.Object, java.lang.Object, java.lang.Object, java.lang.Object, java.lang.Object, java.lang.Object, java.lang.Object, java.lang.Object)'> (0x0000000089dbbfe8) thrown at [./src/hotspot/share/interpreter/linkResolver.cpp, line 773]
Event: 5.276 Thread 0x00000161ee690800 Exception <a 'java/lang/NoSuchMethodError'{0x0000000089dc01e0}: 'java.lang.Object java.lang.invoke.Invokers$Holder.linkToTargetMethod(java.lang.Object, java.lang.Object, java.lang.Object, java.lang.Object, java.lang.Object, java.lang.Object, java.lang.Object, java.lang.Object)'> (0x0000000089dc01e0) thrown at [./src/hotspot/share/interpreter/linkResolver.cpp, line 773]
Event: 5.373 Thread 0x00000161ee690800 Exception <a 'java/lang/NoSuchMethodError'{0x0000000089905510}: 'java.lang.Object java.lang.invoke.DirectMethodHandle$Holder.invokeStaticInit(java.lang.Object, java.lang.Object, java.lang.Object)'> (0x0000000089905510) thrown at [./src/hotspot/share/interpreter/linkResolver.cpp, line 773]
Event: 6.538 Thread 0x00000161ee690800 Exception <a 'java/lang/NoSuchMethodError'{0x0000000089f42a38}: 'java.lang.Object java.lang.invoke.Invokers$Holder.linkToTargetMethod(java.lang.Object, java.lang.Object, java.lang.Object, java.lang.Object, java.lang.Object, java.lang.Object)'> (0x0000000089f42a38) thrown at [./src/hotspot/share/interpreter/linkResolver.cpp, line 773]
Event: 6.738 Thread 0x00000161ee690800 Implicit null exception at 0x0000016187b2d7de to 0x0000016187b2df4a
Event: 6.738 Thread 0x00000161ee690800 Implicit null exception at 0x0000016187b6efaf to 0x0000016187b6f01d
Event: 6.808 Thread 0x00000161ee690800 Exception <a 'java/lang/NoSuchMethodError'{0x000000008968b5e8}: 'java.lang.Object java.lang.invoke.Invokers$Holder.linkToTargetMethod(java.lang.Object, java.lang.Object, java.lang.Object, int, int, java.lang.Object)'> (0x000000008968b5e8) thrown at [./src/hotspot/share/interpreter/linkResolver.cpp, line 773]
Event: 7.055 Thread 0x00000161ee690800 Exception <a 'java/lang/NoSuchMethodError'{0x0000000089138090}: 'int java.lang.invoke.DirectMethodHandle$Holder.invokeStaticInit(java.lang.Object, int)'> (0x0000000089138090) thrown at [./src/hotspot/share/interpreter/linkResolver.cpp, line 773]
Event: 7.200 Thread 0x00000161ee690800 Exception <a 'java/lang/NoSuchMethodError'{0x0000000088fb4a70}: 'java.lang.Object java.lang.invoke.DirectMethodHandle$Holder.invokeInterface(java.lang.Object, java.lang.Object, java.lang.Object)'> (0x0000000088fb4a70) thrown at [./src/hotspot/share/interpreter/linkResolver.cpp, line 773]
Event: 7.513 Thread 0x00000161ee690800 Implicit null exception at 0x0000016187d1fc3c to 0x0000016187d20594
Event: 7.851 Thread 0x00000161ee690800 Exception <a 'java/lang/NoSuchMethodError'{0x0000000087b172a8}: 'java.lang.Object java.lang.invoke.DirectMethodHandle$Holder.invokeStatic(java.lang.Object, int, java.lang.Object, java.lang.Object)'> (0x0000000087b172a8) thrown at [./src/hotspot/share/interpreter/linkResolver.cpp, line 773]
Event: 7.853 Thread 0x00000161ee690800 Exception <a 'java/lang/NoSuchMethodError'{0x0000000087b21928}: 'int java.lang.invoke.DirectMethodHandle$Holder.invokeInterface(java.lang.Object, java.lang.Object)'> (0x0000000087b21928) thrown at [./src/hotspot/share/interpreter/linkResolver.cpp, line 773]
Event: 7.858 Thread 0x00000161ee690800 Exception <a 'java/lang/IncompatibleClassChangeError'{0x0000000087b40090}: Found class java.lang.Object, but interface was expected> (0x0000000087b40090) thrown at [./src/hotspot/share/interpreter/linkResolver.cpp, line 839]
Event: 7.872 Thread 0x00000161ee690800 Exception <a 'java/lang/NoSuchMethodError'{0x0000000087ba9a48}: 'java.lang.Object java.lang.invoke.Invokers$Holder.linkToTargetMethod(java.lang.Object, java.lang.Object, java.lang.Object, java.lang.Object, java.lang.Object, java.lang.Object, java.lang.Object)'> (0x0000000087ba9a48) thrown at [./src/hotspot/share/interpreter/linkResolver.cpp, line 773]
Event: 8.541 Thread 0x00000161ee690800 Implicit null exception at 0x0000016187b28175 to 0x0000016187b2833c
Event: 8.785 Thread 0x00000161ee690800 Implicit null exception at 0x0000016187e2c052 to 0x0000016187e2c317
Event: 9.192 Thread 0x00000161ee690800 Implicit null exception at 0x0000016187b34c74 to 0x0000016187b34e8c

Events (20 events):
Event: 9.589 loading class org/jetbrains/kotlin/types/TypeApproximatorConfiguration$UpperBoundAwareIntersectionTypeApproximator done
Event: 9.602 loading class org/jetbrains/kotlin/psi2ir/generators/ReflectionReferencesGenerator
Event: 9.602 loading class org/jetbrains/kotlin/psi2ir/generators/ReflectionReferencesGenerator done
Event: 9.605 loading class org/jetbrains/kotlin/ir/expressions/impl/IrClassReferenceImpl
Event: 9.605 loading class org/jetbrains/kotlin/ir/expressions/impl/IrClassReferenceImpl done
Event: 9.605 loading class org/jetbrains/kotlin/ir/expressions/IrClassReference
Event: 9.605 loading class org/jetbrains/kotlin/ir/expressions/IrClassReference done
Event: 9.688 Executing VM operation: ICBufferFull
Event: 9.688 Executing VM operation: ICBufferFull done
Event: 9.737 loading class org/jetbrains/kotlin/backend/jvm/JvmGeneratorExtensionsImpl$JvmEnhancedNullability$stripEnhancedNullability$1
Event: 9.737 loading class org/jetbrains/kotlin/backend/jvm/JvmGeneratorExtensionsImpl$JvmEnhancedNullability$stripEnhancedNullability$1 done
Event: 9.776 loading class org/jetbrains/kotlin/ir/expressions/impl/IrWhenImpl
Event: 9.776 loading class org/jetbrains/kotlin/ir/expressions/impl/IrWhenImpl done
Event: 9.777 loading class org/jetbrains/kotlin/ir/expressions/IrStatementOrigin$WHEN
Event: 9.777 loading class org/jetbrains/kotlin/ir/expressions/IrStatementOrigin$WHEN done
Event: 9.822 Executing VM operation: ICBufferFull
Event: 9.823 Executing VM operation: ICBufferFull done
Event: 9.836 loading class org/jetbrains/kotlin/utils/SmartList$1
Event: 9.836 loading class org/jetbrains/kotlin/utils/SmartList$1 done
Event: 9.856 Executing VM operation: G1CollectForAllocation


Dynamic libraries:
0x00007ff6d6690000 - 0x00007ff6d669a000 	D:\Program Files\Android\jre\bin\java.exe
0x00007ffb04680000 - 0x00007ffb04870000 	C:\Windows\SYSTEM32\ntdll.dll
0x00007ffb03550000 - 0x00007ffb03602000 	C:\Windows\System32\KERNEL32.DLL
0x00007ffb02470000 - 0x00007ffb02713000 	C:\Windows\System32\KERNELBASE.dll
0x00007ffb01700000 - 0x00007ffb017fa000 	C:\Windows\System32\ucrtbase.dll
0x00007ffafdbf0000 - 0x00007ffafdc07000 	D:\Program Files\Android\jre\bin\VCRUNTIME140.dll
0x00007ffaf84b0000 - 0x00007ffaf84c9000 	D:\Program Files\Android\jre\bin\jli.dll
0x00007ffb027a0000 - 0x00007ffb02934000 	C:\Windows\System32\USER32.dll
0x00007ffb02410000 - 0x00007ffb02431000 	C:\Windows\System32\win32u.dll
0x00007ffaedff0000 - 0x00007ffaee275000 	C:\Windows\WinSxS\amd64_microsoft.windows.common-controls_6595b64144ccf1df_6.0.18362.535_none_e6c3b34713100821\COMCTL32.dll
0x00007ffb02770000 - 0x00007ffb02796000 	C:\Windows\System32\GDI32.dll
0x00007ffb01ad0000 - 0x00007ffb01c64000 	C:\Windows\System32\gdi32full.dll
0x00007ffb04570000 - 0x00007ffb0460e000 	C:\Windows\System32\msvcrt.dll
0x00007ffb019d0000 - 0x00007ffb01a6e000 	C:\Windows\System32\msvcp_win.dll
0x00007ffb04060000 - 0x00007ffb04396000 	C:\Windows\System32\combase.dll
0x00007ffb03430000 - 0x00007ffb03550000 	C:\Windows\System32\RPCRT4.dll
0x00007ffb01800000 - 0x00007ffb01880000 	C:\Windows\System32\bcryptPrimitives.dll
0x00007ffb03400000 - 0x00007ffb0342e000 	C:\Windows\System32\IMM32.DLL
0x00007ffad7ed0000 - 0x00007ffad7f6d000 	D:\Program Files\Android\jre\bin\msvcp140.dll
0x00007ffac4400000 - 0x00007ffac4ecf000 	D:\Program Files\Android\jre\bin\server\jvm.dll
0x00007ffb03dd0000 - 0x00007ffb03e73000 	C:\Windows\System32\ADVAPI32.dll
0x00007ffb03810000 - 0x00007ffb038a7000 	C:\Windows\System32\sechost.dll
0x00007ffb03370000 - 0x00007ffb03378000 	C:\Windows\System32\PSAPI.DLL
0x00007ffafab60000 - 0x00007ffafab6a000 	C:\Windows\SYSTEM32\VERSION.dll
0x00007ffaff160000 - 0x00007ffaff184000 	C:\Windows\SYSTEM32\WINMM.dll
0x00007ffadc740000 - 0x00007ffadc749000 	C:\Windows\SYSTEM32\WSOCK32.dll
0x00007ffb04610000 - 0x00007ffb0467f000 	C:\Windows\System32\WS2_32.dll
0x00007ffaff130000 - 0x00007ffaff15d000 	C:\Windows\SYSTEM32\WINMMBASE.dll
0x00007ffb02720000 - 0x00007ffb0276a000 	C:\Windows\System32\cfgmgr32.dll
0x00007ffb01630000 - 0x00007ffb01641000 	C:\Windows\System32\kernel.appcore.dll
0x00007ffadc550000 - 0x00007ffadc561000 	D:\Program Files\Android\jre\bin\verify.dll
0x00007ffaffd70000 - 0x00007ffafff64000 	C:\Windows\SYSTEM32\DBGHELP.DLL
0x00007ffaf7d00000 - 0x00007ffaf7d2a000 	C:\Windows\SYSTEM32\dbgcore.DLL
0x00007ffadb4f0000 - 0x00007ffadb519000 	D:\Program Files\Android\jre\bin\java.dll
0x00007ffadc730000 - 0x00007ffadc73b000 	D:\Program Files\Android\jre\bin\jimage.dll
0x00007ffad9b60000 - 0x00007ffad9b78000 	D:\Program Files\Android\jre\bin\zip.dll
0x00007ffb029a0000 - 0x00007ffb03085000 	C:\Windows\System32\SHELL32.dll
0x00007ffb03d20000 - 0x00007ffb03dc9000 	C:\Windows\System32\shcore.dll
0x00007ffb01c70000 - 0x00007ffb023ef000 	C:\Windows\System32\windows.storage.dll
0x00007ffb015a0000 - 0x00007ffb015bf000 	C:\Windows\System32\profapi.dll
0x00007ffb015e0000 - 0x00007ffb0162a000 	C:\Windows\System32\powrprof.dll
0x00007ffb01590000 - 0x00007ffb015a0000 	C:\Windows\System32\UMPDC.dll
0x00007ffb03310000 - 0x00007ffb03362000 	C:\Windows\System32\shlwapi.dll
0x00007ffb023f0000 - 0x00007ffb02407000 	C:\Windows\System32\cryptsp.dll
0x00007ffad91f0000 - 0x00007ffad920a000 	D:\Program Files\Android\jre\bin\net.dll
0x00007ffaf1c80000 - 0x00007ffaf1d70000 	C:\Windows\SYSTEM32\WINHTTP.dll
0x00007ffb00e00000 - 0x00007ffb00e67000 	C:\Windows\system32\mswsock.dll
0x00007ffad91d0000 - 0x00007ffad91e4000 	D:\Program Files\Android\jre\bin\nio.dll

dbghelp: loaded successfully - version: 4.0.5 - missing functions: none
symbol engine: initialized successfully - sym options: 0x614 - pdb path: .;D:\Program Files\Android\jre\bin;C:\Windows\SYSTEM32;C:\Windows\WinSxS\amd64_microsoft.windows.common-controls_6595b64144ccf1df_6.0.18362.535_none_e6c3b34713100821;D:\Program Files\Android\jre\bin\server

VM Arguments:
java_command: org.jetbrains.kotlin.cli.jvm.K2JVMCompiler @D:\Gitaacademy\app\build\20210913_18186495774775273962.compiler.options
java_class_path (initial): D:\ProgramsfilesD\Android\Sdk\caches\modules-2\files-2.1\org.jetbrains.kotlin\kotlin-compiler-embeddable\1.5.30\3362a354066df1578a057c200da23cf2a1d8144f\kotlin-compiler-embeddable-1.5.30.jar;D:\ProgramsfilesD\Android\Sdk\caches\modules-2\files-2.1\org.jetbrains.kotlin\kotlin-reflect\1.5.30\6773e974437dd6432aa646cc2f8ab71de42b5773\kotlin-reflect-1.5.30.jar;D:\ProgramsfilesD\Android\Sdk\caches\modules-2\files-2.1\org.jetbrains.kotlin\kotlin-stdlib\1.5.30\d68efdea04955974ac1020f8f66ef8176bfbce1f\kotlin-stdlib-1.5.30.jar;D:\ProgramsfilesD\Android\Sdk\caches\modules-2\files-2.1\org.jetbrains.kotlin\kotlin-script-runtime\1.5.30\10697ab20bfd2f1b23baa91306950c36c4e89a8d\kotlin-script-runtime-1.5.30.jar;D:\ProgramsfilesD\Android\Sdk\caches\modules-2\files-2.1\org.jetbrains.kotlin\kotlin-daemon-embeddable\1.5.30\e355dc9011e559a475608265607948109e113ae0\kotlin-daemon-embeddable-1.5.30.jar;D:\ProgramsfilesD\Android\Sdk\caches\modules-2\files-2.1\org.jetbrains.intellij.deps\trove4j\1.0.20181211\216c2e14b070f334479d800987affe4054cd563f\trove4j-1.0.20181211.jar;D:\ProgramsfilesD\Android\Sdk\caches\modules-2\files-2.1\org.jetbrains\annotations\13.0\919f0dfe192fb4e063e7dacadee7f8bb9a2672a9\annotations-13.0.jar;D:\ProgramsfilesD\Android\Sdk\caches\modules-2\files-2.1\org.jetbrains.kotlin\kotlin-stdlib-common\1.5.30\649ffab7767038323fec0cc41e2d7b0a8f65a378\kotlin-stdlib-common-1.5.30.jar
Launcher Type: SUN_STANDARD

[Global flags]
     intx CICompilerCount                          = 4                                         {product} {ergonomic}
     uint ConcGCThreads                            = 2                                         {product} {ergonomic}
     uint G1ConcRefinementThreads                  = 8                                         {product} {ergonomic}
   size_t G1HeapRegionSize                         = 1048576                                   {product} {ergonomic}
    uintx GCDrainStackTargetSize                   = 64                                        {product} {ergonomic}
   size_t InitialHeapSize                          = 132120576                                 {product} {ergonomic}
   size_t MarkStackSize                            = 4194304                                   {product} {ergonomic}
   size_t MaxHeapSize                              = 2097152000                                {product} {ergonomic}
   size_t MaxNewSize                               = 1258291200                                {product} {ergonomic}
   size_t MinHeapDeltaBytes                        = 1048576                                   {product} {ergonomic}
    uintx NonNMethodCodeHeapSize                   = 5836300                                {pd product} {ergonomic}
    uintx NonProfiledCodeHeapSize                  = 122910970                              {pd product} {ergonomic}
    uintx ProfiledCodeHeapSize                     = 122910970                              {pd product} {ergonomic}
    uintx ReservedCodeCacheSize                    = 251658240                              {pd product} {ergonomic}
     bool SegmentedCodeCache                       = true                                      {product} {ergonomic}
     bool UseCompressedClassPointers               = true                                 {lp64_product} {ergonomic}
     bool UseCompressedOops                        = true                                 {lp64_product} {ergonomic}
     bool UseG1GC                                  = true                                      {product} {ergonomic}
     bool UseLargePagesIndividualAllocation        = false                                  {pd product} {ergonomic}

Logging:
Log output configuration:
 #0: stdout all=warning uptime,level,tags
 #1: stderr all=off uptime,level,tags

Environment Variables:
JAVA_HOME=D:\Program Files\Java
PATH=C:\PROGRA~2\Borland\CBUILD~1\Bin;C:\PROGRA~2\Borland\CBUILD~1\Projects\Bpl;C:\Program Files\Common Files\Oracle\Java\javapath;C:\Windows\system32;C:\Windows;C:\Windows\System32\Wbem;C:\Windows\System32\WindowsPowerShell\v1.0\;C:\Program Files (x86)\NVIDIA Corporation\PhysX\Common;C:\Program Files\NVIDIA Corporation\NVIDIA NvDLISR;C:\Program Files\Microsoft\Web Platform Installer\;C:\Program Files (x86)\Microsoft ASP.NET\ASP.NET Web Pages\v1.0\;C:\Program Files\Microsoft SQL Server\110\Tools\Binn\;C:\Program Files (x86)\IncrediBuild;C:\Program Files\Git\cmd;C:\Users\asus\AppData\Local\Microsoft\WindowsApps;;D:\Program Files\JetBrains\IntelliJ IDEA Community Edition 2020.3\bin;
USERNAME=asus
OS=Windows_NT
PROCESSOR_IDENTIFIER=Intel64 Family 6 Model 126 Stepping 5, GenuineIntel



---------------  S Y S T E M  ---------------

OS: Windows 10 , 64 bit Build 18362 (10.0.18362.329)
OS uptime: 0 days 0:37 hours

CPU:total 8 (initial active 8) (4 cores per cpu, 2 threads per core) family 6 model 126 stepping 5 microcode 0x96, cmov, cx8, fxsr, mmx, sse, sse2, sse3, ssse3, sse4.1, sse4.2, popcnt, avx, avx2, aes, clmul, erms, 3dnowpref, lzcnt, ht, tsc, tscinvbit, bmi1, bmi2, adx, evex, sha, fma

Memory: 4k page, system-wide physical 7997M (925M free)
TotalPageFile size 7997M (AvailPageFile size 26M)
current process WorkingSet (physical memory assigned to process): 338M, peak: 346M
current process commit charge ("private bytes"): 379M, peak: 410M

vm_info: OpenJDK 64-Bit Server VM (11.0.10+0-b96-7249189) for windows-amd64 JRE (11.0.10+0-b96-7249189), built on Mar 31 2021 21:44:00 by "builder" with MS VC++ 14.0 (VS2015)

END.
