#
# There is insufficient memory for the Java Runtime Environment to continue.
# Native memory allocation (malloc) failed to allocate 2170576 bytes for Chunk::new
# Possible reasons:
#   The system is out of physical RAM or swap space
#   The process is running with CompressedOops enabled, and the Java Heap may be blocking the growth of the native heap
# Possible solutions:
#   Reduce memory load on the system
#   Increase physical memory or swap space
#   Check if swap backing store is full
#   Decrease Java heap size (-Xmx/-Xms)
#   Decrease number of Java threads
#   Decrease Java thread stack sizes (-Xss)
#   Set larger code cache with -XX:ReservedCodeCacheSize=
#   JVM is running with Unscaled Compressed Oops mode in which the Java heap is
#     placed in the first 4GB address space. The Java Heap base address is the
#     maximum limit for the native heap growth. Please use -XX:HeapBaseMinAddress
#     to set the Java Heap base and to place the Java Heap above 4GB virtual address.
# This output file may be truncated or incomplete.
#
#  Out of Memory Error (./src/hotspot/share/memory/arena.cpp:197), pid=11508, tid=1708
#
# JRE version: OpenJDK Runtime Environment (11.0.10) (build 11.0.10+0-b96-7249189)
# Java VM: OpenJDK 64-Bit Server VM (11.0.10+0-b96-7249189, mixed mode, tiered, compressed oops, g1 gc, windows-amd64)
# No core dump will be written. Minidumps are not enabled by default on client versions of Windows
#

---------------  S U M M A R Y ------------

Command Line: org.jetbrains.kotlin.cli.jvm.K2JVMCompiler @D:\Gitaacademy\app\build\20211028_13948791856577552177.compiler.options

Host: Intel(R) Core(TM) i7-1065G7 CPU @ 1.30GHz, 8 cores, 7G,  Windows 10 , 64 bit Build 18362 (10.0.18362.329)
Time: Thu Oct 28 11:00:27 2021 Caiaaiay Acey (ceia) elapsed time: 1.299169 seconds (0d 0h 0m 1s)

---------------  T H R E A D  ---------------

Current thread (0x0000024fa8293800):  JavaThread "C2 CompilerThread1" daemon [_thread_in_native, id=1708, stack(0x000000dd56e00000,0x000000dd56f00000)]


Current CompileTask:
C2:   1299 1933   !   4       jdk.internal.loader.BuiltinClassLoader::loadClassOrNull (143 bytes)

Stack: [0x000000dd56e00000,0x000000dd56f00000]
Native frames: (J=compiled Java code, j=interpreted, Vv=VM code, C=native code)
V  [jvm.dll+0x5ecfaa]
V  [jvm.dll+0x722bd5]
V  [jvm.dll+0x72412d]
V  [jvm.dll+0x7247e3]
V  [jvm.dll+0x242928]
V  [jvm.dll+0xbc4fc]
V  [jvm.dll+0xbca0c]
V  [jvm.dll+0x352d3b]
V  [jvm.dll+0x320ad3]
V  [jvm.dll+0x31ffca]
V  [jvm.dll+0x1fb602]
V  [jvm.dll+0x1fa7f4]
V  [jvm.dll+0x18354c]
V  [jvm.dll+0x208ee7]
V  [jvm.dll+0x207731]
V  [jvm.dll+0x6eb1cf]
V  [jvm.dll+0x6e3d45]
V  [jvm.dll+0x5ebe96]
C  [ucrtbase.dll+0x20e72]
C  [KERNEL32.DLL+0x17bd4]
C  [ntdll.dll+0x6ced1]


---------------  P R O C E S S  ---------------

Threads class SMR info:
_java_thread_list=0x0000024f8b409110, length=12, elements={
0x0000024f8b4da000, 0x0000024fa78b5800, 0x0000024fa78be800, 0x0000024fa8112800,
0x0000024fa8116800, 0x0000024fa8118000, 0x0000024fa811a000, 0x0000024fa811d000,
0x0000024fa8127000, 0x0000024fa8296800, 0x0000024fa8293800, 0x0000024fa8313000
}

Java Threads: ( => current thread )
  0x0000024f8b4da000 JavaThread "main" [_thread_in_vm, id=7440, stack(0x000000dd55d00000,0x000000dd55e00000)]
  0x0000024fa78b5800 JavaThread "Reference Handler" daemon [_thread_blocked, id=524, stack(0x000000dd56400000,0x000000dd56500000)]
  0x0000024fa78be800 JavaThread "Finalizer" daemon [_thread_blocked, id=6632, stack(0x000000dd56500000,0x000000dd56600000)]
  0x0000024fa8112800 JavaThread "Signal Dispatcher" daemon [_thread_blocked, id=9188, stack(0x000000dd56600000,0x000000dd56700000)]
  0x0000024fa8116800 JavaThread "Attach Listener" daemon [_thread_blocked, id=9088, stack(0x000000dd56700000,0x000000dd56800000)]
  0x0000024fa8118000 JavaThread "Service Thread" daemon [_thread_blocked, id=552, stack(0x000000dd56800000,0x000000dd56900000)]
  0x0000024fa811a000 JavaThread "C2 CompilerThread0" daemon [_thread_blocked, id=8196, stack(0x000000dd56900000,0x000000dd56a00000)]
  0x0000024fa811d000 JavaThread "C1 CompilerThread0" daemon [_thread_blocked, id=10328, stack(0x000000dd56a00000,0x000000dd56b00000)]
  0x0000024fa8127000 JavaThread "Sweeper thread" daemon [_thread_blocked, id=9564, stack(0x000000dd56b00000,0x000000dd56c00000)]
  0x0000024fa8296800 JavaThread "Common-Cleaner" daemon [_thread_blocked, id=7616, stack(0x000000dd56d00000,0x000000dd56e00000)]
=>0x0000024fa8293800 JavaThread "C2 CompilerThread1" daemon [_thread_in_native, id=1708, stack(0x000000dd56e00000,0x000000dd56f00000)]
  0x0000024fa8313000 JavaThread "C2 CompilerThread2" daemon [_thread_blocked, id=12036, stack(0x000000dd56f00000,0x000000dd57000000)]

Other Threads:
  0x0000024fa80d0800 VMThread "VM Thread" [stack: 0x000000dd56300000,0x000000dd56400000] [id=1264]
  0x0000024fa8290800 WatcherThread [stack: 0x000000dd56c00000,0x000000dd56d00000] [id=7540]
  0x0000024f8d603800 GCTaskThread "GC Thread#0" [stack: 0x000000dd55e00000,0x000000dd55f00000] [id=5336]
  0x0000024fa896f000 GCTaskThread "GC Thread#1" [stack: 0x000000dd57000000,0x000000dd57100000] [id=12020]
  0x0000024fa89f3000 GCTaskThread "GC Thread#2" [stack: 0x000000dd57100000,0x000000dd57200000] [id=9020]
  0x0000024f8d635000 ConcurrentGCThread "G1 Main Marker" [stack: 0x000000dd55f00000,0x000000dd56000000] [id=10568]
  0x0000024f8d636800 ConcurrentGCThread "G1 Conc#0" [stack: 0x000000dd56000000,0x000000dd56100000] [id=11020]
  0x0000024fa97f3000 ConcurrentGCThread "G1 Conc#1" [stack: 0x000000dd57200000,0x000000dd57300000] [id=10524]
  0x0000024fa76f2000 ConcurrentGCThread "G1 Refine#0" [stack: 0x000000dd56100000,0x000000dd56200000] [id=6368]
  0x0000024fa76f8800 ConcurrentGCThread "G1 Young RemSet Sampling" [stack: 0x000000dd56200000,0x000000dd56300000] [id=7432]

Threads with active compile tasks:
C2 CompilerThread1   1307 1933   !   4       jdk.internal.loader.BuiltinClassLoader::loadClassOrNull (143 bytes)

VM state:not at safepoint (normal execution)

VM Mutex/Monitor currently owned by a thread: None

Heap address: 0x0000000083000000, size: 2000 MB, Compressed Oops mode: 32-bit
Narrow klass base: 0x0000000000000000, Narrow klass shift: 3
Compressed class space size: 1073741824 Address: 0x0000000100000000

Heap:
 garbage-first heap   total 129024K, used 43342K [0x0000000083000000, 0x0000000100000000)
  region size 1024K, 35 young (35840K), 7 survivors (7168K)
 Metaspace       used 28647K, capacity 29082K, committed 29312K, reserved 1075200K
  class space    used 3258K, capacity 3404K, committed 3456K, reserved 1048576K
Heap Regions: E=young(eden), S=young(survivor), O=old, HS=humongous(starts), HC=humongous(continues), CS=collection set, F=free, A=archive, TAMS=top-at-mark-start (previous, next)
|   0|0x0000000083000000, 0x0000000083100000, 0x0000000083100000|100%|HS|  |TAMS 0x0000000083100000, 0x0000000083000000| Complete 
|   1|0x0000000083100000, 0x0000000083200000, 0x0000000083200000|100%|HC|  |TAMS 0x0000000083200000, 0x0000000083100000| Complete 
|   2|0x0000000083200000, 0x0000000083300000, 0x0000000083300000|100%|HC|  |TAMS 0x0000000083300000, 0x0000000083200000| Complete 
|   3|0x0000000083300000, 0x0000000083400000, 0x0000000083400000|100%|HS|  |TAMS 0x0000000083300000, 0x0000000083300000| Complete 
|   4|0x0000000083400000, 0x0000000083500000, 0x0000000083500000|100%|HC|  |TAMS 0x0000000083400000, 0x0000000083400000| Complete 
|   5|0x0000000083500000, 0x0000000083600000, 0x0000000083600000|100%|HC|  |TAMS 0x0000000083500000, 0x0000000083500000| Complete 
|   6|0x0000000083600000, 0x0000000083700000, 0x0000000083700000|100%|HS|  |TAMS 0x0000000083600000, 0x0000000083600000| Complete 
|   7|0x0000000083700000, 0x0000000083800000, 0x0000000083800000|100%|HC|  |TAMS 0x0000000083700000, 0x0000000083700000| Complete 
|   8|0x0000000083800000, 0x0000000083900000, 0x0000000083900000|100%|HC|  |TAMS 0x0000000083800000, 0x0000000083800000| Complete 
|   9|0x0000000083900000, 0x0000000083900000, 0x0000000083a00000|  0%| F|  |TAMS 0x0000000083900000, 0x0000000083900000| Untracked 
|  10|0x0000000083a00000, 0x0000000083a00000, 0x0000000083b00000|  0%| F|  |TAMS 0x0000000083a00000, 0x0000000083a00000| Untracked 
|  11|0x0000000083b00000, 0x0000000083b00000, 0x0000000083c00000|  0%| F|  |TAMS 0x0000000083b00000, 0x0000000083b00000| Untracked 
|  12|0x0000000083c00000, 0x0000000083c00000, 0x0000000083d00000|  0%| F|  |TAMS 0x0000000083c00000, 0x0000000083c00000| Untracked 
|  13|0x0000000083d00000, 0x0000000083d00000, 0x0000000083e00000|  0%| F|  |TAMS 0x0000000083d00000, 0x0000000083d00000| Untracked 
|  14|0x0000000083e00000, 0x0000000083e00000, 0x0000000083f00000|  0%| F|  |TAMS 0x0000000083e00000, 0x0000000083e00000| Untracked 
|  15|0x0000000083f00000, 0x0000000083f00000, 0x0000000084000000|  0%| F|  |TAMS 0x0000000083f00000, 0x0000000083f00000| Untracked 
|  16|0x0000000084000000, 0x0000000084000000, 0x0000000084100000|  0%| F|  |TAMS 0x0000000084000000, 0x0000000084000000| Untracked 
|  17|0x0000000084100000, 0x0000000084100000, 0x0000000084200000|  0%| F|  |TAMS 0x0000000084100000, 0x0000000084100000| Untracked 
|  18|0x0000000084200000, 0x0000000084200000, 0x0000000084300000|  0%| F|  |TAMS 0x0000000084200000, 0x0000000084200000| Untracked 
|  19|0x0000000084300000, 0x0000000084300000, 0x0000000084400000|  0%| F|  |TAMS 0x0000000084300000, 0x0000000084300000| Untracked 
|  20|0x0000000084400000, 0x0000000084400000, 0x0000000084500000|  0%| F|  |TAMS 0x0000000084400000, 0x0000000084400000| Untracked 
|  21|0x0000000084500000, 0x0000000084500000, 0x0000000084600000|  0%| F|  |TAMS 0x0000000084500000, 0x0000000084500000| Untracked 
|  22|0x0000000084600000, 0x0000000084600000, 0x0000000084700000|  0%| F|  |TAMS 0x0000000084600000, 0x0000000084600000| Untracked 
|  23|0x0000000084700000, 0x0000000084700000, 0x0000000084800000|  0%| F|  |TAMS 0x0000000084700000, 0x0000000084700000| Untracked 
|  24|0x0000000084800000, 0x0000000084800000, 0x0000000084900000|  0%| F|  |TAMS 0x0000000084800000, 0x0000000084800000| Untracked 
|  25|0x0000000084900000, 0x0000000084900000, 0x0000000084a00000|  0%| F|  |TAMS 0x0000000084900000, 0x0000000084900000| Untracked 
|  26|0x0000000084a00000, 0x0000000084a00000, 0x0000000084b00000|  0%| F|  |TAMS 0x0000000084a00000, 0x0000000084a00000| Untracked 
|  27|0x0000000084b00000, 0x0000000084b00000, 0x0000000084c00000|  0%| F|  |TAMS 0x0000000084b00000, 0x0000000084b00000| Untracked 
|  28|0x0000000084c00000, 0x0000000084c00000, 0x0000000084d00000|  0%| F|  |TAMS 0x0000000084c00000, 0x0000000084c00000| Untracked 
|  29|0x0000000084d00000, 0x0000000084d00000, 0x0000000084e00000|  0%| F|  |TAMS 0x0000000084d00000, 0x0000000084d00000| Untracked 
|  30|0x0000000084e00000, 0x0000000084e00000, 0x0000000084f00000|  0%| F|  |TAMS 0x0000000084e00000, 0x0000000084e00000| Untracked 
|  31|0x0000000084f00000, 0x0000000084f00000, 0x0000000085000000|  0%| F|  |TAMS 0x0000000084f00000, 0x0000000084f00000| Untracked 
|  32|0x0000000085000000, 0x0000000085000000, 0x0000000085100000|  0%| F|  |TAMS 0x0000000085000000, 0x0000000085000000| Untracked 
|  33|0x0000000085100000, 0x0000000085100000, 0x0000000085200000|  0%| F|  |TAMS 0x0000000085100000, 0x0000000085100000| Untracked 
|  34|0x0000000085200000, 0x0000000085200000, 0x0000000085300000|  0%| F|  |TAMS 0x0000000085200000, 0x0000000085200000| Untracked 
|  35|0x0000000085300000, 0x0000000085300000, 0x0000000085400000|  0%| F|  |TAMS 0x0000000085300000, 0x0000000085300000| Untracked 
|  36|0x0000000085400000, 0x0000000085400000, 0x0000000085500000|  0%| F|  |TAMS 0x0000000085400000, 0x0000000085400000| Untracked 
|  37|0x0000000085500000, 0x0000000085500000, 0x0000000085600000|  0%| F|  |TAMS 0x0000000085500000, 0x0000000085500000| Untracked 
|  38|0x0000000085600000, 0x0000000085600000, 0x0000000085700000|  0%| F|  |TAMS 0x0000000085600000, 0x0000000085600000| Untracked 
|  39|0x0000000085700000, 0x0000000085700000, 0x0000000085800000|  0%| F|  |TAMS 0x0000000085700000, 0x0000000085700000| Untracked 
|  40|0x0000000085800000, 0x0000000085800000, 0x0000000085900000|  0%| F|  |TAMS 0x0000000085800000, 0x0000000085800000| Untracked 
|  41|0x0000000085900000, 0x0000000085900000, 0x0000000085a00000|  0%| F|  |TAMS 0x0000000085900000, 0x0000000085900000| Untracked 
|  42|0x0000000085a00000, 0x0000000085a00000, 0x0000000085b00000|  0%| F|  |TAMS 0x0000000085a00000, 0x0000000085a00000| Untracked 
|  43|0x0000000085b00000, 0x0000000085b00000, 0x0000000085c00000|  0%| F|  |TAMS 0x0000000085b00000, 0x0000000085b00000| Untracked 
|  44|0x0000000085c00000, 0x0000000085c00000, 0x0000000085d00000|  0%| F|  |TAMS 0x0000000085c00000, 0x0000000085c00000| Untracked 
|  45|0x0000000085d00000, 0x0000000085d00000, 0x0000000085e00000|  0%| F|  |TAMS 0x0000000085d00000, 0x0000000085d00000| Untracked 
|  46|0x0000000085e00000, 0x0000000085e00000, 0x0000000085f00000|  0%| F|  |TAMS 0x0000000085e00000, 0x0000000085e00000| Untracked 
|  47|0x0000000085f00000, 0x0000000085f00000, 0x0000000086000000|  0%| F|  |TAMS 0x0000000085f00000, 0x0000000085f00000| Untracked 
|  48|0x0000000086000000, 0x0000000086000000, 0x0000000086100000|  0%| F|  |TAMS 0x0000000086000000, 0x0000000086000000| Untracked 
|  49|0x0000000086100000, 0x0000000086100000, 0x0000000086200000|  0%| F|  |TAMS 0x0000000086100000, 0x0000000086100000| Untracked 
|  50|0x0000000086200000, 0x0000000086200000, 0x0000000086300000|  0%| F|  |TAMS 0x0000000086200000, 0x0000000086200000| Untracked 
|  51|0x0000000086300000, 0x0000000086300000, 0x0000000086400000|  0%| F|  |TAMS 0x0000000086300000, 0x0000000086300000| Untracked 
|  52|0x0000000086400000, 0x0000000086400000, 0x0000000086500000|  0%| F|  |TAMS 0x0000000086400000, 0x0000000086400000| Untracked 
|  53|0x0000000086500000, 0x0000000086500000, 0x0000000086600000|  0%| F|  |TAMS 0x0000000086500000, 0x0000000086500000| Untracked 
|  54|0x0000000086600000, 0x0000000086600000, 0x0000000086700000|  0%| F|  |TAMS 0x0000000086600000, 0x0000000086600000| Untracked 
|  55|0x0000000086700000, 0x0000000086700000, 0x0000000086800000|  0%| F|  |TAMS 0x0000000086700000, 0x0000000086700000| Untracked 
|  56|0x0000000086800000, 0x0000000086800000, 0x0000000086900000|  0%| F|  |TAMS 0x0000000086800000, 0x0000000086800000| Untracked 
|  57|0x0000000086900000, 0x0000000086900000, 0x0000000086a00000|  0%| F|  |TAMS 0x0000000086900000, 0x0000000086900000| Untracked 
|  58|0x0000000086a00000, 0x0000000086a00000, 0x0000000086b00000|  0%| F|  |TAMS 0x0000000086a00000, 0x0000000086a00000| Untracked 
|  59|0x0000000086b00000, 0x0000000086b00000, 0x0000000086c00000|  0%| F|  |TAMS 0x0000000086b00000, 0x0000000086b00000| Untracked 
|  60|0x0000000086c00000, 0x0000000086c00000, 0x0000000086d00000|  0%| F|  |TAMS 0x0000000086c00000, 0x0000000086c00000| Untracked 
|  61|0x0000000086d00000, 0x0000000086d00000, 0x0000000086e00000|  0%| F|  |TAMS 0x0000000086d00000, 0x0000000086d00000| Untracked 
|  62|0x0000000086e00000, 0x0000000086e00000, 0x0000000086f00000|  0%| F|  |TAMS 0x0000000086e00000, 0x0000000086e00000| Untracked 
|  63|0x0000000086f00000, 0x0000000086f00000, 0x0000000087000000|  0%| F|  |TAMS 0x0000000086f00000, 0x0000000086f00000| Untracked 
|  64|0x0000000087000000, 0x0000000087000000, 0x0000000087100000|  0%| F|  |TAMS 0x0000000087000000, 0x0000000087000000| Untracked 
|  65|0x0000000087100000, 0x0000000087100000, 0x0000000087200000|  0%| F|  |TAMS 0x0000000087100000, 0x0000000087100000| Untracked 
|  66|0x0000000087200000, 0x0000000087200000, 0x0000000087300000|  0%| F|  |TAMS 0x0000000087200000, 0x0000000087200000| Untracked 
|  67|0x0000000087300000, 0x0000000087300000, 0x0000000087400000|  0%| F|  |TAMS 0x0000000087300000, 0x0000000087300000| Untracked 
|  68|0x0000000087400000, 0x0000000087400000, 0x0000000087500000|  0%| F|  |TAMS 0x0000000087400000, 0x0000000087400000| Untracked 
|  69|0x0000000087500000, 0x0000000087500000, 0x0000000087600000|  0%| F|  |TAMS 0x0000000087500000, 0x0000000087500000| Untracked 
|  70|0x0000000087600000, 0x0000000087600000, 0x0000000087700000|  0%| F|  |TAMS 0x0000000087600000, 0x0000000087600000| Untracked 
|  71|0x0000000087700000, 0x0000000087700000, 0x0000000087800000|  0%| F|  |TAMS 0x0000000087700000, 0x0000000087700000| Untracked 
|  72|0x0000000087800000, 0x0000000087800000, 0x0000000087900000|  0%| F|  |TAMS 0x0000000087800000, 0x0000000087800000| Untracked 
|  73|0x0000000087900000, 0x0000000087900000, 0x0000000087a00000|  0%| F|  |TAMS 0x0000000087900000, 0x0000000087900000| Untracked 
|  74|0x0000000087a00000, 0x0000000087a00000, 0x0000000087b00000|  0%| F|  |TAMS 0x0000000087a00000, 0x0000000087a00000| Untracked 
|  75|0x0000000087b00000, 0x0000000087b00000, 0x0000000087c00000|  0%| F|  |TAMS 0x0000000087b00000, 0x0000000087b00000| Untracked 
|  76|0x0000000087c00000, 0x0000000087c00000, 0x0000000087d00000|  0%| F|  |TAMS 0x0000000087c00000, 0x0000000087c00000| Untracked 
|  77|0x0000000087d00000, 0x0000000087d00000, 0x0000000087e00000|  0%| F|  |TAMS 0x0000000087d00000, 0x0000000087d00000| Untracked 
|  78|0x0000000087e00000, 0x0000000087e00000, 0x0000000087f00000|  0%| F|  |TAMS 0x0000000087e00000, 0x0000000087e00000| Untracked 
|  79|0x0000000087f00000, 0x0000000087f53bf8, 0x0000000088000000| 32%| S|CS|TAMS 0x0000000087f00000, 0x0000000087f00000| Complete 
|  80|0x0000000088000000, 0x0000000088100000, 0x0000000088100000|100%| S|CS|TAMS 0x0000000088000000, 0x0000000088000000| Complete 
|  81|0x0000000088100000, 0x0000000088200000, 0x0000000088200000|100%| S|CS|TAMS 0x0000000088100000, 0x0000000088100000| Complete 
|  82|0x0000000088200000, 0x0000000088300000, 0x0000000088300000|100%| S|CS|TAMS 0x0000000088200000, 0x0000000088200000| Complete 
|  83|0x0000000088300000, 0x0000000088400000, 0x0000000088400000|100%| S|CS|TAMS 0x0000000088300000, 0x0000000088300000| Complete 
|  84|0x0000000088400000, 0x0000000088500000, 0x0000000088500000|100%| S|CS|TAMS 0x0000000088400000, 0x0000000088400000| Complete 
|  85|0x0000000088500000, 0x0000000088600000, 0x0000000088600000|100%| S|CS|TAMS 0x0000000088500000, 0x0000000088500000| Complete 
|  86|0x0000000088600000, 0x0000000088600000, 0x0000000088700000|  0%| F|  |TAMS 0x0000000088600000, 0x0000000088600000| Untracked 
|  87|0x0000000088700000, 0x0000000088700000, 0x0000000088800000|  0%| F|  |TAMS 0x0000000088700000, 0x0000000088700000| Untracked 
|  88|0x0000000088800000, 0x0000000088800000, 0x0000000088900000|  0%| F|  |TAMS 0x0000000088800000, 0x0000000088800000| Untracked 
|  89|0x0000000088900000, 0x0000000088900000, 0x0000000088a00000|  0%| F|  |TAMS 0x0000000088900000, 0x0000000088900000| Untracked 
|  90|0x0000000088a00000, 0x0000000088a00000, 0x0000000088b00000|  0%| F|  |TAMS 0x0000000088a00000, 0x0000000088a00000| Untracked 
|  91|0x0000000088b00000, 0x0000000088b00000, 0x0000000088c00000|  0%| F|  |TAMS 0x0000000088b00000, 0x0000000088b00000| Untracked 
|  92|0x0000000088c00000, 0x0000000088c00000, 0x0000000088d00000|  0%| F|  |TAMS 0x0000000088c00000, 0x0000000088c00000| Untracked 
|  93|0x0000000088d00000, 0x0000000088d00000, 0x0000000088e00000|  0%| F|  |TAMS 0x0000000088d00000, 0x0000000088d00000| Untracked 
|  94|0x0000000088e00000, 0x0000000088e00000, 0x0000000088f00000|  0%| F|  |TAMS 0x0000000088e00000, 0x0000000088e00000| Untracked 
|  95|0x0000000088f00000, 0x0000000088f00000, 0x0000000089000000|  0%| F|  |TAMS 0x0000000088f00000, 0x0000000088f00000| Untracked 
|  96|0x0000000089000000, 0x0000000089000000, 0x0000000089100000|  0%| F|  |TAMS 0x0000000089000000, 0x0000000089000000| Untracked 
|  97|0x0000000089100000, 0x0000000089100000, 0x0000000089200000|  0%| F|  |TAMS 0x0000000089100000, 0x0000000089100000| Untracked 
|  98|0x0000000089200000, 0x0000000089300000, 0x0000000089300000|100%| E|  |TAMS 0x0000000089200000, 0x0000000089200000| Complete 
|  99|0x0000000089300000, 0x0000000089400000, 0x0000000089400000|100%| E|CS|TAMS 0x0000000089300000, 0x0000000089300000| Complete 
| 100|0x0000000089400000, 0x0000000089500000, 0x0000000089500000|100%| E|CS|TAMS 0x0000000089400000, 0x0000000089400000| Complete 
| 101|0x0000000089500000, 0x0000000089600000, 0x0000000089600000|100%| E|CS|TAMS 0x0000000089500000, 0x0000000089500000| Complete 
| 102|0x0000000089600000, 0x0000000089700000, 0x0000000089700000|100%| E|CS|TAMS 0x0000000089600000, 0x0000000089600000| Complete 
| 103|0x0000000089700000, 0x0000000089800000, 0x0000000089800000|100%| E|CS|TAMS 0x0000000089700000, 0x0000000089700000| Complete 
| 104|0x0000000089800000, 0x0000000089900000, 0x0000000089900000|100%| E|CS|TAMS 0x0000000089800000, 0x0000000089800000| Complete 
| 105|0x0000000089900000, 0x0000000089a00000, 0x0000000089a00000|100%| E|CS|TAMS 0x0000000089900000, 0x0000000089900000| Complete 
| 106|0x0000000089a00000, 0x0000000089b00000, 0x0000000089b00000|100%| E|CS|TAMS 0x0000000089a00000, 0x0000000089a00000| Complete 
| 107|0x0000000089b00000, 0x0000000089c00000, 0x0000000089c00000|100%| E|CS|TAMS 0x0000000089b00000, 0x0000000089b00000| Complete 
| 108|0x0000000089c00000, 0x0000000089d00000, 0x0000000089d00000|100%| E|CS|TAMS 0x0000000089c00000, 0x0000000089c00000| Complete 
| 109|0x0000000089d00000, 0x0000000089e00000, 0x0000000089e00000|100%| E|CS|TAMS 0x0000000089d00000, 0x0000000089d00000| Complete 
| 110|0x0000000089e00000, 0x0000000089f00000, 0x0000000089f00000|100%| E|CS|TAMS 0x0000000089e00000, 0x0000000089e00000| Complete 
| 111|0x0000000089f00000, 0x000000008a000000, 0x000000008a000000|100%| E|CS|TAMS 0x0000000089f00000, 0x0000000089f00000| Complete 
| 112|0x000000008a000000, 0x000000008a100000, 0x000000008a100000|100%| E|CS|TAMS 0x000000008a000000, 0x000000008a000000| Complete 
| 113|0x000000008a100000, 0x000000008a200000, 0x000000008a200000|100%| E|CS|TAMS 0x000000008a100000, 0x000000008a100000| Complete 
| 114|0x000000008a200000, 0x000000008a300000, 0x000000008a300000|100%| E|CS|TAMS 0x000000008a200000, 0x000000008a200000| Complete 
| 115|0x000000008a300000, 0x000000008a400000, 0x000000008a400000|100%| E|CS|TAMS 0x000000008a300000, 0x000000008a300000| Complete 
| 116|0x000000008a400000, 0x000000008a500000, 0x000000008a500000|100%| E|CS|TAMS 0x000000008a400000, 0x000000008a400000| Complete 
| 117|0x000000008a500000, 0x000000008a600000, 0x000000008a600000|100%| E|CS|TAMS 0x000000008a500000, 0x000000008a500000| Complete 
| 118|0x000000008a600000, 0x000000008a700000, 0x000000008a700000|100%| E|CS|TAMS 0x000000008a600000, 0x000000008a600000| Complete 
| 119|0x000000008a700000, 0x000000008a800000, 0x000000008a800000|100%| E|CS|TAMS 0x000000008a700000, 0x000000008a700000| Complete 
| 120|0x000000008a800000, 0x000000008a900000, 0x000000008a900000|100%| E|CS|TAMS 0x000000008a800000, 0x000000008a800000| Complete 
| 121|0x000000008a900000, 0x000000008aa00000, 0x000000008aa00000|100%| E|CS|TAMS 0x000000008a900000, 0x000000008a900000| Complete 
| 122|0x000000008aa00000, 0x000000008ab00000, 0x000000008ab00000|100%| E|CS|TAMS 0x000000008aa00000, 0x000000008aa00000| Complete 
| 123|0x000000008ab00000, 0x000000008ac00000, 0x000000008ac00000|100%| E|CS|TAMS 0x000000008ab00000, 0x000000008ab00000| Complete 
| 124|0x000000008ac00000, 0x000000008ad00000, 0x000000008ad00000|100%| E|CS|TAMS 0x000000008ac00000, 0x000000008ac00000| Complete 
| 125|0x000000008ad00000, 0x000000008ae00000, 0x000000008ae00000|100%| E|CS|TAMS 0x000000008ad00000, 0x000000008ad00000| Complete 

Card table byte_map: [0x0000024fa07f0000,0x0000024fa0be0000] _byte_map_base: 0x0000024fa03d8000

Marking Bits (Prev, Next): (CMBitMap*) 0x0000024f8d62c180, (CMBitMap*) 0x0000024f8d62c148
 Prev Bits: [0x0000024fa2f10000, 0x0000024fa4e50000)
 Next Bits: [0x0000024fa0fd0000, 0x0000024fa2f10000)

Polling page: 0x0000024f8b560000

Metaspace:

Usage:
  Non-class:     25.08 MB capacity,    24.83 MB (>99%) used,   212.79 KB ( <1%) free+waste,    43.00 KB ( <1%) overhead. 
      Class:      3.32 MB capacity,     3.19 MB ( 96%) used,   114.42 KB (  3%) free+waste,    19.50 KB ( <1%) overhead. 
       Both:     28.40 MB capacity,    28.02 MB ( 99%) used,   327.21 KB (  1%) free+waste,    62.50 KB ( <1%) overhead. 

Virtual space:
  Non-class space:       26.00 MB reserved,      25.25 MB ( 97%) committed 
      Class space:        1.00 GB reserved,       3.38 MB ( <1%) committed 
             Both:        1.03 GB reserved,      28.63 MB (  3%) committed 

Chunk freelists:
   Non-Class:  50.00 KB
       Class:  20.00 KB
        Both:  70.00 KB

MaxMetaspaceSize: 17179869184.00 GB
CompressedClassSpaceSize: 1.00 GB

CodeHeap 'non-profiled nmethods': size=120000Kb used=663Kb max_used=663Kb free=119336Kb
 bounds [0x0000024f98ba0000, 0x0000024f98e10000, 0x0000024fa00d0000]
CodeHeap 'profiled nmethods': size=120000Kb used=3501Kb max_used=3501Kb free=116499Kb
 bounds [0x0000024f91670000, 0x0000024f919e0000, 0x0000024f98ba0000]
CodeHeap 'non-nmethods': size=5760Kb used=1169Kb max_used=1185Kb free=4590Kb
 bounds [0x0000024f910d0000, 0x0000024f91340000, 0x0000024f91670000]
 total_blobs=2494 nmethods=1994 adapters=411
 compilation: enabled
              stopped_count=0, restarted_count=0
 full_count=0

Compilation events (20 events):
Event: 1.263 Thread 0x0000024fa8313000 1986  s    4       java.io.ByteArrayOutputStream::write (32 bytes)
Event: 1.263 Thread 0x0000024fa811d000 nmethod 1984 0x0000024f919d4e10 code [0x0000024f919d5000, 0x0000024f919d5448]
Event: 1.263 Thread 0x0000024fa811d000 1987  s    3       java.io.ByteArrayOutputStream::write (43 bytes)
Event: 1.263 Thread 0x0000024fa811d000 nmethod 1987 0x0000024f919d5610 code [0x0000024f919d5820, 0x0000024f919d5e08]
Event: 1.263 Thread 0x0000024fa811d000 1988       3       java.lang.reflect.ProxyGenerator$ConstantPool$IndirectEntry::write (61 bytes)
Event: 1.264 Thread 0x0000024fa811d000 nmethod 1988 0x0000024f919d6010 code [0x0000024f919d6260, 0x0000024f919d6ba8]
Event: 1.264 Thread 0x0000024fa811d000 1989       3       java.lang.reflect.ProxyGenerator$ConstantPool$ValueEntry::write (190 bytes)
Event: 1.265 Thread 0x0000024fa811d000 nmethod 1989 0x0000024f919d6e90 code [0x0000024f919d7300, 0x0000024f919d9788]
Event: 1.265 Thread 0x0000024fa811d000 1985       3       java.util.HashMap$HashIterator::<init> (79 bytes)
Event: 1.265 Thread 0x0000024fa811d000 nmethod 1985 0x0000024f919da110 code [0x0000024f919da2e0, 0x0000024f919da6f8]
Event: 1.265 Thread 0x0000024fa811d000 1990       1       java.lang.reflect.Constructor::getRoot (5 bytes)
Event: 1.265 Thread 0x0000024fa811d000 nmethod 1990 0x0000024f98c43510 code [0x0000024f98c436c0, 0x0000024f98c43778]
Event: 1.266 Thread 0x0000024fa8313000 nmethod 1986 0x0000024f98c43810 code [0x0000024f98c439c0, 0x0000024f98c43e78]
Event: 1.273 Thread 0x0000024fa811a000 1991       4       jdk.internal.org.objectweb.asm.ByteVector::putByte (39 bytes)
Event: 1.274 Thread 0x0000024fa811a000 nmethod 1991 0x0000024f98c44010 code [0x0000024f98c441c0, 0x0000024f98c442e8]
Event: 1.284 Thread 0x0000024fa8313000 1993       4       jdk.internal.org.objectweb.asm.ClassWriter::newUTF8 (70 bytes)
Event: 1.296 Thread 0x0000024fa811d000 1994       3       jdk.internal.reflect.ReflectionFactory::getExecutableSharedParameterTypes (10 bytes)
Event: 1.296 Thread 0x0000024fa811d000 nmethod 1994 0x0000024f919da890 code [0x0000024f919daa80, 0x0000024f919dae08]
Event: 1.296 Thread 0x0000024fa811d000 1995       3       java.lang.reflect.ReflectAccess::getExecutableSharedParameterTypes (5 bytes)
Event: 1.296 Thread 0x0000024fa811d000 nmethod 1995 0x0000024f919daf90 code [0x0000024f919db140, 0x0000024f919db308]

GC Heap History (4 events):
Event: 0.411 GC heap before
{Heap before GC invocations=0 (full 0):
 garbage-first heap   total 129024K, used 27648K [0x0000000083000000, 0x0000000100000000)
  region size 1024K, 24 young (24576K), 0 survivors (0K)
 Metaspace       used 12309K, capacity 12405K, committed 12544K, reserved 1060864K
  class space    used 1157K, capacity 1174K, committed 1280K, reserved 1048576K
}
Event: 0.414 GC heap after
{Heap after GC invocations=1 (full 0):
 garbage-first heap   total 129024K, used 5710K [0x0000000083000000, 0x0000000100000000)
  region size 1024K, 3 young (3072K), 3 survivors (3072K)
 Metaspace       used 12309K, capacity 12405K, committed 12544K, reserved 1060864K
  class space    used 1157K, capacity 1174K, committed 1280K, reserved 1048576K
}
Event: 0.855 GC heap before
{Heap before GC invocations=1 (full 0):
 garbage-first heap   total 129024K, used 42574K [0x0000000083000000, 0x0000000100000000)
  region size 1024K, 40 young (40960K), 3 survivors (3072K)
 Metaspace       used 20966K, capacity 21148K, committed 21248K, reserved 1069056K
  class space    used 2215K, capacity 2278K, committed 2304K, reserved 1048576K
}
Event: 0.865 GC heap after
{Heap after GC invocations=2 (full 0):
 garbage-first heap   total 129024K, used 9550K [0x0000000083000000, 0x0000000100000000)
  region size 1024K, 7 young (7168K), 7 survivors (7168K)
 Metaspace       used 20966K, capacity 21148K, committed 21248K, reserved 1069056K
  class space    used 2215K, capacity 2278K, committed 2304K, reserved 1048576K
}

Deoptimization events (20 events):
Event: 1.110 Thread 0x0000024f8b4da000 Uncommon trap: trap_request=0xffffff4d fr.pc=0x0000024f98c2a940 relative=0x00000000000002a0
Event: 1.110 Thread 0x0000024f8b4da000 Uncommon trap: reason=unstable_if action=reinterpret pc=0x0000024f98c2a940 method=java.util.Arrays.hashCode([B)I @ 1 c2
Event: 1.111 Thread 0x0000024f8b4da000 DEOPT PACKING pc=0x0000024f98c2a940 sp=0x000000dd55dfe360
Event: 1.111 Thread 0x0000024f8b4da000 DEOPT UNPACKING pc=0x0000024f910d83af sp=0x000000dd55dfe2d0 mode 2
Event: 1.112 Thread 0x0000024f8b4da000 Uncommon trap: trap_request=0xffffff4d fr.pc=0x0000024f98c2a2f4 relative=0x00000000000000d4
Event: 1.112 Thread 0x0000024f8b4da000 Uncommon trap: reason=unstable_if action=reinterpret pc=0x0000024f98c2a2f4 method=jdk.nio.zipfs.ZipConstants.pkSigAt([BIII)Z @ 5 c2
Event: 1.112 Thread 0x0000024f8b4da000 DEOPT PACKING pc=0x0000024f98c2a2f4 sp=0x000000dd55dfe1c0
Event: 1.112 Thread 0x0000024f8b4da000 DEOPT UNPACKING pc=0x0000024f910d83af sp=0x000000dd55dfe168 mode 2
Event: 1.130 Thread 0x0000024f8b4da000 Uncommon trap: trap_request=0xffffff4d fr.pc=0x0000024f98c2dcec relative=0x000000000000014c
Event: 1.130 Thread 0x0000024f8b4da000 Uncommon trap: reason=unstable_if action=reinterpret pc=0x0000024f98c2dcec method=jdk.nio.zipfs.ZipFileSystem.getParentOff([B)I @ 21 c2
Event: 1.130 Thread 0x0000024f8b4da000 DEOPT PACKING pc=0x0000024f98c2dcec sp=0x000000dd55dfe2c0
Event: 1.130 Thread 0x0000024f8b4da000 DEOPT UNPACKING pc=0x0000024f910d83af sp=0x000000dd55dfe258 mode 2
Event: 1.136 Thread 0x0000024f8b4da000 Uncommon trap: trap_request=0xffffff6e fr.pc=0x0000024f98c1f370 relative=0x0000000000001330
Event: 1.136 Thread 0x0000024f8b4da000 Uncommon trap: reason=speculate_class_check action=maybe_recompile pc=0x0000024f98c1f370 method=java.util.zip.InflaterInputStream.read([BII)I @ 100 c2
Event: 1.136 Thread 0x0000024f8b4da000 DEOPT PACKING pc=0x0000024f98c1f370 sp=0x000000dd55dfe370
Event: 1.136 Thread 0x0000024f8b4da000 DEOPT UNPACKING pc=0x0000024f910d83af sp=0x000000dd55dfe3d0 mode 2
Event: 1.211 Thread 0x0000024f8b4da000 Uncommon trap: trap_request=0xffffff4d fr.pc=0x0000024f98c19028 relative=0x0000000000000188
Event: 1.211 Thread 0x0000024f8b4da000 Uncommon trap: reason=unstable_if action=reinterpret pc=0x0000024f98c19028 method=java.lang.String.startsWith(Ljava/lang/String;I)Z @ 1 c2
Event: 1.211 Thread 0x0000024f8b4da000 DEOPT PACKING pc=0x0000024f98c19028 sp=0x000000dd55dfdce0
Event: 1.211 Thread 0x0000024f8b4da000 DEOPT UNPACKING pc=0x0000024f910d83af sp=0x000000dd55dfdc50 mode 2

Classes redefined (0 events):
No events

Internal exceptions (18 events):
Event: 0.716 Thread 0x0000024f8b4da000 Exception <a 'java/lang/NoSuchMethodError'{0x0000000089692d80}: 'int java.lang.invoke.DirectMethodHandle$Holder.invokeSpecialIFC(java.lang.Object, java.lang.Object, int)'> (0x0000000089692d80) thrown at [./src/hotspot/share/interpreter/linkResolver.cpp, line 773]
Event: 0.807 Thread 0x0000024f8b4da000 Exception <a 'java/lang/NoSuchMethodError'{0x0000000088bf3d38}: 'java.lang.Object java.lang.invoke.DirectMethodHandle$Holder.invokeStaticInit(java.lang.Object, int)'> (0x0000000088bf3d38) thrown at [./src/hotspot/share/interpreter/linkResolver.cpp, line 773]
Event: 0.822 Thread 0x0000024f8b4da000 Exception <a 'java/lang/NoSuchMethodError'{0x000000008898c9f0}: 'long java.lang.invoke.DirectMethodHandle$Holder.invokeStatic(java.lang.Object)'> (0x000000008898c9f0) thrown at [./src/hotspot/share/interpreter/linkResolver.cpp, line 773]
Event: 0.822 Thread 0x0000024f8b4da000 Exception <a 'java/lang/NoSuchMethodError'{0x000000008898f848}: 'long java.lang.invoke.DirectMethodHandle$Holder.invokeStaticInit(java.lang.Object)'> (0x000000008898f848) thrown at [./src/hotspot/share/interpreter/linkResolver.cpp, line 773]
Event: 0.875 Thread 0x0000024f8b4da000 Exception <a 'java/lang/NoSuchMethodError'{0x000000008ad54248}: 'int java.lang.invoke.DirectMethodHandle$Holder.invokeStaticInit(java.lang.Object, java.lang.Object, java.lang.Object)'> (0x000000008ad54248) thrown at [./src/hotspot/share/interpreter/linkResolver.cpp, line 773]
Event: 0.879 Thread 0x0000024f8b4da000 Exception <a 'java/lang/NoSuchMethodError'{0x000000008add3540}: 'int java.lang.invoke.DirectMethodHandle$Holder.invokeStaticInit(java.lang.Object, java.lang.Object)'> (0x000000008add3540) thrown at [./src/hotspot/share/interpreter/linkResolver.cpp, line 773]
Event: 1.069 Thread 0x0000024f8b4da000 Exception <a 'java/lang/NoSuchMethodError'{0x000000008a389338}: 'java.lang.Object java.lang.invoke.DirectMethodHandle$Holder.invokeStatic(java.lang.Object, java.lang.Object, java.lang.Object, java.lang.Object, java.lang.Object, java.lang.Object, java.lang.Object, java.lang.Object, java.lang.Object, java.lang.Object, java.lang.Object, java.lang.Object, java.lang.Object, java.lang.Object, java.lang.Object)'> (0x000000008a389338) thrown at [./src/hotspot/share/interpreter/linkResolver.cpp, line 773]
Event: 1.070 Thread 0x0000024f8b4da000 Exception <a 'java/lang/NoSuchMethodError'{0x000000008a397340}: 'java.lang.Object java.lang.invoke.DirectMethodHandle$Holder.invokeStatic(java.lang.Object, java.lang.Object, java.lang.Object, java.lang.Object, java.lang.Object, java.lang.Object, java.lang.Object, java.lang.Object, java.lang.Object, java.lang.Object, java.lang.Object, java.lang.Object, java.lang.Object, java.lang.Object, java.lang.Object, java.lang.Object)'> (0x000000008a397340) thrown at [./src/hotspot/share/interpreter/linkResolver.cpp, l
Event: 1.070 Thread 0x0000024f8b4da000 Exception <a 'java/lang/NoSuchMethodError'{0x000000008a3a5258}: 'java.lang.Object java.lang.invoke.DirectMethodHandle$Holder.invokeSpecial(java.lang.Object, java.lang.Object, int, int, java.lang.Object, java.lang.Object, java.lang.Object)'> (0x000000008a3a5258) thrown at [./src/hotspot/share/interpreter/linkResolver.cpp, line 773]
Event: 1.071 Thread 0x0000024f8b4da000 Exception <a 'java/lang/NoSuchMethodError'{0x000000008a3a8a90}: 'java.lang.Object java.lang.invoke.DelegatingMethodHandle$Holder.reinvoke_L(java.lang.Object, int, int, java.lang.Object, java.lang.Object, java.lang.Object)'> (0x000000008a3a8a90) thrown at [./src/hotspot/share/interpreter/linkResolver.cpp, line 773]
Event: 1.071 Thread 0x0000024f8b4da000 Exception <a 'java/lang/NoSuchMethodError'{0x000000008a3ace18}: 'java.lang.Object java.lang.invoke.DirectMethodHandle$Holder.invokeStatic(java.lang.Object, java.lang.Object, java.lang.Object, java.lang.Object, int)'> (0x000000008a3ace18) thrown at [./src/hotspot/share/interpreter/linkResolver.cpp, line 773]
Event: 1.110 Thread 0x0000024f8b4da000 Implicit null exception at 0x0000024f98c2a6ac to 0x0000024f98c2a930
Event: 1.139 Thread 0x0000024f8b4da000 Exception <a 'java/lang/NoSuchMethodError'{0x0000000089d27da0}: 'void java.lang.invoke.DirectMethodHandle$Holder.invokeStatic(java.lang.Object, java.lang.Object, java.lang.Object, java.lang.Object)'> (0x0000000089d27da0) thrown at [./src/hotspot/share/interpreter/linkResolver.cpp, line 773]
Event: 1.155 Thread 0x0000024f8b4da000 Exception <a 'java/lang/NoSuchMethodError'{0x0000000089c78668}: 'void java.lang.invoke.DirectMethodHandle$Holder.invokeSpecial(java.lang.Object, java.lang.Object)'> (0x0000000089c78668) thrown at [./src/hotspot/share/interpreter/linkResolver.cpp, line 773]
Event: 1.190 Thread 0x0000024f8b4da000 Exception <a 'java/lang/NoSuchMethodError'{0x000000008991e668}: 'void java.lang.invoke.DirectMethodHandle$Holder.invokeStaticInit(java.lang.Object, java.lang.Object)'> (0x000000008991e668) thrown at [./src/hotspot/share/interpreter/linkResolver.cpp, line 773]
Event: 1.197 Thread 0x0000024f8b4da000 Exception <a 'java/lang/NoSuchMethodError'{0x000000008995cdb0}: 'void java.lang.invoke.DirectMethodHandle$Holder.invokeInterface(java.lang.Object, java.lang.Object)'> (0x000000008995cdb0) thrown at [./src/hotspot/share/interpreter/linkResolver.cpp, line 773]
Event: 1.252 Thread 0x0000024f8b4da000 Exception <a 'java/lang/NoSuchMethodError'{0x000000008957df50}: 'void java.lang.invoke.DirectMethodHandle$Holder.invokeVirtual(java.lang.Object, java.lang.Object)'> (0x000000008957df50) thrown at [./src/hotspot/share/interpreter/linkResolver.cpp, line 773]
Event: 1.259 Thread 0x0000024f8b4da000 Exception <a 'java/lang/NoSuchMethodError'{0x00000000895f5e48}: 'int java.lang.invoke.DirectMethodHandle$Holder.invokeVirtual(java.lang.Object, java.lang.Object)'> (0x00000000895f5e48) thrown at [./src/hotspot/share/interpreter/linkResolver.cpp, line 773]

Events (20 events):
Event: 1.293 loading class org/jetbrains/kotlin/psi/KtPropertyAccessor
Event: 1.293 loading class org/jetbrains/kotlin/psi/KtPropertyAccessor done
Event: 1.294 loading class org/jetbrains/kotlin/psi/stubs/elements/KtTypeAliasElementType
Event: 1.294 loading class org/jetbrains/kotlin/psi/stubs/elements/KtTypeAliasElementType done
Event: 1.295 loading class org/jetbrains/kotlin/psi/KtTypeAlias
Event: 1.295 loading class org/jetbrains/kotlin/psi/KtTypeAlias done
Event: 1.295 loading class org/jetbrains/kotlin/psi/stubs/KotlinTypeAliasStub
Event: 1.295 loading class org/jetbrains/kotlin/psi/stubs/KotlinTypeAliasStub done
Event: 1.296 loading class org/jetbrains/kotlin/psi/stubs/elements/KtObjectElementType
Event: 1.296 loading class org/jetbrains/kotlin/psi/stubs/elements/KtObjectElementType done
Event: 1.296 loading class org/jetbrains/kotlin/psi/stubs/KotlinObjectStub
Event: 1.296 loading class org/jetbrains/kotlin/psi/stubs/KotlinObjectStub done
Event: 1.297 loading class org/jetbrains/kotlin/psi/KtObjectDeclaration
Event: 1.297 loading class org/jetbrains/kotlin/psi/KtObjectDeclaration done
Event: 1.298 loading class org/jetbrains/kotlin/psi/stubs/KotlinPlaceHolderStub
Event: 1.298 loading class org/jetbrains/kotlin/psi/stubs/KotlinPlaceHolderStub done
Event: 1.298 loading class org/jetbrains/kotlin/psi/KtClassInitializer
Event: 1.298 loading class org/jetbrains/kotlin/psi/KtClassInitializer done
Event: 1.298 loading class org/jetbrains/kotlin/psi/KtAnonymousInitializer
Event: 1.298 loading class org/jetbrains/kotlin/psi/KtAnonymousInitializer done


Dynamic libraries:
0x00007ff75f4e0000 - 0x00007ff75f4ea000 	D:\Program Files\Android\jre\bin\java.exe
0x00007fffe8660000 - 0x00007fffe8850000 	C:\Windows\SYSTEM32\ntdll.dll
0x00007fffe7080000 - 0x00007fffe7132000 	C:\Windows\System32\KERNEL32.DLL
0x00007fffe5a00000 - 0x00007fffe5ca3000 	C:\Windows\System32\KERNELBASE.dll
0x00007fffe5800000 - 0x00007fffe58fa000 	C:\Windows\System32\ucrtbase.dll
0x00007fffdaa90000 - 0x00007fffdaaa9000 	D:\Program Files\Android\jre\bin\jli.dll
0x00007fffe03b0000 - 0x00007fffe03c7000 	D:\Program Files\Android\jre\bin\VCRUNTIME140.dll
0x00007fffd2cd0000 - 0x00007fffd2f55000 	C:\Windows\WinSxS\amd64_microsoft.windows.common-controls_6595b64144ccf1df_6.0.18362.535_none_e6c3b34713100821\COMCTL32.dll
0x00007fffe8460000 - 0x00007fffe85f4000 	C:\Windows\System32\USER32.dll
0x00007fffe5630000 - 0x00007fffe5651000 	C:\Windows\System32\win32u.dll
0x00007fffe7830000 - 0x00007fffe78ce000 	C:\Windows\System32\msvcrt.dll
0x00007fffe8430000 - 0x00007fffe8456000 	C:\Windows\System32\GDI32.dll
0x00007fffe7950000 - 0x00007fffe7c86000 	C:\Windows\System32\combase.dll
0x00007fffe5660000 - 0x00007fffe57f4000 	C:\Windows\System32\gdi32full.dll
0x00007fffe8310000 - 0x00007fffe8430000 	C:\Windows\System32\RPCRT4.dll
0x00007fffe6480000 - 0x00007fffe651e000 	C:\Windows\System32\msvcp_win.dll
0x00007fffe5960000 - 0x00007fffe59e0000 	C:\Windows\System32\bcryptPrimitives.dll
0x00007fffe6a00000 - 0x00007fffe6a2e000 	C:\Windows\System32\IMM32.DLL
0x00007fffc0eb0000 - 0x00007fffc0f4d000 	D:\Program Files\Android\jre\bin\msvcp140.dll
0x00007fffb2810000 - 0x00007fffb32df000 	D:\Program Files\Android\jre\bin\server\jvm.dll
0x00007fffe6950000 - 0x00007fffe69f3000 	C:\Windows\System32\ADVAPI32.dll
0x00007fffe6fe0000 - 0x00007fffe7077000 	C:\Windows\System32\sechost.dll
0x00007fffe7940000 - 0x00007fffe7948000 	C:\Windows\System32\PSAPI.DLL
0x00007fffe1cf0000 - 0x00007fffe1cf9000 	C:\Windows\SYSTEM32\WSOCK32.dll
0x00007fffe3140000 - 0x00007fffe3164000 	C:\Windows\SYSTEM32\WINMM.dll
0x00007fffe82a0000 - 0x00007fffe830f000 	C:\Windows\System32\WS2_32.dll
0x00007fffdfec0000 - 0x00007fffdfeca000 	C:\Windows\SYSTEM32\VERSION.dll
0x00007fffe3110000 - 0x00007fffe313d000 	C:\Windows\SYSTEM32\winmmbase.dll
0x00007fffe5cb0000 - 0x00007fffe5cfa000 	C:\Windows\System32\cfgmgr32.dll
0x00007fffe5580000 - 0x00007fffe5591000 	C:\Windows\System32\kernel.appcore.dll
0x00007fffe1910000 - 0x00007fffe1921000 	D:\Program Files\Android\jre\bin\verify.dll
0x00007fffe3ea0000 - 0x00007fffe4094000 	C:\Windows\SYSTEM32\DBGHELP.DLL
0x00007fffbcad0000 - 0x00007fffbcafa000 	C:\Windows\SYSTEM32\dbgcore.DLL
0x00007fffe0f30000 - 0x00007fffe0f59000 	D:\Program Files\Android\jre\bin\java.dll
0x00007fffe1ce0000 - 0x00007fffe1ceb000 	D:\Program Files\Android\jre\bin\jimage.dll
0x00007fffe0ef0000 - 0x00007fffe0f08000 	D:\Program Files\Android\jre\bin\zip.dll
0x00007fffe7140000 - 0x00007fffe7825000 	C:\Windows\System32\SHELL32.dll
0x00007fffe8150000 - 0x00007fffe81f9000 	C:\Windows\System32\shcore.dll
0x00007fffe5d00000 - 0x00007fffe647f000 	C:\Windows\System32\windows.storage.dll
0x00007fffe5610000 - 0x00007fffe562f000 	C:\Windows\System32\profapi.dll
0x00007fffe55a0000 - 0x00007fffe55ea000 	C:\Windows\System32\powrprof.dll
0x00007fffe5570000 - 0x00007fffe5580000 	C:\Windows\System32\UMPDC.dll
0x00007fffe8600000 - 0x00007fffe8652000 	C:\Windows\System32\shlwapi.dll
0x00007fffe59e0000 - 0x00007fffe59f7000 	C:\Windows\System32\cryptsp.dll
0x00007fffe0ed0000 - 0x00007fffe0eea000 	D:\Program Files\Android\jre\bin\net.dll
0x00007fffd6120000 - 0x00007fffd6210000 	C:\Windows\SYSTEM32\WINHTTP.dll
0x00007fffe4de0000 - 0x00007fffe4e47000 	C:\Windows\system32\mswsock.dll
0x00007fffe0e90000 - 0x00007fffe0ea4000 	D:\Program Files\Android\jre\bin\nio.dll

dbghelp: loaded successfully - version: 4.0.5 - missing functions: none
symbol engine: initialized successfully - sym options: 0x614 - pdb path: .;D:\Program Files\Android\jre\bin;C:\Windows\SYSTEM32;C:\Windows\WinSxS\amd64_microsoft.windows.common-controls_6595b64144ccf1df_6.0.18362.535_none_e6c3b34713100821;D:\Program Files\Android\jre\bin\server

VM Arguments:
java_command: org.jetbrains.kotlin.cli.jvm.K2JVMCompiler @D:\Gitaacademy\app\build\20211028_13948791856577552177.compiler.options
java_class_path (initial): D:\ProgramsfilesD\Android\Sdk\caches\modules-2\files-2.1\org.jetbrains.kotlin\kotlin-compiler-embeddable\1.5.30\3362a354066df1578a057c200da23cf2a1d8144f\kotlin-compiler-embeddable-1.5.30.jar;D:\ProgramsfilesD\Android\Sdk\caches\modules-2\files-2.1\org.jetbrains.kotlin\kotlin-reflect\1.5.30\6773e974437dd6432aa646cc2f8ab71de42b5773\kotlin-reflect-1.5.30.jar;D:\ProgramsfilesD\Android\Sdk\caches\modules-2\files-2.1\org.jetbrains.kotlin\kotlin-stdlib\1.5.30\d68efdea04955974ac1020f8f66ef8176bfbce1f\kotlin-stdlib-1.5.30.jar;D:\ProgramsfilesD\Android\Sdk\caches\modules-2\files-2.1\org.jetbrains.kotlin\kotlin-script-runtime\1.5.30\10697ab20bfd2f1b23baa91306950c36c4e89a8d\kotlin-script-runtime-1.5.30.jar;D:\ProgramsfilesD\Android\Sdk\caches\modules-2\files-2.1\org.jetbrains.kotlin\kotlin-daemon-embeddable\1.5.30\e355dc9011e559a475608265607948109e113ae0\kotlin-daemon-embeddable-1.5.30.jar;D:\ProgramsfilesD\Android\Sdk\caches\modules-2\files-2.1\org.jetbrains.intellij.deps\trove4j\1.0.20181211\216c2e14b070f334479d800987affe4054cd563f\trove4j-1.0.20181211.jar;D:\ProgramsfilesD\Android\Sdk\caches\modules-2\files-2.1\org.jetbrains\annotations\13.0\919f0dfe192fb4e063e7dacadee7f8bb9a2672a9\annotations-13.0.jar;D:\ProgramsfilesD\Android\Sdk\caches\modules-2\files-2.1\org.jetbrains.kotlin\kotlin-stdlib-common\1.5.30\649ffab7767038323fec0cc41e2d7b0a8f65a378\kotlin-stdlib-common-1.5.30.jar
Launcher Type: SUN_STANDARD

[Global flags]
     intx CICompilerCount                          = 4                                         {product} {ergonomic}
     uint ConcGCThreads                            = 2                                         {product} {ergonomic}
     uint G1ConcRefinementThreads                  = 8                                         {product} {ergonomic}
   size_t G1HeapRegionSize                         = 1048576                                   {product} {ergonomic}
    uintx GCDrainStackTargetSize                   = 64                                        {product} {ergonomic}
   size_t InitialHeapSize                          = 132120576                                 {product} {ergonomic}
   size_t MarkStackSize                            = 4194304                                   {product} {ergonomic}
   size_t MaxHeapSize                              = 2097152000                                {product} {ergonomic}
   size_t MaxNewSize                               = 1258291200                                {product} {ergonomic}
   size_t MinHeapDeltaBytes                        = 1048576                                   {product} {ergonomic}
    uintx NonNMethodCodeHeapSize                   = 5836300                                {pd product} {ergonomic}
    uintx NonProfiledCodeHeapSize                  = 122910970                              {pd product} {ergonomic}
    uintx ProfiledCodeHeapSize                     = 122910970                              {pd product} {ergonomic}
    uintx ReservedCodeCacheSize                    = 251658240                              {pd product} {ergonomic}
     bool SegmentedCodeCache                       = true                                      {product} {ergonomic}
     bool UseCompressedClassPointers               = true                                 {lp64_product} {ergonomic}
     bool UseCompressedOops                        = true                                 {lp64_product} {ergonomic}
     bool UseG1GC                                  = true                                      {product} {ergonomic}
     bool UseLargePagesIndividualAllocation        = false                                  {pd product} {ergonomic}

Logging:
Log output configuration:
 #0: stdout all=warning uptime,level,tags
 #1: stderr all=off uptime,level,tags

Environment Variables:
JAVA_HOME=D:\Program Files\Java
PATH=C:\PROGRA~2\Borland\CBUILD~1\Bin;C:\PROGRA~2\Borland\CBUILD~1\Projects\Bpl;C:\Program Files\Common Files\Oracle\Java\javapath;C:\Windows\system32;C:\Windows;C:\Windows\System32\Wbem;C:\Windows\System32\WindowsPowerShell\v1.0\;C:\Program Files (x86)\NVIDIA Corporation\PhysX\Common;C:\Program Files\NVIDIA Corporation\NVIDIA NvDLISR;C:\Program Files\Microsoft\Web Platform Installer\;C:\Program Files (x86)\Microsoft ASP.NET\ASP.NET Web Pages\v1.0\;C:\Program Files\Microsoft SQL Server\110\Tools\Binn\;C:\Program Files (x86)\IncrediBuild;C:\Program Files\Git\cmd;C:\Users\asus\AppData\Local\Microsoft\WindowsApps;;D:\Program Files\JetBrains\IntelliJ IDEA Community Edition 2020.3\bin;
USERNAME=asus
OS=Windows_NT
PROCESSOR_IDENTIFIER=Intel64 Family 6 Model 126 Stepping 5, GenuineIntel



---------------  S Y S T E M  ---------------

OS: Windows 10 , 64 bit Build 18362 (10.0.18362.329)
OS uptime: 0 days 3:02 hours

CPU:total 8 (initial active 8) (4 cores per cpu, 2 threads per core) family 6 model 126 stepping 5 microcode 0x96, cmov, cx8, fxsr, mmx, sse, sse2, sse3, ssse3, sse4.1, sse4.2, popcnt, avx, avx2, aes, clmul, erms, 3dnowpref, lzcnt, ht, tsc, tscinvbit, bmi1, bmi2, adx, evex, sha, fma

Memory: 4k page, system-wide physical 7997M (1257M free)
TotalPageFile size 7997M (AvailPageFile size 3M)
current process WorkingSet (physical memory assigned to process): 151M, peak: 151M
current process commit charge ("private bytes"): 261M, peak: 262M

vm_info: OpenJDK 64-Bit Server VM (11.0.10+0-b96-7249189) for windows-amd64 JRE (11.0.10+0-b96-7249189), built on Mar 31 2021 21:44:00 by "builder" with MS VC++ 14.0 (VS2015)

END.
