#
# There is insufficient memory for the Java Runtime Environment to continue.
# Native memory allocation (mmap) failed to map 357564416 bytes for Failed to commit area from 0x0000000095b00000 to 0x00000000ab000000 of length 357564416.
# Possible reasons:
#   The system is out of physical RAM or swap space
#   The process is running with CompressedOops enabled, and the Java Heap may be blocking the growth of the native heap
# Possible solutions:
#   Reduce memory load on the system
#   Increase physical memory or swap space
#   Check if swap backing store is full
#   Decrease Java heap size (-Xmx/-Xms)
#   Decrease number of Java threads
#   Decrease Java thread stack sizes (-Xss)
#   Set larger code cache with -XX:ReservedCodeCacheSize=
#   JVM is running with Unscaled Compressed Oops mode in which the Java heap is
#     placed in the first 4GB address space. The Java Heap base address is the
#     maximum limit for the native heap growth. Please use -XX:HeapBaseMinAddress
#     to set the Java Heap base and to place the Java Heap above 4GB virtual address.
# This output file may be truncated or incomplete.
#
#  Out of Memory Error (./src/hotspot/os/windows/os_windows.cpp:3301), pid=6492, tid=1056
#
# JRE version: OpenJDK Runtime Environment (11.0.10) (build 11.0.10+0-b96-7249189)
# Java VM: OpenJDK 64-Bit Server VM (11.0.10+0-b96-7249189, mixed mode, tiered, compressed oops, g1 gc, windows-amd64)
# No core dump will be written. Minidumps are not enabled by default on client versions of Windows
#

---------------  S U M M A R Y ------------

Command Line: --add-opens=java.base/java.util=ALL-UNNAMED --add-opens=java.base/java.lang=ALL-UNNAMED --add-opens=java.base/java.lang.invoke=ALL-UNNAMED --add-opens=java.base/java.util=ALL-UNNAMED --add-opens=java.prefs/java.util.prefs=ALL-UNNAMED --add-opens=java.prefs/java.util.prefs=ALL-UNNAMED --add-opens=java.base/java.nio.charset=ALL-UNNAMED --add-opens=java.base/java.net=ALL-UNNAMED --add-opens=java.base/java.util.concurrent.atomic=ALL-UNNAMED -Xmx2048m -Dfile.encoding=UTF-8 -Duser.country=RU -Duser.language=ru -Duser.variant org.gradle.launcher.daemon.bootstrap.GradleDaemon 7.0.2

Host: Intel(R) Core(TM) i7-1065G7 CPU @ 1.30GHz, 8 cores, 7G,  Windows 10 , 64 bit Build 18362 (10.0.18362.329)
Time: Fri Sep 17 11:21:12 2021 Caiaaiay Acey (ceia) elapsed time: 1255.608518 seconds (0d 0h 20m 55s)

---------------  T H R E A D  ---------------

Current thread (0x0000016eff0a4000):  VMThread "VM Thread" [stack: 0x0000003be5c00000,0x0000003be5d00000] [id=1056]

Stack: [0x0000003be5c00000,0x0000003be5d00000]
[error occurred during error reporting (printing stack bounds), id 0xc0000005, EXCEPTION_ACCESS_VIOLATION (0xc0000005) at pc=0x0000016eee7210e7]

Native frames: (J=compiled Java code, j=interpreted, Vv=VM code, C=native code)
V  [jvm.dll+0x5ecfaa]
V  [jvm.dll+0x722bd5]
V  [jvm.dll+0x72412d]
V  [jvm.dll+0x724745]
V  [jvm.dll+0x7246fb]
V  [jvm.dll+0x5ec348]
V  [jvm.dll+0x5ecad8]
C  [ntdll.dll+0xa11ff]
C  [ntdll.dll+0x6a289]
C  [ntdll.dll+0x9fe6e]
C  0x0000016eee7210e7

VM_Operation (0x0000003bebbfe0a0): G1CollectForAllocation, mode: safepoint, requested by thread 0x0000016e89681000


---------------  P R O C E S S  ---------------

Threads class SMR info:
_java_thread_list=0x0000016e8b2e7880, length=89, elements={
0x0000016eeac3e800, 0x0000016eff8d3800, 0x0000016eff8d5800, 0x0000016eff92a000,
0x0000016eff92f800, 0x0000016eff930800, 0x0000016eff0a7000, 0x0000016eff0aa800,
0x0000016eff0ac800, 0x0000016effa90000, 0x0000016e88e5c000, 0x0000016e872b4000,
0x0000016e87b8b000, 0x0000016e8709c000, 0x0000016e8709d800, 0x0000016e8709c800,
0x0000016e87098800, 0x0000016e8709b000, 0x0000016e8967e000, 0x0000016e8967e800,
0x0000016e8967b800, 0x0000016e8967c000, 0x0000016e8967f800, 0x0000016e89687000,
0x0000016e89284800, 0x0000016e89280800, 0x0000016e89287000, 0x0000016e89285000,
0x0000016e89286000, 0x0000016effc74000, 0x0000016e89679000, 0x0000016e89683800,
0x0000016e89682000, 0x0000016e89682800, 0x0000016e89281000, 0x0000016e86196000,
0x0000016e86197000, 0x0000016e896bb800, 0x0000016e896b8800, 0x0000016e86198000,
0x0000016e86192000, 0x0000016e896b6000, 0x0000016e896bb000, 0x0000016e8709f000,
0x0000016e8709e800, 0x0000016e87099800, 0x0000016e8709a800, 0x0000016effc6c000,
0x0000016effc66000, 0x0000016effc6a000, 0x0000016effc69800, 0x0000016effc68800,
0x0000016effc6c800, 0x0000016effc67000, 0x0000016effc72800, 0x0000016effc70800,
0x0000016effc73000, 0x0000016effc6d800, 0x0000016effc6e800, 0x0000016effc75000,
0x0000016effc6f000, 0x0000016effc71800, 0x0000016effc70000, 0x0000016e86193800,
0x0000016e86193000, 0x0000016e86198800, 0x0000016e86199800, 0x0000016e8619a000,
0x0000016e86194800, 0x0000016e8619b000, 0x0000016e86195800, 0x0000016e8619c000,
0x0000016e8619c800, 0x0000016e8619d800, 0x0000016e861a1000, 0x0000016e861a0000,
0x0000016e896b7000, 0x0000016e896bc800, 0x0000016e89678000, 0x0000016e89679800,
0x0000016e89685000, 0x0000016e89681000, 0x0000016e89686000, 0x0000016e89282000,
0x0000016e89283800, 0x0000016e8c8dd000, 0x0000016e8c8de800, 0x0000016e8c8e0800,
0x0000016e8c8e1000
}

Java Threads: ( => current thread )
  0x0000016eeac3e800 JavaThread "main" [_thread_blocked, id=6276, stack(0x0000003be5600000,0x0000003be5700000)]
  0x0000016eff8d3800 JavaThread "Reference Handler" daemon [_thread_blocked, id=9068, stack(0x0000003be5d00000,0x0000003be5e00000)]
  0x0000016eff8d5800 JavaThread "Finalizer" daemon [_thread_blocked, id=5640, stack(0x0000003be5e00000,0x0000003be5f00000)]
  0x0000016eff92a000 JavaThread "Signal Dispatcher" daemon [_thread_blocked, id=6328, stack(0x0000003be5f00000,0x0000003be6000000)]
  0x0000016eff92f800 JavaThread "Attach Listener" daemon [_thread_blocked, id=6168, stack(0x0000003be6000000,0x0000003be6100000)]
  0x0000016eff930800 JavaThread "Service Thread" daemon [_thread_blocked, id=2804, stack(0x0000003be6100000,0x0000003be6200000)]
  0x0000016eff0a7000 JavaThread "C2 CompilerThread0" daemon [_thread_blocked, id=7864, stack(0x0000003be6200000,0x0000003be6300000)]
  0x0000016eff0aa800 JavaThread "C1 CompilerThread0" daemon [_thread_blocked, id=692, stack(0x0000003be6300000,0x0000003be6400000)]
  0x0000016eff0ac800 JavaThread "Sweeper thread" daemon [_thread_blocked, id=864, stack(0x0000003be6400000,0x0000003be6500000)]
  0x0000016effa90000 JavaThread "Common-Cleaner" daemon [_thread_blocked, id=6476, stack(0x0000003be6500000,0x0000003be6600000)]
  0x0000016e88e5c000 JavaThread "Daemon health stats" [_thread_blocked, id=3160, stack(0x0000003be6b00000,0x0000003be6c00000)]
  0x0000016e872b4000 JavaThread "Incoming local TCP Connector on port 56089" [_thread_in_native, id=548, stack(0x0000003be6c00000,0x0000003be6d00000)]
  0x0000016e87b8b000 JavaThread "Daemon periodic checks" [_thread_blocked, id=7936, stack(0x0000003be6d00000,0x0000003be6e00000)]
  0x0000016e8709c000 JavaThread "Cache worker for file hash cache (D:\ProgramsfilesD\Android\Sdk\caches\7.0.2\fileHashes)" [_thread_blocked, id=3248, stack(0x0000003be7a00000,0x0000003be7b00000)]
  0x0000016e8709d800 JavaThread "File lock request listener" [_thread_in_native, id=2036, stack(0x0000003be7b00000,0x0000003be7c00000)]
  0x0000016e8709c800 JavaThread "Cache worker for journal cache (D:\ProgramsfilesD\Android\Sdk\caches\journal-1)" [_thread_blocked, id=2440, stack(0x0000003be7d00000,0x0000003be7e00000)]
  0x0000016e87098800 JavaThread "File watcher server" daemon [_thread_blocked, id=828, stack(0x0000003be7f00000,0x0000003be8000000)]
  0x0000016e8709b000 JavaThread "File watcher consumer" daemon [_thread_blocked, id=1836, stack(0x0000003be8000000,0x0000003be8100000)]
  0x0000016e8967e000 JavaThread "Cache worker for execution history cache (D:\ProgramsfilesD\Android\Sdk\caches\7.0.2\executionHistory)" [_thread_blocked, id=8524, stack(0x0000003be8400000,0x0000003be8500000)]
  0x0000016e8967e800 JavaThread "jar transforms" [_thread_blocked, id=6588, stack(0x0000003be8500000,0x0000003be8600000)]
  0x0000016e8967b800 JavaThread "jar transforms Thread 2" [_thread_blocked, id=7416, stack(0x0000003be8600000,0x0000003be8700000)]
  0x0000016e8967c000 JavaThread "Cache worker for file content cache (D:\ProgramsfilesD\Android\Sdk\caches\7.0.2\fileContent)" [_thread_blocked, id=3228, stack(0x0000003be8700000,0x0000003be8800000)]
  0x0000016e8967f800 JavaThread "jar transforms Thread 3" [_thread_blocked, id=5848, stack(0x0000003be8900000,0x0000003be8a00000)]
  0x0000016e89687000 JavaThread "jar transforms Thread 4" [_thread_blocked, id=3324, stack(0x0000003be9300000,0x0000003be9400000)]
  0x0000016e89284800 JavaThread "jar transforms Thread 5" [_thread_blocked, id=1580, stack(0x0000003be9400000,0x0000003be9500000)]
  0x0000016e89280800 JavaThread "jar transforms Thread 6" [_thread_blocked, id=3140, stack(0x0000003be9500000,0x0000003be9600000)]
  0x0000016e89287000 JavaThread "jar transforms Thread 7" [_thread_blocked, id=2168, stack(0x0000003be9600000,0x0000003be9700000)]
  0x0000016e89285000 JavaThread "jar transforms Thread 8" [_thread_blocked, id=2704, stack(0x0000003be9700000,0x0000003be9800000)]
  0x0000016e89286000 JavaThread "Memory manager" [_thread_blocked, id=7880, stack(0x0000003be9800000,0x0000003be9900000)]
  0x0000016effc74000 JavaThread "ForkJoinPool.commonPool-worker-9" daemon [_thread_blocked, id=2380, stack(0x0000003beae00000,0x0000003beaf00000)]
  0x0000016e89679000 JavaThread "RMI Scheduler(0)" daemon [_thread_blocked, id=4004, stack(0x0000003be8200000,0x0000003be8300000)]
  0x0000016e89683800 JavaThread "RMI GC Daemon" daemon [_thread_blocked, id=5568, stack(0x0000003bea000000,0x0000003bea100000)]
  0x0000016e89682000 JavaThread "RMI TCP Accept-0" daemon [_thread_in_native, id=1324, stack(0x0000003bea500000,0x0000003bea600000)]
  0x0000016e89682800 JavaThread "RMI Reaper" [_thread_blocked, id=8000, stack(0x0000003bea600000,0x0000003bea700000)]
  0x0000016e89281000 JavaThread "ForkJoinPool.commonPool-worker-3" daemon [_thread_blocked, id=1516, stack(0x0000003beac00000,0x0000003bead00000)]
  0x0000016e86196000 JavaThread "ForkJoinPool.commonPool-worker-1" daemon [_thread_blocked, id=6272, stack(0x0000003beb700000,0x0000003beb800000)]
  0x0000016e86197000 JavaThread "ForkJoinPool.commonPool-worker-11" daemon [_thread_blocked, id=5884, stack(0x0000003beb900000,0x0000003beba00000)]
  0x0000016e896bb800 JavaThread "ForkJoinPool.commonPool-worker-5" daemon [_thread_blocked, id=9804, stack(0x0000003beb600000,0x0000003beb700000)]
  0x0000016e896b8800 JavaThread "ForkJoinPool.commonPool-worker-7" daemon [_thread_blocked, id=9808, stack(0x0000003beb800000,0x0000003beb900000)]
  0x0000016e86198000 JavaThread "Daemon Thread 8" [_thread_blocked, id=448, stack(0x0000003be5300000,0x0000003be5400000)]
  0x0000016e86192000 JavaThread "Daemon worker Thread 8" [_thread_blocked, id=3008, stack(0x0000003be6700000,0x0000003be6800000)]
  0x0000016e896b6000 JavaThread "RMI TCP Connection(15)-127.0.0.1" daemon [_thread_in_native, id=5744, stack(0x0000003bea700000,0x0000003bea800000)]
  0x0000016e896bb000 JavaThread "RMI TCP Connection(16)-127.0.0.1" daemon [_thread_in_native, id=5636, stack(0x0000003bea800000,0x0000003bea900000)]
  0x0000016e8709f000 JavaThread "ForkJoinPool.commonPool-worker-13" daemon [_thread_blocked, id=7900, stack(0x0000003beb300000,0x0000003beb400000)]
  0x0000016e8709e800 JavaThread "Handler for socket connection from /127.0.0.1:56089 to /127.0.0.1:60424" [_thread_in_native, id=9552, stack(0x0000003be5400000,0x0000003be5500000)]
  0x0000016e87099800 JavaThread "Cancel handler" [_thread_blocked, id=9544, stack(0x0000003be5500000,0x0000003be5600000)]
  0x0000016e8709a800 JavaThread "Asynchronous log dispatcher for DefaultDaemonConnection: socket connection from /127.0.0.1:56089 to /127.0.0.1:60424" [_thread_blocked, id=9352, stack(0x0000003be6800000,0x0000003be6900000)]
  0x0000016effc6c000 JavaThread "Stdin handler" [_thread_blocked, id=1084, stack(0x0000003be6e00000,0x0000003be6f00000)]
  0x0000016effc66000 JavaThread "Daemon client event forwarder" [_thread_blocked, id=3304, stack(0x0000003be6f00000,0x0000003be7000000)]
  0x0000016effc6a000 JavaThread "Cache worker for file hash cache (D:\Gitaacademy\.gradle\7.0.2\fileHashes)" [_thread_blocked, id=9204, stack(0x0000003be7000000,0x0000003be7100000)]
  0x0000016effc69800 JavaThread "Cache worker for checksums cache (D:\Gitaacademy\.gradle\checksums)" [_thread_blocked, id=8068, stack(0x0000003be7100000,0x0000003be7200000)]
  0x0000016effc68800 JavaThread "Cache worker for cache directory md-supplier (D:\ProgramsfilesD\Android\Sdk\caches\7.0.2\md-supplier)" [_thread_blocked, id=1444, stack(0x0000003be7200000,0x0000003be7300000)]
  0x0000016effc6c800 JavaThread "Cache worker for cache directory md-rule (D:\ProgramsfilesD\Android\Sdk\caches\7.0.2\md-rule)" [_thread_blocked, id=2116, stack(0x0000003be7300000,0x0000003be7400000)]
  0x0000016effc67000 JavaThread "Cache worker for dependencies-accessors (D:\Gitaacademy\.gradle\7.0.2\dependencies-accessors)" [_thread_blocked, id=3216, stack(0x0000003be7400000,0x0000003be7500000)]
  0x0000016effc72800 JavaThread "Cache worker for Build Output Cleanup Cache (D:\Gitaacademy\.gradle\buildOutputCleanup)" [_thread_blocked, id=9524, stack(0x0000003be7e00000,0x0000003be7f00000)]
  0x0000016effc70800 JavaThread "C2 CompilerThread1" daemon [_thread_in_native, id=9728, stack(0x0000003be8100000,0x0000003be8200000)]
  0x0000016effc73000 JavaThread "C2 CompilerThread2" daemon [_thread_in_native, id=9532, stack(0x0000003be8300000,0x0000003be8400000)]
  0x0000016effc6d800 JavaThread "Build operations" [_thread_blocked, id=9820, stack(0x0000003be8800000,0x0000003be8900000)]
  0x0000016effc6e800 JavaThread "Build operations Thread 2" [_thread_blocked, id=3868, stack(0x0000003be8a00000,0x0000003be8b00000)]
  0x0000016effc75000 JavaThread "Build operations Thread 3" [_thread_blocked, id=9212, stack(0x0000003be8b00000,0x0000003be8c00000)]
  0x0000016effc6f000 JavaThread "Build operations Thread 4" [_thread_blocked, id=2688, stack(0x0000003be8c00000,0x0000003be8d00000)]
  0x0000016effc71800 JavaThread "Build operations Thread 5" [_thread_blocked, id=9404, stack(0x0000003be8d00000,0x0000003be8e00000)]
  0x0000016effc70000 JavaThread "Build operations Thread 6" [_thread_blocked, id=9800, stack(0x0000003be8e00000,0x0000003be8f00000)]
  0x0000016e86193800 JavaThread "Build operations Thread 7" [_thread_blocked, id=9420, stack(0x0000003be8f00000,0x0000003be9000000)]
  0x0000016e86193000 JavaThread "Build operations Thread 8" [_thread_blocked, id=1520, stack(0x0000003be9000000,0x0000003be9100000)]
  0x0000016e86198800 JavaThread "build event listener" [_thread_blocked, id=9328, stack(0x0000003be9100000,0x0000003be9200000)]
  0x0000016e86199800 JavaThread "Execution worker for ':'" [_thread_in_native, id=9416, stack(0x0000003be9200000,0x0000003be9300000)]
  0x0000016e8619a000 JavaThread "Execution worker for ':' Thread 2" [_thread_blocked, id=9836, stack(0x0000003be9900000,0x0000003be9a00000)]
  0x0000016e86194800 JavaThread "Execution worker for ':' Thread 3" [_thread_blocked, id=4036, stack(0x0000003be9a00000,0x0000003be9b00000)]
  0x0000016e8619b000 JavaThread "Execution worker for ':' Thread 4" [_thread_blocked, id=9428, stack(0x0000003be9b00000,0x0000003be9c00000)]
  0x0000016e86195800 JavaThread "Execution worker for ':' Thread 5" [_thread_blocked, id=9432, stack(0x0000003be9c00000,0x0000003be9d00000)]
  0x0000016e8619c000 JavaThread "Execution worker for ':' Thread 6" [_thread_blocked, id=6596, stack(0x0000003be9d00000,0x0000003be9e00000)]
  0x0000016e8619c800 JavaThread "Execution worker for ':' Thread 7" [_thread_blocked, id=6096, stack(0x0000003be9e00000,0x0000003be9f00000)]
  0x0000016e8619d800 JavaThread "Cache worker for execution history cache (D:\Gitaacademy\.gradle\7.0.2\executionHistory)" [_thread_blocked, id=5936, stack(0x0000003be9f00000,0x0000003bea000000)]
  0x0000016e861a1000 JavaThread "WorkerExecutor Queue" [_thread_blocked, id=8376, stack(0x0000003bea100000,0x0000003bea200000)]
  0x0000016e861a0000 JavaThread "WorkerExecutor Queue Thread 4" [_thread_blocked, id=6740, stack(0x0000003beab00000,0x0000003beac00000)]
  0x0000016e896b7000 JavaThread "WorkerExecutor Queue Thread 5" [_thread_blocked, id=9840, stack(0x0000003bead00000,0x0000003beae00000)]
  0x0000016e896bc800 JavaThread "pool-46-thread-1" [_thread_blocked, id=7712, stack(0x0000003beb200000,0x0000003beb300000)]
  0x0000016e89678000 JavaThread "stderr" [_thread_in_native, id=5260, stack(0x0000003beb400000,0x0000003beb500000)]
  0x0000016e89679800 JavaThread "stdout" [_thread_in_native, id=8392, stack(0x0000003beb500000,0x0000003beb600000)]
  0x0000016e89685000 JavaThread "ForkJoinPool-1-worker-3" daemon [_thread_blocked, id=7160, stack(0x0000003beba00000,0x0000003bebb00000)]
  0x0000016e89681000 JavaThread "ForkJoinPool-1-worker-5" daemon [_thread_blocked, id=8128, stack(0x0000003bebb00000,0x0000003bebc00000)]
  0x0000016e89686000 JavaThread "ForkJoinPool-1-worker-7" daemon [_thread_blocked, id=3080, stack(0x0000003bebc00000,0x0000003bebd00000)]
  0x0000016e89282000 JavaThread "ForkJoinPool-1-worker-9" daemon [_thread_blocked, id=8428, stack(0x0000003bebd00000,0x0000003bebe00000)]
  0x0000016e89283800 JavaThread "ForkJoinPool-1-worker-11" daemon [_thread_blocked, id=8048, stack(0x0000003bebe00000,0x0000003bebf00000)]
  0x0000016e8c8dd000 JavaThread "ForkJoinPool-1-worker-13" daemon [_thread_blocked, id=8232, stack(0x0000003bebf00000,0x0000003bec000000)]
  0x0000016e8c8de800 JavaThread "ForkJoinPool-1-worker-15" daemon [_thread_blocked, id=2008, stack(0x0000003bec000000,0x0000003bec100000)]
  0x0000016e8c8e0800 JavaThread "ForkJoinPool-1-worker-1" daemon [_thread_blocked, id=2896, stack(0x0000003bec100000,0x0000003bec200000)]
  0x0000016e8c8e1000 JavaThread "RMI RenewClean-[127.0.0.1:17512,org.jetbrains.kotlin.daemon.common.LoopbackNetworkInterface$ClientLoopbackSocketFactory@19da2ed6]" daemon [_thread_blocked, id=8312, stack(0x0000003bec200000,0x0000003bec300000)]

Other Threads:
=>0x0000016eff0a4000 VMThread "VM Thread" [stack: 0x0000003be5c00000,0x0000003be5d00000] [id=1056]
  0x0000016effa98800 WatcherThread [stack: 0x0000003be6600000,0x0000003be6700000] [id=4780]
  0x0000016eeac57800 GCTaskThread "GC Thread#0" [stack: 0x0000003be5700000,0x0000003be5800000] [id=3392]
  0x0000016e86a45800 GCTaskThread "GC Thread#1" [stack: 0x0000003be6900000,0x0000003be6a00000] [id=4576]
  0x0000016e86d69800 GCTaskThread "GC Thread#2" [stack: 0x0000003be6a00000,0x0000003be6b00000] [id=5084]
  0x0000016e88718000 GCTaskThread "GC Thread#3" [stack: 0x0000003be7500000,0x0000003be7600000] [id=5748]
  0x0000016e88719000 GCTaskThread "GC Thread#4" [stack: 0x0000003be7600000,0x0000003be7700000] [id=6828]
  0x0000016e87faa000 GCTaskThread "GC Thread#5" [stack: 0x0000003be7700000,0x0000003be7800000] [id=5340]
  0x0000016e87faa800 GCTaskThread "GC Thread#6" [stack: 0x0000003be7800000,0x0000003be7900000] [id=7788]
  0x0000016e884e0000 GCTaskThread "GC Thread#7" [stack: 0x0000003be7900000,0x0000003be7a00000] [id=3096]
  0x0000016eeac8a000 ConcurrentGCThread "G1 Main Marker" [stack: 0x0000003be5800000,0x0000003be5900000] [id=1612]
  0x0000016eeac8b800 ConcurrentGCThread "G1 Conc#0" [stack: 0x0000003be5900000,0x0000003be5a00000] [id=3236]
  0x0000016e87e02000 ConcurrentGCThread "G1 Conc#1" [stack: 0x0000003be7c00000,0x0000003be7d00000] [id=4912]
  0x0000016efeef2800 ConcurrentGCThread "G1 Refine#0" [stack: 0x0000003be5a00000,0x0000003be5b00000] [id=4616]
  0x0000016e8ee72000 ConcurrentGCThread "G1 Refine#1" [stack: 0x0000003bea200000,0x0000003bea300000] [id=8272]
  0x0000016e8cf71000 ConcurrentGCThread "G1 Refine#2" [stack: 0x0000003bea300000,0x0000003bea400000] [id=8612]
  0x0000016e8e1ab000 ConcurrentGCThread "G1 Refine#3" [stack: 0x0000003bea400000,0x0000003bea500000] [id=8572]
  0x0000016eead0b800 ConcurrentGCThread "G1 Young RemSet Sampling" [stack: 0x0000003be5b00000,0x0000003be5c00000] [id=300]

Threads with active compile tasks:
C2 CompilerThread01255624 23819       4       com.android.tools.r8.dex.m$$Lambda$1624/0x0000000100f06440::accept (20 bytes)
C2 CompilerThread11255624 23756       4       com.android.tools.r8.internal.Dw::a (73 bytes)
C2 CompilerThread21255624 23755       4       com.android.tools.r8.internal.Dw::a (52 bytes)

VM state:at safepoint (normal execution)

VM Mutex/Monitor currently owned by a thread:  ([mutex/lock_event])
[0x0000016eeac3b120] Threads_lock - owner thread: 0x0000016eff0a4000
[0x0000016eeac3aee0] Heap_lock - owner thread: 0x0000016e89681000

Heap address: 0x0000000080000000, size: 2048 MB, Compressed Oops mode: 32-bit
Narrow klass base: 0x0000000000000000, Narrow klass shift: 3
Compressed class space size: 1073741824 Address: 0x0000000100000000

Heap:
 garbage-first heap   total 704512K, used 215815K [0x0000000080000000, 0x0000000100000000)
  region size 1024K, 9 young (9216K), 9 survivors (9216K)
 Metaspace       used 119412K, capacity 123458K, committed 123648K, reserved 1157120K
  class space    used 15145K, capacity 16659K, committed 16716K, reserved 1048576K
Heap Regions: E=young(eden), S=young(survivor), O=old, HS=humongous(starts), HC=humongous(continues), CS=collection set, F=free, A=archive, TAMS=top-at-mark-start (previous, next)
|   0|0x0000000080000000, 0x0000000080100000, 0x0000000080100000|100%| O|  |TAMS 0x0000000080100000, 0x0000000080100000| Untracked 
|   1|0x0000000080100000, 0x0000000080200000, 0x0000000080200000|100%| O|  |TAMS 0x0000000080200000, 0x0000000080200000| Untracked 
|   2|0x0000000080200000, 0x0000000080300000, 0x0000000080300000|100%| O|  |TAMS 0x0000000080300000, 0x0000000080300000| Untracked 
|   3|0x0000000080300000, 0x0000000080400000, 0x0000000080400000|100%|HS|  |TAMS 0x0000000080400000, 0x0000000080400000| Complete 
|   4|0x0000000080400000, 0x0000000080500000, 0x0000000080500000|100%|HC|  |TAMS 0x0000000080500000, 0x0000000080500000| Complete 
|   5|0x0000000080500000, 0x0000000080600000, 0x0000000080600000|100%|HC|  |TAMS 0x0000000080600000, 0x0000000080600000| Complete 
|   6|0x0000000080600000, 0x0000000080700000, 0x0000000080700000|100%| O|  |TAMS 0x0000000080700000, 0x0000000080700000| Untracked 
|   7|0x0000000080700000, 0x0000000080800000, 0x0000000080800000|100%| O|  |TAMS 0x0000000080800000, 0x0000000080800000| Untracked 
|   8|0x0000000080800000, 0x0000000080900000, 0x0000000080900000|100%| O|  |TAMS 0x0000000080900000, 0x0000000080900000| Untracked 
|   9|0x0000000080900000, 0x0000000080a00000, 0x0000000080a00000|100%| O|  |TAMS 0x0000000080a00000, 0x0000000080a00000| Untracked 
|  10|0x0000000080a00000, 0x0000000080b00000, 0x0000000080b00000|100%| O|  |TAMS 0x0000000080b00000, 0x0000000080b00000| Untracked 
|  11|0x0000000080b00000, 0x0000000080c00000, 0x0000000080c00000|100%| O|  |TAMS 0x0000000080c00000, 0x0000000080c00000| Untracked 
|  12|0x0000000080c00000, 0x0000000080d00000, 0x0000000080d00000|100%| O|  |TAMS 0x0000000080d00000, 0x0000000080d00000| Untracked 
|  13|0x0000000080d00000, 0x0000000080e00000, 0x0000000080e00000|100%| O|  |TAMS 0x0000000080e00000, 0x0000000080e00000| Untracked 
|  14|0x0000000080e00000, 0x0000000080f00000, 0x0000000080f00000|100%| O|  |TAMS 0x0000000080f00000, 0x0000000080f00000| Untracked 
|  15|0x0000000080f00000, 0x0000000081000000, 0x0000000081000000|100%| O|  |TAMS 0x0000000081000000, 0x0000000081000000| Untracked 
|  16|0x0000000081000000, 0x0000000081100000, 0x0000000081100000|100%|HS|  |TAMS 0x0000000081100000, 0x0000000081100000| Complete 
|  17|0x0000000081100000, 0x0000000081200000, 0x0000000081200000|100%| O|  |TAMS 0x0000000081200000, 0x0000000081200000| Untracked 
|  18|0x0000000081200000, 0x0000000081300000, 0x0000000081300000|100%| O|  |TAMS 0x0000000081300000, 0x0000000081300000| Untracked 
|  19|0x0000000081300000, 0x0000000081400000, 0x0000000081400000|100%| O|  |TAMS 0x0000000081400000, 0x0000000081400000| Untracked 
|  20|0x0000000081400000, 0x0000000081500000, 0x0000000081500000|100%| O|  |TAMS 0x0000000081500000, 0x0000000081500000| Untracked 
|  21|0x0000000081500000, 0x0000000081600000, 0x0000000081600000|100%| O|  |TAMS 0x0000000081600000, 0x0000000081600000| Untracked 
|  22|0x0000000081600000, 0x0000000081700000, 0x0000000081700000|100%| O|  |TAMS 0x0000000081700000, 0x0000000081700000| Untracked 
|  23|0x0000000081700000, 0x0000000081800000, 0x0000000081800000|100%|HS|  |TAMS 0x0000000081800000, 0x0000000081800000| Complete 
|  24|0x0000000081800000, 0x0000000081900000, 0x0000000081900000|100%|HS|  |TAMS 0x0000000081900000, 0x0000000081900000| Complete 
|  25|0x0000000081900000, 0x0000000081a00000, 0x0000000081a00000|100%|HS|  |TAMS 0x0000000081a00000, 0x0000000081a00000| Complete 
|  26|0x0000000081a00000, 0x0000000081b00000, 0x0000000081b00000|100%|HC|  |TAMS 0x0000000081b00000, 0x0000000081b00000| Complete 
|  27|0x0000000081b00000, 0x0000000081c00000, 0x0000000081c00000|100%|HC|  |TAMS 0x0000000081c00000, 0x0000000081c00000| Complete 
|  28|0x0000000081c00000, 0x0000000081d00000, 0x0000000081d00000|100%|HS|  |TAMS 0x0000000081d00000, 0x0000000081d00000| Complete 
|  29|0x0000000081d00000, 0x0000000081e00000, 0x0000000081e00000|100%|HC|  |TAMS 0x0000000081e00000, 0x0000000081e00000| Complete 
|  30|0x0000000081e00000, 0x0000000081f00000, 0x0000000081f00000|100%| O|  |TAMS 0x0000000081f00000, 0x0000000081f00000| Untracked 
|  31|0x0000000081f00000, 0x0000000082000000, 0x0000000082000000|100%| O|  |TAMS 0x0000000082000000, 0x0000000082000000| Untracked 
|  32|0x0000000082000000, 0x0000000082100000, 0x0000000082100000|100%| O|  |TAMS 0x0000000082100000, 0x0000000082100000| Untracked 
|  33|0x0000000082100000, 0x0000000082200000, 0x0000000082200000|100%| O|  |TAMS 0x0000000082200000, 0x0000000082200000| Untracked 
|  34|0x0000000082200000, 0x0000000082300000, 0x0000000082300000|100%| O|  |TAMS 0x0000000082300000, 0x0000000082300000| Untracked 
|  35|0x0000000082300000, 0x0000000082400000, 0x0000000082400000|100%| O|  |TAMS 0x0000000082400000, 0x0000000082400000| Untracked 
|  36|0x0000000082400000, 0x0000000082500000, 0x0000000082500000|100%| O|  |TAMS 0x0000000082500000, 0x0000000082500000| Untracked 
|  37|0x0000000082500000, 0x0000000082600000, 0x0000000082600000|100%| O|  |TAMS 0x0000000082600000, 0x0000000082600000| Untracked 
|  38|0x0000000082600000, 0x0000000082700000, 0x0000000082700000|100%| O|  |TAMS 0x0000000082700000, 0x0000000082700000| Untracked 
|  39|0x0000000082700000, 0x0000000082800000, 0x0000000082800000|100%| O|  |TAMS 0x0000000082800000, 0x0000000082800000| Untracked 
|  40|0x0000000082800000, 0x0000000082900000, 0x0000000082900000|100%| O|  |TAMS 0x0000000082900000, 0x0000000082900000| Untracked 
|  41|0x0000000082900000, 0x0000000082a00000, 0x0000000082a00000|100%| O|  |TAMS 0x0000000082a00000, 0x0000000082a00000| Untracked 
|  42|0x0000000082a00000, 0x0000000082b00000, 0x0000000082b00000|100%| O|  |TAMS 0x0000000082b00000, 0x0000000082b00000| Untracked 
|  43|0x0000000082b00000, 0x0000000082c00000, 0x0000000082c00000|100%| O|  |TAMS 0x0000000082c00000, 0x0000000082c00000| Untracked 
|  44|0x0000000082c00000, 0x0000000082d00000, 0x0000000082d00000|100%| O|  |TAMS 0x0000000082d00000, 0x0000000082d00000| Untracked 
|  45|0x0000000082d00000, 0x0000000082e00000, 0x0000000082e00000|100%|HS|  |TAMS 0x0000000082e00000, 0x0000000082e00000| Complete 
|  46|0x0000000082e00000, 0x0000000082f00000, 0x0000000082f00000|100%| O|  |TAMS 0x0000000082f00000, 0x0000000082f00000| Untracked 
|  47|0x0000000082f00000, 0x0000000083000000, 0x0000000083000000|100%| O|  |TAMS 0x0000000083000000, 0x0000000083000000| Untracked 
|  48|0x0000000083000000, 0x0000000083100000, 0x0000000083100000|100%| O|  |TAMS 0x0000000083100000, 0x0000000083100000| Untracked 
|  49|0x0000000083100000, 0x0000000083200000, 0x0000000083200000|100%| O|  |TAMS 0x0000000083200000, 0x0000000083200000| Untracked 
|  50|0x0000000083200000, 0x0000000083300000, 0x0000000083300000|100%| O|  |TAMS 0x0000000083300000, 0x0000000083300000| Untracked 
|  51|0x0000000083300000, 0x0000000083400000, 0x0000000083400000|100%| O|  |TAMS 0x0000000083400000, 0x0000000083400000| Untracked 
|  52|0x0000000083400000, 0x0000000083500000, 0x0000000083500000|100%|HS|  |TAMS 0x0000000083500000, 0x0000000083500000| Complete 
|  53|0x0000000083500000, 0x0000000083600000, 0x0000000083600000|100%| O|  |TAMS 0x0000000083600000, 0x0000000083600000| Untracked 
|  54|0x0000000083600000, 0x0000000083700000, 0x0000000083700000|100%| O|  |TAMS 0x0000000083700000, 0x0000000083700000| Untracked 
|  55|0x0000000083700000, 0x0000000083800000, 0x0000000083800000|100%| O|  |TAMS 0x0000000083800000, 0x0000000083800000| Untracked 
|  56|0x0000000083800000, 0x0000000083900000, 0x0000000083900000|100%| O|  |TAMS 0x0000000083900000, 0x0000000083900000| Untracked 
|  57|0x0000000083900000, 0x0000000083a00000, 0x0000000083a00000|100%| O|  |TAMS 0x0000000083a00000, 0x0000000083a00000| Untracked 
|  58|0x0000000083a00000, 0x0000000083b00000, 0x0000000083b00000|100%| O|  |TAMS 0x0000000083b00000, 0x0000000083b00000| Untracked 
|  59|0x0000000083b00000, 0x0000000083c00000, 0x0000000083c00000|100%| O|  |TAMS 0x0000000083c00000, 0x0000000083c00000| Untracked 
|  60|0x0000000083c00000, 0x0000000083d00000, 0x0000000083d00000|100%| O|  |TAMS 0x0000000083d00000, 0x0000000083d00000| Untracked 
|  61|0x0000000083d00000, 0x0000000083e00000, 0x0000000083e00000|100%| O|  |TAMS 0x0000000083e00000, 0x0000000083e00000| Untracked 
|  62|0x0000000083e00000, 0x0000000083f00000, 0x0000000083f00000|100%| O|  |TAMS 0x0000000083f00000, 0x0000000083f00000| Untracked 
|  63|0x0000000083f00000, 0x0000000084000000, 0x0000000084000000|100%| O|  |TAMS 0x0000000084000000, 0x0000000084000000| Untracked 
|  64|0x0000000084000000, 0x0000000084100000, 0x0000000084100000|100%| O|  |TAMS 0x0000000084100000, 0x0000000084100000| Untracked 
|  65|0x0000000084100000, 0x0000000084200000, 0x0000000084200000|100%| O|  |TAMS 0x0000000084200000, 0x0000000084200000| Untracked 
|  66|0x0000000084200000, 0x0000000084300000, 0x0000000084300000|100%| O|  |TAMS 0x0000000084300000, 0x0000000084300000| Untracked 
|  67|0x0000000084300000, 0x0000000084400000, 0x0000000084400000|100%| O|  |TAMS 0x0000000084400000, 0x0000000084400000| Untracked 
|  68|0x0000000084400000, 0x0000000084500000, 0x0000000084500000|100%| O|  |TAMS 0x0000000084500000, 0x0000000084500000| Untracked 
|  69|0x0000000084500000, 0x0000000084600000, 0x0000000084600000|100%| O|  |TAMS 0x000000008459d200, 0x0000000084600000| Untracked 
|  70|0x0000000084600000, 0x0000000084700000, 0x0000000084700000|100%|HS|  |TAMS 0x0000000084700000, 0x0000000084700000| Complete 
|  71|0x0000000084700000, 0x0000000084800000, 0x0000000084800000|100%| O|  |TAMS 0x0000000084800000, 0x0000000084800000| Untracked 
|  72|0x0000000084800000, 0x0000000084900000, 0x0000000084900000|100%|HS|  |TAMS 0x0000000084900000, 0x0000000084900000| Complete 
|  73|0x0000000084900000, 0x0000000084a00000, 0x0000000084a00000|100%| O|  |TAMS 0x0000000084a00000, 0x0000000084a00000| Untracked 
|  74|0x0000000084a00000, 0x0000000084b00000, 0x0000000084b00000|100%| O|  |TAMS 0x0000000084b00000, 0x0000000084b00000| Untracked 
|  75|0x0000000084b00000, 0x0000000084c00000, 0x0000000084c00000|100%| O|  |TAMS 0x0000000084c00000, 0x0000000084c00000| Untracked 
|  76|0x0000000084c00000, 0x0000000084d00000, 0x0000000084d00000|100%| O|  |TAMS 0x0000000084d00000, 0x0000000084d00000| Untracked 
|  77|0x0000000084d00000, 0x0000000084e00000, 0x0000000084e00000|100%| O|  |TAMS 0x0000000084e00000, 0x0000000084e00000| Untracked 
|  78|0x0000000084e00000, 0x0000000084f00000, 0x0000000084f00000|100%| O|  |TAMS 0x0000000084f00000, 0x0000000084f00000| Untracked 
|  79|0x0000000084f00000, 0x0000000085000000, 0x0000000085000000|100%| O|  |TAMS 0x0000000085000000, 0x0000000085000000| Untracked 
|  80|0x0000000085000000, 0x0000000085100000, 0x0000000085100000|100%|HS|  |TAMS 0x0000000085100000, 0x0000000085100000| Complete 
|  81|0x0000000085100000, 0x0000000085200000, 0x0000000085200000|100%| O|  |TAMS 0x0000000085200000, 0x0000000085200000| Untracked 
|  82|0x0000000085200000, 0x0000000085300000, 0x0000000085300000|100%| O|  |TAMS 0x0000000085300000, 0x0000000085300000| Untracked 
|  83|0x0000000085300000, 0x0000000085400000, 0x0000000085400000|100%|HS|  |TAMS 0x0000000085400000, 0x0000000085400000| Complete 
|  84|0x0000000085400000, 0x0000000085500000, 0x0000000085500000|100%|HS|  |TAMS 0x0000000085500000, 0x0000000085500000| Complete 
|  85|0x0000000085500000, 0x0000000085600000, 0x0000000085600000|100%| O|  |TAMS 0x0000000085600000, 0x0000000085600000| Untracked 
|  86|0x0000000085600000, 0x0000000085700000, 0x0000000085700000|100%| O|  |TAMS 0x0000000085700000, 0x0000000085700000| Untracked 
|  87|0x0000000085700000, 0x0000000085800000, 0x0000000085800000|100%|HS|  |TAMS 0x0000000085800000, 0x0000000085800000| Complete 
|  88|0x0000000085800000, 0x0000000085900000, 0x0000000085900000|100%| O|  |TAMS 0x0000000085900000, 0x0000000085900000| Untracked 
|  89|0x0000000085900000, 0x0000000085a00000, 0x0000000085a00000|100%|HS|  |TAMS 0x0000000085a00000, 0x0000000085a00000| Complete 
|  90|0x0000000085a00000, 0x0000000085b00000, 0x0000000085b00000|100%| O|  |TAMS 0x0000000085b00000, 0x0000000085b00000| Untracked 
|  91|0x0000000085b00000, 0x0000000085c00000, 0x0000000085c00000|100%| O|  |TAMS 0x0000000085c00000, 0x0000000085c00000| Untracked 
|  92|0x0000000085c00000, 0x0000000085d00000, 0x0000000085d00000|100%| O|  |TAMS 0x0000000085d00000, 0x0000000085d00000| Untracked 
|  93|0x0000000085d00000, 0x0000000085e00000, 0x0000000085e00000|100%| O|  |TAMS 0x0000000085e00000, 0x0000000085e00000| Untracked 
|  94|0x0000000085e00000, 0x0000000085f00000, 0x0000000085f00000|100%| O|  |TAMS 0x0000000085f00000, 0x0000000085f00000| Untracked 
|  95|0x0000000085f00000, 0x0000000086000000, 0x0000000086000000|100%| O|  |TAMS 0x0000000086000000, 0x0000000086000000| Untracked 
|  96|0x0000000086000000, 0x0000000086100000, 0x0000000086100000|100%| O|  |TAMS 0x0000000086100000, 0x0000000086100000| Untracked 
|  97|0x0000000086100000, 0x0000000086200000, 0x0000000086200000|100%| O|  |TAMS 0x0000000086200000, 0x0000000086200000| Untracked 
|  98|0x0000000086200000, 0x0000000086300000, 0x0000000086300000|100%| O|  |TAMS 0x0000000086300000, 0x0000000086300000| Untracked 
|  99|0x0000000086300000, 0x0000000086400000, 0x0000000086400000|100%|HS|  |TAMS 0x0000000086400000, 0x0000000086400000| Complete 
| 100|0x0000000086400000, 0x0000000086500000, 0x0000000086500000|100%|HC|  |TAMS 0x0000000086500000, 0x0000000086500000| Complete 
| 101|0x0000000086500000, 0x0000000086600000, 0x0000000086600000|100%|HS|  |TAMS 0x0000000086600000, 0x0000000086600000| Complete 
| 102|0x0000000086600000, 0x0000000086700000, 0x0000000086700000|100%|HC|  |TAMS 0x0000000086700000, 0x0000000086700000| Complete 
| 103|0x0000000086700000, 0x0000000086800000, 0x0000000086800000|100%| O|  |TAMS 0x0000000086800000, 0x0000000086800000| Untracked 
| 104|0x0000000086800000, 0x0000000086900000, 0x0000000086900000|100%|HS|  |TAMS 0x0000000086900000, 0x0000000086900000| Complete 
| 105|0x0000000086900000, 0x0000000086a00000, 0x0000000086a00000|100%|HC|  |TAMS 0x0000000086a00000, 0x0000000086a00000| Complete 
| 106|0x0000000086a00000, 0x0000000086b00000, 0x0000000086b00000|100%|HC|  |TAMS 0x0000000086b00000, 0x0000000086b00000| Complete 
| 107|0x0000000086b00000, 0x0000000086c00000, 0x0000000086c00000|100%| O|  |TAMS 0x0000000086c00000, 0x0000000086c00000| Untracked 
| 108|0x0000000086c00000, 0x0000000086d00000, 0x0000000086d00000|100%| O|  |TAMS 0x0000000086d00000, 0x0000000086d00000| Untracked 
| 109|0x0000000086d00000, 0x0000000086e00000, 0x0000000086e00000|100%| O|  |TAMS 0x0000000086e00000, 0x0000000086e00000| Untracked 
| 110|0x0000000086e00000, 0x0000000086f00000, 0x0000000086f00000|100%| O|  |TAMS 0x0000000086f00000, 0x0000000086f00000| Untracked 
| 111|0x0000000086f00000, 0x0000000087000000, 0x0000000087000000|100%| O|  |TAMS 0x0000000087000000, 0x0000000087000000| Untracked 
| 112|0x0000000087000000, 0x0000000087100000, 0x0000000087100000|100%| O|  |TAMS 0x0000000087100000, 0x0000000087100000| Untracked 
| 113|0x0000000087100000, 0x0000000087200000, 0x0000000087200000|100%| O|  |TAMS 0x0000000087200000, 0x0000000087200000| Untracked 
| 114|0x0000000087200000, 0x0000000087300000, 0x0000000087300000|100%| O|  |TAMS 0x0000000087300000, 0x0000000087300000| Untracked 
| 115|0x0000000087300000, 0x0000000087400000, 0x0000000087400000|100%|HS|  |TAMS 0x0000000087400000, 0x0000000087400000| Complete 
| 116|0x0000000087400000, 0x0000000087500000, 0x0000000087500000|100%|HC|  |TAMS 0x0000000087500000, 0x0000000087500000| Complete 
| 117|0x0000000087500000, 0x0000000087600000, 0x0000000087600000|100%| O|  |TAMS 0x0000000087600000, 0x0000000087600000| Untracked 
| 118|0x0000000087600000, 0x0000000087700000, 0x0000000087700000|100%| O|  |TAMS 0x0000000087700000, 0x0000000087700000| Untracked 
| 119|0x0000000087700000, 0x0000000087800000, 0x0000000087800000|100%|HS|  |TAMS 0x0000000087800000, 0x0000000087800000| Complete 
| 120|0x0000000087800000, 0x0000000087900000, 0x0000000087900000|100%|HC|  |TAMS 0x0000000087900000, 0x0000000087900000| Complete 
| 121|0x0000000087900000, 0x0000000087a00000, 0x0000000087a00000|100%| O|  |TAMS 0x0000000087a00000, 0x0000000087a00000| Untracked 
| 122|0x0000000087a00000, 0x0000000087b00000, 0x0000000087b00000|100%| O|  |TAMS 0x0000000087b00000, 0x0000000087b00000| Untracked 
| 123|0x0000000087b00000, 0x0000000087c00000, 0x0000000087c00000|100%| O|  |TAMS 0x0000000087c00000, 0x0000000087c00000| Untracked 
| 124|0x0000000087c00000, 0x0000000087d00000, 0x0000000087d00000|100%| O|  |TAMS 0x0000000087d00000, 0x0000000087d00000| Untracked 
| 125|0x0000000087d00000, 0x0000000087e00000, 0x0000000087e00000|100%| O|  |TAMS 0x0000000087e00000, 0x0000000087e00000| Untracked 
| 126|0x0000000087e00000, 0x0000000087f00000, 0x0000000087f00000|100%| O|  |TAMS 0x0000000087f00000, 0x0000000087f00000| Untracked 
| 127|0x0000000087f00000, 0x0000000088000000, 0x0000000088000000|100%| O|  |TAMS 0x0000000088000000, 0x0000000088000000| Untracked 
| 128|0x0000000088000000, 0x0000000088100000, 0x0000000088100000|100%| O|  |TAMS 0x0000000088100000, 0x0000000088100000| Untracked 
| 129|0x0000000088100000, 0x0000000088200000, 0x0000000088200000|100%|HS|  |TAMS 0x0000000088200000, 0x0000000088200000| Complete 
| 130|0x0000000088200000, 0x0000000088300000, 0x0000000088300000|100%|HS|  |TAMS 0x0000000088300000, 0x0000000088300000| Complete 
| 131|0x0000000088300000, 0x0000000088400000, 0x0000000088400000|100%| O|  |TAMS 0x0000000088400000, 0x0000000088400000| Untracked 
| 132|0x0000000088400000, 0x0000000088500000, 0x0000000088500000|100%| O|  |TAMS 0x0000000088500000, 0x0000000088500000| Untracked 
| 133|0x0000000088500000, 0x0000000088600000, 0x0000000088600000|100%| O|  |TAMS 0x0000000088600000, 0x0000000088600000| Untracked 
| 134|0x0000000088600000, 0x0000000088700000, 0x0000000088700000|100%| O|  |TAMS 0x0000000088700000, 0x0000000088700000| Untracked 
| 135|0x0000000088700000, 0x0000000088800000, 0x0000000088800000|100%| O|  |TAMS 0x0000000088800000, 0x0000000088800000| Untracked 
| 136|0x0000000088800000, 0x0000000088900000, 0x0000000088900000|100%| O|  |TAMS 0x0000000088900000, 0x0000000088900000| Untracked 
| 137|0x0000000088900000, 0x0000000088a00000, 0x0000000088a00000|100%| O|  |TAMS 0x0000000088a00000, 0x0000000088a00000| Untracked 
| 138|0x0000000088a00000, 0x0000000088b00000, 0x0000000088b00000|100%| O|  |TAMS 0x0000000088b00000, 0x0000000088b00000| Untracked 
| 139|0x0000000088b00000, 0x0000000088c00000, 0x0000000088c00000|100%| O|  |TAMS 0x0000000088c00000, 0x0000000088c00000| Untracked 
| 140|0x0000000088c00000, 0x0000000088d00000, 0x0000000088d00000|100%| O|  |TAMS 0x0000000088d00000, 0x0000000088d00000| Untracked 
| 141|0x0000000088d00000, 0x0000000088e00000, 0x0000000088e00000|100%| O|  |TAMS 0x0000000088e00000, 0x0000000088e00000| Untracked 
| 142|0x0000000088e00000, 0x0000000088f00000, 0x0000000088f00000|100%| O|  |TAMS 0x0000000088f00000, 0x0000000088f00000| Untracked 
| 143|0x0000000088f00000, 0x0000000089000000, 0x0000000089000000|100%| O|  |TAMS 0x0000000089000000, 0x0000000089000000| Untracked 
| 144|0x0000000089000000, 0x0000000089100000, 0x0000000089100000|100%|HS|  |TAMS 0x0000000089100000, 0x0000000089100000| Complete 
| 145|0x0000000089100000, 0x0000000089200000, 0x0000000089200000|100%|HC|  |TAMS 0x0000000089200000, 0x0000000089200000| Complete 
| 146|0x0000000089200000, 0x0000000089300000, 0x0000000089300000|100%|HS|  |TAMS 0x0000000089300000, 0x0000000089300000| Complete 
| 147|0x0000000089300000, 0x0000000089400000, 0x0000000089400000|100%|HC|  |TAMS 0x0000000089400000, 0x0000000089400000| Complete 
| 148|0x0000000089400000, 0x0000000089500000, 0x0000000089500000|100%| O|  |TAMS 0x0000000089500000, 0x0000000089500000| Untracked 
| 149|0x0000000089500000, 0x0000000089500000, 0x0000000089600000|  0%| F|  |TAMS 0x0000000089500000, 0x0000000089500000| Untracked 
| 150|0x0000000089600000, 0x0000000089700000, 0x0000000089700000|100%| O|  |TAMS 0x0000000089700000, 0x0000000089700000| Untracked 
| 151|0x0000000089700000, 0x0000000089800000, 0x0000000089800000|100%| O|  |TAMS 0x0000000089800000, 0x0000000089800000| Untracked 
| 152|0x0000000089800000, 0x0000000089900000, 0x0000000089900000|100%| O|  |TAMS 0x0000000089900000, 0x0000000089900000| Untracked 
| 153|0x0000000089900000, 0x0000000089a00000, 0x0000000089a00000|100%| O|  |TAMS 0x0000000089a00000, 0x0000000089a00000| Untracked 
| 154|0x0000000089a00000, 0x0000000089b00000, 0x0000000089b00000|100%| O|  |TAMS 0x0000000089b00000, 0x0000000089b00000| Untracked 
| 155|0x0000000089b00000, 0x0000000089c00000, 0x0000000089c00000|100%| O|  |TAMS 0x0000000089c00000, 0x0000000089c00000| Untracked 
| 156|0x0000000089c00000, 0x0000000089d00000, 0x0000000089d00000|100%| O|  |TAMS 0x0000000089d00000, 0x0000000089d00000| Untracked 
| 157|0x0000000089d00000, 0x0000000089e00000, 0x0000000089e00000|100%| O|  |TAMS 0x0000000089e00000, 0x0000000089e00000| Untracked 
| 158|0x0000000089e00000, 0x0000000089f00000, 0x0000000089f00000|100%| O|  |TAMS 0x0000000089f00000, 0x0000000089f00000| Untracked 
| 159|0x0000000089f00000, 0x000000008a000000, 0x000000008a000000|100%|HS|  |TAMS 0x0000000089f00000, 0x000000008a000000| Complete 
| 160|0x000000008a000000, 0x000000008a100000, 0x000000008a100000|100%|HS|  |TAMS 0x000000008a000000, 0x000000008a100000| Complete 
| 161|0x000000008a100000, 0x000000008a200000, 0x000000008a200000|100%| O|  |TAMS 0x000000008a200000, 0x000000008a200000| Untracked 
| 162|0x000000008a200000, 0x000000008a300000, 0x000000008a300000|100%|HS|  |TAMS 0x000000008a200000, 0x000000008a300000| Complete 
| 163|0x000000008a300000, 0x000000008a400000, 0x000000008a400000|100%|HC|  |TAMS 0x000000008a300000, 0x000000008a400000| Complete 
| 164|0x000000008a400000, 0x000000008a500000, 0x000000008a500000|100%|HS|  |TAMS 0x000000008a400000, 0x000000008a500000| Complete 
| 165|0x000000008a500000, 0x000000008a600000, 0x000000008a600000|100%| O|  |TAMS 0x000000008a500000, 0x000000008a600000| Untracked 
| 166|0x000000008a600000, 0x000000008a700000, 0x000000008a700000|100%| O|  |TAMS 0x000000008a700000, 0x000000008a700000| Untracked 
| 167|0x000000008a700000, 0x000000008a800000, 0x000000008a800000|100%| O|  |TAMS 0x000000008a800000, 0x000000008a800000| Untracked 
| 168|0x000000008a800000, 0x000000008a900000, 0x000000008a900000|100%| O|  |TAMS 0x000000008a800000, 0x000000008a900000| Untracked 
| 169|0x000000008a900000, 0x000000008aa00000, 0x000000008aa00000|100%| O|  |TAMS 0x000000008a900000, 0x000000008aa00000| Untracked 
| 170|0x000000008aa00000, 0x000000008ab00000, 0x000000008ab00000|100%| O|  |TAMS 0x000000008ab00000, 0x000000008ab00000| Untracked 
| 171|0x000000008ab00000, 0x000000008ac00000, 0x000000008ac00000|100%| O|  |TAMS 0x000000008ac00000, 0x000000008ac00000| Untracked 
| 172|0x000000008ac00000, 0x000000008ad00000, 0x000000008ad00000|100%| O|  |TAMS 0x000000008ac00000, 0x000000008ad00000| Untracked 
| 173|0x000000008ad00000, 0x000000008ae00000, 0x000000008ae00000|100%| O|  |TAMS 0x000000008ae00000, 0x000000008ae00000| Untracked 
| 174|0x000000008ae00000, 0x000000008af00000, 0x000000008af00000|100%| O|  |TAMS 0x000000008af00000, 0x000000008af00000| Untracked 
| 175|0x000000008af00000, 0x000000008b000000, 0x000000008b000000|100%| O|  |TAMS 0x000000008b000000, 0x000000008b000000| Untracked 
| 176|0x000000008b000000, 0x000000008b100000, 0x000000008b100000|100%| O|  |TAMS 0x000000008b000000, 0x000000008b100000| Untracked 
| 177|0x000000008b100000, 0x000000008b200000, 0x000000008b200000|100%| O|  |TAMS 0x000000008b200000, 0x000000008b200000| Untracked 
| 178|0x000000008b200000, 0x000000008b300000, 0x000000008b300000|100%| O|  |TAMS 0x000000008b300000, 0x000000008b300000| Untracked 
| 179|0x000000008b300000, 0x000000008b400000, 0x000000008b400000|100%| O|  |TAMS 0x000000008b400000, 0x000000008b400000| Untracked 
| 180|0x000000008b400000, 0x000000008b500000, 0x000000008b500000|100%| O|  |TAMS 0x000000008b500000, 0x000000008b500000| Untracked 
| 181|0x000000008b500000, 0x000000008b600000, 0x000000008b600000|100%| O|  |TAMS 0x000000008b600000, 0x000000008b600000| Untracked 
| 182|0x000000008b600000, 0x000000008b700000, 0x000000008b700000|100%| O|  |TAMS 0x000000008b700000, 0x000000008b700000| Untracked 
| 183|0x000000008b700000, 0x000000008b800000, 0x000000008b800000|100%| O|  |TAMS 0x000000008b800000, 0x000000008b800000| Untracked 
| 184|0x000000008b800000, 0x000000008b900000, 0x000000008b900000|100%| O|  |TAMS 0x000000008b900000, 0x000000008b900000| Untracked 
| 185|0x000000008b900000, 0x000000008ba00000, 0x000000008ba00000|100%| O|  |TAMS 0x000000008ba00000, 0x000000008ba00000| Untracked 
| 186|0x000000008ba00000, 0x000000008bb00000, 0x000000008bb00000|100%| O|  |TAMS 0x000000008bb00000, 0x000000008bb00000| Untracked 
| 187|0x000000008bb00000, 0x000000008bc00000, 0x000000008bc00000|100%| O|  |TAMS 0x000000008bc00000, 0x000000008bc00000| Untracked 
| 188|0x000000008bc00000, 0x000000008bd00000, 0x000000008bd00000|100%| O|  |TAMS 0x000000008bd00000, 0x000000008bd00000| Untracked 
| 189|0x000000008bd00000, 0x000000008be00000, 0x000000008be00000|100%| O|  |TAMS 0x000000008be00000, 0x000000008be00000| Untracked 
| 190|0x000000008be00000, 0x000000008bec1e00, 0x000000008bf00000| 75%| O|  |TAMS 0x000000008be00000, 0x000000008bec1e00| Untracked 
| 191|0x000000008bf00000, 0x000000008bf00000, 0x000000008c000000|  0%| F|  |TAMS 0x000000008bf00000, 0x000000008bf00000| Untracked 
| 192|0x000000008c000000, 0x000000008c000000, 0x000000008c100000|  0%| F|  |TAMS 0x000000008c000000, 0x000000008c000000| Untracked 
| 193|0x000000008c100000, 0x000000008c100000, 0x000000008c200000|  0%| F|  |TAMS 0x000000008c100000, 0x000000008c100000| Untracked 
| 194|0x000000008c200000, 0x000000008c200000, 0x000000008c300000|  0%| F|  |TAMS 0x000000008c200000, 0x000000008c200000| Untracked 
| 195|0x000000008c300000, 0x000000008c300000, 0x000000008c400000|  0%| F|  |TAMS 0x000000008c300000, 0x000000008c300000| Untracked 
| 196|0x000000008c400000, 0x000000008c400000, 0x000000008c500000|  0%| F|  |TAMS 0x000000008c400000, 0x000000008c400000| Untracked 
| 197|0x000000008c500000, 0x000000008c500000, 0x000000008c600000|  0%| F|  |TAMS 0x000000008c500000, 0x000000008c500000| Untracked 
| 198|0x000000008c600000, 0x000000008c600000, 0x000000008c700000|  0%| F|  |TAMS 0x000000008c600000, 0x000000008c600000| Untracked 
| 199|0x000000008c700000, 0x000000008c700000, 0x000000008c800000|  0%| F|  |TAMS 0x000000008c700000, 0x000000008c700000| Untracked 
| 200|0x000000008c800000, 0x000000008c800000, 0x000000008c900000|  0%| F|  |TAMS 0x000000008c800000, 0x000000008c800000| Untracked 
| 201|0x000000008c900000, 0x000000008c900000, 0x000000008ca00000|  0%| F|  |TAMS 0x000000008c900000, 0x000000008c900000| Untracked 
| 202|0x000000008ca00000, 0x000000008ca00000, 0x000000008cb00000|  0%| F|  |TAMS 0x000000008ca00000, 0x000000008ca00000| Untracked 
| 203|0x000000008cb00000, 0x000000008cb00000, 0x000000008cc00000|  0%| F|  |TAMS 0x000000008cb00000, 0x000000008cb00000| Untracked 
| 204|0x000000008cc00000, 0x000000008cc00000, 0x000000008cd00000|  0%| F|  |TAMS 0x000000008cc00000, 0x000000008cc00000| Untracked 
| 205|0x000000008cd00000, 0x000000008cd00000, 0x000000008ce00000|  0%| F|  |TAMS 0x000000008cd00000, 0x000000008cd00000| Untracked 
| 206|0x000000008ce00000, 0x000000008ce00000, 0x000000008cf00000|  0%| F|  |TAMS 0x000000008ce00000, 0x000000008ce00000| Untracked 
| 207|0x000000008cf00000, 0x000000008cf00000, 0x000000008d000000|  0%| F|  |TAMS 0x000000008cf00000, 0x000000008cf00000| Untracked 
| 208|0x000000008d000000, 0x000000008d000000, 0x000000008d100000|  0%| F|  |TAMS 0x000000008d000000, 0x000000008d000000| Untracked 
| 209|0x000000008d100000, 0x000000008d100000, 0x000000008d200000|  0%| F|  |TAMS 0x000000008d100000, 0x000000008d100000| Untracked 
| 210|0x000000008d200000, 0x000000008d200000, 0x000000008d300000|  0%| F|  |TAMS 0x000000008d200000, 0x000000008d200000| Untracked 
| 211|0x000000008d300000, 0x000000008d300000, 0x000000008d400000|  0%| F|  |TAMS 0x000000008d300000, 0x000000008d300000| Untracked 
| 212|0x000000008d400000, 0x000000008d400000, 0x000000008d500000|  0%| F|  |TAMS 0x000000008d400000, 0x000000008d400000| Untracked 
| 213|0x000000008d500000, 0x000000008d500000, 0x000000008d600000|  0%| F|  |TAMS 0x000000008d500000, 0x000000008d500000| Untracked 
| 214|0x000000008d600000, 0x000000008d600000, 0x000000008d700000|  0%| F|  |TAMS 0x000000008d600000, 0x000000008d600000| Untracked 
| 215|0x000000008d700000, 0x000000008d700000, 0x000000008d800000|  0%| F|  |TAMS 0x000000008d700000, 0x000000008d700000| Untracked 
| 216|0x000000008d800000, 0x000000008d800000, 0x000000008d900000|  0%| F|  |TAMS 0x000000008d800000, 0x000000008d800000| Untracked 
| 217|0x000000008d900000, 0x000000008d900000, 0x000000008da00000|  0%| F|  |TAMS 0x000000008d900000, 0x000000008d900000| Untracked 
| 218|0x000000008da00000, 0x000000008da00000, 0x000000008db00000|  0%| F|  |TAMS 0x000000008da00000, 0x000000008da00000| Untracked 
| 219|0x000000008db00000, 0x000000008db00000, 0x000000008dc00000|  0%| F|  |TAMS 0x000000008db00000, 0x000000008db00000| Untracked 
| 220|0x000000008dc00000, 0x000000008dc00000, 0x000000008dd00000|  0%| F|  |TAMS 0x000000008dc00000, 0x000000008dc00000| Untracked 
| 221|0x000000008dd00000, 0x000000008dd00000, 0x000000008de00000|  0%| F|  |TAMS 0x000000008dd00000, 0x000000008dd00000| Untracked 
| 222|0x000000008de00000, 0x000000008de00000, 0x000000008df00000|  0%| F|  |TAMS 0x000000008de00000, 0x000000008de00000| Untracked 
| 223|0x000000008df00000, 0x000000008df00000, 0x000000008e000000|  0%| F|  |TAMS 0x000000008df00000, 0x000000008df00000| Untracked 
| 224|0x000000008e000000, 0x000000008e000000, 0x000000008e100000|  0%| F|  |TAMS 0x000000008e000000, 0x000000008e000000| Untracked 
| 225|0x000000008e100000, 0x000000008e100000, 0x000000008e200000|  0%| F|  |TAMS 0x000000008e100000, 0x000000008e100000| Untracked 
| 226|0x000000008e200000, 0x000000008e300000, 0x000000008e300000|100%| O|  |TAMS 0x000000008e300000, 0x000000008e300000| Untracked 
| 227|0x000000008e300000, 0x000000008e400000, 0x000000008e400000|100%| O|  |TAMS 0x000000008e400000, 0x000000008e400000| Untracked 
| 228|0x000000008e400000, 0x000000008e500000, 0x000000008e500000|100%| O|  |TAMS 0x000000008e500000, 0x000000008e500000| Untracked 
| 229|0x000000008e500000, 0x000000008e600000, 0x000000008e600000|100%| O|  |TAMS 0x000000008e600000, 0x000000008e600000| Untracked 
| 230|0x000000008e600000, 0x000000008e700000, 0x000000008e700000|100%| O|  |TAMS 0x000000008e700000, 0x000000008e700000| Untracked 
| 231|0x000000008e700000, 0x000000008e800000, 0x000000008e800000|100%| O|  |TAMS 0x000000008e800000, 0x000000008e800000| Untracked 
| 232|0x000000008e800000, 0x000000008e900000, 0x000000008e900000|100%| O|  |TAMS 0x000000008e900000, 0x000000008e900000| Untracked 
| 233|0x000000008e900000, 0x000000008ea00000, 0x000000008ea00000|100%| O|  |TAMS 0x000000008ea00000, 0x000000008ea00000| Untracked 
| 234|0x000000008ea00000, 0x000000008eb00000, 0x000000008eb00000|100%| O|  |TAMS 0x000000008eb00000, 0x000000008eb00000| Untracked 
| 235|0x000000008eb00000, 0x000000008eb00000, 0x000000008ec00000|  0%| F|  |TAMS 0x000000008eb00000, 0x000000008eb00000| Untracked 
| 236|0x000000008ec00000, 0x000000008ec00000, 0x000000008ed00000|  0%| F|  |TAMS 0x000000008ec00000, 0x000000008ec00000| Untracked 
| 237|0x000000008ed00000, 0x000000008ee00000, 0x000000008ee00000|100%| O|  |TAMS 0x000000008ee00000, 0x000000008ee00000| Untracked 
| 238|0x000000008ee00000, 0x000000008ee00000, 0x000000008ef00000|  0%| F|  |TAMS 0x000000008ee00000, 0x000000008ee00000| Untracked 
| 239|0x000000008ef00000, 0x000000008f000000, 0x000000008f000000|100%| O|  |TAMS 0x000000008f000000, 0x000000008f000000| Untracked 
| 240|0x000000008f000000, 0x000000008f000000, 0x000000008f100000|  0%| F|  |TAMS 0x000000008f000000, 0x000000008f000000| Untracked 
| 241|0x000000008f100000, 0x000000008f200000, 0x000000008f200000|100%| O|  |TAMS 0x000000008f200000, 0x000000008f200000| Untracked 
| 242|0x000000008f200000, 0x000000008f200000, 0x000000008f300000|  0%| F|  |TAMS 0x000000008f200000, 0x000000008f200000| Untracked 
| 243|0x000000008f300000, 0x000000008f300000, 0x000000008f400000|  0%| F|  |TAMS 0x000000008f300000, 0x000000008f300000| Untracked 
| 244|0x000000008f400000, 0x000000008f400000, 0x000000008f500000|  0%| F|  |TAMS 0x000000008f400000, 0x000000008f400000| Untracked 
| 245|0x000000008f500000, 0x000000008f500000, 0x000000008f600000|  0%| F|  |TAMS 0x000000008f500000, 0x000000008f500000| Untracked 
| 246|0x000000008f600000, 0x000000008f600000, 0x000000008f700000|  0%| F|  |TAMS 0x000000008f600000, 0x000000008f600000| Untracked 
| 247|0x000000008f700000, 0x000000008f700000, 0x000000008f800000|  0%| F|  |TAMS 0x000000008f700000, 0x000000008f700000| Untracked 
| 248|0x000000008f800000, 0x000000008f800000, 0x000000008f900000|  0%| F|  |TAMS 0x000000008f800000, 0x000000008f800000| Untracked 
| 249|0x000000008f900000, 0x000000008f900000, 0x000000008fa00000|  0%| F|  |TAMS 0x000000008f900000, 0x000000008f900000| Untracked 
| 250|0x000000008fa00000, 0x000000008fa00000, 0x000000008fb00000|  0%| F|  |TAMS 0x000000008fa00000, 0x000000008fa00000| Untracked 
| 251|0x000000008fb00000, 0x000000008fb00000, 0x000000008fc00000|  0%| F|  |TAMS 0x000000008fb00000, 0x000000008fb00000| Untracked 
| 252|0x000000008fc00000, 0x000000008fc00000, 0x000000008fd00000|  0%| F|  |TAMS 0x000000008fc00000, 0x000000008fc00000| Untracked 
| 253|0x000000008fd00000, 0x000000008fd00000, 0x000000008fe00000|  0%| F|  |TAMS 0x000000008fd00000, 0x000000008fd00000| Untracked 
| 254|0x000000008fe00000, 0x000000008fe00000, 0x000000008ff00000|  0%| F|  |TAMS 0x000000008fe00000, 0x000000008fe00000| Untracked 
| 255|0x000000008ff00000, 0x000000008ff00000, 0x0000000090000000|  0%| F|  |TAMS 0x000000008ff00000, 0x000000008ff00000| Untracked 
| 256|0x0000000090000000, 0x0000000090000000, 0x0000000090100000|  0%| F|  |TAMS 0x0000000090000000, 0x0000000090000000| Untracked 
| 257|0x0000000090100000, 0x0000000090100000, 0x0000000090200000|  0%| F|  |TAMS 0x0000000090100000, 0x0000000090100000| Untracked 
| 258|0x0000000090200000, 0x0000000090200000, 0x0000000090300000|  0%| F|  |TAMS 0x0000000090200000, 0x0000000090200000| Untracked 
| 259|0x0000000090300000, 0x0000000090300000, 0x0000000090400000|  0%| F|  |TAMS 0x0000000090300000, 0x0000000090300000| Untracked 
| 260|0x0000000090400000, 0x0000000090400000, 0x0000000090500000|  0%| F|  |TAMS 0x0000000090400000, 0x0000000090400000| Untracked 
| 261|0x0000000090500000, 0x0000000090500000, 0x0000000090600000|  0%| F|  |TAMS 0x0000000090500000, 0x0000000090500000| Untracked 
| 262|0x0000000090600000, 0x0000000090600000, 0x0000000090700000|  0%| F|  |TAMS 0x0000000090600000, 0x0000000090600000| Untracked 
| 263|0x0000000090700000, 0x0000000090700000, 0x0000000090800000|  0%| F|  |TAMS 0x0000000090700000, 0x0000000090700000| Untracked 
| 264|0x0000000090800000, 0x0000000090800000, 0x0000000090900000|  0%| F|  |TAMS 0x0000000090800000, 0x0000000090800000| Untracked 
| 265|0x0000000090900000, 0x0000000090900000, 0x0000000090a00000|  0%| F|  |TAMS 0x0000000090900000, 0x0000000090900000| Untracked 
| 266|0x0000000090a00000, 0x0000000090a00000, 0x0000000090b00000|  0%| F|  |TAMS 0x0000000090a00000, 0x0000000090a00000| Untracked 
| 267|0x0000000090b00000, 0x0000000090b00000, 0x0000000090c00000|  0%| F|  |TAMS 0x0000000090b00000, 0x0000000090b00000| Untracked 
| 268|0x0000000090c00000, 0x0000000090c00000, 0x0000000090d00000|  0%| F|  |TAMS 0x0000000090c00000, 0x0000000090c00000| Untracked 
| 269|0x0000000090d00000, 0x0000000090d00000, 0x0000000090e00000|  0%| F|  |TAMS 0x0000000090d00000, 0x0000000090d00000| Untracked 
| 270|0x0000000090e00000, 0x0000000090e00000, 0x0000000090f00000|  0%| F|  |TAMS 0x0000000090e00000, 0x0000000090e00000| Untracked 
| 271|0x0000000090f00000, 0x0000000090f00000, 0x0000000091000000|  0%| F|  |TAMS 0x0000000090f00000, 0x0000000090f00000| Untracked 
| 272|0x0000000091000000, 0x0000000091000000, 0x0000000091100000|  0%| F|  |TAMS 0x0000000091000000, 0x0000000091000000| Untracked 
| 273|0x0000000091100000, 0x0000000091100000, 0x0000000091200000|  0%| F|  |TAMS 0x0000000091100000, 0x0000000091100000| Untracked 
| 274|0x0000000091200000, 0x0000000091200000, 0x0000000091300000|  0%| F|  |TAMS 0x0000000091200000, 0x0000000091200000| Untracked 
| 275|0x0000000091300000, 0x0000000091300000, 0x0000000091400000|  0%| F|  |TAMS 0x0000000091300000, 0x0000000091300000| Untracked 
| 276|0x0000000091400000, 0x0000000091400000, 0x0000000091500000|  0%| F|  |TAMS 0x0000000091400000, 0x0000000091400000| Untracked 
| 277|0x0000000091500000, 0x0000000091500000, 0x0000000091600000|  0%| F|  |TAMS 0x0000000091500000, 0x0000000091500000| Untracked 
| 278|0x0000000091600000, 0x0000000091600000, 0x0000000091700000|  0%| F|  |TAMS 0x0000000091600000, 0x0000000091600000| Untracked 
| 279|0x0000000091700000, 0x0000000091800000, 0x0000000091800000|100%| S|CS|TAMS 0x0000000091700000, 0x0000000091700000| Complete 
| 280|0x0000000091800000, 0x0000000091900000, 0x0000000091900000|100%| S|CS|TAMS 0x0000000091800000, 0x0000000091800000| Complete 
| 281|0x0000000091900000, 0x0000000091a00000, 0x0000000091a00000|100%| S|CS|TAMS 0x0000000091900000, 0x0000000091900000| Complete 
| 282|0x0000000091a00000, 0x0000000091b00000, 0x0000000091b00000|100%| S|CS|TAMS 0x0000000091a00000, 0x0000000091a00000| Complete 
| 283|0x0000000091b00000, 0x0000000091c00000, 0x0000000091c00000|100%| S|CS|TAMS 0x0000000091b00000, 0x0000000091b00000| Complete 
| 284|0x0000000091c00000, 0x0000000091d00000, 0x0000000091d00000|100%| S|CS|TAMS 0x0000000091c00000, 0x0000000091c00000| Complete 
| 285|0x0000000091d00000, 0x0000000091e00000, 0x0000000091e00000|100%| S|CS|TAMS 0x0000000091d00000, 0x0000000091d00000| Complete 
| 286|0x0000000091e00000, 0x0000000091f00000, 0x0000000091f00000|100%| S|CS|TAMS 0x0000000091e00000, 0x0000000091e00000| Complete 
| 287|0x0000000091f00000, 0x0000000092000000, 0x0000000092000000|100%| S|CS|TAMS 0x0000000091f00000, 0x0000000091f00000| Complete 
| 288|0x0000000092000000, 0x0000000092000000, 0x0000000092100000|  0%| F|  |TAMS 0x0000000092000000, 0x0000000092000000| Untracked 
| 289|0x0000000092100000, 0x0000000092100000, 0x0000000092200000|  0%| F|  |TAMS 0x0000000092100000, 0x0000000092100000| Untracked 
| 290|0x0000000092200000, 0x0000000092200000, 0x0000000092300000|  0%| F|  |TAMS 0x0000000092200000, 0x0000000092200000| Untracked 
| 291|0x0000000092300000, 0x0000000092300000, 0x0000000092400000|  0%| F|  |TAMS 0x0000000092300000, 0x0000000092300000| Untracked 
| 292|0x0000000092400000, 0x0000000092400000, 0x0000000092500000|  0%| F|  |TAMS 0x0000000092400000, 0x0000000092400000| Untracked 
| 293|0x0000000092500000, 0x0000000092500000, 0x0000000092600000|  0%| F|  |TAMS 0x0000000092500000, 0x0000000092500000| Untracked 
| 294|0x0000000092600000, 0x0000000092600000, 0x0000000092700000|  0%| F|  |TAMS 0x0000000092600000, 0x0000000092600000| Untracked 
| 295|0x0000000092700000, 0x0000000092700000, 0x0000000092800000|  0%| F|  |TAMS 0x0000000092700000, 0x0000000092700000| Untracked 
| 296|0x0000000092800000, 0x0000000092800000, 0x0000000092900000|  0%| F|  |TAMS 0x0000000092800000, 0x0000000092800000| Untracked 
| 297|0x0000000092900000, 0x0000000092900000, 0x0000000092a00000|  0%| F|  |TAMS 0x0000000092900000, 0x0000000092900000| Untracked 
| 298|0x0000000092a00000, 0x0000000092a00000, 0x0000000092b00000|  0%| F|  |TAMS 0x0000000092a00000, 0x0000000092a00000| Untracked 
| 299|0x0000000092b00000, 0x0000000092b00000, 0x0000000092c00000|  0%| F|  |TAMS 0x0000000092b00000, 0x0000000092b00000| Untracked 
| 300|0x0000000092c00000, 0x0000000092c00000, 0x0000000092d00000|  0%| F|  |TAMS 0x0000000092c00000, 0x0000000092c00000| Untracked 
| 301|0x0000000092d00000, 0x0000000092d00000, 0x0000000092e00000|  0%| F|  |TAMS 0x0000000092d00000, 0x0000000092d00000| Untracked 
| 302|0x0000000092e00000, 0x0000000092e00000, 0x0000000092f00000|  0%| F|  |TAMS 0x0000000092e00000, 0x0000000092e00000| Untracked 
| 303|0x0000000092f00000, 0x0000000092f00000, 0x0000000093000000|  0%| F|  |TAMS 0x0000000092f00000, 0x0000000092f00000| Untracked 
| 304|0x0000000093000000, 0x0000000093000000, 0x0000000093100000|  0%| F|  |TAMS 0x0000000093000000, 0x0000000093000000| Untracked 
| 305|0x0000000093100000, 0x0000000093100000, 0x0000000093200000|  0%| F|  |TAMS 0x0000000093100000, 0x0000000093100000| Untracked 
| 306|0x0000000093200000, 0x0000000093200000, 0x0000000093300000|  0%| F|  |TAMS 0x0000000093200000, 0x0000000093200000| Untracked 
| 307|0x0000000093300000, 0x0000000093300000, 0x0000000093400000|  0%| F|  |TAMS 0x0000000093300000, 0x0000000093300000| Untracked 
| 308|0x0000000093400000, 0x0000000093400000, 0x0000000093500000|  0%| F|  |TAMS 0x0000000093400000, 0x0000000093400000| Untracked 
| 309|0x0000000093500000, 0x0000000093500000, 0x0000000093600000|  0%| F|  |TAMS 0x0000000093500000, 0x0000000093500000| Untracked 
| 310|0x0000000093600000, 0x0000000093600000, 0x0000000093700000|  0%| F|  |TAMS 0x0000000093600000, 0x0000000093600000| Untracked 
| 311|0x0000000093700000, 0x0000000093700000, 0x0000000093800000|  0%| F|  |TAMS 0x0000000093700000, 0x0000000093700000| Untracked 
| 312|0x0000000093800000, 0x0000000093800000, 0x0000000093900000|  0%| F|  |TAMS 0x0000000093800000, 0x0000000093800000| Untracked 
| 313|0x0000000093900000, 0x0000000093900000, 0x0000000093a00000|  0%| F|  |TAMS 0x0000000093900000, 0x0000000093900000| Untracked 
| 314|0x0000000093a00000, 0x0000000093a00000, 0x0000000093b00000|  0%| F|  |TAMS 0x0000000093a00000, 0x0000000093a00000| Untracked 
| 315|0x0000000093b00000, 0x0000000093b00000, 0x0000000093c00000|  0%| F|  |TAMS 0x0000000093b00000, 0x0000000093b00000| Untracked 
| 316|0x0000000093c00000, 0x0000000093c00000, 0x0000000093d00000|  0%| F|  |TAMS 0x0000000093c00000, 0x0000000093c00000| Untracked 
| 317|0x0000000093d00000, 0x0000000093d00000, 0x0000000093e00000|  0%| F|  |TAMS 0x0000000093d00000, 0x0000000093d00000| Untracked 
| 318|0x0000000093e00000, 0x0000000093e00000, 0x0000000093f00000|  0%| F|  |TAMS 0x0000000093e00000, 0x0000000093e00000| Untracked 
| 319|0x0000000093f00000, 0x0000000093f00000, 0x0000000094000000|  0%| F|  |TAMS 0x0000000093f00000, 0x0000000093f00000| Untracked 
| 320|0x0000000094000000, 0x0000000094000000, 0x0000000094100000|  0%| F|  |TAMS 0x0000000094000000, 0x0000000094000000| Untracked 
| 321|0x0000000094100000, 0x0000000094100000, 0x0000000094200000|  0%| F|  |TAMS 0x0000000094100000, 0x0000000094100000| Untracked 
| 322|0x0000000094200000, 0x0000000094200000, 0x0000000094300000|  0%| F|  |TAMS 0x0000000094200000, 0x0000000094200000| Untracked 
| 323|0x0000000094300000, 0x0000000094300000, 0x0000000094400000|  0%| F|  |TAMS 0x0000000094300000, 0x0000000094300000| Untracked 
| 324|0x0000000094400000, 0x0000000094400000, 0x0000000094500000|  0%| F|  |TAMS 0x0000000094400000, 0x0000000094400000| Untracked 
| 325|0x0000000094500000, 0x0000000094500000, 0x0000000094600000|  0%| F|  |TAMS 0x0000000094500000, 0x0000000094500000| Untracked 
| 326|0x0000000094600000, 0x0000000094600000, 0x0000000094700000|  0%| F|  |TAMS 0x0000000094600000, 0x0000000094600000| Untracked 
| 327|0x0000000094700000, 0x0000000094700000, 0x0000000094800000|  0%| F|  |TAMS 0x0000000094700000, 0x0000000094700000| Untracked 
| 328|0x0000000094800000, 0x0000000094800000, 0x0000000094900000|  0%| F|  |TAMS 0x0000000094800000, 0x0000000094800000| Untracked 
| 329|0x0000000094900000, 0x0000000094900000, 0x0000000094a00000|  0%| F|  |TAMS 0x0000000094900000, 0x0000000094900000| Untracked 
| 330|0x0000000094a00000, 0x0000000094a00000, 0x0000000094b00000|  0%| F|  |TAMS 0x0000000094a00000, 0x0000000094a00000| Untracked 
| 331|0x0000000094b00000, 0x0000000094b00000, 0x0000000094c00000|  0%| F|  |TAMS 0x0000000094b00000, 0x0000000094b00000| Untracked 
| 332|0x0000000094c00000, 0x0000000094c00000, 0x0000000094d00000|  0%| F|  |TAMS 0x0000000094c00000, 0x0000000094c00000| Untracked 
| 333|0x0000000094d00000, 0x0000000094d00000, 0x0000000094e00000|  0%| F|  |TAMS 0x0000000094d00000, 0x0000000094d00000| Untracked 
| 334|0x0000000094e00000, 0x0000000094e00000, 0x0000000094f00000|  0%| F|  |TAMS 0x0000000094e00000, 0x0000000094e00000| Untracked 
| 335|0x0000000094f00000, 0x0000000094f00000, 0x0000000095000000|  0%| F|  |TAMS 0x0000000094f00000, 0x0000000094f00000| Untracked 
| 336|0x0000000095000000, 0x0000000095000000, 0x0000000095100000|  0%| F|  |TAMS 0x0000000095000000, 0x0000000095000000| Untracked 
| 337|0x0000000095100000, 0x0000000095100000, 0x0000000095200000|  0%| F|  |TAMS 0x0000000095100000, 0x0000000095100000| Untracked 
| 338|0x0000000095200000, 0x0000000095200000, 0x0000000095300000|  0%| F|  |TAMS 0x0000000095200000, 0x0000000095200000| Untracked 
| 339|0x0000000095300000, 0x0000000095300000, 0x0000000095400000|  0%| F|  |TAMS 0x0000000095300000, 0x0000000095300000| Untracked 
| 340|0x0000000095400000, 0x0000000095400000, 0x0000000095500000|  0%| F|  |TAMS 0x0000000095400000, 0x0000000095400000| Untracked 
| 341|0x0000000095500000, 0x0000000095500000, 0x0000000095600000|  0%| F|  |TAMS 0x0000000095500000, 0x0000000095500000| Untracked 
| 342|0x0000000095600000, 0x0000000095600000, 0x0000000095700000|  0%| F|  |TAMS 0x0000000095600000, 0x0000000095600000| Untracked 
| 343|0x0000000095700000, 0x0000000095700000, 0x0000000095800000|  0%| F|  |TAMS 0x0000000095700000, 0x0000000095700000| Untracked 
| 344|0x0000000095800000, 0x0000000095800000, 0x0000000095900000|  0%| F|  |TAMS 0x0000000095800000, 0x0000000095800000| Untracked 
| 345|0x0000000095900000, 0x0000000095900000, 0x0000000095a00000|  0%| F|  |TAMS 0x0000000095900000, 0x0000000095900000| Untracked 
| 346|0x0000000095a00000, 0x0000000095a00000, 0x0000000095b00000|  0%| F|  |TAMS 0x0000000095a00000, 0x0000000095a00000| Untracked 

Card table byte_map: [0x0000016efde50000,0x0000016efe250000] _byte_map_base: 0x0000016efda50000

Marking Bits (Prev, Next): (CMBitMap*) 0x0000016eeac81348, (CMBitMap*) 0x0000016eeac81380
 Prev Bits: [0x0000016e80000000, 0x0000016e82000000)
 Next Bits: [0x0000016e82000000, 0x0000016e84000000)

Polling page: 0x0000016ee8bf0000

Metaspace:

Usage:
  Non-class:    104.30 MB capacity,   101.82 MB ( 98%) used,     2.00 MB (  2%) free+waste,   480.94 KB ( <1%) overhead. 
      Class:     16.27 MB capacity,    14.79 MB ( 91%) used,     1.27 MB (  8%) free+waste,   214.13 KB (  1%) overhead. 
       Both:    120.56 MB capacity,   116.61 MB ( 97%) used,     3.27 MB (  3%) free+waste,   695.06 KB ( <1%) overhead. 

Virtual space:
  Non-class space:      106.00 MB reserved,     104.43 MB ( 99%) committed 
      Class space:        1.00 GB reserved,      16.32 MB (  2%) committed 
             Both:        1.10 GB reserved,     120.75 MB ( 11%) committed 

Chunk freelists:
   Non-Class:  5.00 KB
       Class:  0 bytes
        Both:  5.00 KB

MaxMetaspaceSize: 17179869184.00 GB
CompressedClassSpaceSize: 1.00 GB

CodeHeap 'non-profiled nmethods': size=120000Kb used=17062Kb max_used=17062Kb free=102938Kb
 bounds [0x0000016ef61f0000, 0x0000016ef72a0000, 0x0000016efd720000]
CodeHeap 'profiled nmethods': size=120000Kb used=47254Kb max_used=47254Kb free=72745Kb
 bounds [0x0000016eeecc0000, 0x0000016ef1b00000, 0x0000016ef61f0000]
CodeHeap 'non-nmethods': size=5760Kb used=2384Kb max_used=2486Kb free=3375Kb
 bounds [0x0000016eee720000, 0x0000016eee9a0000, 0x0000016eeecc0000]
 total_blobs=22942 nmethods=21943 adapters=909
 compilation: enabled
              stopped_count=0, restarted_count=0
 full_count=0

Compilation events (20 events):
Event: 1255.252 Thread 0x0000016eff0a7000 nmethod 23804 0x0000016ef728f810 code [0x0000016ef728fb00, 0x0000016ef7292548]
Event: 1255.253 Thread 0x0000016eff0a7000 23821       4       com.android.tools.r8.naming.w$b::a (88 bytes)
Event: 1255.309 Thread 0x0000016eff0aa800 23824       3       java.util.TimSort::mergeHi (732 bytes)
Event: 1255.311 Thread 0x0000016eff0aa800 nmethod 23824 0x0000016ef1ac3f10 code [0x0000016ef1ac42a0, 0x0000016ef1ac66f8]
Event: 1255.500 Thread 0x0000016eff0aa800 23825       3       java.util.TimSort::mergeLo (659 bytes)
Event: 1255.501 Thread 0x0000016eff0aa800 nmethod 23825 0x0000016ef1ac6f10 code [0x0000016ef1ac72a0, 0x0000016ef1ac9658]
Event: 1255.521 Thread 0x0000016eff0aa800 23826       3       com.android.tools.r8.internal.No::d (20 bytes)
Event: 1255.522 Thread 0x0000016eff0aa800 nmethod 23826 0x0000016ef1ac9e10 code [0x0000016ef1ac9fe0, 0x0000016ef1aca1c8]
Event: 1255.523 Thread 0x0000016eff0aa800 23827 % !   3       com.android.tools.r8.dex.m::c @ 489 (2765 bytes)
Event: 1255.560 Thread 0x0000016eff0aa800 nmethod 23827% 0x0000016ef1aca310 code [0x0000016ef1acccc0, 0x0000016ef1ae8be8]
Event: 1255.560 Thread 0x0000016eff0aa800 23829       3       com.android.tools.r8.graph.E$b$a::a (9 bytes)
Event: 1255.561 Thread 0x0000016eff0aa800 nmethod 23829 0x0000016ef1af7290 code [0x0000016ef1af7440, 0x0000016ef1af7608]
Event: 1255.561 Thread 0x0000016eff0aa800 23828       3       com.android.tools.r8.internal.No::c (23 bytes)
Event: 1255.561 Thread 0x0000016eff0aa800 nmethod 23828 0x0000016ef1af7710 code [0x0000016ef1af78c0, 0x0000016ef1af7a48]
Event: 1255.561 Thread 0x0000016eff0aa800 23830       1       com.android.tools.r8.code.J::w (2 bytes)
Event: 1255.561 Thread 0x0000016eff0aa800 nmethod 23830 0x0000016ef7293890 code [0x0000016ef7293a40, 0x0000016ef7293af8]
Event: 1255.568 Thread 0x0000016eff0aa800 23832       2       com.android.tools.r8.code.S2::w (10 bytes)
Event: 1255.568 Thread 0x0000016eff0aa800 nmethod 23832 0x0000016ef1af7b10 code [0x0000016ef1af7cc0, 0x0000016ef1af7dd8]
Event: 1255.580 Thread 0x0000016eff0a7000 nmethod 23821 0x0000016ef7293b90 code [0x0000016ef7293ee0, 0x0000016ef7298518]
Event: 1255.581 Thread 0x0000016eff0a7000 23819       4       com.android.tools.r8.dex.m$$Lambda$1624/0x0000000100f06440::accept (20 bytes)

GC Heap History (20 events):
Event: 1253.345 GC heap after
{Heap after GC invocations=104 (full 0):
 garbage-first heap   total 247808K, used 195895K [0x0000000080000000, 0x0000000100000000)
  region size 1024K, 2 young (2048K), 2 survivors (2048K)
 Metaspace       used 119102K, capacity 123071K, committed 123136K, reserved 1155072K
  class space    used 15137K, capacity 16653K, committed 16716K, reserved 1048576K
}
Event: 1253.413 GC heap before
{Heap before GC invocations=104 (full 0):
 garbage-first heap   total 247808K, used 206135K [0x0000000080000000, 0x0000000100000000)
  region size 1024K, 12 young (12288K), 2 survivors (2048K)
 Metaspace       used 119120K, capacity 123140K, committed 123392K, reserved 1157120K
  class space    used 15137K, capacity 16653K, committed 16716K, reserved 1048576K
}
Event: 1253.420 GC heap after
{Heap after GC invocations=105 (full 0):
 garbage-first heap   total 247808K, used 194139K [0x0000000080000000, 0x0000000100000000)
  region size 1024K, 2 young (2048K), 2 survivors (2048K)
 Metaspace       used 119120K, capacity 123140K, committed 123392K, reserved 1157120K
  class space    used 15137K, capacity 16653K, committed 16716K, reserved 1048576K
}
Event: 1253.469 GC heap before
{Heap before GC invocations=105 (full 0):
 garbage-first heap   total 247808K, used 208475K [0x0000000080000000, 0x0000000100000000)
  region size 1024K, 16 young (16384K), 2 survivors (2048K)
 Metaspace       used 119162K, capacity 123148K, committed 123392K, reserved 1157120K
  class space    used 15137K, capacity 16653K, committed 16716K, reserved 1048576K
}
Event: 1253.472 GC heap after
{Heap after GC invocations=106 (full 0):
 garbage-first heap   total 247808K, used 195654K [0x0000000080000000, 0x0000000100000000)
  region size 1024K, 2 young (2048K), 2 survivors (2048K)
 Metaspace       used 119162K, capacity 123148K, committed 123392K, reserved 1157120K
  class space    used 15137K, capacity 16653K, committed 16716K, reserved 1048576K
}
Event: 1253.585 GC heap before
{Heap before GC invocations=106 (full 0):
 garbage-first heap   total 247808K, used 208966K [0x0000000080000000, 0x0000000100000000)
  region size 1024K, 16 young (16384K), 2 survivors (2048K)
 Metaspace       used 119176K, capacity 123148K, committed 123392K, reserved 1157120K
  class space    used 15137K, capacity 16653K, committed 16716K, reserved 1048576K
}
Event: 1253.588 GC heap after
{Heap after GC invocations=107 (full 0):
 garbage-first heap   total 247808K, used 197127K [0x0000000080000000, 0x0000000100000000)
  region size 1024K, 2 young (2048K), 2 survivors (2048K)
 Metaspace       used 119176K, capacity 123148K, committed 123392K, reserved 1157120K
  class space    used 15137K, capacity 16653K, committed 16716K, reserved 1048576K
}
Event: 1253.698 GC heap before
{Heap before GC invocations=107 (full 0):
 garbage-first heap   total 247808K, used 202247K [0x0000000080000000, 0x0000000100000000)
  region size 1024K, 16 young (16384K), 2 survivors (2048K)
 Metaspace       used 119180K, capacity 123148K, committed 123392K, reserved 1157120K
  class space    used 15137K, capacity 16653K, committed 16716K, reserved 1048576K
}
Event: 1253.705 GC heap after
{Heap after GC invocations=108 (full 0):
 garbage-first heap   total 247808K, used 189740K [0x0000000080000000, 0x0000000100000000)
  region size 1024K, 2 young (2048K), 2 survivors (2048K)
 Metaspace       used 119180K, capacity 123148K, committed 123392K, reserved 1157120K
  class space    used 15137K, capacity 16653K, committed 16716K, reserved 1048576K
}
Event: 1253.802 GC heap before
{Heap before GC invocations=109 (full 0):
 garbage-first heap   total 247808K, used 211244K [0x0000000080000000, 0x0000000100000000)
  region size 1024K, 19 young (19456K), 2 survivors (2048K)
 Metaspace       used 119183K, capacity 123148K, committed 123392K, reserved 1157120K
  class space    used 15137K, capacity 16653K, committed 16716K, reserved 1048576K
}
Event: 1253.810 GC heap after
{Heap after GC invocations=110 (full 0):
 garbage-first heap   total 247808K, used 195743K [0x0000000080000000, 0x0000000100000000)
  region size 1024K, 3 young (3072K), 3 survivors (3072K)
 Metaspace       used 119183K, capacity 123148K, committed 123392K, reserved 1157120K
  class space    used 15137K, capacity 16653K, committed 16716K, reserved 1048576K
}
Event: 1253.821 GC heap before
{Heap before GC invocations=110 (full 0):
 garbage-first heap   total 247808K, used 204959K [0x0000000080000000, 0x0000000100000000)
  region size 1024K, 12 young (12288K), 3 survivors (3072K)
 Metaspace       used 119187K, capacity 123212K, committed 123392K, reserved 1157120K
  class space    used 15137K, capacity 16653K, committed 16716K, reserved 1048576K
}
Event: 1253.838 GC heap after
{Heap after GC invocations=111 (full 0):
 garbage-first heap   total 355328K, used 186909K [0x0000000080000000, 0x0000000100000000)
  region size 1024K, 2 young (2048K), 2 survivors (2048K)
 Metaspace       used 119187K, capacity 123212K, committed 123392K, reserved 1157120K
  class space    used 15137K, capacity 16653K, committed 16716K, reserved 1048576K
}
Event: 1254.040 GC heap before
{Heap before GC invocations=111 (full 0):
 garbage-first heap   total 355328K, used 232989K [0x0000000080000000, 0x0000000100000000)
  region size 1024K, 49 young (50176K), 2 survivors (2048K)
 Metaspace       used 119288K, capacity 123347K, committed 123648K, reserved 1157120K
  class space    used 15142K, capacity 16654K, committed 16716K, reserved 1048576K
}
Event: 1254.064 GC heap after
{Heap after GC invocations=112 (full 0):
 garbage-first heap   total 355328K, used 190074K [0x0000000080000000, 0x0000000100000000)
  region size 1024K, 6 young (6144K), 6 survivors (6144K)
 Metaspace       used 119288K, capacity 123347K, committed 123648K, reserved 1157120K
  class space    used 15142K, capacity 16654K, committed 16716K, reserved 1048576K
}
Event: 1254.633 GC heap before
{Heap before GC invocations=113 (full 0):
 garbage-first heap   total 355328K, used 206458K [0x0000000080000000, 0x0000000100000000)
  region size 1024K, 21 young (21504K), 6 survivors (6144K)
 Metaspace       used 119290K, capacity 123347K, committed 123648K, reserved 1157120K
  class space    used 15142K, capacity 16654K, committed 16716K, reserved 1048576K
}
Event: 1254.640 GC heap after
{Heap after GC invocations=114 (full 0):
 garbage-first heap   total 355328K, used 192780K [0x0000000080000000, 0x0000000100000000)
  region size 1024K, 4 young (4096K), 4 survivors (4096K)
 Metaspace       used 119290K, capacity 123347K, committed 123648K, reserved 1157120K
  class space    used 15142K, capacity 16654K, committed 16716K, reserved 1048576K
}
Event: 1255.053 GC heap before
{Heap before GC invocations=115 (full 0):
 garbage-first heap   total 355328K, used 222476K [0x0000000080000000, 0x0000000100000000)
  region size 1024K, 29 young (29696K), 4 survivors (4096K)
 Metaspace       used 119322K, capacity 123364K, committed 123648K, reserved 1157120K
  class space    used 15145K, capacity 16659K, committed 16716K, reserved 1048576K
}
Event: 1255.060 GC heap after
{Heap after GC invocations=116 (full 0):
 garbage-first heap   total 355328K, used 202740K [0x0000000080000000, 0x0000000100000000)
  region size 1024K, 8 young (8192K), 8 survivors (8192K)
 Metaspace       used 119322K, capacity 123364K, committed 123648K, reserved 1157120K
  class space    used 15145K, capacity 16659K, committed 16716K, reserved 1048576K
}
Event: 1255.593 GC heap before
{Heap before GC invocations=117 (full 0):
 garbage-first heap   total 355328K, used 259060K [0x0000000080000000, 0x0000000100000000)
  region size 1024K, 59 young (60416K), 8 survivors (8192K)
 Metaspace       used 119412K, capacity 123458K, committed 123648K, reserved 1157120K
  class space    used 15145K, capacity 16659K, committed 16716K, reserved 1048576K
}

Deoptimization events (20 events):
Event: 1254.649 Thread 0x0000016e89681000 DEOPT PACKING pc=0x0000016ef1a7bd30 sp=0x0000003bebbfe930
Event: 1254.649 Thread 0x0000016e89681000 DEOPT UNPACKING pc=0x0000016eee748ede sp=0x0000003bebbfdde8 mode 0
Event: 1255.012 Thread 0x0000016e89681000 DEOPT PACKING pc=0x0000016ef1a93c08 sp=0x0000003bebbfe8d0
Event: 1255.012 Thread 0x0000016e89681000 DEOPT UNPACKING pc=0x0000016eee748ede sp=0x0000003bebbfde38 mode 0
Event: 1255.107 Thread 0x0000016e89681000 DEOPT PACKING pc=0x0000016ef1a93c08 sp=0x0000003bebbfeaa0
Event: 1255.107 Thread 0x0000016e89681000 DEOPT UNPACKING pc=0x0000016eee748ede sp=0x0000003bebbfe008 mode 0
Event: 1255.111 Thread 0x0000016e89681000 DEOPT PACKING pc=0x0000016ef1a93c08 sp=0x0000003bebbfeaa0
Event: 1255.111 Thread 0x0000016e89681000 DEOPT UNPACKING pc=0x0000016eee748ede sp=0x0000003bebbfe008 mode 0
Event: 1255.307 Thread 0x0000016e89681000 Uncommon trap: trap_request=0xffffff4d fr.pc=0x0000016ef720ee74 relative=0x00000000000018d4
Event: 1255.307 Thread 0x0000016e89681000 Uncommon trap: reason=unstable_if action=reinterpret pc=0x0000016ef720ee74 method=java.util.TimSort.mergeHi(IIII)V @ 584 c2
Event: 1255.307 Thread 0x0000016e89681000 DEOPT PACKING pc=0x0000016ef720ee74 sp=0x0000003bebbfea60
Event: 1255.307 Thread 0x0000016e89681000 DEOPT UNPACKING pc=0x0000016eee7283af sp=0x0000003bebbfea28 mode 2
Event: 1255.316 Thread 0x0000016e89681000 Uncommon trap: trap_request=0xffffff4d fr.pc=0x0000016ef720615c relative=0x00000000000017bc
Event: 1255.316 Thread 0x0000016e89681000 Uncommon trap: reason=unstable_if action=reinterpret pc=0x0000016ef720615c method=java.util.TimSort.mergeLo(IIII)V @ 529 c2
Event: 1255.316 Thread 0x0000016e89681000 DEOPT PACKING pc=0x0000016ef720615c sp=0x0000003bebbfea70
Event: 1255.316 Thread 0x0000016e89681000 DEOPT UNPACKING pc=0x0000016eee7283af sp=0x0000003bebbfea30 mode 2
Event: 1255.592 Thread 0x0000016e89681000 Uncommon trap: trap_request=0xffffff4d fr.pc=0x0000016ef6223610 relative=0x0000000000000070
Event: 1255.592 Thread 0x0000016e89681000 Uncommon trap: reason=unstable_if action=reinterpret pc=0x0000016ef6223610 method=com.android.tools.r8.dex.i.c(I)V @ 8 c2
Event: 1255.592 Thread 0x0000016e89681000 DEOPT PACKING pc=0x0000016ef6223610 sp=0x0000003bebbfe740
Event: 1255.592 Thread 0x0000016e89681000 DEOPT UNPACKING pc=0x0000016eee7283af sp=0x0000003bebbfe6b8 mode 2

Classes redefined (0 events):
No events

Internal exceptions (20 events):
Event: 1199.898 Thread 0x0000016e86192000 Exception <a 'sun/nio/fs/WindowsException'{0x000000008c08cdc8}> (0x000000008c08cdc8) thrown at [./src/hotspot/share/prims/jni.cpp, line 615]
Event: 1199.898 Thread 0x0000016e86192000 Exception <a 'sun/nio/fs/WindowsException'{0x000000008c08de60}> (0x000000008c08de60) thrown at [./src/hotspot/share/prims/jni.cpp, line 615]
Event: 1199.898 Thread 0x0000016e86192000 Exception <a 'sun/nio/fs/WindowsException'{0x000000008c08ef48}> (0x000000008c08ef48) thrown at [./src/hotspot/share/prims/jni.cpp, line 615]
Event: 1199.898 Thread 0x0000016e86192000 Exception <a 'sun/nio/fs/WindowsException'{0x000000008c090030}> (0x000000008c090030) thrown at [./src/hotspot/share/prims/jni.cpp, line 615]
Event: 1200.059 Thread 0x0000016effc70800 Exception <a 'java/lang/InterruptedException'{0x000000008a9509e0}> (0x000000008a9509e0) thrown at [./src/hotspot/share/runtime/objectMonitor.cpp, line 1635]
Event: 1201.024 Thread 0x0000016e896b7800 Exception <a 'sun/nio/fs/WindowsException'{0x0000000089f35f58}> (0x0000000089f35f58) thrown at [./src/hotspot/share/prims/jni.cpp, line 615]
Event: 1201.086 Thread 0x0000016e896b7800 Exception <a 'sun/nio/fs/WindowsException'{0x000000008db97f00}> (0x000000008db97f00) thrown at [./src/hotspot/share/prims/jni.cpp, line 615]
Event: 1201.105 Thread 0x0000016e89681000 Exception <a 'sun/nio/fs/WindowsException'{0x000000008d93bc08}> (0x000000008d93bc08) thrown at [./src/hotspot/share/prims/jni.cpp, line 615]
Event: 1201.122 Thread 0x0000016e89681000 Exception <a 'sun/nio/fs/WindowsException'{0x000000008d7c1358}> (0x000000008d7c1358) thrown at [./src/hotspot/share/prims/jni.cpp, line 615]
Event: 1252.112 Thread 0x0000016e86192000 Exception <a 'sun/nio/fs/WindowsException'{0x000000008be00438}> (0x000000008be00438) thrown at [./src/hotspot/share/prims/jni.cpp, line 615]
Event: 1252.181 Thread 0x0000016e86192000 Exception <a 'sun/nio/fs/WindowsException'{0x000000008b58f198}> (0x000000008b58f198) thrown at [./src/hotspot/share/prims/jni.cpp, line 615]
Event: 1252.186 Thread 0x0000016e86192000 Exception <a 'sun/nio/fs/WindowsException'{0x000000008b429e00}> (0x000000008b429e00) thrown at [./src/hotspot/share/prims/jni.cpp, line 615]
Event: 1252.186 Thread 0x0000016e86192000 Exception <a 'sun/nio/fs/WindowsException'{0x000000008b42ae98}> (0x000000008b42ae98) thrown at [./src/hotspot/share/prims/jni.cpp, line 615]
Event: 1252.186 Thread 0x0000016e86192000 Exception <a 'sun/nio/fs/WindowsException'{0x000000008b42bf80}> (0x000000008b42bf80) thrown at [./src/hotspot/share/prims/jni.cpp, line 615]
Event: 1252.186 Thread 0x0000016e86192000 Exception <a 'sun/nio/fs/WindowsException'{0x000000008b42d068}> (0x000000008b42d068) thrown at [./src/hotspot/share/prims/jni.cpp, line 615]
Event: 1252.631 Thread 0x0000016e861a0000 Exception <a 'sun/nio/fs/WindowsException'{0x000000008d98d920}> (0x000000008d98d920) thrown at [./src/hotspot/share/prims/jni.cpp, line 615]
Event: 1253.853 Thread 0x0000016e896b7000 Exception <a 'sun/nio/fs/WindowsException'{0x0000000095266af0}> (0x0000000095266af0) thrown at [./src/hotspot/share/prims/jni.cpp, line 615]
Event: 1253.853 Thread 0x0000016e896b7000 Exception <a 'sun/nio/fs/WindowsException'{0x0000000095266b90}> (0x0000000095266b90) thrown at [./src/hotspot/share/prims/jni.cpp, line 615]
Event: 1253.853 Thread 0x0000016e896b7000 Exception <a 'sun/nio/fs/WindowsException'{0x0000000095266c78}> (0x0000000095266c78) thrown at [./src/hotspot/share/prims/jni.cpp, line 615]
Event: 1253.982 Thread 0x0000016e8c8e1000 Exception <a 'java/lang/InterruptedException'{0x0000000092ea9e60}> (0x0000000092ea9e60) thrown at [./src/hotspot/share/runtime/objectMonitor.cpp, line 1635]

Events (20 events):
Event: 1254.900 Executing coalesced safepoint VM operation: RevokeBias
Event: 1254.900 Executing coalesced safepoint VM operation: RevokeBias done
Event: 1254.900 Executing coalesced safepoint VM operation: RevokeBias
Event: 1254.900 Executing coalesced safepoint VM operation: RevokeBias done
Event: 1254.900 Executing coalesced safepoint VM operation: RevokeBias
Event: 1254.900 Executing coalesced safepoint VM operation: RevokeBias done
Event: 1254.900 Executing VM operation: RevokeBias done
Event: 1254.990 Thread 0x0000016e896ba000 Thread exited: 0x0000016e896ba000
Event: 1254.991 Thread 0x0000016e896b7800 Thread exited: 0x0000016e896b7800
Event: 1254.991 Thread 0x0000016e8619f000 Thread exited: 0x0000016e8619f000
Event: 1254.991 Thread 0x0000016e8619e800 Thread exited: 0x0000016e8619e800
Event: 1255.001 Executing VM operation: CGC_Operation
Event: 1255.001 Executing VM operation: CGC_Operation done
Event: 1255.053 Executing VM operation: G1CollectForAllocation
Event: 1255.060 Executing VM operation: G1CollectForAllocation done
Event: 1255.318 Executing VM operation: CGC_Operation
Event: 1255.329 Executing VM operation: CGC_Operation done
Event: 1255.498 Executing VM operation: CGC_Operation
Event: 1255.499 Executing VM operation: CGC_Operation done
Event: 1255.593 Executing VM operation: G1CollectForAllocation


Dynamic libraries:
0x00007ff7c4fe0000 - 0x00007ff7c4fea000 	D:\Program Files\Android\jre\bin\java.exe
0x00007ffaf9ae0000 - 0x00007ffaf9cd0000 	C:\Windows\SYSTEM32\ntdll.dll
0x00007ffaf7ef0000 - 0x00007ffaf7fa2000 	C:\Windows\System32\KERNEL32.DLL
0x00007ffaf6ae0000 - 0x00007ffaf6d83000 	C:\Windows\System32\KERNELBASE.dll
0x00007ffaf70d0000 - 0x00007ffaf71ca000 	C:\Windows\System32\ucrtbase.dll
0x00007ffae61c0000 - 0x00007ffae61d9000 	D:\Program Files\Android\jre\bin\jli.dll
0x00007ffae61a0000 - 0x00007ffae61b7000 	D:\Program Files\Android\jre\bin\VCRUNTIME140.dll
0x00007ffaf7c80000 - 0x00007ffaf7e14000 	C:\Windows\System32\USER32.dll
0x00007ffaf6ab0000 - 0x00007ffaf6ad1000 	C:\Windows\System32\win32u.dll
0x00007ffae3050000 - 0x00007ffae32d5000 	C:\Windows\WinSxS\amd64_microsoft.windows.common-controls_6595b64144ccf1df_6.0.18362.535_none_e6c3b34713100821\COMCTL32.dll
0x00007ffaf80d0000 - 0x00007ffaf80f6000 	C:\Windows\System32\GDI32.dll
0x00007ffaf6d90000 - 0x00007ffaf6f24000 	C:\Windows\System32\gdi32full.dll
0x00007ffaf9050000 - 0x00007ffaf90ee000 	C:\Windows\System32\msvcrt.dll
0x00007ffaf79d0000 - 0x00007ffaf7a6e000 	C:\Windows\System32\msvcp_win.dll
0x00007ffaf8cb0000 - 0x00007ffaf8fe6000 	C:\Windows\System32\combase.dll
0x00007ffaf92d0000 - 0x00007ffaf93f0000 	C:\Windows\System32\RPCRT4.dll
0x00007ffaf71d0000 - 0x00007ffaf7250000 	C:\Windows\System32\bcryptPrimitives.dll
0x00007ffaf8a30000 - 0x00007ffaf8a5e000 	C:\Windows\System32\IMM32.DLL
0x00007ffad8670000 - 0x00007ffad870d000 	D:\Program Files\Android\jre\bin\msvcp140.dll
0x00007ffabb650000 - 0x00007ffabc11f000 	D:\Program Files\Android\jre\bin\server\jvm.dll
0x00007ffaf8160000 - 0x00007ffaf8203000 	C:\Windows\System32\ADVAPI32.dll
0x00007ffaf90f0000 - 0x00007ffaf9187000 	C:\Windows\System32\sechost.dll
0x00007ffaf8a60000 - 0x00007ffaf8a68000 	C:\Windows\System32\PSAPI.DLL
0x00007ffaf45c0000 - 0x00007ffaf45e4000 	C:\Windows\SYSTEM32\WINMM.dll
0x00007ffaf08c0000 - 0x00007ffaf08c9000 	C:\Windows\SYSTEM32\WSOCK32.dll
0x00007ffaefba0000 - 0x00007ffaefbaa000 	C:\Windows\SYSTEM32\VERSION.dll
0x00007ffaf4590000 - 0x00007ffaf45bd000 	C:\Windows\SYSTEM32\WINMMBASE.dll
0x00007ffaf6f30000 - 0x00007ffaf6f7a000 	C:\Windows\System32\cfgmgr32.dll
0x00007ffaf9260000 - 0x00007ffaf92cf000 	C:\Windows\System32\WS2_32.dll
0x00007ffaf6a00000 - 0x00007ffaf6a11000 	C:\Windows\System32\kernel.appcore.dll
0x00007ffaf0870000 - 0x00007ffaf0881000 	D:\Program Files\Android\jre\bin\verify.dll
0x00007ffaf51d0000 - 0x00007ffaf53c4000 	C:\Windows\SYSTEM32\DBGHELP.DLL
0x00007ffad6bc0000 - 0x00007ffad6bea000 	C:\Windows\SYSTEM32\dbgcore.DLL
0x00007ffaef480000 - 0x00007ffaef4a9000 	D:\Program Files\Android\jre\bin\java.dll
0x00007ffaf08b0000 - 0x00007ffaf08bb000 	D:\Program Files\Android\jre\bin\jimage.dll
0x00007ffaf0850000 - 0x00007ffaf0868000 	D:\Program Files\Android\jre\bin\zip.dll
0x00007ffaf93f0000 - 0x00007ffaf9ad5000 	C:\Windows\System32\SHELL32.dll
0x00007ffaf7bd0000 - 0x00007ffaf7c79000 	C:\Windows\System32\shcore.dll
0x00007ffaf7250000 - 0x00007ffaf79cf000 	C:\Windows\System32\windows.storage.dll
0x00007ffaf6a90000 - 0x00007ffaf6aaf000 	C:\Windows\System32\profapi.dll
0x00007ffaf6a20000 - 0x00007ffaf6a6a000 	C:\Windows\System32\powrprof.dll
0x00007ffaf69f0000 - 0x00007ffaf6a00000 	C:\Windows\System32\UMPDC.dll
0x00007ffaf8be0000 - 0x00007ffaf8c32000 	C:\Windows\System32\shlwapi.dll
0x00007ffaf7ad0000 - 0x00007ffaf7ae7000 	C:\Windows\System32\cryptsp.dll
0x00007ffaef460000 - 0x00007ffaef47a000 	D:\Program Files\Android\jre\bin\net.dll
0x00007ffae6300000 - 0x00007ffae63f0000 	C:\Windows\SYSTEM32\WINHTTP.dll
0x00007ffaf6260000 - 0x00007ffaf62c7000 	C:\Windows\system32\mswsock.dll
0x00007ffaef440000 - 0x00007ffaef454000 	D:\Program Files\Android\jre\bin\nio.dll
0x00007ffaf11d0000 - 0x00007ffaf11f7000 	D:\ProgramsfilesD\Android\Sdk\native\8bec1ad78214c89d9ad589b4d07fe93259594b29d510b10fafb7a158f7737e5d\windows-amd64\native-platform.dll
0x00007ffab4870000 - 0x00007ffab49ad000 	D:\ProgramsfilesD\Android\Sdk\native\53dbd7edfb1c66fb8903c78663c9afc45aea4f116125fa6feffd364cf09443e8\windows-amd64\native-platform-file-events.dll
0x00007ffaf0770000 - 0x00007ffaf077a000 	D:\Program Files\Android\jre\bin\management.dll
0x00007ffaef430000 - 0x00007ffaef43c000 	D:\Program Files\Android\jre\bin\management_ext.dll
0x00007ffaf5dd0000 - 0x00007ffaf5e03000 	C:\Windows\system32\rsaenh.dll
0x00007ffaf7ba0000 - 0x00007ffaf7bc6000 	C:\Windows\System32\bcrypt.dll
0x00007ffaf68e0000 - 0x00007ffaf6905000 	C:\Windows\SYSTEM32\USERENV.dll
0x00007ffaf6430000 - 0x00007ffaf643c000 	C:\Windows\SYSTEM32\CRYPTBASE.dll
0x00007ffaf5f70000 - 0x00007ffaf5faa000 	C:\Windows\SYSTEM32\IPHLPAPI.DLL
0x00007ffaf8bd0000 - 0x00007ffaf8bd8000 	C:\Windows\System32\NSI.dll
0x00007ffaeb4f0000 - 0x00007ffaeb506000 	C:\Windows\SYSTEM32\dhcpcsvc6.DLL
0x00007ffaed240000 - 0x00007ffaed25c000 	C:\Windows\SYSTEM32\dhcpcsvc.DLL
0x00007ffaf5fb0000 - 0x00007ffaf607a000 	C:\Windows\SYSTEM32\DNSAPI.dll
0x00007ffaf2f10000 - 0x00007ffaf2f2e000 	C:\Temp\native-platform2371887785084963231dir\native-platform.dll
0x00007ffaf2eb0000 - 0x00007ffaf2eb8000 	D:\Program Files\Android\jre\bin\rmi.dll

dbghelp: loaded successfully - version: 4.0.5 - missing functions: none
symbol engine: initialized successfully - sym options: 0x614 - pdb path: .;D:\Program Files\Android\jre\bin;C:\Windows\SYSTEM32;C:\Windows\WinSxS\amd64_microsoft.windows.common-controls_6595b64144ccf1df_6.0.18362.535_none_e6c3b34713100821;D:\Program Files\Android\jre\bin\server;D:\ProgramsfilesD\Android\Sdk\native\8bec1ad78214c89d9ad589b4d07fe93259594b29d510b10fafb7a158f7737e5d\windows-amd64;D:\ProgramsfilesD\Android\Sdk\native\53dbd7edfb1c66fb8903c78663c9afc45aea4f116125fa6feffd364cf09443e8\windows-amd64;C:\Temp\native-platform2371887785084963231dir

VM Arguments:
jvm_args: --add-opens=java.base/java.util=ALL-UNNAMED --add-opens=java.base/java.lang=ALL-UNNAMED --add-opens=java.base/java.lang.invoke=ALL-UNNAMED --add-opens=java.base/java.util=ALL-UNNAMED --add-opens=java.prefs/java.util.prefs=ALL-UNNAMED --add-opens=java.prefs/java.util.prefs=ALL-UNNAMED --add-opens=java.base/java.nio.charset=ALL-UNNAMED --add-opens=java.base/java.net=ALL-UNNAMED --add-opens=java.base/java.util.concurrent.atomic=ALL-UNNAMED -Xmx2048m -Dfile.encoding=UTF-8 -Duser.country=RU -Duser.language=ru -Duser.variant 
java_command: org.gradle.launcher.daemon.bootstrap.GradleDaemon 7.0.2
java_class_path (initial): D:\ProgramsfilesD\Android\Sdk\wrapper\dists\gradle-7.0.2-bin\857tjihv64xamwrf0h14cai3r\gradle-7.0.2\lib\gradle-launcher-7.0.2.jar
Launcher Type: SUN_STANDARD

[Global flags]
     intx CICompilerCount                          = 4                                         {product} {ergonomic}
     uint ConcGCThreads                            = 2                                         {product} {ergonomic}
     uint G1ConcRefinementThreads                  = 8                                         {product} {ergonomic}
   size_t G1HeapRegionSize                         = 1048576                                   {product} {ergonomic}
    uintx GCDrainStackTargetSize                   = 64                                        {product} {ergonomic}
   size_t InitialHeapSize                          = 132120576                                 {product} {ergonomic}
   size_t MarkStackSize                            = 4194304                                   {product} {ergonomic}
   size_t MaxHeapSize                              = 2147483648                                {product} {command line}
   size_t MaxNewSize                               = 1287651328                                {product} {ergonomic}
   size_t MinHeapDeltaBytes                        = 1048576                                   {product} {ergonomic}
    uintx NonNMethodCodeHeapSize                   = 5836300                                {pd product} {ergonomic}
    uintx NonProfiledCodeHeapSize                  = 122910970                              {pd product} {ergonomic}
    uintx ProfiledCodeHeapSize                     = 122910970                              {pd product} {ergonomic}
    uintx ReservedCodeCacheSize                    = 251658240                              {pd product} {ergonomic}
     bool SegmentedCodeCache                       = true                                      {product} {ergonomic}
     bool UseCompressedClassPointers               = true                                 {lp64_product} {ergonomic}
     bool UseCompressedOops                        = true                                 {lp64_product} {ergonomic}
     bool UseG1GC                                  = true                                      {product} {ergonomic}
     bool UseLargePagesIndividualAllocation        = false                                  {pd product} {ergonomic}

Logging:
Log output configuration:
 #0: stdout all=warning uptime,level,tags
 #1: stderr all=off uptime,level,tags

Environment Variables:
JAVA_HOME=D:\Program Files\Java
PATH=C:\PROGRA~2\Borland\CBUILD~1\Bin;C:\PROGRA~2\Borland\CBUILD~1\Projects\Bpl;C:\Program Files\Common Files\Oracle\Java\javapath;C:\Windows\system32;C:\Windows;C:\Windows\System32\Wbem;C:\Windows\System32\WindowsPowerShell\v1.0\;C:\Program Files (x86)\NVIDIA Corporation\PhysX\Common;C:\Program Files\NVIDIA Corporation\NVIDIA NvDLISR;C:\Program Files\Microsoft\Web Platform Installer\;C:\Program Files (x86)\Microsoft ASP.NET\ASP.NET Web Pages\v1.0\;C:\Program Files\Microsoft SQL Server\110\Tools\Binn\;C:\Program Files (x86)\IncrediBuild;C:\Program Files\Git\cmd;C:\Users\asus\AppData\Local\Microsoft\WindowsApps;;D:\Program Files\JetBrains\IntelliJ IDEA Community Edition 2020.3\bin;
USERNAME=asus
OS=Windows_NT
PROCESSOR_IDENTIFIER=Intel64 Family 6 Model 126 Stepping 5, GenuineIntel



---------------  S Y S T E M  ---------------

OS: Windows 10 , 64 bit Build 18362 (10.0.18362.329)
OS uptime: 0 days 2:56 hours

CPU:total 8 (initial active 8) (4 cores per cpu, 2 threads per core) family 6 model 126 stepping 5 microcode 0x96, cmov, cx8, fxsr, mmx, sse, sse2, sse3, ssse3, sse4.1, sse4.2, popcnt, avx, avx2, aes, clmul, erms, 3dnowpref, lzcnt, ht, tsc, tscinvbit, bmi1, bmi2, adx, evex, sha, fma

Memory: 4k page, system-wide physical 7997M (772M free)
TotalPageFile size 7997M (AvailPageFile size 57M)
current process WorkingSet (physical memory assigned to process): 696M, peak: 696M
current process commit charge ("private bytes"): 770M, peak: 1111M

vm_info: OpenJDK 64-Bit Server VM (11.0.10+0-b96-7249189) for windows-amd64 JRE (11.0.10+0-b96-7249189), built on Mar 31 2021 21:44:00 by "builder" with MS VC++ 14.0 (VS2015)

END.
