#
# There is insufficient memory for the Java Runtime Environment to continue.
# Native memory allocation (mmap) failed to map 55574528 bytes for Failed to commit area from 0x0000000090800000 to 0x0000000093d00000 of length 55574528.
# Possible reasons:
#   The system is out of physical RAM or swap space
#   The process is running with CompressedOops enabled, and the Java Heap may be blocking the growth of the native heap
# Possible solutions:
#   Reduce memory load on the system
#   Increase physical memory or swap space
#   Check if swap backing store is full
#   Decrease Java heap size (-Xmx/-Xms)
#   Decrease number of Java threads
#   Decrease Java thread stack sizes (-Xss)
#   Set larger code cache with -XX:ReservedCodeCacheSize=
#   JVM is running with Unscaled Compressed Oops mode in which the Java heap is
#     placed in the first 4GB address space. The Java Heap base address is the
#     maximum limit for the native heap growth. Please use -XX:HeapBaseMinAddress
#     to set the Java Heap base and to place the Java Heap above 4GB virtual address.
# This output file may be truncated or incomplete.
#
#  Out of Memory Error (./src/hotspot/os/windows/os_windows.cpp:3301), pid=3096, tid=6680
#
# JRE version: OpenJDK Runtime Environment (11.0.10) (build 11.0.10+0-b96-7249189)
# Java VM: OpenJDK 64-Bit Server VM (11.0.10+0-b96-7249189, mixed mode, tiered, compressed oops, g1 gc, windows-amd64)
# No core dump will be written. Minidumps are not enabled by default on client versions of Windows
#

---------------  S U M M A R Y ------------

Command Line: --add-opens=java.base/java.util=ALL-UNNAMED --add-opens=java.base/java.lang=ALL-UNNAMED --add-opens=java.base/java.lang.invoke=ALL-UNNAMED --add-opens=java.base/java.util=ALL-UNNAMED --add-opens=java.prefs/java.util.prefs=ALL-UNNAMED --add-opens=java.prefs/java.util.prefs=ALL-UNNAMED --add-opens=java.base/java.nio.charset=ALL-UNNAMED --add-opens=java.base/java.net=ALL-UNNAMED --add-opens=java.base/java.util.concurrent.atomic=ALL-UNNAMED -Xmx2048m -Dfile.encoding=UTF-8 -Duser.country=RU -Duser.language=ru -Duser.variant org.gradle.launcher.daemon.bootstrap.GradleDaemon 7.0.2

Host: Intel(R) Core(TM) i7-1065G7 CPU @ 1.30GHz, 8 cores, 7G,  Windows 10 , 64 bit Build 18362 (10.0.18362.329)
Time: Fri Sep 10 18:30:09 2021 Caiaaiay Acey (ceia) elapsed time: 420.616465 seconds (0d 0h 7m 0s)

---------------  T H R E A D  ---------------

Current thread (0x0000017f16c5c800):  VMThread "VM Thread" [stack: 0x00000039fc500000,0x00000039fc600000] [id=6680]

Stack: [0x00000039fc500000,0x00000039fc600000]
[error occurred during error reporting (printing stack bounds), id 0xc0000005, EXCEPTION_ACCESS_VIOLATION (0xc0000005) at pc=0x0000017f000010e7]

Native frames: (J=compiled Java code, j=interpreted, Vv=VM code, C=native code)
V  [jvm.dll+0x5ecfaa]
V  [jvm.dll+0x722bd5]
V  [jvm.dll+0x72412d]
V  [jvm.dll+0x724745]
V  [jvm.dll+0x7246fb]
V  [jvm.dll+0x5ec348]
V  [jvm.dll+0x5ecad8]
C  [ntdll.dll+0xa11ff]
C  [ntdll.dll+0x6a289]
C  [ntdll.dll+0x9fe6e]
C  0x0000017f000010e7

VM_Operation (0x00000039810f8410): G1CollectForAllocation, mode: safepoint, requested by thread 0x0000017f20186000


---------------  P R O C E S S  ---------------

Threads class SMR info:
_java_thread_list=0x0000017f1d55d610, length=72, elements={
0x0000017f7a65c000, 0x0000017f17461800, 0x0000017f1746c800, 0x0000017f1747f000,
0x0000017f174c8800, 0x0000017f174c9000, 0x0000017f174ca000, 0x0000017f174d9000,
0x0000017f174f2800, 0x0000017f1766d800, 0x0000017f193df000, 0x0000017f1a733000,
0x0000017f19bde000, 0x0000017f1987e800, 0x0000017f19880800, 0x0000017f19881000,
0x0000017f19882000, 0x0000017f19883000, 0x0000017f1987d000, 0x0000017f19883800,
0x0000017f1cc1b000, 0x0000017f1cc1c000, 0x0000017f1cc18800, 0x0000017f1cc1d000,
0x0000017f1cc1d800, 0x0000017f1cc19800, 0x0000017f1cc22800, 0x0000017f1cc21000,
0x0000017f20180800, 0x0000017f2017b800, 0x0000017f2017c800, 0x0000017f20183800,
0x0000017f2017e000, 0x0000017f20182000, 0x0000017f20181800, 0x0000017f20184800,
0x0000017f2017f800, 0x0000017f20183000, 0x0000017f2017f000, 0x0000017f20185800,
0x0000017f20188000, 0x0000017f20c9c800, 0x0000017f20188800, 0x0000017f20186000,
0x0000017f20189800, 0x0000017f20187000, 0x0000017f1cc18000, 0x0000017f1cc1f000,
0x0000017f1cc20000, 0x0000017f1cc1a800, 0x0000017f1cc25800, 0x0000017f1cc21800,
0x0000017f1cc26800, 0x0000017f1cc23800, 0x0000017f1cc24000, 0x0000017f1987f800,
0x0000017f1987e000, 0x0000017f19916000, 0x0000017f19919000, 0x0000017f1991a000,
0x0000017f19918000, 0x0000017f1991a800, 0x0000017f1991c800, 0x0000017f1991b800,
0x0000017f19916800, 0x0000017f19917800, 0x0000017f19920800, 0x0000017f19923000,
0x0000017f1991f800, 0x0000017f1991d000, 0x0000017f1df46000, 0x0000017f19923800
}

Java Threads: ( => current thread )
  0x0000017f7a65c000 JavaThread "main" [_thread_blocked, id=2508, stack(0x00000039fbf00000,0x00000039fc000000)]
  0x0000017f17461800 JavaThread "Reference Handler" daemon [_thread_blocked, id=7028, stack(0x00000039fc600000,0x00000039fc700000)]
  0x0000017f1746c800 JavaThread "Finalizer" daemon [_thread_blocked, id=7160, stack(0x00000039fc700000,0x00000039fc800000)]
  0x0000017f1747f000 JavaThread "Signal Dispatcher" daemon [_thread_blocked, id=1632, stack(0x00000039fc800000,0x00000039fc900000)]
  0x0000017f174c8800 JavaThread "Attach Listener" daemon [_thread_blocked, id=2596, stack(0x00000039fc900000,0x00000039fca00000)]
  0x0000017f174c9000 JavaThread "Service Thread" daemon [_thread_blocked, id=4780, stack(0x00000039fca00000,0x00000039fcb00000)]
  0x0000017f174ca000 JavaThread "C2 CompilerThread0" daemon [_thread_in_native, id=7892, stack(0x00000039fcb00000,0x00000039fcc00000)]
  0x0000017f174d9000 JavaThread "C1 CompilerThread0" daemon [_thread_blocked, id=4692, stack(0x00000039fcc00000,0x00000039fcd00000)]
  0x0000017f174f2800 JavaThread "Sweeper thread" daemon [_thread_blocked, id=2504, stack(0x00000039fcd00000,0x00000039fce00000)]
  0x0000017f1766d800 JavaThread "Common-Cleaner" daemon [_thread_blocked, id=4428, stack(0x00000039fce00000,0x00000039fcf00000)]
  0x0000017f193df000 JavaThread "Daemon health stats" [_thread_blocked, id=8540, stack(0x00000039fd400000,0x00000039fd500000)]
  0x0000017f1a733000 JavaThread "Incoming local TCP Connector on port 51510" [_thread_in_native, id=8292, stack(0x00000039fd500000,0x00000039fd600000)]
  0x0000017f19bde000 JavaThread "Daemon periodic checks" [_thread_blocked, id=8176, stack(0x00000039fd600000,0x00000039fd700000)]
  0x0000017f1987e800 JavaThread "Cache worker for file hash cache (D:\ProgramsfilesD\Android\Sdk\caches\7.0.2\fileHashes)" [_thread_blocked, id=2948, stack(0x00000039fe300000,0x00000039fe400000)]
  0x0000017f19880800 JavaThread "File lock request listener" [_thread_in_native, id=4656, stack(0x00000039fe400000,0x00000039fe500000)]
  0x0000017f19881000 JavaThread "Cache worker for journal cache (D:\ProgramsfilesD\Android\Sdk\caches\journal-1)" [_thread_blocked, id=2788, stack(0x00000039fe600000,0x00000039fe700000)]
  0x0000017f19882000 JavaThread "File watcher server" daemon [_thread_blocked, id=1640, stack(0x00000039fe800000,0x00000039fe900000)]
  0x0000017f19883000 JavaThread "File watcher consumer" daemon [_thread_blocked, id=5896, stack(0x00000039fe900000,0x00000039fea00000)]
  0x0000017f1987d000 JavaThread "jar transforms" [_thread_blocked, id=7900, stack(0x00000039fea00000,0x00000039feb00000)]
  0x0000017f19883800 JavaThread "jar transforms Thread 2" [_thread_blocked, id=7880, stack(0x00000039feb00000,0x00000039fec00000)]
  0x0000017f1cc1b000 JavaThread "jar transforms Thread 3" [_thread_blocked, id=6696, stack(0x00000039fec00000,0x00000039fed00000)]
  0x0000017f1cc1c000 JavaThread "jar transforms Thread 4" [_thread_blocked, id=7236, stack(0x00000039fed00000,0x00000039fee00000)]
  0x0000017f1cc18800 JavaThread "jar transforms Thread 5" [_thread_blocked, id=8596, stack(0x00000039fee00000,0x00000039fef00000)]
  0x0000017f1cc1d000 JavaThread "jar transforms Thread 6" [_thread_blocked, id=5100, stack(0x00000039fef00000,0x00000039ff000000)]
  0x0000017f1cc1d800 JavaThread "jar transforms Thread 7" [_thread_blocked, id=7888, stack(0x00000039ff000000,0x00000039ff100000)]
  0x0000017f1cc19800 JavaThread "jar transforms Thread 8" [_thread_blocked, id=8608, stack(0x00000039ff100000,0x00000039ff200000)]
  0x0000017f1cc22800 JavaThread "Cache worker for execution history cache (D:\ProgramsfilesD\Android\Sdk\caches\7.0.2\executionHistory)" [_thread_blocked, id=6868, stack(0x00000039ff400000,0x00000039ff500000)]
  0x0000017f1cc21000 JavaThread "Cache worker for file content cache (D:\ProgramsfilesD\Android\Sdk\caches\7.0.2\fileContent)" [_thread_blocked, id=2324, stack(0x00000039ff600000,0x00000039ff700000)]
  0x0000017f20180800 JavaThread "Memory manager" [_thread_blocked, id=572, stack(0x0000003980200000,0x0000003980300000)]
  0x0000017f2017b800 JavaThread "Daemon Thread 2" [_thread_blocked, id=2076, stack(0x0000003980000000,0x0000003980100000)]
  0x0000017f2017c800 JavaThread "Handler for socket connection from /127.0.0.1:51510 to /127.0.0.1:63980" [_thread_in_native, id=8752, stack(0x0000003980100000,0x0000003980200000)]
  0x0000017f20183800 JavaThread "Cancel handler" [_thread_blocked, id=3976, stack(0x0000003980400000,0x0000003980500000)]
  0x0000017f2017e000 JavaThread "Daemon worker Thread 2" [_thread_blocked, id=5536, stack(0x0000003980500000,0x0000003980600000)]
  0x0000017f20182000 JavaThread "Asynchronous log dispatcher for DefaultDaemonConnection: socket connection from /127.0.0.1:51510 to /127.0.0.1:63980" [_thread_blocked, id=5776, stack(0x0000003980600000,0x0000003980700000)]
  0x0000017f20181800 JavaThread "Stdin handler" [_thread_blocked, id=7852, stack(0x0000003980700000,0x0000003980800000)]
  0x0000017f20184800 JavaThread "Daemon client event forwarder" [_thread_blocked, id=2524, stack(0x0000003980800000,0x0000003980900000)]
  0x0000017f2017f800 JavaThread "Cache worker for file hash cache (D:\Gitaacademy\.gradle\7.0.2\fileHashes)" [_thread_blocked, id=4704, stack(0x0000003980900000,0x0000003980a00000)]
  0x0000017f20183000 JavaThread "Cache worker for checksums cache (D:\Gitaacademy\.gradle\checksums)" [_thread_blocked, id=7416, stack(0x0000003980a00000,0x0000003980b00000)]
  0x0000017f2017f000 JavaThread "Cache worker for cache directory md-supplier (D:\ProgramsfilesD\Android\Sdk\caches\7.0.2\md-supplier)" [_thread_blocked, id=2364, stack(0x0000003980b00000,0x0000003980c00000)]
  0x0000017f20185800 JavaThread "Cache worker for cache directory md-rule (D:\ProgramsfilesD\Android\Sdk\caches\7.0.2\md-rule)" [_thread_blocked, id=3404, stack(0x0000003980c00000,0x0000003980d00000)]
  0x0000017f20188000 JavaThread "Cache worker for dependencies-accessors (D:\Gitaacademy\.gradle\7.0.2\dependencies-accessors)" [_thread_blocked, id=6348, stack(0x0000003980d00000,0x0000003980e00000)]
  0x0000017f20c9c800 JavaThread "C2 CompilerThread1" daemon [_thread_blocked, id=6384, stack(0x0000003980e00000,0x0000003980f00000)]
  0x0000017f20188800 JavaThread "Cache worker for Build Output Cleanup Cache (D:\Gitaacademy\.gradle\buildOutputCleanup)" [_thread_blocked, id=2876, stack(0x0000003980f00000,0x0000003981000000)]
  0x0000017f20186000 JavaThread "Build operations" [_thread_blocked, id=2000, stack(0x0000003981000000,0x0000003981100000)]
  0x0000017f20189800 JavaThread "Build operations Thread 2" [_thread_blocked, id=32, stack(0x0000003981100000,0x0000003981200000)]
  0x0000017f20187000 JavaThread "Build operations Thread 3" [_thread_blocked, id=5648, stack(0x0000003981200000,0x0000003981300000)]
  0x0000017f1cc18000 JavaThread "Build operations Thread 4" [_thread_blocked, id=3560, stack(0x0000003981300000,0x0000003981400000)]
  0x0000017f1cc1f000 JavaThread "Build operations Thread 5" [_thread_blocked, id=3884, stack(0x0000003981400000,0x0000003981500000)]
  0x0000017f1cc20000 JavaThread "Build operations Thread 6" [_thread_blocked, id=4560, stack(0x0000003981500000,0x0000003981600000)]
  0x0000017f1cc1a800 JavaThread "Build operations Thread 7" [_thread_blocked, id=2196, stack(0x0000003981600000,0x0000003981700000)]
  0x0000017f1cc25800 JavaThread "Build operations Thread 8" [_thread_blocked, id=4904, stack(0x0000003981700000,0x0000003981800000)]
  0x0000017f1cc21800 JavaThread "build event listener" [_thread_blocked, id=2996, stack(0x0000003981900000,0x0000003981a00000)]
  0x0000017f1cc26800 JavaThread "Execution worker for ':'" [_thread_blocked, id=8276, stack(0x0000003981a00000,0x0000003981b00000)]
  0x0000017f1cc23800 JavaThread "Execution worker for ':' Thread 2" [_thread_blocked, id=8480, stack(0x0000003981b00000,0x0000003981c00000)]
  0x0000017f1cc24000 JavaThread "Execution worker for ':' Thread 3" [_thread_blocked, id=7716, stack(0x0000003981c00000,0x0000003981d00000)]
  0x0000017f1987f800 JavaThread "Execution worker for ':' Thread 4" [_thread_blocked, id=2056, stack(0x0000003981d00000,0x0000003981e00000)]
  0x0000017f1987e000 JavaThread "Execution worker for ':' Thread 5" [_thread_blocked, id=7804, stack(0x0000003981e00000,0x0000003981f00000)]
  0x0000017f19916000 JavaThread "Execution worker for ':' Thread 6" [_thread_blocked, id=3968, stack(0x0000003981f00000,0x0000003982000000)]
  0x0000017f19919000 JavaThread "Execution worker for ':' Thread 7" [_thread_blocked, id=5052, stack(0x0000003982000000,0x0000003982100000)]
  0x0000017f1991a000 JavaThread "Cache worker for execution history cache (D:\Gitaacademy\.gradle\7.0.2\executionHistory)" [_thread_blocked, id=9096, stack(0x0000003982100000,0x0000003982200000)]
  0x0000017f19918000 JavaThread "WorkerExecutor Queue" [_thread_blocked, id=3064, stack(0x0000003982200000,0x0000003982300000)]
  0x0000017f1991a800 JavaThread "WorkerExecutor Queue Thread 2" [_thread_blocked, id=2688, stack(0x0000003982300000,0x0000003982400000)]
  0x0000017f1991c800 JavaThread "WorkerExecutor Queue Thread 3" [_thread_blocked, id=4548, stack(0x0000003982400000,0x0000003982500000)]
  0x0000017f1991b800 JavaThread "WorkerExecutor Queue Thread 4" [_thread_blocked, id=4812, stack(0x0000003982500000,0x0000003982600000)]
  0x0000017f19916800 JavaThread "WorkerExecutor Queue Thread 5" [_thread_blocked, id=4108, stack(0x0000003982600000,0x0000003982700000)]
  0x0000017f19917800 JavaThread "WorkerExecutor Queue Thread 6" [_thread_blocked, id=2744, stack(0x0000003982700000,0x0000003982800000)]
  0x0000017f19920800 JavaThread "WorkerExecutor Queue Thread 8" [_thread_blocked, id=5748, stack(0x0000003982900000,0x0000003982a00000)]
  0x0000017f19923000 JavaThread "pool-4-thread-1" [_thread_blocked, id=3292, stack(0x0000003982800000,0x0000003982900000)]
  0x0000017f1991f800 JavaThread "stderr" [_thread_in_native, id=4208, stack(0x0000003982a00000,0x0000003982b00000)]
  0x0000017f1991d000 JavaThread "stdout" [_thread_in_native, id=940, stack(0x0000003982b00000,0x0000003982c00000)]
  0x0000017f1df46000 JavaThread "C2 CompilerThread2" daemon [_thread_blocked, id=1800, stack(0x0000003981800000,0x0000003981900000)]
  0x0000017f19923800 JavaThread "WorkerExecutor Queue Thread 9" [_thread_blocked, id=6000, stack(0x0000003982c00000,0x0000003982d00000)]

Other Threads:
=>0x0000017f16c5c800 VMThread "VM Thread" [stack: 0x00000039fc500000,0x00000039fc600000] [id=6680]
  0x0000017f17698800 WatcherThread [stack: 0x00000039fcf00000,0x00000039fd000000] [id=8636]
  0x0000017f7a806000 GCTaskThread "GC Thread#0" [stack: 0x00000039fc000000,0x00000039fc100000] [id=1312]
  0x0000017f181e0000 GCTaskThread "GC Thread#1" [stack: 0x00000039fd200000,0x00000039fd300000] [id=8032]
  0x0000017f17ae1800 GCTaskThread "GC Thread#2" [stack: 0x00000039fd300000,0x00000039fd400000] [id=3164]
  0x0000017f18a25000 GCTaskThread "GC Thread#3" [stack: 0x00000039fde00000,0x00000039fdf00000] [id=4008]
  0x0000017f19477000 GCTaskThread "GC Thread#4" [stack: 0x00000039fdf00000,0x00000039fe000000] [id=812]
  0x0000017f1958e800 GCTaskThread "GC Thread#5" [stack: 0x00000039fe000000,0x00000039fe100000] [id=860]
  0x0000017f19556800 GCTaskThread "GC Thread#6" [stack: 0x00000039fe100000,0x00000039fe200000] [id=6424]
  0x0000017f19557000 GCTaskThread "GC Thread#7" [stack: 0x00000039fe200000,0x00000039fe300000] [id=6908]
  0x0000017f7a838000 ConcurrentGCThread "G1 Main Marker" [stack: 0x00000039fc100000,0x00000039fc200000] [id=7280]
  0x0000017f7a83b800 ConcurrentGCThread "G1 Conc#0" [stack: 0x00000039fc200000,0x00000039fc300000] [id=6388]
  0x0000017f18908000 ConcurrentGCThread "G1 Conc#1" [stack: 0x00000039fe500000,0x00000039fe600000] [id=8040]
  0x0000017f16aaa800 ConcurrentGCThread "G1 Refine#0" [stack: 0x00000039fc300000,0x00000039fc400000] [id=5928]
  0x0000017f16aab800 ConcurrentGCThread "G1 Young RemSet Sampling" [stack: 0x00000039fc400000,0x00000039fc500000] [id=4896]

Threads with active compile tasks:
C2 CompilerThread0 420634 23419 %     4       com.android.tools.r8.internal.T6::a @ 1511 (6044 bytes)
C1 CompilerThread0 420634 24453       2       com.android.tools.r8.ir.regalloc.a::c (173 bytes)
C2 CompilerThread1 420634 24374       4       java.net.URLClassLoader$1::run (5 bytes)
C2 CompilerThread2 420634 24251   !   4       com.android.tools.r8.internal.u6::b (116 bytes)

VM state:at safepoint (normal execution)

VM Mutex/Monitor currently owned by a thread:  ([mutex/lock_event])
[0x0000017f7a7ef6b0] Threads_lock - owner thread: 0x0000017f16c5c800
[0x0000017f7a7eed20] Heap_lock - owner thread: 0x0000017f20186000

Heap address: 0x0000000080000000, size: 2048 MB, Compressed Oops mode: 32-bit
Narrow klass base: 0x0000000000000000, Narrow klass shift: 3
Compressed class space size: 1073741824 Address: 0x0000000100000000

Heap:
 garbage-first heap   total 324608K, used 188609K [0x0000000080000000, 0x0000000100000000)
  region size 1024K, 3 young (3072K), 3 survivors (3072K)
 Metaspace       used 138550K, capacity 142380K, committed 142508K, reserved 1173504K
  class space    used 17202K, capacity 18593K, committed 18688K, reserved 1048576K
Heap Regions: E=young(eden), S=young(survivor), O=old, HS=humongous(starts), HC=humongous(continues), CS=collection set, F=free, A=archive, TAMS=top-at-mark-start (previous, next)
|   0|0x0000000080000000, 0x0000000080100000, 0x0000000080100000|100%| O|  |TAMS 0x0000000080100000, 0x0000000080000000| Untracked 
|   1|0x0000000080100000, 0x0000000080200000, 0x0000000080200000|100%| O|  |TAMS 0x0000000080200000, 0x0000000080100000| Untracked 
|   2|0x0000000080200000, 0x0000000080300000, 0x0000000080300000|100%| O|  |TAMS 0x0000000080300000, 0x0000000080200000| Untracked 
|   3|0x0000000080300000, 0x0000000080400000, 0x0000000080400000|100%|HS|  |TAMS 0x0000000080400000, 0x0000000080300000| Complete 
|   4|0x0000000080400000, 0x0000000080500000, 0x0000000080500000|100%|HC|  |TAMS 0x0000000080500000, 0x0000000080400000| Complete 
|   5|0x0000000080500000, 0x0000000080600000, 0x0000000080600000|100%|HC|  |TAMS 0x0000000080600000, 0x0000000080500000| Complete 
|   6|0x0000000080600000, 0x0000000080700000, 0x0000000080700000|100%| O|  |TAMS 0x0000000080700000, 0x0000000080600000| Untracked 
|   7|0x0000000080700000, 0x0000000080800000, 0x0000000080800000|100%| O|  |TAMS 0x0000000080800000, 0x0000000080700000| Untracked 
|   8|0x0000000080800000, 0x0000000080900000, 0x0000000080900000|100%| O|  |TAMS 0x0000000080900000, 0x0000000080800000| Untracked 
|   9|0x0000000080900000, 0x0000000080a00000, 0x0000000080a00000|100%| O|  |TAMS 0x0000000080a00000, 0x0000000080900000| Untracked 
|  10|0x0000000080a00000, 0x0000000080b00000, 0x0000000080b00000|100%| O|  |TAMS 0x0000000080b00000, 0x0000000080a00000| Untracked 
|  11|0x0000000080b00000, 0x0000000080c00000, 0x0000000080c00000|100%| O|  |TAMS 0x0000000080c00000, 0x0000000080b00000| Untracked 
|  12|0x0000000080c00000, 0x0000000080d00000, 0x0000000080d00000|100%| O|  |TAMS 0x0000000080d00000, 0x0000000080c00000| Untracked 
|  13|0x0000000080d00000, 0x0000000080e00000, 0x0000000080e00000|100%| O|  |TAMS 0x0000000080e00000, 0x0000000080d00000| Untracked 
|  14|0x0000000080e00000, 0x0000000080f00000, 0x0000000080f00000|100%| O|  |TAMS 0x0000000080f00000, 0x0000000080e00000| Untracked 
|  15|0x0000000080f00000, 0x0000000081000000, 0x0000000081000000|100%| O|  |TAMS 0x0000000081000000, 0x0000000080f00000| Untracked 
|  16|0x0000000081000000, 0x0000000081100000, 0x0000000081100000|100%| O|  |TAMS 0x0000000081100000, 0x0000000081000000| Untracked 
|  17|0x0000000081100000, 0x0000000081200000, 0x0000000081200000|100%|HS|  |TAMS 0x0000000081200000, 0x0000000081100000| Complete 
|  18|0x0000000081200000, 0x0000000081300000, 0x0000000081300000|100%|HC|  |TAMS 0x0000000081300000, 0x0000000081200000| Complete 
|  19|0x0000000081300000, 0x0000000081400000, 0x0000000081400000|100%|HS|  |TAMS 0x0000000081400000, 0x0000000081300000| Complete 
|  20|0x0000000081400000, 0x0000000081500000, 0x0000000081500000|100%|HC|  |TAMS 0x0000000081500000, 0x0000000081400000| Complete 
|  21|0x0000000081500000, 0x0000000081600000, 0x0000000081600000|100%|HC|  |TAMS 0x0000000081600000, 0x0000000081500000| Complete 
|  22|0x0000000081600000, 0x0000000081700000, 0x0000000081700000|100%|HS|  |TAMS 0x0000000081700000, 0x0000000081600000| Complete 
|  23|0x0000000081700000, 0x0000000081800000, 0x0000000081800000|100%|HC|  |TAMS 0x0000000081800000, 0x0000000081700000| Complete 
|  24|0x0000000081800000, 0x0000000081900000, 0x0000000081900000|100%|HC|  |TAMS 0x0000000081900000, 0x0000000081800000| Complete 
|  25|0x0000000081900000, 0x0000000081a00000, 0x0000000081a00000|100%|HC|  |TAMS 0x0000000081a00000, 0x0000000081900000| Complete 
|  26|0x0000000081a00000, 0x0000000081b00000, 0x0000000081b00000|100%|HC|  |TAMS 0x0000000081b00000, 0x0000000081a00000| Complete 
|  27|0x0000000081b00000, 0x0000000081c00000, 0x0000000081c00000|100%| O|  |TAMS 0x0000000081c00000, 0x0000000081b00000| Untracked 
|  28|0x0000000081c00000, 0x0000000081d00000, 0x0000000081d00000|100%| O|  |TAMS 0x0000000081d00000, 0x0000000081c00000| Untracked 
|  29|0x0000000081d00000, 0x0000000081e00000, 0x0000000081e00000|100%| O|  |TAMS 0x0000000081e00000, 0x0000000081d00000| Untracked 
|  30|0x0000000081e00000, 0x0000000081f00000, 0x0000000081f00000|100%| O|  |TAMS 0x0000000081f00000, 0x0000000081e00000| Untracked 
|  31|0x0000000081f00000, 0x0000000082000000, 0x0000000082000000|100%| O|  |TAMS 0x0000000082000000, 0x0000000081f00000| Untracked 
|  32|0x0000000082000000, 0x0000000082100000, 0x0000000082100000|100%| O|  |TAMS 0x0000000082100000, 0x0000000082000000| Untracked 
|  33|0x0000000082100000, 0x0000000082200000, 0x0000000082200000|100%| O|  |TAMS 0x0000000082200000, 0x0000000082100000| Untracked 
|  34|0x0000000082200000, 0x0000000082300000, 0x0000000082300000|100%| O|  |TAMS 0x0000000082300000, 0x0000000082200000| Untracked 
|  35|0x0000000082300000, 0x0000000082400000, 0x0000000082400000|100%| O|  |TAMS 0x0000000082400000, 0x0000000082300000| Untracked 
|  36|0x0000000082400000, 0x0000000082500000, 0x0000000082500000|100%| O|  |TAMS 0x0000000082500000, 0x0000000082400000| Untracked 
|  37|0x0000000082500000, 0x0000000082600000, 0x0000000082600000|100%| O|  |TAMS 0x0000000082500000, 0x0000000082500000| Untracked 
|  38|0x0000000082600000, 0x0000000082700000, 0x0000000082700000|100%| O|  |TAMS 0x0000000082600000, 0x0000000082600000| Untracked 
|  39|0x0000000082700000, 0x0000000082800000, 0x0000000082800000|100%| O|  |TAMS 0x0000000082800000, 0x0000000082700000| Untracked 
|  40|0x0000000082800000, 0x0000000082900000, 0x0000000082900000|100%| O|  |TAMS 0x0000000082900000, 0x0000000082800000| Untracked 
|  41|0x0000000082900000, 0x0000000082a00000, 0x0000000082a00000|100%| O|  |TAMS 0x0000000082a00000, 0x0000000082900000| Untracked 
|  42|0x0000000082a00000, 0x0000000082b00000, 0x0000000082b00000|100%| O|  |TAMS 0x0000000082b00000, 0x0000000082a00000| Untracked 
|  43|0x0000000082b00000, 0x0000000082c00000, 0x0000000082c00000|100%|HS|  |TAMS 0x0000000082c00000, 0x0000000082b00000| Complete 
|  44|0x0000000082c00000, 0x0000000082d00000, 0x0000000082d00000|100%|HC|  |TAMS 0x0000000082d00000, 0x0000000082c00000| Complete 
|  45|0x0000000082d00000, 0x0000000082e00000, 0x0000000082e00000|100%|HC|  |TAMS 0x0000000082e00000, 0x0000000082d00000| Complete 
|  46|0x0000000082e00000, 0x0000000082f00000, 0x0000000082f00000|100%|HC|  |TAMS 0x0000000082f00000, 0x0000000082e00000| Complete 
|  47|0x0000000082f00000, 0x0000000083000000, 0x0000000083000000|100%|HC|  |TAMS 0x0000000083000000, 0x0000000082f00000| Complete 
|  48|0x0000000083000000, 0x0000000083100000, 0x0000000083100000|100%| O|  |TAMS 0x0000000083100000, 0x0000000083000000| Untracked 
|  49|0x0000000083100000, 0x0000000083200000, 0x0000000083200000|100%| O|  |TAMS 0x0000000083200000, 0x0000000083100000| Untracked 
|  50|0x0000000083200000, 0x0000000083300000, 0x0000000083300000|100%| O|  |TAMS 0x0000000083300000, 0x0000000083200000| Untracked 
|  51|0x0000000083300000, 0x0000000083400000, 0x0000000083400000|100%|HS|  |TAMS 0x0000000083300000, 0x0000000083300000| Complete 
|  52|0x0000000083400000, 0x0000000083500000, 0x0000000083500000|100%| O|  |TAMS 0x0000000083500000, 0x0000000083400000| Untracked 
|  53|0x0000000083500000, 0x0000000083600000, 0x0000000083600000|100%| O|  |TAMS 0x0000000083600000, 0x0000000083500000| Untracked 
|  54|0x0000000083600000, 0x0000000083700000, 0x0000000083700000|100%| O|  |TAMS 0x0000000083700000, 0x0000000083600000| Untracked 
|  55|0x0000000083700000, 0x0000000083800000, 0x0000000083800000|100%|HS|  |TAMS 0x0000000083800000, 0x0000000083700000| Complete 
|  56|0x0000000083800000, 0x0000000083900000, 0x0000000083900000|100%|HS|  |TAMS 0x0000000083900000, 0x0000000083800000| Complete 
|  57|0x0000000083900000, 0x0000000083a00000, 0x0000000083a00000|100%|HS|  |TAMS 0x0000000083a00000, 0x0000000083900000| Complete 
|  58|0x0000000083a00000, 0x0000000083b00000, 0x0000000083b00000|100%| O|  |TAMS 0x0000000083b00000, 0x0000000083a00000| Untracked 
|  59|0x0000000083b00000, 0x0000000083c00000, 0x0000000083c00000|100%| O|  |TAMS 0x0000000083c00000, 0x0000000083b00000| Untracked 
|  60|0x0000000083c00000, 0x0000000083d00000, 0x0000000083d00000|100%|HS|  |TAMS 0x0000000083d00000, 0x0000000083c00000| Complete 
|  61|0x0000000083d00000, 0x0000000083e00000, 0x0000000083e00000|100%|HC|  |TAMS 0x0000000083e00000, 0x0000000083d00000| Complete 
|  62|0x0000000083e00000, 0x0000000083f00000, 0x0000000083f00000|100%|HC|  |TAMS 0x0000000083f00000, 0x0000000083e00000| Complete 
|  63|0x0000000083f00000, 0x0000000084000000, 0x0000000084000000|100%|HS|  |TAMS 0x0000000084000000, 0x0000000083f00000| Complete 
|  64|0x0000000084000000, 0x0000000084100000, 0x0000000084100000|100%|HC|  |TAMS 0x0000000084100000, 0x0000000084000000| Complete 
|  65|0x0000000084100000, 0x0000000084200000, 0x0000000084200000|100%|HC|  |TAMS 0x0000000084200000, 0x0000000084100000| Complete 
|  66|0x0000000084200000, 0x0000000084300000, 0x0000000084300000|100%|HS|  |TAMS 0x0000000084300000, 0x0000000084200000| Complete 
|  67|0x0000000084300000, 0x0000000084400000, 0x0000000084400000|100%|HC|  |TAMS 0x0000000084400000, 0x0000000084300000| Complete 
|  68|0x0000000084400000, 0x0000000084500000, 0x0000000084500000|100%| O|  |TAMS 0x0000000084500000, 0x0000000084400000| Untracked 
|  69|0x0000000084500000, 0x0000000084600000, 0x0000000084600000|100%| O|  |TAMS 0x0000000084600000, 0x0000000084500000| Untracked 
|  70|0x0000000084600000, 0x0000000084700000, 0x0000000084700000|100%| O|  |TAMS 0x0000000084700000, 0x0000000084600000| Untracked 
|  71|0x0000000084700000, 0x0000000084800000, 0x0000000084800000|100%| O|  |TAMS 0x0000000084800000, 0x0000000084700000| Untracked 
|  72|0x0000000084800000, 0x0000000084900000, 0x0000000084900000|100%| O|  |TAMS 0x0000000084900000, 0x0000000084800000| Untracked 
|  73|0x0000000084900000, 0x0000000084a00000, 0x0000000084a00000|100%| O|  |TAMS 0x0000000084a00000, 0x0000000084900000| Untracked 
|  74|0x0000000084a00000, 0x0000000084b00000, 0x0000000084b00000|100%| O|  |TAMS 0x0000000084b00000, 0x0000000084a00000| Untracked 
|  75|0x0000000084b00000, 0x0000000084c00000, 0x0000000084c00000|100%| O|  |TAMS 0x0000000084c00000, 0x0000000084b00000| Untracked 
|  76|0x0000000084c00000, 0x0000000084d00000, 0x0000000084d00000|100%| O|  |TAMS 0x0000000084d00000, 0x0000000084c00000| Untracked 
|  77|0x0000000084d00000, 0x0000000084e00000, 0x0000000084e00000|100%| O|  |TAMS 0x0000000084e00000, 0x0000000084d00000| Untracked 
|  78|0x0000000084e00000, 0x0000000084f00000, 0x0000000084f00000|100%| O|  |TAMS 0x0000000084f00000, 0x0000000084e00000| Untracked 
|  79|0x0000000084f00000, 0x0000000085000000, 0x0000000085000000|100%| O|  |TAMS 0x0000000085000000, 0x0000000084f00000| Untracked 
|  80|0x0000000085000000, 0x0000000085100000, 0x0000000085100000|100%| O|  |TAMS 0x0000000085100000, 0x0000000085000000| Untracked 
|  81|0x0000000085100000, 0x0000000085200000, 0x0000000085200000|100%| O|  |TAMS 0x0000000085200000, 0x0000000085100000| Untracked 
|  82|0x0000000085200000, 0x0000000085300000, 0x0000000085300000|100%| O|  |TAMS 0x0000000085300000, 0x0000000085200000| Untracked 
|  83|0x0000000085300000, 0x0000000085400000, 0x0000000085400000|100%| O|  |TAMS 0x0000000085400000, 0x0000000085300000| Untracked 
|  84|0x0000000085400000, 0x0000000085500000, 0x0000000085500000|100%| O|  |TAMS 0x0000000085500000, 0x0000000085400000| Untracked 
|  85|0x0000000085500000, 0x0000000085600000, 0x0000000085600000|100%| O|  |TAMS 0x0000000085600000, 0x0000000085500000| Untracked 
|  86|0x0000000085600000, 0x0000000085700000, 0x0000000085700000|100%| O|  |TAMS 0x0000000085700000, 0x0000000085600000| Untracked 
|  87|0x0000000085700000, 0x0000000085800000, 0x0000000085800000|100%| O|  |TAMS 0x0000000085800000, 0x0000000085700000| Untracked 
|  88|0x0000000085800000, 0x0000000085900000, 0x0000000085900000|100%| O|  |TAMS 0x0000000085900000, 0x0000000085800000| Untracked 
|  89|0x0000000085900000, 0x0000000085a00000, 0x0000000085a00000|100%| O|  |TAMS 0x0000000085a00000, 0x0000000085900000| Untracked 
|  90|0x0000000085a00000, 0x0000000085b00000, 0x0000000085b00000|100%| O|  |TAMS 0x0000000085b00000, 0x0000000085a00000| Untracked 
|  91|0x0000000085b00000, 0x0000000085c00000, 0x0000000085c00000|100%| O|  |TAMS 0x0000000085c00000, 0x0000000085b00000| Untracked 
|  92|0x0000000085c00000, 0x0000000085d00000, 0x0000000085d00000|100%| O|  |TAMS 0x0000000085d00000, 0x0000000085c00000| Untracked 
|  93|0x0000000085d00000, 0x0000000085e00000, 0x0000000085e00000|100%| O|  |TAMS 0x0000000085e00000, 0x0000000085d00000| Untracked 
|  94|0x0000000085e00000, 0x0000000085f00000, 0x0000000085f00000|100%| O|  |TAMS 0x0000000085f00000, 0x0000000085e00000| Untracked 
|  95|0x0000000085f00000, 0x0000000086000000, 0x0000000086000000|100%| O|  |TAMS 0x0000000086000000, 0x0000000085f00000| Untracked 
|  96|0x0000000086000000, 0x0000000086100000, 0x0000000086100000|100%| O|  |TAMS 0x0000000086100000, 0x0000000086000000| Untracked 
|  97|0x0000000086100000, 0x0000000086200000, 0x0000000086200000|100%| O|  |TAMS 0x0000000086200000, 0x0000000086100000| Untracked 
|  98|0x0000000086200000, 0x0000000086300000, 0x0000000086300000|100%| O|  |TAMS 0x0000000086300000, 0x0000000086200000| Untracked 
|  99|0x0000000086300000, 0x0000000086400000, 0x0000000086400000|100%| O|  |TAMS 0x0000000086400000, 0x0000000086300000| Untracked 
| 100|0x0000000086400000, 0x0000000086500000, 0x0000000086500000|100%| O|  |TAMS 0x0000000086500000, 0x0000000086400000| Untracked 
| 101|0x0000000086500000, 0x0000000086600000, 0x0000000086600000|100%| O|  |TAMS 0x0000000086600000, 0x0000000086500000| Untracked 
| 102|0x0000000086600000, 0x0000000086700000, 0x0000000086700000|100%| O|  |TAMS 0x0000000086700000, 0x0000000086600000| Untracked 
| 103|0x0000000086700000, 0x0000000086800000, 0x0000000086800000|100%| O|  |TAMS 0x0000000086800000, 0x0000000086700000| Untracked 
| 104|0x0000000086800000, 0x0000000086900000, 0x0000000086900000|100%| O|  |TAMS 0x0000000086900000, 0x0000000086800000| Untracked 
| 105|0x0000000086900000, 0x0000000086a00000, 0x0000000086a00000|100%| O|  |TAMS 0x0000000086a00000, 0x0000000086900000| Untracked 
| 106|0x0000000086a00000, 0x0000000086b00000, 0x0000000086b00000|100%| O|  |TAMS 0x0000000086b00000, 0x0000000086a00000| Untracked 
| 107|0x0000000086b00000, 0x0000000086c00000, 0x0000000086c00000|100%| O|  |TAMS 0x0000000086c00000, 0x0000000086b00000| Untracked 
| 108|0x0000000086c00000, 0x0000000086d00000, 0x0000000086d00000|100%| O|  |TAMS 0x0000000086d00000, 0x0000000086c00000| Untracked 
| 109|0x0000000086d00000, 0x0000000086e00000, 0x0000000086e00000|100%| O|  |TAMS 0x0000000086e00000, 0x0000000086d00000| Untracked 
| 110|0x0000000086e00000, 0x0000000086f00000, 0x0000000086f00000|100%| O|  |TAMS 0x0000000086f00000, 0x0000000086e00000| Untracked 
| 111|0x0000000086f00000, 0x0000000087000000, 0x0000000087000000|100%| O|  |TAMS 0x0000000087000000, 0x0000000086f00000| Untracked 
| 112|0x0000000087000000, 0x0000000087100000, 0x0000000087100000|100%| O|  |TAMS 0x0000000087100000, 0x0000000087000000| Untracked 
| 113|0x0000000087100000, 0x0000000087200000, 0x0000000087200000|100%| O|  |TAMS 0x0000000087200000, 0x0000000087100000| Untracked 
| 114|0x0000000087200000, 0x0000000087300000, 0x0000000087300000|100%| O|  |TAMS 0x0000000087300000, 0x0000000087200000| Untracked 
| 115|0x0000000087300000, 0x0000000087400000, 0x0000000087400000|100%| O|  |TAMS 0x0000000087400000, 0x0000000087300000| Untracked 
| 116|0x0000000087400000, 0x0000000087500000, 0x0000000087500000|100%| O|  |TAMS 0x0000000087500000, 0x0000000087400000| Untracked 
| 117|0x0000000087500000, 0x0000000087600000, 0x0000000087600000|100%| O|  |TAMS 0x0000000087600000, 0x0000000087500000| Untracked 
| 118|0x0000000087600000, 0x0000000087700000, 0x0000000087700000|100%| O|  |TAMS 0x0000000087600000, 0x0000000087600000| Untracked 
| 119|0x0000000087700000, 0x0000000087800000, 0x0000000087800000|100%| O|  |TAMS 0x0000000087800000, 0x0000000087700000| Untracked 
| 120|0x0000000087800000, 0x0000000087900000, 0x0000000087900000|100%| O|  |TAMS 0x0000000087900000, 0x0000000087800000| Untracked 
| 121|0x0000000087900000, 0x0000000087a00000, 0x0000000087a00000|100%| O|  |TAMS 0x0000000087a00000, 0x0000000087900000| Untracked 
| 122|0x0000000087a00000, 0x0000000087b00000, 0x0000000087b00000|100%| O|  |TAMS 0x0000000087b00000, 0x0000000087a00000| Untracked 
| 123|0x0000000087b00000, 0x0000000087c00000, 0x0000000087c00000|100%| O|  |TAMS 0x0000000087c00000, 0x0000000087b00000| Untracked 
| 124|0x0000000087c00000, 0x0000000087d00000, 0x0000000087d00000|100%| O|  |TAMS 0x0000000087d00000, 0x0000000087c00000| Untracked 
| 125|0x0000000087d00000, 0x0000000087e00000, 0x0000000087e00000|100%| O|  |TAMS 0x0000000087d00000, 0x0000000087d00000| Untracked 
| 126|0x0000000087e00000, 0x0000000087f00000, 0x0000000087f00000|100%| O|  |TAMS 0x0000000087f00000, 0x0000000087e00000| Untracked 
| 127|0x0000000087f00000, 0x0000000088000000, 0x0000000088000000|100%| O|  |TAMS 0x0000000087f00000, 0x0000000087f00000| Untracked 
| 128|0x0000000088000000, 0x0000000088100000, 0x0000000088100000|100%| O|  |TAMS 0x0000000088100000, 0x0000000088000000| Untracked 
| 129|0x0000000088100000, 0x0000000088200000, 0x0000000088200000|100%| O|  |TAMS 0x0000000088200000, 0x0000000088100000| Untracked 
| 130|0x0000000088200000, 0x0000000088300000, 0x0000000088300000|100%| O|  |TAMS 0x0000000088300000, 0x0000000088200000| Untracked 
| 131|0x0000000088300000, 0x0000000088400000, 0x0000000088400000|100%| O|  |TAMS 0x0000000088300000, 0x0000000088300000| Untracked 
| 132|0x0000000088400000, 0x0000000088500000, 0x0000000088500000|100%| O|  |TAMS 0x0000000088400000, 0x0000000088400000| Untracked 
| 133|0x0000000088500000, 0x0000000088600000, 0x0000000088600000|100%| O|  |TAMS 0x0000000088500000, 0x0000000088500000| Untracked 
| 134|0x0000000088600000, 0x0000000088700000, 0x0000000088700000|100%| O|  |TAMS 0x0000000088600000, 0x0000000088600000| Untracked 
| 135|0x0000000088700000, 0x0000000088800000, 0x0000000088800000|100%| O|  |TAMS 0x0000000088700000, 0x0000000088700000| Untracked 
| 136|0x0000000088800000, 0x0000000088900000, 0x0000000088900000|100%| O|  |TAMS 0x0000000088800000, 0x0000000088800000| Untracked 
| 137|0x0000000088900000, 0x0000000088a00000, 0x0000000088a00000|100%| O|  |TAMS 0x00000000889d6a00, 0x0000000088900000| Untracked 
| 138|0x0000000088a00000, 0x0000000088b00000, 0x0000000088b00000|100%| O|  |TAMS 0x0000000088a00000, 0x0000000088a00000| Untracked 
| 139|0x0000000088b00000, 0x0000000088c00000, 0x0000000088c00000|100%| O|  |TAMS 0x0000000088b00000, 0x0000000088b00000| Untracked 
| 140|0x0000000088c00000, 0x0000000088d00000, 0x0000000088d00000|100%| O|  |TAMS 0x0000000088c00000, 0x0000000088c00000| Untracked 
| 141|0x0000000088d00000, 0x0000000088e00000, 0x0000000088e00000|100%| O|  |TAMS 0x0000000088d00000, 0x0000000088d00000| Untracked 
| 142|0x0000000088e00000, 0x0000000088f00000, 0x0000000088f00000|100%| O|  |TAMS 0x0000000088f00000, 0x0000000088e00000| Untracked 
| 143|0x0000000088f00000, 0x0000000089000000, 0x0000000089000000|100%| O|  |TAMS 0x0000000088f00000, 0x0000000088f00000| Untracked 
| 144|0x0000000089000000, 0x0000000089100000, 0x0000000089100000|100%| O|  |TAMS 0x0000000089000000, 0x0000000089000000| Untracked 
| 145|0x0000000089100000, 0x0000000089200000, 0x0000000089200000|100%| O|  |TAMS 0x0000000089100000, 0x0000000089100000| Untracked 
| 146|0x0000000089200000, 0x0000000089300000, 0x0000000089300000|100%| O|  |TAMS 0x0000000089200000, 0x0000000089200000| Untracked 
| 147|0x0000000089300000, 0x0000000089400000, 0x0000000089400000|100%| O|  |TAMS 0x0000000089300000, 0x0000000089300000| Untracked 
| 148|0x0000000089400000, 0x0000000089500000, 0x0000000089500000|100%| O|  |TAMS 0x0000000089400000, 0x0000000089400000| Untracked 
| 149|0x0000000089500000, 0x0000000089600000, 0x0000000089600000|100%| O|  |TAMS 0x0000000089500000, 0x0000000089500000| Untracked 
| 150|0x0000000089600000, 0x0000000089700000, 0x0000000089700000|100%| O|  |TAMS 0x0000000089600000, 0x0000000089600000| Untracked 
| 151|0x0000000089700000, 0x0000000089800000, 0x0000000089800000|100%| O|  |TAMS 0x0000000089700000, 0x0000000089700000| Untracked 
| 152|0x0000000089800000, 0x0000000089900000, 0x0000000089900000|100%| O|  |TAMS 0x0000000089800000, 0x0000000089800000| Untracked 
| 153|0x0000000089900000, 0x0000000089a00000, 0x0000000089a00000|100%| O|  |TAMS 0x0000000089900000, 0x0000000089900000| Untracked 
| 154|0x0000000089a00000, 0x0000000089b00000, 0x0000000089b00000|100%| O|  |TAMS 0x0000000089a00000, 0x0000000089a00000| Untracked 
| 155|0x0000000089b00000, 0x0000000089c00000, 0x0000000089c00000|100%| O|  |TAMS 0x0000000089b00000, 0x0000000089b00000| Untracked 
| 156|0x0000000089c00000, 0x0000000089d00000, 0x0000000089d00000|100%| O|  |TAMS 0x0000000089c00000, 0x0000000089c00000| Untracked 
| 157|0x0000000089d00000, 0x0000000089e00000, 0x0000000089e00000|100%| O|  |TAMS 0x0000000089d00000, 0x0000000089d00000| Untracked 
| 158|0x0000000089e00000, 0x0000000089f00000, 0x0000000089f00000|100%| O|  |TAMS 0x0000000089e00000, 0x0000000089e00000| Untracked 
| 159|0x0000000089f00000, 0x000000008a000000, 0x000000008a000000|100%| O|  |TAMS 0x0000000089f00000, 0x0000000089f00000| Untracked 
| 160|0x000000008a000000, 0x000000008a100000, 0x000000008a100000|100%| O|  |TAMS 0x000000008a000000, 0x000000008a000000| Untracked 
| 161|0x000000008a100000, 0x000000008a200000, 0x000000008a200000|100%| O|  |TAMS 0x000000008a100000, 0x000000008a100000| Untracked 
| 162|0x000000008a200000, 0x000000008a300000, 0x000000008a300000|100%| O|  |TAMS 0x000000008a200000, 0x000000008a200000| Untracked 
| 163|0x000000008a300000, 0x000000008a400000, 0x000000008a400000|100%| O|  |TAMS 0x000000008a300000, 0x000000008a300000| Untracked 
| 164|0x000000008a400000, 0x000000008a500000, 0x000000008a500000|100%| O|  |TAMS 0x000000008a400000, 0x000000008a400000| Untracked 
| 165|0x000000008a500000, 0x000000008a600000, 0x000000008a600000|100%| O|  |TAMS 0x000000008a500000, 0x000000008a500000| Untracked 
| 166|0x000000008a600000, 0x000000008a700000, 0x000000008a700000|100%| O|  |TAMS 0x000000008a600000, 0x000000008a600000| Untracked 
| 167|0x000000008a700000, 0x000000008a800000, 0x000000008a800000|100%| O|  |TAMS 0x000000008a700000, 0x000000008a700000| Untracked 
| 168|0x000000008a800000, 0x000000008a900000, 0x000000008a900000|100%| O|  |TAMS 0x000000008a800000, 0x000000008a800000| Untracked 
| 169|0x000000008a900000, 0x000000008aa00000, 0x000000008aa00000|100%| O|  |TAMS 0x000000008a900000, 0x000000008a900000| Untracked 
| 170|0x000000008aa00000, 0x000000008ab00000, 0x000000008ab00000|100%| O|  |TAMS 0x000000008aa00000, 0x000000008aa00000| Untracked 
| 171|0x000000008ab00000, 0x000000008ac00000, 0x000000008ac00000|100%| O|  |TAMS 0x000000008ab00000, 0x000000008ab00000| Untracked 
| 172|0x000000008ac00000, 0x000000008ad00000, 0x000000008ad00000|100%| O|  |TAMS 0x000000008ac00000, 0x000000008ac00000| Untracked 
| 173|0x000000008ad00000, 0x000000008ae00000, 0x000000008ae00000|100%| O|  |TAMS 0x000000008ad00000, 0x000000008ad00000| Untracked 
| 174|0x000000008ae00000, 0x000000008af00000, 0x000000008af00000|100%| O|  |TAMS 0x000000008ae00000, 0x000000008ae00000| Untracked 
| 175|0x000000008af00000, 0x000000008b000000, 0x000000008b000000|100%| O|  |TAMS 0x000000008af00000, 0x000000008af00000| Untracked 
| 176|0x000000008b000000, 0x000000008b100000, 0x000000008b100000|100%| O|  |TAMS 0x000000008b000000, 0x000000008b000000| Untracked 
| 177|0x000000008b100000, 0x000000008b200000, 0x000000008b200000|100%| O|  |TAMS 0x000000008b100000, 0x000000008b100000| Untracked 
| 178|0x000000008b200000, 0x000000008b300000, 0x000000008b300000|100%| O|  |TAMS 0x000000008b200000, 0x000000008b200000| Untracked 
| 179|0x000000008b300000, 0x000000008b400000, 0x000000008b400000|100%| O|  |TAMS 0x000000008b300000, 0x000000008b300000| Untracked 
| 180|0x000000008b400000, 0x000000008b500000, 0x000000008b500000|100%| O|  |TAMS 0x000000008b400000, 0x000000008b400000| Untracked 
| 181|0x000000008b500000, 0x000000008b58ee00, 0x000000008b600000| 55%| O|  |TAMS 0x000000008b500000, 0x000000008b500000| Untracked 
| 182|0x000000008b600000, 0x000000008b600000, 0x000000008b700000|  0%| F|  |TAMS 0x000000008b600000, 0x000000008b600000| Untracked 
| 183|0x000000008b700000, 0x000000008b700000, 0x000000008b800000|  0%| F|  |TAMS 0x000000008b700000, 0x000000008b700000| Untracked 
| 184|0x000000008b800000, 0x000000008b800000, 0x000000008b900000|  0%| F|  |TAMS 0x000000008b800000, 0x000000008b800000| Untracked 
| 185|0x000000008b900000, 0x000000008b900000, 0x000000008ba00000|  0%| F|  |TAMS 0x000000008b900000, 0x000000008b900000| Untracked 
| 186|0x000000008ba00000, 0x000000008ba00000, 0x000000008bb00000|  0%| F|  |TAMS 0x000000008ba00000, 0x000000008ba00000| Untracked 
| 187|0x000000008bb00000, 0x000000008bb00000, 0x000000008bc00000|  0%| F|  |TAMS 0x000000008bb00000, 0x000000008bb00000| Untracked 
| 188|0x000000008bc00000, 0x000000008bc00000, 0x000000008bd00000|  0%| F|  |TAMS 0x000000008bc00000, 0x000000008bc00000| Untracked 
| 189|0x000000008bd00000, 0x000000008bd00000, 0x000000008be00000|  0%| F|  |TAMS 0x000000008bd00000, 0x000000008bd00000| Untracked 
| 190|0x000000008be00000, 0x000000008be00000, 0x000000008bf00000|  0%| F|  |TAMS 0x000000008be00000, 0x000000008be00000| Untracked 
| 191|0x000000008bf00000, 0x000000008bf00000, 0x000000008c000000|  0%| F|  |TAMS 0x000000008bf00000, 0x000000008bf00000| Untracked 
| 192|0x000000008c000000, 0x000000008c000000, 0x000000008c100000|  0%| F|  |TAMS 0x000000008c000000, 0x000000008c000000| Untracked 
| 193|0x000000008c100000, 0x000000008c100000, 0x000000008c200000|  0%| F|  |TAMS 0x000000008c100000, 0x000000008c100000| Untracked 
| 194|0x000000008c200000, 0x000000008c200000, 0x000000008c300000|  0%| F|  |TAMS 0x000000008c200000, 0x000000008c200000| Untracked 
| 195|0x000000008c300000, 0x000000008c300000, 0x000000008c400000|  0%| F|  |TAMS 0x000000008c300000, 0x000000008c300000| Untracked 
| 196|0x000000008c400000, 0x000000008c400000, 0x000000008c500000|  0%| F|  |TAMS 0x000000008c400000, 0x000000008c400000| Untracked 
| 197|0x000000008c500000, 0x000000008c500000, 0x000000008c600000|  0%| F|  |TAMS 0x000000008c500000, 0x000000008c500000| Untracked 
| 198|0x000000008c600000, 0x000000008c600000, 0x000000008c700000|  0%| F|  |TAMS 0x000000008c600000, 0x000000008c600000| Untracked 
| 199|0x000000008c700000, 0x000000008c700000, 0x000000008c800000|  0%| F|  |TAMS 0x000000008c700000, 0x000000008c700000| Untracked 
| 200|0x000000008c800000, 0x000000008c800000, 0x000000008c900000|  0%| F|  |TAMS 0x000000008c800000, 0x000000008c800000| Untracked 
| 201|0x000000008c900000, 0x000000008c900000, 0x000000008ca00000|  0%| F|  |TAMS 0x000000008c900000, 0x000000008c900000| Untracked 
| 202|0x000000008ca00000, 0x000000008ca00000, 0x000000008cb00000|  0%| F|  |TAMS 0x000000008ca00000, 0x000000008ca00000| Untracked 
| 203|0x000000008cb00000, 0x000000008cb00000, 0x000000008cc00000|  0%| F|  |TAMS 0x000000008cb00000, 0x000000008cb00000| Untracked 
| 204|0x000000008cc00000, 0x000000008cc00000, 0x000000008cd00000|  0%| F|  |TAMS 0x000000008cc00000, 0x000000008cc00000| Untracked 
| 205|0x000000008cd00000, 0x000000008cd00000, 0x000000008ce00000|  0%| F|  |TAMS 0x000000008cd00000, 0x000000008cd00000| Untracked 
| 206|0x000000008ce00000, 0x000000008ce00000, 0x000000008cf00000|  0%| F|  |TAMS 0x000000008ce00000, 0x000000008ce00000| Untracked 
| 207|0x000000008cf00000, 0x000000008cf00000, 0x000000008d000000|  0%| F|  |TAMS 0x000000008cf00000, 0x000000008cf00000| Untracked 
| 208|0x000000008d000000, 0x000000008d000000, 0x000000008d100000|  0%| F|  |TAMS 0x000000008d000000, 0x000000008d000000| Untracked 
| 209|0x000000008d100000, 0x000000008d100000, 0x000000008d200000|  0%| F|  |TAMS 0x000000008d100000, 0x000000008d100000| Untracked 
| 210|0x000000008d200000, 0x000000008d200000, 0x000000008d300000|  0%| F|  |TAMS 0x000000008d200000, 0x000000008d200000| Untracked 
| 211|0x000000008d300000, 0x000000008d300000, 0x000000008d400000|  0%| F|  |TAMS 0x000000008d300000, 0x000000008d300000| Untracked 
| 212|0x000000008d400000, 0x000000008d400000, 0x000000008d500000|  0%| F|  |TAMS 0x000000008d400000, 0x000000008d400000| Untracked 
| 213|0x000000008d500000, 0x000000008d500000, 0x000000008d600000|  0%| F|  |TAMS 0x000000008d500000, 0x000000008d500000| Untracked 
| 214|0x000000008d600000, 0x000000008d600000, 0x000000008d700000|  0%| F|  |TAMS 0x000000008d600000, 0x000000008d600000| Untracked 
| 215|0x000000008d700000, 0x000000008d700000, 0x000000008d800000|  0%| F|  |TAMS 0x000000008d700000, 0x000000008d700000| Untracked 
| 216|0x000000008d800000, 0x000000008d800000, 0x000000008d900000|  0%| F|  |TAMS 0x000000008d800000, 0x000000008d800000| Untracked 
| 217|0x000000008d900000, 0x000000008d900000, 0x000000008da00000|  0%| F|  |TAMS 0x000000008d900000, 0x000000008d900000| Untracked 
| 218|0x000000008da00000, 0x000000008da00000, 0x000000008db00000|  0%| F|  |TAMS 0x000000008da00000, 0x000000008da00000| Untracked 
| 219|0x000000008db00000, 0x000000008db00000, 0x000000008dc00000|  0%| F|  |TAMS 0x000000008db00000, 0x000000008db00000| Untracked 
| 220|0x000000008dc00000, 0x000000008dc00000, 0x000000008dd00000|  0%| F|  |TAMS 0x000000008dc00000, 0x000000008dc00000| Untracked 
| 221|0x000000008dd00000, 0x000000008dd00000, 0x000000008de00000|  0%| F|  |TAMS 0x000000008dd00000, 0x000000008dd00000| Untracked 
| 222|0x000000008de00000, 0x000000008de00000, 0x000000008df00000|  0%| F|  |TAMS 0x000000008de00000, 0x000000008de00000| Untracked 
| 223|0x000000008df00000, 0x000000008dfa19e0, 0x000000008e000000| 63%| S|CS|TAMS 0x000000008df00000, 0x000000008df00000| Complete 
| 224|0x000000008e000000, 0x000000008e100000, 0x000000008e100000|100%| S|CS|TAMS 0x000000008e000000, 0x000000008e000000| Complete 
| 225|0x000000008e100000, 0x000000008e200000, 0x000000008e200000|100%| S|CS|TAMS 0x000000008e100000, 0x000000008e100000| Complete 
| 226|0x000000008e200000, 0x000000008e200000, 0x000000008e300000|  0%| F|  |TAMS 0x000000008e200000, 0x000000008e200000| Untracked 
| 227|0x000000008e300000, 0x000000008e300000, 0x000000008e400000|  0%| F|  |TAMS 0x000000008e300000, 0x000000008e300000| Untracked 
| 228|0x000000008e400000, 0x000000008e400000, 0x000000008e500000|  0%| F|  |TAMS 0x000000008e400000, 0x000000008e400000| Untracked 
| 229|0x000000008e500000, 0x000000008e500000, 0x000000008e600000|  0%| F|  |TAMS 0x000000008e500000, 0x000000008e500000| Untracked 
| 230|0x000000008e600000, 0x000000008e600000, 0x000000008e700000|  0%| F|  |TAMS 0x000000008e600000, 0x000000008e600000| Untracked 
| 231|0x000000008e700000, 0x000000008e700000, 0x000000008e800000|  0%| F|  |TAMS 0x000000008e700000, 0x000000008e700000| Untracked 
| 232|0x000000008e800000, 0x000000008e800000, 0x000000008e900000|  0%| F|  |TAMS 0x000000008e800000, 0x000000008e800000| Untracked 
| 233|0x000000008e900000, 0x000000008e900000, 0x000000008ea00000|  0%| F|  |TAMS 0x000000008e900000, 0x000000008e900000| Untracked 
| 234|0x000000008ea00000, 0x000000008ea00000, 0x000000008eb00000|  0%| F|  |TAMS 0x000000008ea00000, 0x000000008ea00000| Untracked 
| 235|0x000000008eb00000, 0x000000008eb00000, 0x000000008ec00000|  0%| F|  |TAMS 0x000000008eb00000, 0x000000008eb00000| Untracked 
| 236|0x000000008ec00000, 0x000000008ec00000, 0x000000008ed00000|  0%| F|  |TAMS 0x000000008ec00000, 0x000000008ec00000| Untracked 
| 237|0x000000008ed00000, 0x000000008ed00000, 0x000000008ee00000|  0%| F|  |TAMS 0x000000008ed00000, 0x000000008ed00000| Untracked 
| 238|0x000000008ee00000, 0x000000008ee00000, 0x000000008ef00000|  0%| F|  |TAMS 0x000000008ee00000, 0x000000008ee00000| Untracked 
| 239|0x000000008ef00000, 0x000000008ef00000, 0x000000008f000000|  0%| F|  |TAMS 0x000000008ef00000, 0x000000008ef00000| Untracked 
| 240|0x000000008f000000, 0x000000008f000000, 0x000000008f100000|  0%| F|  |TAMS 0x000000008f000000, 0x000000008f000000| Untracked 
| 241|0x000000008f100000, 0x000000008f100000, 0x000000008f200000|  0%| F|  |TAMS 0x000000008f100000, 0x000000008f100000| Untracked 
| 242|0x000000008f200000, 0x000000008f200000, 0x000000008f300000|  0%| F|  |TAMS 0x000000008f200000, 0x000000008f200000| Untracked 
| 243|0x000000008f300000, 0x000000008f300000, 0x000000008f400000|  0%| F|  |TAMS 0x000000008f300000, 0x000000008f300000| Untracked 
| 244|0x000000008f400000, 0x000000008f400000, 0x000000008f500000|  0%| F|  |TAMS 0x000000008f400000, 0x000000008f400000| Untracked 
| 245|0x000000008f500000, 0x000000008f500000, 0x000000008f600000|  0%| F|  |TAMS 0x000000008f500000, 0x000000008f500000| Untracked 
| 246|0x000000008f600000, 0x000000008f600000, 0x000000008f700000|  0%| F|  |TAMS 0x000000008f600000, 0x000000008f600000| Untracked 
| 247|0x000000008f700000, 0x000000008f700000, 0x000000008f800000|  0%| F|  |TAMS 0x000000008f700000, 0x000000008f700000| Untracked 
| 248|0x000000008f800000, 0x000000008f800000, 0x000000008f900000|  0%| F|  |TAMS 0x000000008f800000, 0x000000008f800000| Untracked 
| 249|0x000000008f900000, 0x000000008f900000, 0x000000008fa00000|  0%| F|  |TAMS 0x000000008f900000, 0x000000008f900000| Untracked 
| 250|0x000000008fa00000, 0x000000008fa00000, 0x000000008fb00000|  0%| F|  |TAMS 0x000000008fa00000, 0x000000008fa00000| Untracked 
| 251|0x000000008fb00000, 0x000000008fb00000, 0x000000008fc00000|  0%| F|  |TAMS 0x000000008fb00000, 0x000000008fb00000| Untracked 
| 252|0x000000008fc00000, 0x000000008fc00000, 0x000000008fd00000|  0%| F|  |TAMS 0x000000008fc00000, 0x000000008fc00000| Untracked 
| 253|0x000000008fd00000, 0x000000008fd00000, 0x000000008fe00000|  0%| F|  |TAMS 0x000000008fd00000, 0x000000008fd00000| Untracked 
| 254|0x000000008fe00000, 0x000000008fe00000, 0x000000008ff00000|  0%| F|  |TAMS 0x000000008fe00000, 0x000000008fe00000| Untracked 
| 255|0x000000008ff00000, 0x000000008ff00000, 0x0000000090000000|  0%| F|  |TAMS 0x000000008ff00000, 0x000000008ff00000| Untracked 
| 256|0x0000000090000000, 0x0000000090000000, 0x0000000090100000|  0%| F|  |TAMS 0x0000000090000000, 0x0000000090000000| Untracked 
| 257|0x0000000090100000, 0x0000000090100000, 0x0000000090200000|  0%| F|  |TAMS 0x0000000090100000, 0x0000000090100000| Untracked 
| 258|0x0000000090200000, 0x0000000090200000, 0x0000000090300000|  0%| F|  |TAMS 0x0000000090200000, 0x0000000090200000| Untracked 
| 259|0x0000000090300000, 0x0000000090300000, 0x0000000090400000|  0%| F|  |TAMS 0x0000000090300000, 0x0000000090300000| Untracked 
| 260|0x0000000090400000, 0x0000000090400000, 0x0000000090500000|  0%| F|  |TAMS 0x0000000090400000, 0x0000000090400000| Untracked 
| 261|0x0000000090500000, 0x0000000090500000, 0x0000000090600000|  0%| F|  |TAMS 0x0000000090500000, 0x0000000090500000| Untracked 
| 262|0x0000000090600000, 0x0000000090600000, 0x0000000090700000|  0%| F|  |TAMS 0x0000000090600000, 0x0000000090600000| Untracked 
| 263|0x0000000090700000, 0x0000000090700000, 0x0000000090800000|  0%| F|  |TAMS 0x0000000090700000, 0x0000000090700000| Untracked 

Card table byte_map: [0x0000017f0f950000,0x0000017f0fd50000] _byte_map_base: 0x0000017f0f550000

Marking Bits (Prev, Next): (CMBitMap*) 0x0000017f7a82f378, (CMBitMap*) 0x0000017f7a82f3b0
 Prev Bits: [0x0000017f10150000, 0x0000017f12150000)
 Next Bits: [0x0000017f12150000, 0x0000017f14150000)

Polling page: 0x0000017f7a8c0000

Metaspace:

Usage:
  Non-class:    120.89 MB capacity,   118.50 MB ( 98%) used,     1.96 MB (  2%) free+waste,   430.06 KB ( <1%) overhead. 
      Class:     18.16 MB capacity,    16.80 MB ( 93%) used,     1.17 MB (  6%) free+waste,   192.75 KB (  1%) overhead. 
       Both:    139.04 MB capacity,   135.30 MB ( 97%) used,     3.13 MB (  2%) free+waste,   622.81 KB ( <1%) overhead. 

Virtual space:
  Non-class space:      122.00 MB reserved,     120.92 MB (>99%) committed 
      Class space:        1.00 GB reserved,      18.25 MB (  2%) committed 
             Both:        1.12 GB reserved,     139.17 MB ( 12%) committed 

Chunk freelists:
   Non-Class:  33.00 KB
       Class:  0 bytes
        Both:  33.00 KB

MaxMetaspaceSize: 17179869184.00 GB
CompressedClassSpaceSize: 1.00 GB

CodeHeap 'non-profiled nmethods': size=120000Kb used=16309Kb max_used=16568Kb free=103690Kb
 bounds [0x0000017f07ad0000, 0x0000017f08b10000, 0x0000017f0f000000]
CodeHeap 'profiled nmethods': size=120000Kb used=45738Kb max_used=45738Kb free=74261Kb
 bounds [0x0000017f005a0000, 0x0000017f03280000, 0x0000017f07ad0000]
CodeHeap 'non-nmethods': size=5760Kb used=2399Kb max_used=2446Kb free=3360Kb
 bounds [0x0000017f00000000, 0x0000017f00280000, 0x0000017f005a0000]
 total_blobs=21869 nmethods=20845 adapters=933
 compilation: enabled
              stopped_count=0, restarted_count=0
 full_count=0

Compilation events (20 events):
Event: 420.600 Thread 0x0000017f174d9000 nmethod 24456 0x0000017f03275190 code [0x0000017f03275340, 0x0000017f03275438]
Event: 420.600 Thread 0x0000017f174d9000 24448       2       com.android.tools.r8.internal.ba::a (19 bytes)
Event: 420.600 Thread 0x0000017f174d9000 nmethod 24448 0x0000017f03275510 code [0x0000017f032756c0, 0x0000017f032757e8]
Event: 420.600 Thread 0x0000017f174d9000 24455       2       com.android.tools.r8.internal.ba::a (12 bytes)
Event: 420.600 Thread 0x0000017f174d9000 nmethod 24455 0x0000017f03275910 code [0x0000017f03275ac0, 0x0000017f03275be8]
Event: 420.600 Thread 0x0000017f174d9000 24444       2       com.android.tools.r8.internal.j2$$Lambda$1818/0x00000001011b6040::test (12 bytes)
Event: 420.601 Thread 0x0000017f174d9000 nmethod 24444 0x0000017f03275c90 code [0x0000017f03275e40, 0x0000017f03275f98]
Event: 420.601 Thread 0x0000017f174d9000 24445       2       com.android.tools.r8.internal.j2::a (11 bytes)
Event: 420.601 Thread 0x0000017f174d9000 nmethod 24445 0x0000017f03276090 code [0x0000017f03276240, 0x0000017f03276338]
Event: 420.601 Thread 0x0000017f174d9000 24197       3       com.android.tools.r8.internal.pf::b (10 bytes)
Event: 420.601 Thread 0x0000017f174d9000 nmethod 24197 0x0000017f03276410 code [0x0000017f032765e0, 0x0000017f03276858]
Event: 420.601 Thread 0x0000017f174d9000 24461       2       com.android.tools.r8.ir.regalloc.b::d (103 bytes)
Event: 420.602 Thread 0x0000017f174d9000 nmethod 24461 0x0000017f03276990 code [0x0000017f03276bc0, 0x0000017f03276fc8]
Event: 420.602 Thread 0x0000017f174d9000 24449       2       com.android.tools.r8.ir.regalloc.b::x (28 bytes)
Event: 420.602 Thread 0x0000017f174d9000 nmethod 24449 0x0000017f03277290 code [0x0000017f03277440, 0x0000017f03277578]
Event: 420.602 Thread 0x0000017f174d9000 24451       2       java.util.PriorityQueue::poll (81 bytes)
Event: 420.602 Thread 0x0000017f174d9000 nmethod 24451 0x0000017f03277610 code [0x0000017f032777e0, 0x0000017f032779f8]
Event: 420.603 Thread 0x0000017f174d9000 24452       2       com.android.tools.r8.ir.regalloc.a::g (12 bytes)
Event: 420.603 Thread 0x0000017f174d9000 nmethod 24452 0x0000017f03277b10 code [0x0000017f03277cc0, 0x0000017f03277de8]
Event: 420.603 Thread 0x0000017f174d9000 24453       2       com.android.tools.r8.ir.regalloc.a::c (173 bytes)

GC Heap History (20 events):
Event: 415.175 GC heap after
{Heap after GC invocations=82 (full 0):
 garbage-first heap   total 270336K, used 154474K [0x0000000080000000, 0x0000000100000000)
  region size 1024K, 6 young (6144K), 6 survivors (6144K)
 Metaspace       used 129320K, capacity 132634K, committed 132780K, reserved 1165312K
  class space    used 15897K, capacity 17055K, committed 17152K, reserved 1048576K
}
Event: 415.210 GC heap before
{Heap before GC invocations=82 (full 0):
 garbage-first heap   total 270336K, used 160618K [0x0000000080000000, 0x0000000100000000)
  region size 1024K, 13 young (13312K), 6 survivors (6144K)
 Metaspace       used 129339K, capacity 132698K, committed 133036K, reserved 1165312K
  class space    used 15897K, capacity 17055K, committed 17152K, reserved 1048576K
}
Event: 415.217 GC heap after
{Heap after GC invocations=83 (full 0):
 garbage-first heap   total 270336K, used 138027K [0x0000000080000000, 0x0000000100000000)
  region size 1024K, 1 young (1024K), 1 survivors (1024K)
 Metaspace       used 129339K, capacity 132698K, committed 133036K, reserved 1165312K
  class space    used 15897K, capacity 17055K, committed 17152K, reserved 1048576K
}
Event: 415.688 GC heap before
{Heap before GC invocations=83 (full 0):
 garbage-first heap   total 270336K, used 207659K [0x0000000080000000, 0x0000000100000000)
  region size 1024K, 70 young (71680K), 1 survivors (1024K)
 Metaspace       used 129395K, capacity 132704K, committed 133036K, reserved 1165312K
  class space    used 15898K, capacity 17056K, committed 17152K, reserved 1048576K
}
Event: 415.692 GC heap after
{Heap after GC invocations=84 (full 0):
 garbage-first heap   total 270336K, used 138090K [0x0000000080000000, 0x0000000100000000)
  region size 1024K, 2 young (2048K), 2 survivors (2048K)
 Metaspace       used 129395K, capacity 132704K, committed 133036K, reserved 1165312K
  class space    used 15898K, capacity 17056K, committed 17152K, reserved 1048576K
}
Event: 418.417 GC heap before
{Heap before GC invocations=85 (full 0):
 garbage-first heap   total 270336K, used 210794K [0x0000000080000000, 0x0000000100000000)
  region size 1024K, 74 young (75776K), 2 survivors (2048K)
 Metaspace       used 130149K, capacity 133548K, committed 133804K, reserved 1165312K
  class space    used 15947K, capacity 17136K, committed 17152K, reserved 1048576K
}
Event: 418.423 GC heap after
{Heap after GC invocations=86 (full 0):
 garbage-first heap   total 270336K, used 139130K [0x0000000080000000, 0x0000000100000000)
  region size 1024K, 3 young (3072K), 3 survivors (3072K)
 Metaspace       used 130149K, capacity 133548K, committed 133804K, reserved 1165312K
  class space    used 15947K, capacity 17136K, committed 17152K, reserved 1048576K
}
Event: 418.793 GC heap before
{Heap before GC invocations=86 (full 0):
 garbage-first heap   total 270336K, used 148346K [0x0000000080000000, 0x0000000100000000)
  region size 1024K, 13 young (13312K), 3 survivors (3072K)
 Metaspace       used 130173K, capacity 133548K, committed 133804K, reserved 1165312K
  class space    used 15947K, capacity 17136K, committed 17152K, reserved 1048576K
}
Event: 418.798 GC heap after
{Heap after GC invocations=87 (full 0):
 garbage-first heap   total 270336K, used 134010K [0x0000000080000000, 0x0000000100000000)
  region size 1024K, 1 young (1024K), 1 survivors (1024K)
 Metaspace       used 130173K, capacity 133548K, committed 133804K, reserved 1165312K
  class space    used 15947K, capacity 17136K, committed 17152K, reserved 1048576K
}
Event: 419.244 GC heap before
{Heap before GC invocations=87 (full 0):
 garbage-first heap   total 270336K, used 215930K [0x0000000080000000, 0x0000000100000000)
  region size 1024K, 80 young (81920K), 1 survivors (1024K)
 Metaspace       used 131303K, capacity 134706K, committed 134828K, reserved 1167360K
  class space    used 16078K, capacity 17293K, committed 17408K, reserved 1048576K
}
Event: 419.252 GC heap after
{Heap after GC invocations=88 (full 0):
 garbage-first heap   total 270336K, used 151742K [0x0000000080000000, 0x0000000100000000)
  region size 1024K, 10 young (10240K), 10 survivors (10240K)
 Metaspace       used 131303K, capacity 134706K, committed 134828K, reserved 1167360K
  class space    used 16078K, capacity 17293K, committed 17408K, reserved 1048576K
}
Event: 419.633 GC heap before
{Heap before GC invocations=88 (full 0):
 garbage-first heap   total 270336K, used 214206K [0x0000000080000000, 0x0000000100000000)
  region size 1024K, 72 young (73728K), 10 survivors (10240K)
 Metaspace       used 133902K, capacity 137473K, committed 137772K, reserved 1169408K
  class space    used 16442K, capacity 17714K, committed 17792K, reserved 1048576K
}
Event: 419.647 GC heap after
{Heap after GC invocations=89 (full 0):
 garbage-first heap   total 270336K, used 159710K [0x0000000080000000, 0x0000000100000000)
  region size 1024K, 9 young (9216K), 9 survivors (9216K)
 Metaspace       used 133902K, capacity 137473K, committed 137772K, reserved 1169408K
  class space    used 16442K, capacity 17714K, committed 17792K, reserved 1048576K
}
Event: 419.862 GC heap before
{Heap before GC invocations=89 (full 0):
 garbage-first heap   total 270336K, used 215006K [0x0000000080000000, 0x0000000100000000)
  region size 1024K, 64 young (65536K), 9 survivors (9216K)
 Metaspace       used 135056K, capacity 138729K, committed 139052K, reserved 1171456K
  class space    used 16642K, capacity 17941K, committed 18048K, reserved 1048576K
}
Event: 419.882 GC heap after
{Heap after GC invocations=90 (full 0):
 garbage-first heap   total 270336K, used 169135K [0x0000000080000000, 0x0000000100000000)
  region size 1024K, 8 young (8192K), 8 survivors (8192K)
 Metaspace       used 135056K, capacity 138729K, committed 139052K, reserved 1171456K
  class space    used 16642K, capacity 17941K, committed 18048K, reserved 1048576K
}
Event: 420.035 GC heap before
{Heap before GC invocations=90 (full 0):
 garbage-first heap   total 270336K, used 217263K [0x0000000080000000, 0x0000000100000000)
  region size 1024K, 56 young (57344K), 8 survivors (8192K)
 Metaspace       used 136444K, capacity 140193K, committed 140332K, reserved 1171456K
  class space    used 16889K, capacity 18262K, committed 18304K, reserved 1048576K
}
Event: 420.056 GC heap after
{Heap after GC invocations=91 (full 0):
 garbage-first heap   total 270336K, used 178176K [0x0000000080000000, 0x0000000100000000)
  region size 1024K, 7 young (7168K), 7 survivors (7168K)
 Metaspace       used 136444K, capacity 140193K, committed 140332K, reserved 1171456K
  class space    used 16889K, capacity 18262K, committed 18304K, reserved 1048576K
}
Event: 420.309 GC heap before
{Heap before GC invocations=91 (full 0):
 garbage-first heap   total 270336K, used 222208K [0x0000000080000000, 0x0000000100000000)
  region size 1024K, 50 young (51200K), 7 survivors (7168K)
 Metaspace       used 137689K, capacity 141482K, committed 141612K, reserved 1173504K
  class space    used 17112K, capacity 18495K, committed 18560K, reserved 1048576K
}
Event: 420.324 GC heap after
{Heap after GC invocations=92 (full 0):
 garbage-first heap   total 270336K, used 186262K [0x0000000080000000, 0x0000000100000000)
  region size 1024K, 7 young (7168K), 7 survivors (7168K)
 Metaspace       used 137689K, capacity 141482K, committed 141612K, reserved 1173504K
  class space    used 17112K, capacity 18495K, committed 18560K, reserved 1048576K
}
Event: 420.603 GC heap before
{Heap before GC invocations=92 (full 0):
 garbage-first heap   total 270336K, used 225174K [0x0000000080000000, 0x0000000100000000)
  region size 1024K, 45 young (46080K), 7 survivors (7168K)
 Metaspace       used 138550K, capacity 142380K, committed 142508K, reserved 1173504K
  class space    used 17202K, capacity 18593K, committed 18688K, reserved 1048576K
}

Deoptimization events (20 events):
Event: 420.346 Thread 0x0000017f1cc25800 DEOPT PACKING pc=0x0000017f084b9318 sp=0x00000039817f9850
Event: 420.346 Thread 0x0000017f1cc25800 DEOPT UNPACKING pc=0x0000017f000083af sp=0x00000039817f97c8 mode 2
Event: 420.359 Thread 0x0000017f19916000 Uncommon trap: trap_request=0xffffff4d fr.pc=0x0000017f084c0de4 relative=0x0000000000001964
Event: 420.359 Thread 0x0000017f19916000 Uncommon trap: reason=unstable_if action=reinterpret pc=0x0000017f084c0de4 method=com.android.tools.r8.internal.nh.a(ILjava/lang/Object;)Ljava/lang/Object; @ 448 c2
Event: 420.359 Thread 0x0000017f19916000 DEOPT PACKING pc=0x0000017f084c0de4 sp=0x0000003981ff6a20
Event: 420.359 Thread 0x0000017f19916000 DEOPT UNPACKING pc=0x0000017f000083af sp=0x0000003981ff69f0 mode 2
Event: 420.393 Thread 0x0000017f20186000 DEOPT PACKING pc=0x0000017f021742e3 sp=0x00000039810f92b0
Event: 420.393 Thread 0x0000017f20186000 DEOPT UNPACKING pc=0x0000017f00028ede sp=0x00000039810f8748 mode 0
Event: 420.414 Thread 0x0000017f1cc25800 DEOPT PACKING pc=0x0000017f031d368e sp=0x00000039817f93a0
Event: 420.414 Thread 0x0000017f1cc25800 DEOPT UNPACKING pc=0x0000017f00028ede sp=0x00000039817f8818 mode 0
Event: 420.461 Thread 0x0000017f1cc1a800 DEOPT PACKING pc=0x0000017f031d368e sp=0x00000039816f9b50
Event: 420.461 Thread 0x0000017f1cc1a800 DEOPT UNPACKING pc=0x0000017f00028ede sp=0x00000039816f8fc8 mode 0
Event: 420.534 Thread 0x0000017f19916000 DEOPT PACKING pc=0x0000017f031d368e sp=0x0000003981ff6d60
Event: 420.534 Thread 0x0000017f19916000 DEOPT UNPACKING pc=0x0000017f00028ede sp=0x0000003981ff61d8 mode 0
Event: 420.556 Thread 0x0000017f1cc20000 DEOPT PACKING pc=0x0000017f00c47bdb sp=0x00000039815f9750
Event: 420.556 Thread 0x0000017f1cc20000 DEOPT UNPACKING pc=0x0000017f00028ede sp=0x00000039815f8be0 mode 0
Event: 420.571 Thread 0x0000017f20186000 DEOPT PACKING pc=0x0000017f031d368e sp=0x00000039810f9740
Event: 420.571 Thread 0x0000017f20186000 DEOPT UNPACKING pc=0x0000017f00028ede sp=0x00000039810f8bb8 mode 0
Event: 420.582 Thread 0x0000017f19916000 DEOPT PACKING pc=0x0000017f031cacc5 sp=0x0000003981ff6da0
Event: 420.582 Thread 0x0000017f19916000 DEOPT UNPACKING pc=0x0000017f00028ede sp=0x0000003981ff63c8 mode 0

Classes redefined (0 events):
No events

Internal exceptions (20 events):
Event: 419.279 Thread 0x0000017f20186000 Exception <a 'java/lang/IncompatibleClassChangeError'{0x000000008ff8b668}: Found class java.lang.Object, but interface was expected> (0x000000008ff8b668) thrown at [./src/hotspot/share/interpreter/linkResolver.cpp, line 839]
Event: 419.279 Thread 0x0000017f1cc18000 Exception <a 'java/lang/IncompatibleClassChangeError'{0x000000008ff54c10}: Found class java.lang.Object, but interface was expected> (0x000000008ff54c10) thrown at [./src/hotspot/share/interpreter/linkResolver.cpp, line 839]
Event: 419.279 Thread 0x0000017f19916000 Exception <a 'java/lang/IncompatibleClassChangeError'{0x000000008fa4a2b8}: Found class java.lang.Object, but interface was expected> (0x000000008fa4a2b8) thrown at [./src/hotspot/share/interpreter/linkResolver.cpp, line 839]
Event: 419.280 Thread 0x0000017f1cc1f000 Exception <a 'java/lang/IncompatibleClassChangeError'{0x000000008fa534d8}: Found class java.lang.Object, but interface was expected> (0x000000008fa534d8) thrown at [./src/hotspot/share/interpreter/linkResolver.cpp, line 839]
Event: 419.290 Thread 0x0000017f1cc1a800 Exception <a 'sun/nio/fs/WindowsException'{0x000000008f72fe80}> (0x000000008f72fe80) thrown at [./src/hotspot/share/prims/jni.cpp, line 615]
Event: 419.302 Thread 0x0000017f20186000 Exception <a 'java/lang/NoSuchMethodError'{0x000000008f7c7508}: 'void java.lang.invoke.DirectMethodHandle$Holder.invokeStatic(java.lang.Object, java.lang.Object, int, java.lang.Object, java.lang.Object, java.lang.Object, java.lang.Object)'> (0x000000008f7c7508) thrown at [./src/hotspot/share/interpreter/linkResolver.cpp, line 773]
Event: 419.322 Thread 0x0000017f1cc25800 Exception <a 'java/lang/NoSuchMethodError'{0x000000008f529478}: 'long java.lang.invoke.DirectMethodHandle$Holder.invokeStatic(java.lang.Object, long, java.lang.Object)'> (0x000000008f529478) thrown at [./src/hotspot/share/interpreter/linkResolver.cpp, line 773]
Event: 419.322 Thread 0x0000017f1cc1a800 Exception <a 'java/lang/NoSuchMethodError'{0x000000008f595908}: 'long java.lang.invoke.DirectMethodHandle$Holder.invokeStatic(java.lang.Object, long, java.lang.Object)'> (0x000000008f595908) thrown at [./src/hotspot/share/interpreter/linkResolver.cpp, line 773]
Event: 419.375 Thread 0x0000017f1cc25800 Exception <a 'java/lang/NoSuchMethodError'{0x000000008f1fa628}: 'void java.lang.invoke.DirectMethodHandle$Holder.invokeStatic(java.lang.Object, java.lang.Object, java.lang.Object, int)'> (0x000000008f1fa628) thrown at [./src/hotspot/share/interpreter/linkResolver.cpp, line 773]
Event: 419.381 Thread 0x0000017f1cc25800 Exception <a 'java/lang/IncompatibleClassChangeError'{0x000000008ef26bd8}: Found class java.lang.Object, but interface was expected> (0x000000008ef26bd8) thrown at [./src/hotspot/share/interpreter/linkResolver.cpp, line 839]
Event: 419.738 Thread 0x0000017f1cc25800 Exception <a 'java/lang/NoSuchMethodError'{0x000000008f4883e8}: 'int java.lang.invoke.DirectMethodHandle$Holder.invokeSpecial(java.lang.Object, java.lang.Object, java.lang.Object, java.lang.Object, java.lang.Object)'> (0x000000008f4883e8) thrown at [./src/hotspot/share/interpreter/linkResolver.cpp, line 773]
Event: 419.738 Thread 0x0000017f19916000 Exception <a 'java/lang/NoSuchMethodError'{0x000000008f576968}: 'int java.lang.invoke.DirectMethodHandle$Holder.invokeSpecial(java.lang.Object, java.lang.Object, java.lang.Object, java.lang.Object, java.lang.Object)'> (0x000000008f576968) thrown at [./src/hotspot/share/interpreter/linkResolver.cpp, line 773]
Event: 419.887 Thread 0x0000017f1cc25800 Exception <a 'java/lang/NoSuchMethodError'{0x000000009056b298}: 'java.lang.Object java.lang.invoke.DirectMethodHandle$Holder.invokeVirtual(java.lang.Object, java.lang.Object, int, java.lang.Object)'> (0x000000009056b298) thrown at [./src/hotspot/share/interpreter/linkResolver.cpp, line 773]
Event: 419.896 Thread 0x0000017f1cc20000 Exception <a 'java/lang/IncompatibleClassChangeError'{0x00000000902da650}: Found class java.lang.Object, but interface was expected> (0x00000000902da650) thrown at [./src/hotspot/share/interpreter/linkResolver.cpp, line 839]
Event: 419.899 Thread 0x0000017f1cc20000 Exception <a 'java/lang/IncompatibleClassChangeError'{0x00000000902e5160}: Found class java.lang.Object, but interface was expected> (0x00000000902e5160) thrown at [./src/hotspot/share/interpreter/linkResolver.cpp, line 839]
Event: 419.930 Thread 0x0000017f1cc25800 Exception <a 'java/lang/NoSuchMethodError'{0x000000008f9fb280}: 'void java.lang.invoke.DirectMethodHandle$Holder.invokeVirtual(java.lang.Object, java.lang.Object, int, java.lang.Object)'> (0x000000008f9fb280) thrown at [./src/hotspot/share/interpreter/linkResolver.cpp, line 773]
Event: 419.930 Thread 0x0000017f1cc18000 Exception <a 'java/lang/NoSuchMethodError'{0x000000008f764428}: 'void java.lang.invoke.DirectMethodHandle$Holder.invokeVirtual(java.lang.Object, java.lang.Object, int, java.lang.Object)'> (0x000000008f764428) thrown at [./src/hotspot/share/interpreter/linkResolver.cpp, line 773]
Event: 420.066 Thread 0x0000017f1cc18000 Exception <a 'java/lang/NoSuchMethodError'{0x000000009056f588}: 'java.lang.Object java.lang.invoke.DirectMethodHandle$Holder.newInvokeSpecial(java.lang.Object, int)'> (0x000000009056f588) thrown at [./src/hotspot/share/interpreter/linkResolver.cpp, line 773]
Event: 420.266 Thread 0x0000017f1cc18000 Exception <a 'java/lang/NoSuchMethodError'{0x000000008e849c00}: 'java.lang.Object java.lang.invoke.DirectMethodHandle$Holder.invokeInterface(java.lang.Object, java.lang.Object, int)'> (0x000000008e849c00) thrown at [./src/hotspot/share/interpreter/linkResolver.cpp, line 773]
Event: 420.571 Thread 0x0000017f1cc20000 Exception <a 'java/lang/NoSuchMethodError'{0x000000008e509d30}: 'int java.lang.invoke.DirectMethodHandle$Holder.invokeInterface(java.lang.Object, java.lang.Object, int)'> (0x000000008e509d30) thrown at [./src/hotspot/share/interpreter/linkResolver.cpp, line 773]

Events (20 events):
Event: 420.586 loading class com/android/tools/r8/code/r0 done
Event: 420.586 loading class com/android/tools/r8/code/m0
Event: 420.586 loading class com/android/tools/r8/code/m0 done
Event: 420.587 loading class com/android/tools/r8/code/o0
Event: 420.587 loading class com/android/tools/r8/code/o0 done
Event: 420.588 loading class com/android/tools/r8/code/j0
Event: 420.588 loading class com/android/tools/r8/code/j0 done
Event: 420.588 loading class com/android/tools/r8/code/p0
Event: 420.588 loading class com/android/tools/r8/code/p0 done
Event: 420.588 loading class com/android/tools/r8/code/q0
Event: 420.588 loading class com/android/tools/r8/code/q0 done
Event: 420.598 loading class org/gradle/workers/internal/WorkerDaemonExpiration$SimpleMemoryExpirationSelector
Event: 420.598 loading class org/gradle/workers/internal/WorkerDaemonExpiration$SimpleMemoryExpirationSelector done
Event: 420.599 loading class org/gradle/workers/internal/WorkerDaemonClient
Event: 420.599 loading class org/gradle/workers/internal/WorkerDaemonClient done
Event: 420.600 loading class com/android/tools/r8/synthesis/p
Event: 420.600 loading class com/android/tools/r8/synthesis/p done
Event: 420.602 loading class com/android/tools/r8/synthesis/v
Event: 420.602 loading class com/android/tools/r8/synthesis/v done
Event: 420.603 Executing VM operation: G1CollectForAllocation


Dynamic libraries:
0x00007ff77bb30000 - 0x00007ff77bb3a000 	D:\Program Files\Android\jre\bin\java.exe
0x00007ffb18760000 - 0x00007ffb18950000 	C:\Windows\SYSTEM32\ntdll.dll
0x00007ffb173b0000 - 0x00007ffb17462000 	C:\Windows\System32\KERNEL32.DLL
0x00007ffb165a0000 - 0x00007ffb16843000 	C:\Windows\System32\KERNELBASE.dll
0x00007ffb15730000 - 0x00007ffb1582a000 	C:\Windows\System32\ucrtbase.dll
0x00007ffaf9630000 - 0x00007ffaf9649000 	D:\Program Files\Android\jre\bin\jli.dll
0x00007ffaf9610000 - 0x00007ffaf9627000 	D:\Program Files\Android\jre\bin\VCRUNTIME140.dll
0x00007ffb168f0000 - 0x00007ffb16a84000 	C:\Windows\System32\USER32.dll
0x00007ffb161b0000 - 0x00007ffb161d1000 	C:\Windows\System32\win32u.dll
0x00007ffb17760000 - 0x00007ffb17786000 	C:\Windows\System32\GDI32.dll
0x00007ffb02da0000 - 0x00007ffb03025000 	C:\Windows\WinSxS\amd64_microsoft.windows.common-controls_6595b64144ccf1df_6.0.18362.535_none_e6c3b34713100821\COMCTL32.dll
0x00007ffb16310000 - 0x00007ffb164a4000 	C:\Windows\System32\gdi32full.dll
0x00007ffb16b70000 - 0x00007ffb16c0e000 	C:\Windows\System32\msvcrt.dll
0x00007ffb16500000 - 0x00007ffb1659e000 	C:\Windows\System32\msvcp_win.dll
0x00007ffb17060000 - 0x00007ffb17396000 	C:\Windows\System32\combase.dll
0x00007ffb16e70000 - 0x00007ffb16f90000 	C:\Windows\System32\RPCRT4.dll
0x00007ffb161e0000 - 0x00007ffb16260000 	C:\Windows\System32\bcryptPrimitives.dll
0x00007ffb17c80000 - 0x00007ffb17cae000 	C:\Windows\System32\IMM32.DLL
0x00007ffaf8680000 - 0x00007ffaf871d000 	D:\Program Files\Android\jre\bin\msvcp140.dll
0x00007ffad7bd0000 - 0x00007ffad869f000 	D:\Program Files\Android\jre\bin\server\jvm.dll
0x00007ffb16dc0000 - 0x00007ffb16e63000 	C:\Windows\System32\ADVAPI32.dll
0x00007ffb16850000 - 0x00007ffb168e7000 	C:\Windows\System32\sechost.dll
0x00007ffb173a0000 - 0x00007ffb173a8000 	C:\Windows\System32\PSAPI.DLL
0x00007ffb0f820000 - 0x00007ffb0f82a000 	C:\Windows\SYSTEM32\VERSION.dll
0x00007ffb13370000 - 0x00007ffb13394000 	C:\Windows\SYSTEM32\WINMM.dll
0x00007ffb11b70000 - 0x00007ffb11b79000 	C:\Windows\SYSTEM32\WSOCK32.dll
0x00007ffb16ce0000 - 0x00007ffb16d4f000 	C:\Windows\System32\WS2_32.dll
0x00007ffb13310000 - 0x00007ffb1333d000 	C:\Windows\SYSTEM32\winmmbase.dll
0x00007ffb15890000 - 0x00007ffb158da000 	C:\Windows\System32\cfgmgr32.dll
0x00007ffb15680000 - 0x00007ffb15691000 	C:\Windows\System32\kernel.appcore.dll
0x00007ffb11b50000 - 0x00007ffb11b61000 	D:\Program Files\Android\jre\bin\verify.dll
0x00007ffb13f90000 - 0x00007ffb14184000 	C:\Windows\SYSTEM32\DBGHELP.DLL
0x00007ffb0ccb0000 - 0x00007ffb0ccda000 	C:\Windows\SYSTEM32\dbgcore.DLL
0x00007ffb11b20000 - 0x00007ffb11b49000 	D:\Program Files\Android\jre\bin\java.dll
0x00007ffb11b10000 - 0x00007ffb11b1b000 	D:\Program Files\Android\jre\bin\jimage.dll
0x00007ffb11af0000 - 0x00007ffb11b08000 	D:\Program Files\Android\jre\bin\zip.dll
0x00007ffb18070000 - 0x00007ffb18755000 	C:\Windows\System32\SHELL32.dll
0x00007ffb17d60000 - 0x00007ffb17e09000 	C:\Windows\System32\shcore.dll
0x00007ffb15a30000 - 0x00007ffb161af000 	C:\Windows\System32\windows.storage.dll
0x00007ffb156f0000 - 0x00007ffb1570f000 	C:\Windows\System32\profapi.dll
0x00007ffb156a0000 - 0x00007ffb156ea000 	C:\Windows\System32\powrprof.dll
0x00007ffb15670000 - 0x00007ffb15680000 	C:\Windows\System32\UMPDC.dll
0x00007ffb16d50000 - 0x00007ffb16da2000 	C:\Windows\System32\shlwapi.dll
0x00007ffb164e0000 - 0x00007ffb164f7000 	C:\Windows\System32\cryptsp.dll
0x00007ffb11ad0000 - 0x00007ffb11aea000 	D:\Program Files\Android\jre\bin\net.dll
0x00007ffb07b50000 - 0x00007ffb07c40000 	C:\Windows\SYSTEM32\WINHTTP.dll
0x00007ffb14ee0000 - 0x00007ffb14f47000 	C:\Windows\system32\mswsock.dll
0x00007ffb11ab0000 - 0x00007ffb11ac4000 	D:\Program Files\Android\jre\bin\nio.dll
0x00007ffb06160000 - 0x00007ffb06187000 	D:\ProgramsfilesD\Android\Sdk\native\8bec1ad78214c89d9ad589b4d07fe93259594b29d510b10fafb7a158f7737e5d\windows-amd64\native-platform.dll
0x00007ffae7030000 - 0x00007ffae716d000 	D:\ProgramsfilesD\Android\Sdk\native\53dbd7edfb1c66fb8903c78663c9afc45aea4f116125fa6feffd364cf09443e8\windows-amd64\native-platform-file-events.dll
0x00007ffb11aa0000 - 0x00007ffb11aaa000 	D:\Program Files\Android\jre\bin\management.dll
0x00007ffb11a90000 - 0x00007ffb11a9c000 	D:\Program Files\Android\jre\bin\management_ext.dll
0x00007ffb14a50000 - 0x00007ffb14a83000 	C:\Windows\system32\rsaenh.dll
0x00007ffb164b0000 - 0x00007ffb164d6000 	C:\Windows\System32\bcrypt.dll
0x00007ffb15560000 - 0x00007ffb15585000 	C:\Windows\SYSTEM32\USERENV.dll
0x00007ffb150b0000 - 0x00007ffb150bc000 	C:\Windows\SYSTEM32\CRYPTBASE.dll
0x00007ffb14bf0000 - 0x00007ffb14c2a000 	C:\Windows\SYSTEM32\IPHLPAPI.DLL
0x00007ffb18040000 - 0x00007ffb18048000 	C:\Windows\System32\NSI.dll
0x00007ffb0cc20000 - 0x00007ffb0cc36000 	C:\Windows\SYSTEM32\dhcpcsvc6.DLL
0x00007ffb0d420000 - 0x00007ffb0d43c000 	C:\Windows\SYSTEM32\dhcpcsvc.DLL
0x00007ffb14c30000 - 0x00007ffb14cfa000 	C:\Windows\SYSTEM32\DNSAPI.dll
0x00007ffb06210000 - 0x00007ffb06237000 	D:\Program Files\Android\jre\bin\sunec.dll
0x00007ffb05bc0000 - 0x00007ffb05bca000 	C:\Windows\System32\rasadhlp.dll
0x00007ffb0b450000 - 0x00007ffb0b4c7000 	C:\Windows\System32\fwpuclnt.dll
0x00007ffb146d0000 - 0x00007ffb14701000 	C:\Windows\SYSTEM32\ntmarta.dll
0x00007ffb134b0000 - 0x00007ffb1353f000 	C:\Windows\system32\apphelp.dll

dbghelp: loaded successfully - version: 4.0.5 - missing functions: none
symbol engine: initialized successfully - sym options: 0x614 - pdb path: .;D:\Program Files\Android\jre\bin;C:\Windows\SYSTEM32;C:\Windows\WinSxS\amd64_microsoft.windows.common-controls_6595b64144ccf1df_6.0.18362.535_none_e6c3b34713100821;D:\Program Files\Android\jre\bin\server;D:\ProgramsfilesD\Android\Sdk\native\8bec1ad78214c89d9ad589b4d07fe93259594b29d510b10fafb7a158f7737e5d\windows-amd64;D:\ProgramsfilesD\Android\Sdk\native\53dbd7edfb1c66fb8903c78663c9afc45aea4f116125fa6feffd364cf09443e8\windows-amd64

VM Arguments:
jvm_args: --add-opens=java.base/java.util=ALL-UNNAMED --add-opens=java.base/java.lang=ALL-UNNAMED --add-opens=java.base/java.lang.invoke=ALL-UNNAMED --add-opens=java.base/java.util=ALL-UNNAMED --add-opens=java.prefs/java.util.prefs=ALL-UNNAMED --add-opens=java.prefs/java.util.prefs=ALL-UNNAMED --add-opens=java.base/java.nio.charset=ALL-UNNAMED --add-opens=java.base/java.net=ALL-UNNAMED --add-opens=java.base/java.util.concurrent.atomic=ALL-UNNAMED -Xmx2048m -Dfile.encoding=UTF-8 -Duser.country=RU -Duser.language=ru -Duser.variant 
java_command: org.gradle.launcher.daemon.bootstrap.GradleDaemon 7.0.2
java_class_path (initial): D:\ProgramsfilesD\Android\Sdk\wrapper\dists\gradle-7.0.2-bin\857tjihv64xamwrf0h14cai3r\gradle-7.0.2\lib\gradle-launcher-7.0.2.jar
Launcher Type: SUN_STANDARD

[Global flags]
     intx CICompilerCount                          = 4                                         {product} {ergonomic}
     uint ConcGCThreads                            = 2                                         {product} {ergonomic}
     uint G1ConcRefinementThreads                  = 8                                         {product} {ergonomic}
   size_t G1HeapRegionSize                         = 1048576                                   {product} {ergonomic}
    uintx GCDrainStackTargetSize                   = 64                                        {product} {ergonomic}
   size_t InitialHeapSize                          = 132120576                                 {product} {ergonomic}
   size_t MarkStackSize                            = 4194304                                   {product} {ergonomic}
   size_t MaxHeapSize                              = 2147483648                                {product} {command line}
   size_t MaxNewSize                               = 1287651328                                {product} {ergonomic}
   size_t MinHeapDeltaBytes                        = 1048576                                   {product} {ergonomic}
    uintx NonNMethodCodeHeapSize                   = 5836300                                {pd product} {ergonomic}
    uintx NonProfiledCodeHeapSize                  = 122910970                              {pd product} {ergonomic}
    uintx ProfiledCodeHeapSize                     = 122910970                              {pd product} {ergonomic}
    uintx ReservedCodeCacheSize                    = 251658240                              {pd product} {ergonomic}
     bool SegmentedCodeCache                       = true                                      {product} {ergonomic}
     bool UseCompressedClassPointers               = true                                 {lp64_product} {ergonomic}
     bool UseCompressedOops                        = true                                 {lp64_product} {ergonomic}
     bool UseG1GC                                  = true                                      {product} {ergonomic}
     bool UseLargePagesIndividualAllocation        = false                                  {pd product} {ergonomic}

Logging:
Log output configuration:
 #0: stdout all=warning uptime,level,tags
 #1: stderr all=off uptime,level,tags

Environment Variables:
JAVA_HOME=D:\Program Files\Java
PATH=C:\PROGRA~2\Borland\CBUILD~1\Bin;C:\PROGRA~2\Borland\CBUILD~1\Projects\Bpl;C:\Program Files\Common Files\Oracle\Java\javapath;C:\Windows\system32;C:\Windows;C:\Windows\System32\Wbem;C:\Windows\System32\WindowsPowerShell\v1.0\;C:\Program Files (x86)\NVIDIA Corporation\PhysX\Common;C:\Program Files\NVIDIA Corporation\NVIDIA NvDLISR;C:\Program Files\Microsoft\Web Platform Installer\;C:\Program Files (x86)\Microsoft ASP.NET\ASP.NET Web Pages\v1.0\;C:\Program Files\Microsoft SQL Server\110\Tools\Binn\;C:\Program Files (x86)\IncrediBuild;C:\Program Files\Git\cmd;C:\Users\asus\AppData\Local\Microsoft\WindowsApps;;D:\Program Files\JetBrains\IntelliJ IDEA Community Edition 2020.3\bin;
USERNAME=asus
OS=Windows_NT
PROCESSOR_IDENTIFIER=Intel64 Family 6 Model 126 Stepping 5, GenuineIntel



---------------  S Y S T E M  ---------------

OS: Windows 10 , 64 bit Build 18362 (10.0.18362.329)
OS uptime: 0 days 0:57 hours

CPU:total 8 (initial active 8) (4 cores per cpu, 2 threads per core) family 6 model 126 stepping 5 microcode 0x96, cmov, cx8, fxsr, mmx, sse, sse2, sse3, ssse3, sse4.1, sse4.2, popcnt, avx, avx2, aes, clmul, erms, 3dnowpref, lzcnt, ht, tsc, tscinvbit, bmi1, bmi2, adx, evex, sha, fma

Memory: 4k page, system-wide physical 7997M (778M free)
TotalPageFile size 7997M (AvailPageFile size 19M)
current process WorkingSet (physical memory assigned to process): 692M, peak: 692M
current process commit charge ("private bytes"): 740M, peak: 792M

vm_info: OpenJDK 64-Bit Server VM (11.0.10+0-b96-7249189) for windows-amd64 JRE (11.0.10+0-b96-7249189), built on Mar 31 2021 21:44:00 by "builder" with MS VC++ 14.0 (VS2015)

END.
